[2023-02-14 14:08:47,661] {dag_processing.py:604} INFO - Processing files using up to 2 processes at a time 
[2023-02-14 14:08:47,662] {dag_processing.py:605} INFO - Process each file at most once every 30 seconds
[2023-02-14 14:08:47,662] {dag_processing.py:607} INFO - Checking for new files in /opt/airflow/dags every 300 seconds
[2023-02-14 14:08:47,662] {dag_processing.py:755} INFO - Searching for files in /opt/airflow/dags
[2023-02-14 14:08:47,668] {dag_processing.py:758} INFO - There are 31 files in /opt/airflow/dags
[2023-02-14 14:08:47,707] {dag_processing.py:1129} INFO - Finding 'running' jobs without a recent heartbeat
[2023-02-14 14:08:47,707] {dag_processing.py:1133} INFO - Failing jobs without heartbeat after 2023-02-14 14:03:47.707585+00:00
[2023-02-14 14:08:47,771] {dag_processing.py:862} INFO - 
================================================================================
DAG File Processing Stats

File Path                                                                                                           PID  Runtime      # DAGs    # Errors  Last Runtime    Last Run
----------------------------------------------------------------------------------------------------------------  -----  ---------  --------  ----------  --------------  ----------
/home/airflow/.local/lib/python3.6/site-packages/airflow/example_dags/example_bash_operator.py                       62  0.07s             0           0
/home/airflow/.local/lib/python3.6/site-packages/airflow/example_dags/example_branch_datetime_operator.py            63  0.06s             0           0
/home/airflow/.local/lib/python3.6/site-packages/airflow/example_dags/example_branch_day_of_week_operator.py                               0           0
/home/airflow/.local/lib/python3.6/site-packages/airflow/example_dags/example_branch_labels.py                                             0           0
/home/airflow/.local/lib/python3.6/site-packages/airflow/example_dags/example_branch_operator.py                                           0           0
/home/airflow/.local/lib/python3.6/site-packages/airflow/example_dags/example_branch_python_dop_operator_3.py                              0           0
/home/airflow/.local/lib/python3.6/site-packages/airflow/example_dags/example_complex.py                                                   0           0
/home/airflow/.local/lib/python3.6/site-packages/airflow/example_dags/example_dag_decorator.py                                             0           0
/home/airflow/.local/lib/python3.6/site-packages/airflow/example_dags/example_external_task_marker_dag.py                                  0           0
/home/airflow/.local/lib/python3.6/site-packages/airflow/example_dags/example_kubernetes_executor.py                                       0           0
/home/airflow/.local/lib/python3.6/site-packages/airflow/example_dags/example_kubernetes_executor_config.py                                0           0
/home/airflow/.local/lib/python3.6/site-packages/airflow/example_dags/example_latest_only.py                                               0           0
/home/airflow/.local/lib/python3.6/site-packages/airflow/example_dags/example_latest_only_with_trigger.py                                  0           0
/home/airflow/.local/lib/python3.6/site-packages/airflow/example_dags/example_nested_branch_dag.py                                         0           0
/home/airflow/.local/lib/python3.6/site-packages/airflow/example_dags/example_passing_params_via_test_command.py                           0           0
/home/airflow/.local/lib/python3.6/site-packages/airflow/example_dags/example_python_operator.py                                           0           0
/home/airflow/.local/lib/python3.6/site-packages/airflow/example_dags/example_short_circuit_operator.py                                    0           0
/home/airflow/.local/lib/python3.6/site-packages/airflow/example_dags/example_skip_dag.py                                                  0           0
/home/airflow/.local/lib/python3.6/site-packages/airflow/example_dags/example_subdag_operator.py                                           0           0
/home/airflow/.local/lib/python3.6/site-packages/airflow/example_dags/example_task_group.py                                                0           0
/home/airflow/.local/lib/python3.6/site-packages/airflow/example_dags/example_task_group_decorator.py                                      0           0
/home/airflow/.local/lib/python3.6/site-packages/airflow/example_dags/example_trigger_controller_dag.py                                    0           0
/home/airflow/.local/lib/python3.6/site-packages/airflow/example_dags/example_trigger_target_dag.py                                        0           0
/home/airflow/.local/lib/python3.6/site-packages/airflow/example_dags/example_xcom.py                                                      0           0
/home/airflow/.local/lib/python3.6/site-packages/airflow/example_dags/example_xcomargs.py                                                  0           0
/home/airflow/.local/lib/python3.6/site-packages/airflow/example_dags/test_utils.py                                                        0           0
/home/airflow/.local/lib/python3.6/site-packages/airflow/example_dags/tutorial.py                                                          0           0
/home/airflow/.local/lib/python3.6/site-packages/airflow/example_dags/tutorial_etl_dag.py                                                  0           0
/home/airflow/.local/lib/python3.6/site-packages/airflow/example_dags/tutorial_taskflow_api_etl.py                                         0           0
/home/airflow/.local/lib/python3.6/site-packages/airflow/example_dags/tutorial_taskflow_api_etl_virtualenv.py                              0           0
/home/airflow/.local/lib/python3.6/site-packages/airflow/example_dags/subdags/subdag.py                                                    0           0
================================================================================
[2023-02-14 14:08:58,558] {dag_processing.py:1129} INFO - Finding 'running' jobs without a recent heartbeat
[2023-02-14 14:08:58,559] {dag_processing.py:1133} INFO - Failing jobs without heartbeat after 2023-02-14 14:03:58.559188+00:00
[2023-02-14 14:09:08,860] {dag_processing.py:1129} INFO - Finding 'running' jobs without a recent heartbeat
[2023-02-14 14:09:08,860] {dag_processing.py:1133} INFO - Failing jobs without heartbeat after 2023-02-14 14:04:08.860465+00:00
[2023-02-14 14:09:17,938] {dag_processing.py:862} INFO - 
================================================================================
DAG File Processing Stats

File Path                                                                                                           PID  Runtime      # DAGs    # Errors  Last Runtime    Last Run
----------------------------------------------------------------------------------------------------------------  -----  ---------  --------  ----------  --------------  -------------------
/home/airflow/.local/lib/python3.6/site-packages/airflow/example_dags/example_short_circuit_operator.py             353  0.50s             0           0
/home/airflow/.local/lib/python3.6/site-packages/airflow/example_dags/example_skip_dag.py                           369  0.00s             0           0
/home/airflow/.local/lib/python3.6/site-packages/airflow/example_dags/example_subdag_operator.py                                           0           0
/home/airflow/.local/lib/python3.6/site-packages/airflow/example_dags/example_task_group.py                                                0           0
/home/airflow/.local/lib/python3.6/site-packages/airflow/example_dags/example_task_group_decorator.py                                      0           0
/home/airflow/.local/lib/python3.6/site-packages/airflow/example_dags/example_trigger_controller_dag.py                                    0           0
/home/airflow/.local/lib/python3.6/site-packages/airflow/example_dags/example_trigger_target_dag.py                                        0           0
/home/airflow/.local/lib/python3.6/site-packages/airflow/example_dags/example_xcom.py                                                      0           0
/home/airflow/.local/lib/python3.6/site-packages/airflow/example_dags/example_xcomargs.py                                                  0           0
/home/airflow/.local/lib/python3.6/site-packages/airflow/example_dags/test_utils.py                                                        0           0
/home/airflow/.local/lib/python3.6/site-packages/airflow/example_dags/tutorial.py                                                          0           0
/home/airflow/.local/lib/python3.6/site-packages/airflow/example_dags/tutorial_etl_dag.py                                                  0           0
/home/airflow/.local/lib/python3.6/site-packages/airflow/example_dags/tutorial_taskflow_api_etl.py                                         0           0
/home/airflow/.local/lib/python3.6/site-packages/airflow/example_dags/tutorial_taskflow_api_etl_virtualenv.py                              0           0
/home/airflow/.local/lib/python3.6/site-packages/airflow/example_dags/subdags/subdag.py                                                    0           0
/home/airflow/.local/lib/python3.6/site-packages/airflow/example_dags/example_bash_operator.py                                             1           0  6.67s           2023-02-14T14:08:54
/home/airflow/.local/lib/python3.6/site-packages/airflow/example_dags/example_branch_datetime_operator.py                                  1           0  6.66s           2023-02-14T14:08:54
/home/airflow/.local/lib/python3.6/site-packages/airflow/example_dags/example_branch_day_of_week_operator.py                               1           0  3.40s           2023-02-14T14:08:57
/home/airflow/.local/lib/python3.6/site-packages/airflow/example_dags/example_branch_labels.py                                             1           0  3.12s           2023-02-14T14:08:57
/home/airflow/.local/lib/python3.6/site-packages/airflow/example_dags/example_branch_operator.py                                           1           0  4.67s           2023-02-14T14:09:02
/home/airflow/.local/lib/python3.6/site-packages/airflow/example_dags/example_branch_python_dop_operator_3.py                              1           0  5.19s           2023-02-14T14:09:02
/home/airflow/.local/lib/python3.6/site-packages/airflow/example_dags/example_complex.py                                                   1           0  5.93s           2023-02-14T14:09:08
/home/airflow/.local/lib/python3.6/site-packages/airflow/example_dags/example_dag_decorator.py                                             1           0  5.90s           2023-02-14T14:09:08
/home/airflow/.local/lib/python3.6/site-packages/airflow/example_dags/example_kubernetes_executor.py                                       1           0  2.27s           2023-02-14T14:09:11
/home/airflow/.local/lib/python3.6/site-packages/airflow/example_dags/example_kubernetes_executor_config.py                                1           0  2.13s           2023-02-14T14:09:13
/home/airflow/.local/lib/python3.6/site-packages/airflow/example_dags/example_latest_only.py                                               1           0  2.12s           2023-02-14T14:09:13
/home/airflow/.local/lib/python3.6/site-packages/airflow/example_dags/example_latest_only_with_trigger.py                                  1           0  2.22s           2023-02-14T14:09:15
/home/airflow/.local/lib/python3.6/site-packages/airflow/example_dags/example_nested_branch_dag.py                                         1           0  2.46s           2023-02-14T14:09:15
/home/airflow/.local/lib/python3.6/site-packages/airflow/example_dags/example_passing_params_via_test_command.py                           1           0  2.20s           2023-02-14T14:09:17
/home/airflow/.local/lib/python3.6/site-packages/airflow/example_dags/example_python_operator.py                                           1           0  2.21s           2023-02-14T14:09:17
/home/airflow/.local/lib/python3.6/site-packages/airflow/example_dags/example_external_task_marker_dag.py                                  2           0  2.77s           2023-02-14T14:09:10
================================================================================
[2023-02-14 14:09:18,940] {dag_processing.py:1129} INFO - Finding 'running' jobs without a recent heartbeat
[2023-02-14 14:09:18,940] {dag_processing.py:1133} INFO - Failing jobs without heartbeat after 2023-02-14 14:04:18.940415+00:00
[2023-02-14 14:09:29,085] {dag_processing.py:1129} INFO - Finding 'running' jobs without a recent heartbeat
[2023-02-14 14:09:29,086] {dag_processing.py:1133} INFO - Failing jobs without heartbeat after 2023-02-14 14:04:29.085978+00:00
[2023-02-14 14:09:39,392] {dag_processing.py:1129} INFO - Finding 'running' jobs without a recent heartbeat
[2023-02-14 14:09:39,393] {dag_processing.py:1133} INFO - Failing jobs without heartbeat after 2023-02-14 14:04:39.393072+00:00
[2023-02-14 14:09:48,614] {dag_processing.py:862} INFO - 
================================================================================
DAG File Processing Stats

File Path                                                                                                           PID  Runtime      # DAGs    # Errors  Last Runtime    Last Run
----------------------------------------------------------------------------------------------------------------  -----  ---------  --------  ----------  --------------  -------------------
/home/airflow/.local/lib/python3.6/site-packages/airflow/example_dags/subdags/subdag.py                                                    0           0  0.03s           2023-02-14T14:09:33
/home/airflow/.local/lib/python3.6/site-packages/airflow/example_dags/example_bash_operator.py                                             1           0  0.07s           2023-02-14T14:09:33
/home/airflow/.local/lib/python3.6/site-packages/airflow/example_dags/example_branch_datetime_operator.py                                  1           0  0.06s           2023-02-14T14:09:33
/home/airflow/.local/lib/python3.6/site-packages/airflow/example_dags/example_branch_day_of_week_operator.py                               1           0  0.07s           2023-02-14T14:09:33
/home/airflow/.local/lib/python3.6/site-packages/airflow/example_dags/example_branch_labels.py                                             1           0  0.06s           2023-02-14T14:09:33
/home/airflow/.local/lib/python3.6/site-packages/airflow/example_dags/example_branch_operator.py                                           1           0  0.07s           2023-02-14T14:09:33
/home/airflow/.local/lib/python3.6/site-packages/airflow/example_dags/example_branch_python_dop_operator_3.py                              1           0  0.15s           2023-02-14T14:09:33
/home/airflow/.local/lib/python3.6/site-packages/airflow/example_dags/example_complex.py                                                   1           0  0.07s           2023-02-14T14:09:38
/home/airflow/.local/lib/python3.6/site-packages/airflow/example_dags/example_dag_decorator.py                                             1           0  0.21s           2023-02-14T14:09:39
/home/airflow/.local/lib/python3.6/site-packages/airflow/example_dags/example_kubernetes_executor.py                                       1           0  0.06s           2023-02-14T14:09:41
/home/airflow/.local/lib/python3.6/site-packages/airflow/example_dags/example_kubernetes_executor_config.py                                1           0  0.06s           2023-02-14T14:09:43
/home/airflow/.local/lib/python3.6/site-packages/airflow/example_dags/example_latest_only.py                                               1           0  0.06s           2023-02-14T14:09:43
/home/airflow/.local/lib/python3.6/site-packages/airflow/example_dags/example_latest_only_with_trigger.py                                  1           0  0.06s           2023-02-14T14:09:45
/home/airflow/.local/lib/python3.6/site-packages/airflow/example_dags/example_nested_branch_dag.py                                         1           0  0.06s           2023-02-14T14:09:46
/home/airflow/.local/lib/python3.6/site-packages/airflow/example_dags/example_passing_params_via_test_command.py                           1           0  0.07s           2023-02-14T14:09:47
/home/airflow/.local/lib/python3.6/site-packages/airflow/example_dags/example_python_operator.py                    627  0.00s             1           0  2.21s           2023-02-14T14:09:17
/home/airflow/.local/lib/python3.6/site-packages/airflow/example_dags/example_short_circuit_operator.py                                    1           0  2.23s           2023-02-14T14:09:19
/home/airflow/.local/lib/python3.6/site-packages/airflow/example_dags/example_skip_dag.py                                                  1           0  2.27s           2023-02-14T14:09:20
/home/airflow/.local/lib/python3.6/site-packages/airflow/example_dags/example_task_group.py                                                1           0  2.30s           2023-02-14T14:09:22
/home/airflow/.local/lib/python3.6/site-packages/airflow/example_dags/example_task_group_decorator.py                                      1           0  2.17s           2023-02-14T14:09:24
/home/airflow/.local/lib/python3.6/site-packages/airflow/example_dags/example_trigger_controller_dag.py                                    1           0  2.20s           2023-02-14T14:09:24
/home/airflow/.local/lib/python3.6/site-packages/airflow/example_dags/example_trigger_target_dag.py                                        1           0  2.24s           2023-02-14T14:09:26
/home/airflow/.local/lib/python3.6/site-packages/airflow/example_dags/example_xcom.py                                                      1           0  2.21s           2023-02-14T14:09:26
/home/airflow/.local/lib/python3.6/site-packages/airflow/example_dags/test_utils.py                                                        1           0  2.16s           2023-02-14T14:09:29
/home/airflow/.local/lib/python3.6/site-packages/airflow/example_dags/tutorial.py                                                          1           0  2.15s           2023-02-14T14:09:30
/home/airflow/.local/lib/python3.6/site-packages/airflow/example_dags/tutorial_etl_dag.py                                                  1           0  2.19s           2023-02-14T14:09:31
/home/airflow/.local/lib/python3.6/site-packages/airflow/example_dags/tutorial_taskflow_api_etl.py                                         1           0  2.17s           2023-02-14T14:09:33
/home/airflow/.local/lib/python3.6/site-packages/airflow/example_dags/tutorial_taskflow_api_etl_virtualenv.py                              1           0  2.09s           2023-02-14T14:09:33
/home/airflow/.local/lib/python3.6/site-packages/airflow/example_dags/example_external_task_marker_dag.py                                  2           0  0.07s           2023-02-14T14:09:41
/home/airflow/.local/lib/python3.6/site-packages/airflow/example_dags/example_xcomargs.py                                                  2           0  2.24s           2023-02-14T14:09:28
/home/airflow/.local/lib/python3.6/site-packages/airflow/example_dags/example_subdag_operator.py                                           3           0  2.37s           2023-02-14T14:09:22
================================================================================
[2023-02-14 14:09:49,674] {dag_processing.py:1129} INFO - Finding 'running' jobs without a recent heartbeat
[2023-02-14 14:09:49,674] {dag_processing.py:1133} INFO - Failing jobs without heartbeat after 2023-02-14 14:04:49.674304+00:00
[2023-02-14 14:10:00,178] {dag_processing.py:1129} INFO - Finding 'running' jobs without a recent heartbeat
[2023-02-14 14:10:00,178] {dag_processing.py:1133} INFO - Failing jobs without heartbeat after 2023-02-14 14:05:00.178700+00:00
[2023-02-14 14:10:10,774] {dag_processing.py:1129} INFO - Finding 'running' jobs without a recent heartbeat
[2023-02-14 14:10:10,775] {dag_processing.py:1133} INFO - Failing jobs without heartbeat after 2023-02-14 14:05:10.775291+00:00
[2023-02-14 14:10:18,949] {dag_processing.py:862} INFO - 
================================================================================
DAG File Processing Stats

File Path                                                                                                           PID  Runtime      # DAGs    # Errors  Last Runtime    Last Run
----------------------------------------------------------------------------------------------------------------  -----  ---------  --------  ----------  --------------  -------------------
/home/airflow/.local/lib/python3.6/site-packages/airflow/example_dags/subdags/subdag.py                                                    0           0  0.03s           2023-02-14T14:10:03
/home/airflow/.local/lib/python3.6/site-packages/airflow/example_dags/example_bash_operator.py                                             1           0  0.06s           2023-02-14T14:10:03
/home/airflow/.local/lib/python3.6/site-packages/airflow/example_dags/example_branch_datetime_operator.py                                  1           0  0.06s           2023-02-14T14:10:03
/home/airflow/.local/lib/python3.6/site-packages/airflow/example_dags/example_branch_day_of_week_operator.py                               1           0  0.06s           2023-02-14T14:10:03
/home/airflow/.local/lib/python3.6/site-packages/airflow/example_dags/example_branch_labels.py                                             1           0  0.06s           2023-02-14T14:10:03
/home/airflow/.local/lib/python3.6/site-packages/airflow/example_dags/example_branch_operator.py                                           1           0  0.07s           2023-02-14T14:10:03
/home/airflow/.local/lib/python3.6/site-packages/airflow/example_dags/example_branch_python_dop_operator_3.py                              1           0  0.10s           2023-02-14T14:10:03
/home/airflow/.local/lib/python3.6/site-packages/airflow/example_dags/example_complex.py                                                   1           0  0.07s           2023-02-14T14:10:08
/home/airflow/.local/lib/python3.6/site-packages/airflow/example_dags/example_dag_decorator.py                                             1           0  0.21s           2023-02-14T14:10:09
/home/airflow/.local/lib/python3.6/site-packages/airflow/example_dags/example_kubernetes_executor.py                                       1           0  0.06s           2023-02-14T14:10:11
/home/airflow/.local/lib/python3.6/site-packages/airflow/example_dags/example_kubernetes_executor_config.py                                1           0  0.07s           2023-02-14T14:10:13
/home/airflow/.local/lib/python3.6/site-packages/airflow/example_dags/example_latest_only.py                                               1           0  0.07s           2023-02-14T14:10:13
/home/airflow/.local/lib/python3.6/site-packages/airflow/example_dags/example_latest_only_with_trigger.py                                  1           0  0.10s           2023-02-14T14:10:15
/home/airflow/.local/lib/python3.6/site-packages/airflow/example_dags/example_nested_branch_dag.py                                         1           0  0.06s           2023-02-14T14:10:16
/home/airflow/.local/lib/python3.6/site-packages/airflow/example_dags/example_passing_params_via_test_command.py                           1           0  0.08s           2023-02-14T14:10:17
/home/airflow/.local/lib/python3.6/site-packages/airflow/example_dags/example_python_operator.py                    688  0.00s             1           0  0.07s           2023-02-14T14:09:48
/home/airflow/.local/lib/python3.6/site-packages/airflow/example_dags/example_short_circuit_operator.py                                    1           0  0.06s           2023-02-14T14:09:49
/home/airflow/.local/lib/python3.6/site-packages/airflow/example_dags/example_skip_dag.py                                                  1           0  0.06s           2023-02-14T14:09:50
/home/airflow/.local/lib/python3.6/site-packages/airflow/example_dags/example_task_group.py                                                1           0  0.06s           2023-02-14T14:09:52
/home/airflow/.local/lib/python3.6/site-packages/airflow/example_dags/example_task_group_decorator.py                                      1           0  0.22s           2023-02-14T14:09:55
/home/airflow/.local/lib/python3.6/site-packages/airflow/example_dags/example_trigger_controller_dag.py                                    1           0  0.06s           2023-02-14T14:09:54
/home/airflow/.local/lib/python3.6/site-packages/airflow/example_dags/example_trigger_target_dag.py                                        1           0  0.06s           2023-02-14T14:09:56
/home/airflow/.local/lib/python3.6/site-packages/airflow/example_dags/example_xcom.py                                                      1           0  0.05s           2023-02-14T14:09:56
/home/airflow/.local/lib/python3.6/site-packages/airflow/example_dags/test_utils.py                                                        1           0  0.05s           2023-02-14T14:09:59
/home/airflow/.local/lib/python3.6/site-packages/airflow/example_dags/tutorial.py                                                          1           0  0.06s           2023-02-14T14:10:01
/home/airflow/.local/lib/python3.6/site-packages/airflow/example_dags/tutorial_etl_dag.py                                                  1           0  0.06s           2023-02-14T14:10:02
/home/airflow/.local/lib/python3.6/site-packages/airflow/example_dags/tutorial_taskflow_api_etl.py                                         1           0  0.22s           2023-02-14T14:10:03
/home/airflow/.local/lib/python3.6/site-packages/airflow/example_dags/tutorial_taskflow_api_etl_virtualenv.py                              1           0  0.22s           2023-02-14T14:10:03
/home/airflow/.local/lib/python3.6/site-packages/airflow/example_dags/example_external_task_marker_dag.py                                  2           0  0.06s           2023-02-14T14:10:11
/home/airflow/.local/lib/python3.6/site-packages/airflow/example_dags/example_xcomargs.py                                                  2           0  0.22s           2023-02-14T14:09:59
/home/airflow/.local/lib/python3.6/site-packages/airflow/example_dags/example_subdag_operator.py                                           3           0  0.08s           2023-02-14T14:09:52
================================================================================
[2023-02-14 14:10:21,003] {dag_processing.py:1129} INFO - Finding 'running' jobs without a recent heartbeat
[2023-02-14 14:10:21,003] {dag_processing.py:1133} INFO - Failing jobs without heartbeat after 2023-02-14 14:05:21.003965+00:00
[2023-02-14 14:10:31,298] {dag_processing.py:1129} INFO - Finding 'running' jobs without a recent heartbeat
[2023-02-14 14:10:31,298] {dag_processing.py:1133} INFO - Failing jobs without heartbeat after 2023-02-14 14:05:31.298742+00:00
[2023-02-14 14:10:42,002] {dag_processing.py:1129} INFO - Finding 'running' jobs without a recent heartbeat
[2023-02-14 14:10:42,002] {dag_processing.py:1133} INFO - Failing jobs without heartbeat after 2023-02-14 14:05:42.002353+00:00
[2023-02-14 14:10:49,215] {dag_processing.py:862} INFO - 
================================================================================
DAG File Processing Stats

File Path                                                                                                           PID  Runtime      # DAGs    # Errors  Last Runtime    Last Run
----------------------------------------------------------------------------------------------------------------  -----  ---------  --------  ----------  --------------  -------------------
/home/airflow/.local/lib/python3.6/site-packages/airflow/example_dags/subdags/subdag.py                                                    0           0  0.02s           2023-02-14T14:10:33
/home/airflow/.local/lib/python3.6/site-packages/airflow/example_dags/example_bash_operator.py                                             1           0  0.06s           2023-02-14T14:10:33
/home/airflow/.local/lib/python3.6/site-packages/airflow/example_dags/example_branch_datetime_operator.py                                  1           0  0.07s           2023-02-14T14:10:33
/home/airflow/.local/lib/python3.6/site-packages/airflow/example_dags/example_branch_day_of_week_operator.py                               1           0  0.06s           2023-02-14T14:10:33
/home/airflow/.local/lib/python3.6/site-packages/airflow/example_dags/example_branch_labels.py                                             1           0  0.06s           2023-02-14T14:10:33
/home/airflow/.local/lib/python3.6/site-packages/airflow/example_dags/example_branch_operator.py                                           1           0  0.06s           2023-02-14T14:10:33
/home/airflow/.local/lib/python3.6/site-packages/airflow/example_dags/example_branch_python_dop_operator_3.py                              1           0  0.07s           2023-02-14T14:10:33
/home/airflow/.local/lib/python3.6/site-packages/airflow/example_dags/example_complex.py                                                   1           0  0.07s           2023-02-14T14:10:38
/home/airflow/.local/lib/python3.6/site-packages/airflow/example_dags/example_dag_decorator.py                                             1           0  0.24s           2023-02-14T14:10:40
/home/airflow/.local/lib/python3.6/site-packages/airflow/example_dags/example_kubernetes_executor.py                                       1           0  0.06s           2023-02-14T14:10:42
/home/airflow/.local/lib/python3.6/site-packages/airflow/example_dags/example_kubernetes_executor_config.py                                1           0  0.06s           2023-02-14T14:10:44
/home/airflow/.local/lib/python3.6/site-packages/airflow/example_dags/example_latest_only.py                                               1           0  0.06s           2023-02-14T14:10:44
/home/airflow/.local/lib/python3.6/site-packages/airflow/example_dags/example_latest_only_with_trigger.py                                  1           0  0.06s           2023-02-14T14:10:46
/home/airflow/.local/lib/python3.6/site-packages/airflow/example_dags/example_nested_branch_dag.py                                         1           0  0.06s           2023-02-14T14:10:47
/home/airflow/.local/lib/python3.6/site-packages/airflow/example_dags/example_passing_params_via_test_command.py                           1           0  0.07s           2023-02-14T14:10:48
/home/airflow/.local/lib/python3.6/site-packages/airflow/example_dags/example_python_operator.py                    739  0.00s             1           0  0.06s           2023-02-14T14:10:18
/home/airflow/.local/lib/python3.6/site-packages/airflow/example_dags/example_short_circuit_operator.py                                    1           0  0.06s           2023-02-14T14:10:20
/home/airflow/.local/lib/python3.6/site-packages/airflow/example_dags/example_skip_dag.py                                                  1           0  0.07s           2023-02-14T14:10:21
/home/airflow/.local/lib/python3.6/site-packages/airflow/example_dags/example_task_group.py                                                1           0  0.06s           2023-02-14T14:10:23
/home/airflow/.local/lib/python3.6/site-packages/airflow/example_dags/example_task_group_decorator.py                                      1           0  0.23s           2023-02-14T14:10:25
/home/airflow/.local/lib/python3.6/site-packages/airflow/example_dags/example_trigger_controller_dag.py                                    1           0  0.06s           2023-02-14T14:10:25
/home/airflow/.local/lib/python3.6/site-packages/airflow/example_dags/example_trigger_target_dag.py                                        1           0  0.06s           2023-02-14T14:10:27
/home/airflow/.local/lib/python3.6/site-packages/airflow/example_dags/example_xcom.py                                                      1           0  0.06s           2023-02-14T14:10:27
/home/airflow/.local/lib/python3.6/site-packages/airflow/example_dags/test_utils.py                                                        1           0  0.06s           2023-02-14T14:10:29
/home/airflow/.local/lib/python3.6/site-packages/airflow/example_dags/tutorial.py                                                          1           0  0.06s           2023-02-14T14:10:31
/home/airflow/.local/lib/python3.6/site-packages/airflow/example_dags/tutorial_etl_dag.py                                                  1           0  0.05s           2023-02-14T14:10:32
/home/airflow/.local/lib/python3.6/site-packages/airflow/example_dags/tutorial_taskflow_api_etl.py                                         1           0  0.24s           2023-02-14T14:10:33
/home/airflow/.local/lib/python3.6/site-packages/airflow/example_dags/tutorial_taskflow_api_etl_virtualenv.py                              1           0  0.23s           2023-02-14T14:10:34
/home/airflow/.local/lib/python3.6/site-packages/airflow/example_dags/example_external_task_marker_dag.py                                  2           0  0.06s           2023-02-14T14:10:42
/home/airflow/.local/lib/python3.6/site-packages/airflow/example_dags/example_xcomargs.py                                                  2           0  0.22s           2023-02-14T14:10:29
/home/airflow/.local/lib/python3.6/site-packages/airflow/example_dags/example_subdag_operator.py                                           3           0  0.08s           2023-02-14T14:10:23
================================================================================
[2023-02-14 14:10:52,314] {dag_processing.py:1129} INFO - Finding 'running' jobs without a recent heartbeat
[2023-02-14 14:10:52,314] {dag_processing.py:1133} INFO - Failing jobs without heartbeat after 2023-02-14 14:05:52.314403+00:00
[2023-02-14 14:11:02,548] {dag_processing.py:1129} INFO - Finding 'running' jobs without a recent heartbeat
[2023-02-14 14:11:02,549] {dag_processing.py:1133} INFO - Failing jobs without heartbeat after 2023-02-14 14:06:02.549044+00:00
[2023-02-14 14:11:12,671] {dag_processing.py:1129} INFO - Finding 'running' jobs without a recent heartbeat
[2023-02-14 14:11:12,672] {dag_processing.py:1133} INFO - Failing jobs without heartbeat after 2023-02-14 14:06:12.671983+00:00
[2023-02-14 14:11:19,605] {dag_processing.py:862} INFO - 
================================================================================
DAG File Processing Stats

File Path                                                                                                           PID  Runtime      # DAGs    # Errors  Last Runtime    Last Run
----------------------------------------------------------------------------------------------------------------  -----  ---------  --------  ----------  --------------  -------------------
/home/airflow/.local/lib/python3.6/site-packages/airflow/example_dags/subdags/subdag.py                                                    0           0  0.03s           2023-02-14T14:11:03
/home/airflow/.local/lib/python3.6/site-packages/airflow/example_dags/example_bash_operator.py                                             1           0  0.09s           2023-02-14T14:11:03
/home/airflow/.local/lib/python3.6/site-packages/airflow/example_dags/example_branch_datetime_operator.py                                  1           0  0.06s           2023-02-14T14:11:03
/home/airflow/.local/lib/python3.6/site-packages/airflow/example_dags/example_branch_day_of_week_operator.py                               1           0  0.06s           2023-02-14T14:11:03
/home/airflow/.local/lib/python3.6/site-packages/airflow/example_dags/example_branch_labels.py                                             1           0  0.06s           2023-02-14T14:11:03
/home/airflow/.local/lib/python3.6/site-packages/airflow/example_dags/example_branch_operator.py                                           1           0  0.06s           2023-02-14T14:11:03
/home/airflow/.local/lib/python3.6/site-packages/airflow/example_dags/example_branch_python_dop_operator_3.py                              1           0  0.07s           2023-02-14T14:11:03
/home/airflow/.local/lib/python3.6/site-packages/airflow/example_dags/example_complex.py                                                   1           0  0.06s           2023-02-14T14:11:09
/home/airflow/.local/lib/python3.6/site-packages/airflow/example_dags/example_dag_decorator.py                                             1           0  0.33s           2023-02-14T14:11:11
/home/airflow/.local/lib/python3.6/site-packages/airflow/example_dags/example_kubernetes_executor.py                                       1           0  0.08s           2023-02-14T14:11:12
/home/airflow/.local/lib/python3.6/site-packages/airflow/example_dags/example_kubernetes_executor_config.py                                1           0  0.09s           2023-02-14T14:11:14
/home/airflow/.local/lib/python3.6/site-packages/airflow/example_dags/example_latest_only.py                                               1           0  0.09s           2023-02-14T14:11:14
/home/airflow/.local/lib/python3.6/site-packages/airflow/example_dags/example_latest_only_with_trigger.py                                  1           0  0.06s           2023-02-14T14:11:16
/home/airflow/.local/lib/python3.6/site-packages/airflow/example_dags/example_nested_branch_dag.py                                         1           0  0.06s           2023-02-14T14:11:17
/home/airflow/.local/lib/python3.6/site-packages/airflow/example_dags/example_passing_params_via_test_command.py                           1           0  0.06s           2023-02-14T14:11:18
/home/airflow/.local/lib/python3.6/site-packages/airflow/example_dags/example_python_operator.py                    800  0.00s             1           0  0.06s           2023-02-14T14:10:49
/home/airflow/.local/lib/python3.6/site-packages/airflow/example_dags/example_short_circuit_operator.py                                    1           0  0.08s           2023-02-14T14:10:50
/home/airflow/.local/lib/python3.6/site-packages/airflow/example_dags/example_skip_dag.py                                                  1           0  0.06s           2023-02-14T14:10:51
/home/airflow/.local/lib/python3.6/site-packages/airflow/example_dags/example_task_group.py                                                1           0  0.06s           2023-02-14T14:10:53
/home/airflow/.local/lib/python3.6/site-packages/airflow/example_dags/example_task_group_decorator.py                                      1           0  0.24s           2023-02-14T14:10:55
/home/airflow/.local/lib/python3.6/site-packages/airflow/example_dags/example_trigger_controller_dag.py                                    1           0  0.05s           2023-02-14T14:10:55
/home/airflow/.local/lib/python3.6/site-packages/airflow/example_dags/example_trigger_target_dag.py                                        1           0  0.06s           2023-02-14T14:10:57
/home/airflow/.local/lib/python3.6/site-packages/airflow/example_dags/example_xcom.py                                                      1           0  0.06s           2023-02-14T14:10:57
/home/airflow/.local/lib/python3.6/site-packages/airflow/example_dags/test_utils.py                                                        1           0  0.06s           2023-02-14T14:10:59
/home/airflow/.local/lib/python3.6/site-packages/airflow/example_dags/tutorial.py                                                          1           0  0.06s           2023-02-14T14:11:01
/home/airflow/.local/lib/python3.6/site-packages/airflow/example_dags/tutorial_etl_dag.py                                                  1           0  0.06s           2023-02-14T14:11:02
/home/airflow/.local/lib/python3.6/site-packages/airflow/example_dags/tutorial_taskflow_api_etl.py                                         1           0  0.07s           2023-02-14T14:11:03
/home/airflow/.local/lib/python3.6/site-packages/airflow/example_dags/tutorial_taskflow_api_etl_virtualenv.py                              1           0  0.21s           2023-02-14T14:11:05
/home/airflow/.local/lib/python3.6/site-packages/airflow/example_dags/example_external_task_marker_dag.py                                  2           0  0.33s           2023-02-14T14:11:12
/home/airflow/.local/lib/python3.6/site-packages/airflow/example_dags/example_xcomargs.py                                                  2           0  0.22s           2023-02-14T14:10:59
/home/airflow/.local/lib/python3.6/site-packages/airflow/example_dags/example_subdag_operator.py                                           3           0  0.07s           2023-02-14T14:10:53
================================================================================
[2023-02-14 14:11:22,718] {dag_processing.py:1129} INFO - Finding 'running' jobs without a recent heartbeat
[2023-02-14 14:11:22,718] {dag_processing.py:1133} INFO - Failing jobs without heartbeat after 2023-02-14 14:06:22.718409+00:00
[2023-02-14 14:11:32,960] {dag_processing.py:1129} INFO - Finding 'running' jobs without a recent heartbeat
[2023-02-14 14:11:32,960] {dag_processing.py:1133} INFO - Failing jobs without heartbeat after 2023-02-14 14:06:32.960730+00:00
[2023-02-14 14:11:43,515] {dag_processing.py:1129} INFO - Finding 'running' jobs without a recent heartbeat
[2023-02-14 14:11:43,515] {dag_processing.py:1133} INFO - Failing jobs without heartbeat after 2023-02-14 14:06:43.515700+00:00
[2023-02-14 14:11:49,710] {dag_processing.py:862} INFO - 
================================================================================
DAG File Processing Stats

File Path                                                                                                           PID  Runtime      # DAGs    # Errors  Last Runtime    Last Run
----------------------------------------------------------------------------------------------------------------  -----  ---------  --------  ----------  --------------  -------------------
/home/airflow/.local/lib/python3.6/site-packages/airflow/example_dags/subdags/subdag.py                                                    0           0  0.02s           2023-02-14T14:11:34
/home/airflow/.local/lib/python3.6/site-packages/airflow/example_dags/example_bash_operator.py                                             1           0  0.06s           2023-02-14T14:11:34
/home/airflow/.local/lib/python3.6/site-packages/airflow/example_dags/example_branch_datetime_operator.py                                  1           0  0.06s           2023-02-14T14:11:34
/home/airflow/.local/lib/python3.6/site-packages/airflow/example_dags/example_branch_day_of_week_operator.py                               1           0  0.06s           2023-02-14T14:11:34
/home/airflow/.local/lib/python3.6/site-packages/airflow/example_dags/example_branch_labels.py                                             1           0  0.06s           2023-02-14T14:11:34
/home/airflow/.local/lib/python3.6/site-packages/airflow/example_dags/example_branch_operator.py                                           1           0  0.06s           2023-02-14T14:11:34
/home/airflow/.local/lib/python3.6/site-packages/airflow/example_dags/example_branch_python_dop_operator_3.py                              1           0  0.07s           2023-02-14T14:11:34
/home/airflow/.local/lib/python3.6/site-packages/airflow/example_dags/example_complex.py                                                   1           0  0.07s           2023-02-14T14:11:39
/home/airflow/.local/lib/python3.6/site-packages/airflow/example_dags/example_dag_decorator.py                                             1           0  0.21s           2023-02-14T14:11:41
/home/airflow/.local/lib/python3.6/site-packages/airflow/example_dags/example_kubernetes_executor.py                                       1           0  0.05s           2023-02-14T14:11:42
/home/airflow/.local/lib/python3.6/site-packages/airflow/example_dags/example_kubernetes_executor_config.py                                1           0  0.06s           2023-02-14T14:11:44
/home/airflow/.local/lib/python3.6/site-packages/airflow/example_dags/example_latest_only.py                                               1           0  0.05s           2023-02-14T14:11:44
/home/airflow/.local/lib/python3.6/site-packages/airflow/example_dags/example_latest_only_with_trigger.py                                  1           0  0.06s           2023-02-14T14:11:46
/home/airflow/.local/lib/python3.6/site-packages/airflow/example_dags/example_nested_branch_dag.py                                         1           0  0.06s           2023-02-14T14:11:47
/home/airflow/.local/lib/python3.6/site-packages/airflow/example_dags/example_passing_params_via_test_command.py                           1           0  0.08s           2023-02-14T14:11:48
/home/airflow/.local/lib/python3.6/site-packages/airflow/example_dags/example_python_operator.py                    851  0.00s             1           0  0.05s           2023-02-14T14:11:19
/home/airflow/.local/lib/python3.6/site-packages/airflow/example_dags/example_short_circuit_operator.py                                    1           0  0.06s           2023-02-14T14:11:20
/home/airflow/.local/lib/python3.6/site-packages/airflow/example_dags/example_skip_dag.py                                                  1           0  0.06s           2023-02-14T14:11:21
/home/airflow/.local/lib/python3.6/site-packages/airflow/example_dags/example_task_group.py                                                1           0  0.06s           2023-02-14T14:11:23
/home/airflow/.local/lib/python3.6/site-packages/airflow/example_dags/example_task_group_decorator.py                                      1           0  0.23s           2023-02-14T14:11:25
/home/airflow/.local/lib/python3.6/site-packages/airflow/example_dags/example_trigger_controller_dag.py                                    1           0  0.06s           2023-02-14T14:11:25
/home/airflow/.local/lib/python3.6/site-packages/airflow/example_dags/example_trigger_target_dag.py                                        1           0  0.08s           2023-02-14T14:11:27
/home/airflow/.local/lib/python3.6/site-packages/airflow/example_dags/example_xcom.py                                                      1           0  0.06s           2023-02-14T14:11:27
/home/airflow/.local/lib/python3.6/site-packages/airflow/example_dags/test_utils.py                                                        1           0  0.05s           2023-02-14T14:11:29
/home/airflow/.local/lib/python3.6/site-packages/airflow/example_dags/tutorial.py                                                          1           0  0.06s           2023-02-14T14:11:32
/home/airflow/.local/lib/python3.6/site-packages/airflow/example_dags/tutorial_etl_dag.py                                                  1           0  0.06s           2023-02-14T14:11:33
/home/airflow/.local/lib/python3.6/site-packages/airflow/example_dags/tutorial_taskflow_api_etl.py                                         1           0  0.21s           2023-02-14T14:11:34
/home/airflow/.local/lib/python3.6/site-packages/airflow/example_dags/tutorial_taskflow_api_etl_virtualenv.py                              1           0  0.21s           2023-02-14T14:11:35
/home/airflow/.local/lib/python3.6/site-packages/airflow/example_dags/example_external_task_marker_dag.py                                  2           0  0.20s           2023-02-14T14:11:43
/home/airflow/.local/lib/python3.6/site-packages/airflow/example_dags/example_xcomargs.py                                                  2           0  0.24s           2023-02-14T14:11:30
/home/airflow/.local/lib/python3.6/site-packages/airflow/example_dags/example_subdag_operator.py                                           3           0  0.08s           2023-02-14T14:11:23
================================================================================
[2023-02-14 14:11:53,777] {dag_processing.py:1129} INFO - Finding 'running' jobs without a recent heartbeat
[2023-02-14 14:11:53,777] {dag_processing.py:1133} INFO - Failing jobs without heartbeat after 2023-02-14 14:06:53.777744+00:00
[2023-02-14 14:12:04,218] {dag_processing.py:1129} INFO - Finding 'running' jobs without a recent heartbeat
[2023-02-14 14:12:04,219] {dag_processing.py:1133} INFO - Failing jobs without heartbeat after 2023-02-14 14:07:04.219223+00:00
[2023-02-14 14:12:14,884] {dag_processing.py:1129} INFO - Finding 'running' jobs without a recent heartbeat
[2023-02-14 14:12:14,884] {dag_processing.py:1133} INFO - Failing jobs without heartbeat after 2023-02-14 14:07:14.884855+00:00
[2023-02-14 14:12:20,070] {dag_processing.py:862} INFO - 
================================================================================
DAG File Processing Stats

File Path                                                                                                           PID  Runtime      # DAGs    # Errors  Last Runtime    Last Run
----------------------------------------------------------------------------------------------------------------  -----  ---------  --------  ----------  --------------  -------------------
/home/airflow/.local/lib/python3.6/site-packages/airflow/example_dags/subdags/subdag.py                                                    0           0  0.03s           2023-02-14T14:12:04
/home/airflow/.local/lib/python3.6/site-packages/airflow/example_dags/example_bash_operator.py                                             1           0  0.07s           2023-02-14T14:12:04
/home/airflow/.local/lib/python3.6/site-packages/airflow/example_dags/example_branch_datetime_operator.py                                  1           0  0.06s           2023-02-14T14:12:04
/home/airflow/.local/lib/python3.6/site-packages/airflow/example_dags/example_branch_day_of_week_operator.py                               1           0  0.06s           2023-02-14T14:12:04
/home/airflow/.local/lib/python3.6/site-packages/airflow/example_dags/example_branch_labels.py                                             1           0  0.14s           2023-02-14T14:12:04
/home/airflow/.local/lib/python3.6/site-packages/airflow/example_dags/example_branch_operator.py                                           1           0  0.14s           2023-02-14T14:12:04
/home/airflow/.local/lib/python3.6/site-packages/airflow/example_dags/example_branch_python_dop_operator_3.py                              1           0  0.06s           2023-02-14T14:12:04
/home/airflow/.local/lib/python3.6/site-packages/airflow/example_dags/example_complex.py                                                   1           0  0.09s           2023-02-14T14:12:09
/home/airflow/.local/lib/python3.6/site-packages/airflow/example_dags/example_dag_decorator.py                                             1           0  0.06s           2023-02-14T14:12:11
/home/airflow/.local/lib/python3.6/site-packages/airflow/example_dags/example_kubernetes_executor.py                                       1           0  0.06s           2023-02-14T14:12:12
/home/airflow/.local/lib/python3.6/site-packages/airflow/example_dags/example_kubernetes_executor_config.py                                1           0  0.08s           2023-02-14T14:12:14
/home/airflow/.local/lib/python3.6/site-packages/airflow/example_dags/example_latest_only.py                                               1           0  0.09s           2023-02-14T14:12:14
/home/airflow/.local/lib/python3.6/site-packages/airflow/example_dags/example_latest_only_with_trigger.py                                  1           0  0.06s           2023-02-14T14:12:17
/home/airflow/.local/lib/python3.6/site-packages/airflow/example_dags/example_nested_branch_dag.py                                         1           0  0.06s           2023-02-14T14:12:18
/home/airflow/.local/lib/python3.6/site-packages/airflow/example_dags/example_passing_params_via_test_command.py                           1           0  0.07s           2023-02-14T14:12:19
/home/airflow/.local/lib/python3.6/site-packages/airflow/example_dags/example_python_operator.py                    912  0.00s             1           0  0.06s           2023-02-14T14:11:49
/home/airflow/.local/lib/python3.6/site-packages/airflow/example_dags/example_short_circuit_operator.py                                    1           0  0.06s           2023-02-14T14:11:50
/home/airflow/.local/lib/python3.6/site-packages/airflow/example_dags/example_skip_dag.py                                                  1           0  0.20s           2023-02-14T14:11:51
/home/airflow/.local/lib/python3.6/site-packages/airflow/example_dags/example_task_group.py                                                1           0  0.06s           2023-02-14T14:11:53
/home/airflow/.local/lib/python3.6/site-packages/airflow/example_dags/example_task_group_decorator.py                                      1           0  0.22s           2023-02-14T14:11:57
/home/airflow/.local/lib/python3.6/site-packages/airflow/example_dags/example_trigger_controller_dag.py                                    1           0  0.06s           2023-02-14T14:11:55
/home/airflow/.local/lib/python3.6/site-packages/airflow/example_dags/example_trigger_target_dag.py                                        1           0  0.06s           2023-02-14T14:11:58
/home/airflow/.local/lib/python3.6/site-packages/airflow/example_dags/example_xcom.py                                                      1           0  0.06s           2023-02-14T14:11:58
/home/airflow/.local/lib/python3.6/site-packages/airflow/example_dags/test_utils.py                                                        1           0  0.05s           2023-02-14T14:12:00
/home/airflow/.local/lib/python3.6/site-packages/airflow/example_dags/tutorial.py                                                          1           0  0.06s           2023-02-14T14:12:02
/home/airflow/.local/lib/python3.6/site-packages/airflow/example_dags/tutorial_etl_dag.py                                                  1           0  0.07s           2023-02-14T14:12:03
/home/airflow/.local/lib/python3.6/site-packages/airflow/example_dags/tutorial_taskflow_api_etl.py                                         1           0  0.22s           2023-02-14T14:12:04
/home/airflow/.local/lib/python3.6/site-packages/airflow/example_dags/tutorial_taskflow_api_etl_virtualenv.py                              1           0  0.22s           2023-02-14T14:12:05
/home/airflow/.local/lib/python3.6/site-packages/airflow/example_dags/example_external_task_marker_dag.py                                  2           0  0.06s           2023-02-14T14:12:13
/home/airflow/.local/lib/python3.6/site-packages/airflow/example_dags/example_xcomargs.py                                                  2           0  0.23s           2023-02-14T14:12:00
/home/airflow/.local/lib/python3.6/site-packages/airflow/example_dags/example_subdag_operator.py                                           3           0  0.07s           2023-02-14T14:11:53
================================================================================
[2023-02-14 14:12:25,265] {dag_processing.py:1129} INFO - Finding 'running' jobs without a recent heartbeat
[2023-02-14 14:12:25,265] {dag_processing.py:1133} INFO - Failing jobs without heartbeat after 2023-02-14 14:07:25.265616+00:00
[2023-02-14 14:12:35,699] {dag_processing.py:1129} INFO - Finding 'running' jobs without a recent heartbeat
[2023-02-14 14:12:35,699] {dag_processing.py:1133} INFO - Failing jobs without heartbeat after 2023-02-14 14:07:35.699750+00:00
[2023-02-14 14:12:46,085] {dag_processing.py:1129} INFO - Finding 'running' jobs without a recent heartbeat
[2023-02-14 14:12:46,085] {dag_processing.py:1133} INFO - Failing jobs without heartbeat after 2023-02-14 14:07:46.085838+00:00
[2023-02-14 14:12:50,223] {dag_processing.py:862} INFO - 
================================================================================
DAG File Processing Stats

File Path                                                                                                           PID  Runtime      # DAGs    # Errors  Last Runtime    Last Run
----------------------------------------------------------------------------------------------------------------  -----  ---------  --------  ----------  --------------  -------------------
/home/airflow/.local/lib/python3.6/site-packages/airflow/example_dags/subdags/subdag.py                                                    0           0  0.03s           2023-02-14T14:12:34
/home/airflow/.local/lib/python3.6/site-packages/airflow/example_dags/example_bash_operator.py                                             1           0  0.07s           2023-02-14T14:12:34
/home/airflow/.local/lib/python3.6/site-packages/airflow/example_dags/example_branch_datetime_operator.py                                  1           0  0.06s           2023-02-14T14:12:34
/home/airflow/.local/lib/python3.6/site-packages/airflow/example_dags/example_branch_day_of_week_operator.py                               1           0  0.06s           2023-02-14T14:12:34
/home/airflow/.local/lib/python3.6/site-packages/airflow/example_dags/example_branch_labels.py                                             1           0  0.06s           2023-02-14T14:12:34
/home/airflow/.local/lib/python3.6/site-packages/airflow/example_dags/example_branch_operator.py                                           1           0  0.06s           2023-02-14T14:12:34
/home/airflow/.local/lib/python3.6/site-packages/airflow/example_dags/example_branch_python_dop_operator_3.py                              1           0  0.06s           2023-02-14T14:12:34
/home/airflow/.local/lib/python3.6/site-packages/airflow/example_dags/example_complex.py                                                   1           0  0.07s           2023-02-14T14:12:40
/home/airflow/.local/lib/python3.6/site-packages/airflow/example_dags/example_dag_decorator.py                                             1           0  0.20s           2023-02-14T14:12:42
/home/airflow/.local/lib/python3.6/site-packages/airflow/example_dags/example_kubernetes_executor.py                                       1           0  0.06s           2023-02-14T14:12:43
/home/airflow/.local/lib/python3.6/site-packages/airflow/example_dags/example_kubernetes_executor_config.py                                1           0  0.06s           2023-02-14T14:12:45
/home/airflow/.local/lib/python3.6/site-packages/airflow/example_dags/example_latest_only.py                                               1           0  0.06s           2023-02-14T14:12:45
/home/airflow/.local/lib/python3.6/site-packages/airflow/example_dags/example_latest_only_with_trigger.py                                  1           0  0.06s           2023-02-14T14:12:47
/home/airflow/.local/lib/python3.6/site-packages/airflow/example_dags/example_nested_branch_dag.py                                         1           0  0.06s           2023-02-14T14:12:48
/home/airflow/.local/lib/python3.6/site-packages/airflow/example_dags/example_passing_params_via_test_command.py                           1           0  0.07s           2023-02-14T14:12:49
/home/airflow/.local/lib/python3.6/site-packages/airflow/example_dags/example_python_operator.py                    972  0.00s             1           0  0.06s           2023-02-14T14:12:20
/home/airflow/.local/lib/python3.6/site-packages/airflow/example_dags/example_short_circuit_operator.py                                    1           0  0.06s           2023-02-14T14:12:21
/home/airflow/.local/lib/python3.6/site-packages/airflow/example_dags/example_skip_dag.py                                                  1           0  0.06s           2023-02-14T14:12:22
/home/airflow/.local/lib/python3.6/site-packages/airflow/example_dags/example_task_group.py                                                1           0  0.06s           2023-02-14T14:12:24
/home/airflow/.local/lib/python3.6/site-packages/airflow/example_dags/example_task_group_decorator.py                                      1           0  0.23s           2023-02-14T14:12:27
/home/airflow/.local/lib/python3.6/site-packages/airflow/example_dags/example_trigger_controller_dag.py                                    1           0  0.06s           2023-02-14T14:12:26
/home/airflow/.local/lib/python3.6/site-packages/airflow/example_dags/example_trigger_target_dag.py                                        1           0  0.06s           2023-02-14T14:12:28
/home/airflow/.local/lib/python3.6/site-packages/airflow/example_dags/example_xcom.py                                                      1           0  0.06s           2023-02-14T14:12:28
/home/airflow/.local/lib/python3.6/site-packages/airflow/example_dags/test_utils.py                                                        1           0  0.05s           2023-02-14T14:12:30
/home/airflow/.local/lib/python3.6/site-packages/airflow/example_dags/tutorial.py                                                          1           0  0.06s           2023-02-14T14:12:32
/home/airflow/.local/lib/python3.6/site-packages/airflow/example_dags/tutorial_etl_dag.py                                                  1           0  0.06s           2023-02-14T14:12:33
/home/airflow/.local/lib/python3.6/site-packages/airflow/example_dags/tutorial_taskflow_api_etl.py                                         1           0  0.21s           2023-02-14T14:12:35
/home/airflow/.local/lib/python3.6/site-packages/airflow/example_dags/tutorial_taskflow_api_etl_virtualenv.py                              1           0  0.20s           2023-02-14T14:12:36
/home/airflow/.local/lib/python3.6/site-packages/airflow/example_dags/example_external_task_marker_dag.py                                  2           0  0.21s           2023-02-14T14:12:44
/home/airflow/.local/lib/python3.6/site-packages/airflow/example_dags/example_xcomargs.py                                                  2           0  0.22s           2023-02-14T14:12:30
/home/airflow/.local/lib/python3.6/site-packages/airflow/example_dags/example_subdag_operator.py                                           3           0  0.09s           2023-02-14T14:12:24
================================================================================
[2023-02-14 14:12:56,475] {dag_processing.py:1129} INFO - Finding 'running' jobs without a recent heartbeat
[2023-02-14 14:12:56,476] {dag_processing.py:1133} INFO - Failing jobs without heartbeat after 2023-02-14 14:07:56.476100+00:00
[2023-02-14 14:13:07,143] {dag_processing.py:1129} INFO - Finding 'running' jobs without a recent heartbeat
[2023-02-14 14:13:07,143] {dag_processing.py:1133} INFO - Failing jobs without heartbeat after 2023-02-14 14:08:07.143517+00:00
[2023-02-14 14:13:17,313] {dag_processing.py:1129} INFO - Finding 'running' jobs without a recent heartbeat
[2023-02-14 14:13:17,314] {dag_processing.py:1133} INFO - Failing jobs without heartbeat after 2023-02-14 14:08:17.313980+00:00
[2023-02-14 14:13:20,443] {dag_processing.py:862} INFO - 
================================================================================
DAG File Processing Stats

File Path                                                                                                           PID  Runtime      # DAGs    # Errors  Last Runtime    Last Run
----------------------------------------------------------------------------------------------------------------  -----  ---------  --------  ----------  --------------  -------------------
/home/airflow/.local/lib/python3.6/site-packages/airflow/example_dags/subdags/subdag.py                                                    0           0  0.02s           2023-02-14T14:13:04
/home/airflow/.local/lib/python3.6/site-packages/airflow/example_dags/example_bash_operator.py                                             1           0  0.06s           2023-02-14T14:13:04
/home/airflow/.local/lib/python3.6/site-packages/airflow/example_dags/example_branch_datetime_operator.py                                  1           0  0.06s           2023-02-14T14:13:04
/home/airflow/.local/lib/python3.6/site-packages/airflow/example_dags/example_branch_day_of_week_operator.py                               1           0  0.05s           2023-02-14T14:13:04
/home/airflow/.local/lib/python3.6/site-packages/airflow/example_dags/example_branch_labels.py                                             1           0  0.07s           2023-02-14T14:13:04
/home/airflow/.local/lib/python3.6/site-packages/airflow/example_dags/example_branch_operator.py                                           1           0  0.07s           2023-02-14T14:13:04
/home/airflow/.local/lib/python3.6/site-packages/airflow/example_dags/example_branch_python_dop_operator_3.py                              1           0  0.07s           2023-02-14T14:13:04
/home/airflow/.local/lib/python3.6/site-packages/airflow/example_dags/example_complex.py                                                   1           0  0.07s           2023-02-14T14:13:10
/home/airflow/.local/lib/python3.6/site-packages/airflow/example_dags/example_dag_decorator.py                                             1           0  0.21s           2023-02-14T14:13:12
/home/airflow/.local/lib/python3.6/site-packages/airflow/example_dags/example_kubernetes_executor.py                                       1           0  0.06s           2023-02-14T14:13:13
/home/airflow/.local/lib/python3.6/site-packages/airflow/example_dags/example_kubernetes_executor_config.py                                1           0  0.06s           2023-02-14T14:13:15
/home/airflow/.local/lib/python3.6/site-packages/airflow/example_dags/example_latest_only.py                                               1           0  0.05s           2023-02-14T14:13:15
/home/airflow/.local/lib/python3.6/site-packages/airflow/example_dags/example_latest_only_with_trigger.py                                  1           0  0.06s           2023-02-14T14:13:17
/home/airflow/.local/lib/python3.6/site-packages/airflow/example_dags/example_nested_branch_dag.py                                         1           0  0.06s           2023-02-14T14:13:18
/home/airflow/.local/lib/python3.6/site-packages/airflow/example_dags/example_passing_params_via_test_command.py                           1           0  0.07s           2023-02-14T14:13:19
/home/airflow/.local/lib/python3.6/site-packages/airflow/example_dags/example_python_operator.py                   1024  0.00s             1           0  0.06s           2023-02-14T14:12:50
/home/airflow/.local/lib/python3.6/site-packages/airflow/example_dags/example_short_circuit_operator.py                                    1           0  0.06s           2023-02-14T14:12:51
/home/airflow/.local/lib/python3.6/site-packages/airflow/example_dags/example_skip_dag.py                                                  1           0  0.06s           2023-02-14T14:12:52
/home/airflow/.local/lib/python3.6/site-packages/airflow/example_dags/example_task_group.py                                                1           0  0.11s           2023-02-14T14:12:54
/home/airflow/.local/lib/python3.6/site-packages/airflow/example_dags/example_task_group_decorator.py                                      1           0  0.21s           2023-02-14T14:12:57
/home/airflow/.local/lib/python3.6/site-packages/airflow/example_dags/example_trigger_controller_dag.py                                    1           0  0.06s           2023-02-14T14:12:56
/home/airflow/.local/lib/python3.6/site-packages/airflow/example_dags/example_trigger_target_dag.py                                        1           0  0.07s           2023-02-14T14:12:58
/home/airflow/.local/lib/python3.6/site-packages/airflow/example_dags/example_xcom.py                                                      1           0  0.06s           2023-02-14T14:12:58
/home/airflow/.local/lib/python3.6/site-packages/airflow/example_dags/test_utils.py                                                        1           0  0.05s           2023-02-14T14:13:00
/home/airflow/.local/lib/python3.6/site-packages/airflow/example_dags/tutorial.py                                                          1           0  0.05s           2023-02-14T14:13:02
/home/airflow/.local/lib/python3.6/site-packages/airflow/example_dags/tutorial_etl_dag.py                                                  1           0  0.06s           2023-02-14T14:13:03
/home/airflow/.local/lib/python3.6/site-packages/airflow/example_dags/tutorial_taskflow_api_etl.py                                         1           0  0.21s           2023-02-14T14:13:06
/home/airflow/.local/lib/python3.6/site-packages/airflow/example_dags/tutorial_taskflow_api_etl_virtualenv.py                              1           0  0.21s           2023-02-14T14:13:06
/home/airflow/.local/lib/python3.6/site-packages/airflow/example_dags/example_external_task_marker_dag.py                                  2           0  0.06s           2023-02-14T14:13:14
/home/airflow/.local/lib/python3.6/site-packages/airflow/example_dags/example_xcomargs.py                                                  2           0  0.21s           2023-02-14T14:13:01
/home/airflow/.local/lib/python3.6/site-packages/airflow/example_dags/example_subdag_operator.py                                           3           0  0.13s           2023-02-14T14:12:54
================================================================================
[2023-02-14 14:13:27,598] {dag_processing.py:1129} INFO - Finding 'running' jobs without a recent heartbeat
[2023-02-14 14:13:27,598] {dag_processing.py:1133} INFO - Failing jobs without heartbeat after 2023-02-14 14:08:27.598387+00:00
[2023-02-14 14:13:38,093] {dag_processing.py:1129} INFO - Finding 'running' jobs without a recent heartbeat
[2023-02-14 14:13:38,093] {dag_processing.py:1133} INFO - Failing jobs without heartbeat after 2023-02-14 14:08:38.093754+00:00
[2023-02-14 14:13:48,581] {dag_processing.py:755} INFO - Searching for files in /opt/airflow/dags
[2023-02-14 14:13:48,587] {dag_processing.py:758} INFO - There are 31 files in /opt/airflow/dags
[2023-02-14 14:13:48,602] {dag_processing.py:1129} INFO - Finding 'running' jobs without a recent heartbeat
[2023-02-14 14:13:48,602] {dag_processing.py:1133} INFO - Failing jobs without heartbeat after 2023-02-14 14:08:48.602740+00:00
[2023-02-14 14:13:50,694] {dag_processing.py:862} INFO - 
================================================================================
DAG File Processing Stats

File Path                                                                                                           PID  Runtime      # DAGs    # Errors  Last Runtime    Last Run
----------------------------------------------------------------------------------------------------------------  -----  ---------  --------  ----------  --------------  -------------------
/home/airflow/.local/lib/python3.6/site-packages/airflow/example_dags/subdags/subdag.py                                                    0           0  0.02s           2023-02-14T14:13:35
/home/airflow/.local/lib/python3.6/site-packages/airflow/example_dags/example_bash_operator.py                                             1           0  0.06s           2023-02-14T14:13:34
/home/airflow/.local/lib/python3.6/site-packages/airflow/example_dags/example_branch_datetime_operator.py                                  1           0  0.06s           2023-02-14T14:13:34
/home/airflow/.local/lib/python3.6/site-packages/airflow/example_dags/example_branch_day_of_week_operator.py                               1           0  0.06s           2023-02-14T14:13:34
/home/airflow/.local/lib/python3.6/site-packages/airflow/example_dags/example_branch_labels.py                                             1           0  0.06s           2023-02-14T14:13:35
/home/airflow/.local/lib/python3.6/site-packages/airflow/example_dags/example_branch_operator.py                                           1           0  0.06s           2023-02-14T14:13:35
/home/airflow/.local/lib/python3.6/site-packages/airflow/example_dags/example_branch_python_dop_operator_3.py                              1           0  0.06s           2023-02-14T14:13:35
/home/airflow/.local/lib/python3.6/site-packages/airflow/example_dags/example_complex.py                                                   1           0  0.08s           2023-02-14T14:13:40
/home/airflow/.local/lib/python3.6/site-packages/airflow/example_dags/example_dag_decorator.py                                             1           0  0.22s           2023-02-14T14:13:43
/home/airflow/.local/lib/python3.6/site-packages/airflow/example_dags/example_kubernetes_executor.py                                       1           0  0.06s           2023-02-14T14:13:43
/home/airflow/.local/lib/python3.6/site-packages/airflow/example_dags/example_kubernetes_executor_config.py                                1           0  0.06s           2023-02-14T14:13:45
/home/airflow/.local/lib/python3.6/site-packages/airflow/example_dags/example_latest_only.py                                               1           0  0.05s           2023-02-14T14:13:45
/home/airflow/.local/lib/python3.6/site-packages/airflow/example_dags/example_latest_only_with_trigger.py                                  1           0  0.06s           2023-02-14T14:13:47
/home/airflow/.local/lib/python3.6/site-packages/airflow/example_dags/example_nested_branch_dag.py                                         1           0  0.06s           2023-02-14T14:13:48
/home/airflow/.local/lib/python3.6/site-packages/airflow/example_dags/example_passing_params_via_test_command.py                           1           0  0.07s           2023-02-14T14:13:49
/home/airflow/.local/lib/python3.6/site-packages/airflow/example_dags/example_python_operator.py                   1085  0.02s             1           0  0.06s           2023-02-14T14:13:20
/home/airflow/.local/lib/python3.6/site-packages/airflow/example_dags/example_short_circuit_operator.py                                    1           0  0.06s           2023-02-14T14:13:21
/home/airflow/.local/lib/python3.6/site-packages/airflow/example_dags/example_skip_dag.py                                                  1           0  0.06s           2023-02-14T14:13:22
/home/airflow/.local/lib/python3.6/site-packages/airflow/example_dags/example_task_group.py                                                1           0  0.06s           2023-02-14T14:13:24
/home/airflow/.local/lib/python3.6/site-packages/airflow/example_dags/example_task_group_decorator.py                                      1           0  0.08s           2023-02-14T14:13:28
/home/airflow/.local/lib/python3.6/site-packages/airflow/example_dags/example_trigger_controller_dag.py                                    1           0  0.06s           2023-02-14T14:13:26
/home/airflow/.local/lib/python3.6/site-packages/airflow/example_dags/example_trigger_target_dag.py                                        1           0  0.07s           2023-02-14T14:13:28
/home/airflow/.local/lib/python3.6/site-packages/airflow/example_dags/example_xcom.py                                                      1           0  0.06s           2023-02-14T14:13:28
/home/airflow/.local/lib/python3.6/site-packages/airflow/example_dags/test_utils.py                                                        1           0  0.06s           2023-02-14T14:13:30
/home/airflow/.local/lib/python3.6/site-packages/airflow/example_dags/tutorial.py                                                          1           0  0.06s           2023-02-14T14:13:32
/home/airflow/.local/lib/python3.6/site-packages/airflow/example_dags/tutorial_etl_dag.py                                                  1           0  0.05s           2023-02-14T14:13:33
/home/airflow/.local/lib/python3.6/site-packages/airflow/example_dags/tutorial_taskflow_api_etl.py                                         1           0  0.21s           2023-02-14T14:13:37
/home/airflow/.local/lib/python3.6/site-packages/airflow/example_dags/tutorial_taskflow_api_etl_virtualenv.py                              1           0  0.21s           2023-02-14T14:13:37
/home/airflow/.local/lib/python3.6/site-packages/airflow/example_dags/example_external_task_marker_dag.py                                  2           0  0.20s           2023-02-14T14:13:44
/home/airflow/.local/lib/python3.6/site-packages/airflow/example_dags/example_xcomargs.py                                                  2           0  0.28s           2023-02-14T14:13:32
/home/airflow/.local/lib/python3.6/site-packages/airflow/example_dags/example_subdag_operator.py                                           3           0  0.07s           2023-02-14T14:13:24
================================================================================
[2023-02-14 14:13:58,847] {dag_processing.py:1129} INFO - Finding 'running' jobs without a recent heartbeat
[2023-02-14 14:13:58,847] {dag_processing.py:1133} INFO - Failing jobs without heartbeat after 2023-02-14 14:08:58.847640+00:00
[2023-02-14 14:14:09,525] {dag_processing.py:1129} INFO - Finding 'running' jobs without a recent heartbeat
[2023-02-14 14:14:09,526] {dag_processing.py:1133} INFO - Failing jobs without heartbeat after 2023-02-14 14:09:09.526014+00:00
[2023-02-14 14:14:19,855] {dag_processing.py:1129} INFO - Finding 'running' jobs without a recent heartbeat
[2023-02-14 14:14:19,855] {dag_processing.py:1133} INFO - Failing jobs without heartbeat after 2023-02-14 14:09:19.855546+00:00
[2023-02-14 14:14:20,910] {dag_processing.py:862} INFO - 
================================================================================
DAG File Processing Stats

File Path                                                                                                           PID  Runtime      # DAGs    # Errors  Last Runtime    Last Run
----------------------------------------------------------------------------------------------------------------  -----  ---------  --------  ----------  --------------  -------------------
/home/airflow/.local/lib/python3.6/site-packages/airflow/example_dags/subdags/subdag.py                                                    0           0  0.03s           2023-02-14T14:14:05
/home/airflow/.local/lib/python3.6/site-packages/airflow/example_dags/example_bash_operator.py                                             1           0  0.07s           2023-02-14T14:14:05
/home/airflow/.local/lib/python3.6/site-packages/airflow/example_dags/example_branch_datetime_operator.py                                  1           0  0.06s           2023-02-14T14:14:05
/home/airflow/.local/lib/python3.6/site-packages/airflow/example_dags/example_branch_day_of_week_operator.py                               1           0  0.06s           2023-02-14T14:14:05
/home/airflow/.local/lib/python3.6/site-packages/airflow/example_dags/example_branch_labels.py                                             1           0  0.06s           2023-02-14T14:14:05
/home/airflow/.local/lib/python3.6/site-packages/airflow/example_dags/example_branch_operator.py                                           1           0  0.06s           2023-02-14T14:14:05
/home/airflow/.local/lib/python3.6/site-packages/airflow/example_dags/example_branch_python_dop_operator_3.py                              1           0  0.06s           2023-02-14T14:14:05
/home/airflow/.local/lib/python3.6/site-packages/airflow/example_dags/example_complex.py                                                   1           0  0.07s           2023-02-14T14:14:10
/home/airflow/.local/lib/python3.6/site-packages/airflow/example_dags/example_dag_decorator.py                                             1           0  0.22s           2023-02-14T14:14:13
/home/airflow/.local/lib/python3.6/site-packages/airflow/example_dags/example_kubernetes_executor.py                                       1           0  0.08s           2023-02-14T14:14:13
/home/airflow/.local/lib/python3.6/site-packages/airflow/example_dags/example_kubernetes_executor_config.py                                1           0  0.06s           2023-02-14T14:14:15
/home/airflow/.local/lib/python3.6/site-packages/airflow/example_dags/example_latest_only.py                                               1           0  0.05s           2023-02-14T14:14:15
/home/airflow/.local/lib/python3.6/site-packages/airflow/example_dags/example_latest_only_with_trigger.py                                  1           0  0.07s           2023-02-14T14:14:17
/home/airflow/.local/lib/python3.6/site-packages/airflow/example_dags/example_nested_branch_dag.py                                         1           0  0.06s           2023-02-14T14:14:18
/home/airflow/.local/lib/python3.6/site-packages/airflow/example_dags/example_passing_params_via_test_command.py                           1           0  0.08s           2023-02-14T14:14:19
/home/airflow/.local/lib/python3.6/site-packages/airflow/example_dags/example_python_operator.py                   1136  0.00s             1           0  0.08s           2023-02-14T14:13:50
/home/airflow/.local/lib/python3.6/site-packages/airflow/example_dags/example_short_circuit_operator.py                                    1           0  0.06s           2023-02-14T14:13:51
/home/airflow/.local/lib/python3.6/site-packages/airflow/example_dags/example_skip_dag.py                                                  1           0  0.06s           2023-02-14T14:13:52
/home/airflow/.local/lib/python3.6/site-packages/airflow/example_dags/example_task_group.py                                                1           0  0.06s           2023-02-14T14:13:54
/home/airflow/.local/lib/python3.6/site-packages/airflow/example_dags/example_task_group_decorator.py                                      1           0  0.23s           2023-02-14T14:13:59
/home/airflow/.local/lib/python3.6/site-packages/airflow/example_dags/example_trigger_controller_dag.py                                    1           0  0.05s           2023-02-14T14:13:56
/home/airflow/.local/lib/python3.6/site-packages/airflow/example_dags/example_trigger_target_dag.py                                        1           0  0.06s           2023-02-14T14:13:58
/home/airflow/.local/lib/python3.6/site-packages/airflow/example_dags/example_xcom.py                                                      1           0  0.06s           2023-02-14T14:13:58
/home/airflow/.local/lib/python3.6/site-packages/airflow/example_dags/test_utils.py                                                        1           0  0.06s           2023-02-14T14:14:01
/home/airflow/.local/lib/python3.6/site-packages/airflow/example_dags/tutorial.py                                                          1           0  0.06s           2023-02-14T14:14:03
/home/airflow/.local/lib/python3.6/site-packages/airflow/example_dags/tutorial_etl_dag.py                                                  1           0  0.05s           2023-02-14T14:14:04
/home/airflow/.local/lib/python3.6/site-packages/airflow/example_dags/tutorial_taskflow_api_etl.py                                         1           0  0.24s           2023-02-14T14:14:07
/home/airflow/.local/lib/python3.6/site-packages/airflow/example_dags/tutorial_taskflow_api_etl_virtualenv.py                              1           0  0.24s           2023-02-14T14:14:07
/home/airflow/.local/lib/python3.6/site-packages/airflow/example_dags/example_external_task_marker_dag.py                                  2           0  0.21s           2023-02-14T14:14:14
/home/airflow/.local/lib/python3.6/site-packages/airflow/example_dags/example_xcomargs.py                                                  2           0  0.22s           2023-02-14T14:14:03
/home/airflow/.local/lib/python3.6/site-packages/airflow/example_dags/example_subdag_operator.py                                           3           0  0.08s           2023-02-14T14:13:54
================================================================================
[2023-02-14 14:14:30,224] {dag_processing.py:1129} INFO - Finding 'running' jobs without a recent heartbeat
[2023-02-14 14:14:30,224] {dag_processing.py:1133} INFO - Failing jobs without heartbeat after 2023-02-14 14:09:30.224649+00:00
[2023-02-14 14:14:40,754] {dag_processing.py:1129} INFO - Finding 'running' jobs without a recent heartbeat
[2023-02-14 14:14:40,754] {dag_processing.py:1133} INFO - Failing jobs without heartbeat after 2023-02-14 14:09:40.754505+00:00
[2023-02-14 14:14:51,040] {dag_processing.py:1129} INFO - Finding 'running' jobs without a recent heartbeat
[2023-02-14 14:14:51,040] {dag_processing.py:1133} INFO - Failing jobs without heartbeat after 2023-02-14 14:09:51.040789+00:00
[2023-02-14 14:14:51,054] {dag_processing.py:862} INFO - 
================================================================================
DAG File Processing Stats

File Path                                                                                                           PID  Runtime      # DAGs    # Errors  Last Runtime    Last Run
----------------------------------------------------------------------------------------------------------------  -----  ---------  --------  ----------  --------------  -------------------
/home/airflow/.local/lib/python3.6/site-packages/airflow/example_dags/subdags/subdag.py                                                    0           0  0.02s           2023-02-14T14:14:35
/home/airflow/.local/lib/python3.6/site-packages/airflow/example_dags/example_bash_operator.py                                             1           0  0.06s           2023-02-14T14:14:35
/home/airflow/.local/lib/python3.6/site-packages/airflow/example_dags/example_branch_datetime_operator.py                                  1           0  0.06s           2023-02-14T14:14:35
/home/airflow/.local/lib/python3.6/site-packages/airflow/example_dags/example_branch_day_of_week_operator.py                               1           0  0.06s           2023-02-14T14:14:35
/home/airflow/.local/lib/python3.6/site-packages/airflow/example_dags/example_branch_labels.py                                             1           0  0.06s           2023-02-14T14:14:35
/home/airflow/.local/lib/python3.6/site-packages/airflow/example_dags/example_branch_operator.py                                           1           0  0.06s           2023-02-14T14:14:35
/home/airflow/.local/lib/python3.6/site-packages/airflow/example_dags/example_branch_python_dop_operator_3.py                              1           0  0.06s           2023-02-14T14:14:35
/home/airflow/.local/lib/python3.6/site-packages/airflow/example_dags/example_complex.py                                                   1           0  0.07s           2023-02-14T14:14:40
/home/airflow/.local/lib/python3.6/site-packages/airflow/example_dags/example_dag_decorator.py                                             1           0  0.07s           2023-02-14T14:14:43
/home/airflow/.local/lib/python3.6/site-packages/airflow/example_dags/example_kubernetes_executor.py                                       1           0  0.07s           2023-02-14T14:14:43
/home/airflow/.local/lib/python3.6/site-packages/airflow/example_dags/example_kubernetes_executor_config.py                                1           0  0.06s           2023-02-14T14:14:45
/home/airflow/.local/lib/python3.6/site-packages/airflow/example_dags/example_latest_only.py                                               1           0  0.06s           2023-02-14T14:14:45
/home/airflow/.local/lib/python3.6/site-packages/airflow/example_dags/example_latest_only_with_trigger.py                                  1           0  0.12s           2023-02-14T14:14:48
/home/airflow/.local/lib/python3.6/site-packages/airflow/example_dags/example_nested_branch_dag.py                                         1           0  0.07s           2023-02-14T14:14:49
/home/airflow/.local/lib/python3.6/site-packages/airflow/example_dags/example_passing_params_via_test_command.py                           1           0  0.07s           2023-02-14T14:14:50
/home/airflow/.local/lib/python3.6/site-packages/airflow/example_dags/example_python_operator.py                   1197  0.00s             1           0  0.06s           2023-02-14T14:14:20
/home/airflow/.local/lib/python3.6/site-packages/airflow/example_dags/example_short_circuit_operator.py                                    1           0  0.06s           2023-02-14T14:14:22
/home/airflow/.local/lib/python3.6/site-packages/airflow/example_dags/example_skip_dag.py                                                  1           0  0.06s           2023-02-14T14:14:23
/home/airflow/.local/lib/python3.6/site-packages/airflow/example_dags/example_task_group.py                                                1           0  0.06s           2023-02-14T14:14:25
/home/airflow/.local/lib/python3.6/site-packages/airflow/example_dags/example_task_group_decorator.py                                      1           0  0.22s           2023-02-14T14:14:29
/home/airflow/.local/lib/python3.6/site-packages/airflow/example_dags/example_trigger_controller_dag.py                                    1           0  0.05s           2023-02-14T14:14:27
/home/airflow/.local/lib/python3.6/site-packages/airflow/example_dags/example_trigger_target_dag.py                                        1           0  0.06s           2023-02-14T14:14:29
/home/airflow/.local/lib/python3.6/site-packages/airflow/example_dags/example_xcom.py                                                      1           0  0.06s           2023-02-14T14:14:29
/home/airflow/.local/lib/python3.6/site-packages/airflow/example_dags/test_utils.py                                                        1           0  0.06s           2023-02-14T14:14:31
/home/airflow/.local/lib/python3.6/site-packages/airflow/example_dags/tutorial.py                                                          1           0  0.06s           2023-02-14T14:14:33
/home/airflow/.local/lib/python3.6/site-packages/airflow/example_dags/tutorial_etl_dag.py                                                  1           0  0.06s           2023-02-14T14:14:34
/home/airflow/.local/lib/python3.6/site-packages/airflow/example_dags/tutorial_taskflow_api_etl.py                                         1           0  0.22s           2023-02-14T14:14:37
/home/airflow/.local/lib/python3.6/site-packages/airflow/example_dags/tutorial_taskflow_api_etl_virtualenv.py                              1           0  0.22s           2023-02-14T14:14:37
/home/airflow/.local/lib/python3.6/site-packages/airflow/example_dags/example_external_task_marker_dag.py                                  2           0  0.07s           2023-02-14T14:14:44
/home/airflow/.local/lib/python3.6/site-packages/airflow/example_dags/example_xcomargs.py                                                  2           0  0.22s           2023-02-14T14:14:33
/home/airflow/.local/lib/python3.6/site-packages/airflow/example_dags/example_subdag_operator.py                                           3           0  0.08s           2023-02-14T14:14:25
================================================================================
[2023-02-14 14:15:01,310] {dag_processing.py:1129} INFO - Finding 'running' jobs without a recent heartbeat
[2023-02-14 14:15:01,310] {dag_processing.py:1133} INFO - Failing jobs without heartbeat after 2023-02-14 14:10:01.310674+00:00
[2023-02-14 14:15:11,762] {dag_processing.py:1129} INFO - Finding 'running' jobs without a recent heartbeat
[2023-02-14 14:15:11,762] {dag_processing.py:1133} INFO - Failing jobs without heartbeat after 2023-02-14 14:10:11.762492+00:00
