[2023-02-15 14:16:36,506] {taskinstance.py:896} INFO - Dependencies all met for <TaskInstance: trigger_airbyte_dbt_job.airbyte_economy 2023-02-15T14:16:35.259455+00:00 [queued]>
[2023-02-15 14:16:36,520] {taskinstance.py:896} INFO - Dependencies all met for <TaskInstance: trigger_airbyte_dbt_job.airbyte_economy 2023-02-15T14:16:35.259455+00:00 [queued]>
[2023-02-15 14:16:36,520] {taskinstance.py:1087} INFO - 
--------------------------------------------------------------------------------
[2023-02-15 14:16:36,521] {taskinstance.py:1088} INFO - Starting attempt 1 of 1
[2023-02-15 14:16:36,521] {taskinstance.py:1089} INFO - 
--------------------------------------------------------------------------------
[2023-02-15 14:16:36,527] {taskinstance.py:1107} INFO - Executing <Task(AirbyteTriggerSyncOperator): airbyte_economy> on 2023-02-15T14:16:35.259455+00:00
[2023-02-15 14:16:36,532] {standard_task_runner.py:52} INFO - Started process 3120 to run task
[2023-02-15 14:16:36,535] {standard_task_runner.py:76} INFO - Running: ['***', 'tasks', 'run', 'trigger_airbyte_dbt_job', 'airbyte_economy', '2023-02-15T14:16:35.259455+00:00', '--job-id', '18', '--pool', 'default_pool', '--raw', '--subdir', 'DAGS_FOLDER/dag_airbyte_dbt.py', '--cfg-path', '/tmp/tmpod9bjhk1', '--error-file', '/tmp/tmpvogkczki']
[2023-02-15 14:16:36,535] {standard_task_runner.py:77} INFO - Job 18: Subtask airbyte_economy
[2023-02-15 14:16:36,566] {logging_mixin.py:104} INFO - Running <TaskInstance: trigger_airbyte_dbt_job.airbyte_economy 2023-02-15T14:16:35.259455+00:00 [running]> on host 94d7678361e3
[2023-02-15 14:16:36,606] {taskinstance.py:1302} INFO - Exporting the following env vars:
AIRFLOW_CTX_DAG_OWNER=***
AIRFLOW_CTX_DAG_ID=trigger_airbyte_dbt_job
AIRFLOW_CTX_TASK_ID=airbyte_economy
AIRFLOW_CTX_EXECUTION_DATE=2023-02-15T14:16:35.259455+00:00
AIRFLOW_CTX_DAG_RUN_ID=manual__2023-02-15T14:16:35.259455+00:00
[2023-02-15 14:16:36,613] {base.py:78} INFO - Using connection to: id: airbyte_example. Host: airbyte-proxy, Port: 8000, Schema: , Login: , Password: None, extra: {}
[2023-02-15 14:16:36,615] {http.py:140} INFO - Sending 'POST' to url: http://airbyte-proxy:8000/api/v1/connections/sync
[2023-02-15 14:16:45,109] {airbyte.py:74} INFO - Job 9 was submitted to Airbyte Server
[2023-02-15 14:16:45,111] {airbyte.py:76} INFO - Waiting for job 9 to complete
[2023-02-15 14:16:48,118] {base.py:78} INFO - Using connection to: id: airbyte_example. Host: airbyte-proxy, Port: 8000, Schema: , Login: , Password: None, extra: {}
[2023-02-15 14:16:48,119] {http.py:140} INFO - Sending 'POST' to url: http://airbyte-proxy:8000/api/v1/jobs/get
[2023-02-15 14:16:51,144] {base.py:78} INFO - Using connection to: id: airbyte_example. Host: airbyte-proxy, Port: 8000, Schema: , Login: , Password: None, extra: {}
[2023-02-15 14:16:51,145] {http.py:140} INFO - Sending 'POST' to url: http://airbyte-proxy:8000/api/v1/jobs/get
[2023-02-15 14:16:54,219] {base.py:78} INFO - Using connection to: id: airbyte_example. Host: airbyte-proxy, Port: 8000, Schema: , Login: , Password: None, extra: {}
[2023-02-15 14:16:54,220] {http.py:140} INFO - Sending 'POST' to url: http://airbyte-proxy:8000/api/v1/jobs/get
[2023-02-15 14:16:57,241] {base.py:78} INFO - Using connection to: id: airbyte_example. Host: airbyte-proxy, Port: 8000, Schema: , Login: , Password: None, extra: {}
[2023-02-15 14:16:57,242] {http.py:140} INFO - Sending 'POST' to url: http://airbyte-proxy:8000/api/v1/jobs/get
[2023-02-15 14:17:00,263] {base.py:78} INFO - Using connection to: id: airbyte_example. Host: airbyte-proxy, Port: 8000, Schema: , Login: , Password: None, extra: {}
[2023-02-15 14:17:00,264] {http.py:140} INFO - Sending 'POST' to url: http://airbyte-proxy:8000/api/v1/jobs/get
[2023-02-15 14:17:03,286] {base.py:78} INFO - Using connection to: id: airbyte_example. Host: airbyte-proxy, Port: 8000, Schema: , Login: , Password: None, extra: {}
[2023-02-15 14:17:03,287] {http.py:140} INFO - Sending 'POST' to url: http://airbyte-proxy:8000/api/v1/jobs/get
[2023-02-15 14:17:06,313] {base.py:78} INFO - Using connection to: id: airbyte_example. Host: airbyte-proxy, Port: 8000, Schema: , Login: , Password: None, extra: {}
[2023-02-15 14:17:06,314] {http.py:140} INFO - Sending 'POST' to url: http://airbyte-proxy:8000/api/v1/jobs/get
[2023-02-15 14:17:09,334] {base.py:78} INFO - Using connection to: id: airbyte_example. Host: airbyte-proxy, Port: 8000, Schema: , Login: , Password: None, extra: {}
[2023-02-15 14:17:09,335] {http.py:140} INFO - Sending 'POST' to url: http://airbyte-proxy:8000/api/v1/jobs/get
[2023-02-15 14:17:12,358] {base.py:78} INFO - Using connection to: id: airbyte_example. Host: airbyte-proxy, Port: 8000, Schema: , Login: , Password: None, extra: {}
[2023-02-15 14:17:12,359] {http.py:140} INFO - Sending 'POST' to url: http://airbyte-proxy:8000/api/v1/jobs/get
[2023-02-15 14:17:15,378] {base.py:78} INFO - Using connection to: id: airbyte_example. Host: airbyte-proxy, Port: 8000, Schema: , Login: , Password: None, extra: {}
[2023-02-15 14:17:15,379] {http.py:140} INFO - Sending 'POST' to url: http://airbyte-proxy:8000/api/v1/jobs/get
[2023-02-15 14:17:18,398] {base.py:78} INFO - Using connection to: id: airbyte_example. Host: airbyte-proxy, Port: 8000, Schema: , Login: , Password: None, extra: {}
[2023-02-15 14:17:18,399] {http.py:140} INFO - Sending 'POST' to url: http://airbyte-proxy:8000/api/v1/jobs/get
[2023-02-15 14:17:21,424] {base.py:78} INFO - Using connection to: id: airbyte_example. Host: airbyte-proxy, Port: 8000, Schema: , Login: , Password: None, extra: {}
[2023-02-15 14:17:21,425] {http.py:140} INFO - Sending 'POST' to url: http://airbyte-proxy:8000/api/v1/jobs/get
[2023-02-15 14:17:24,447] {base.py:78} INFO - Using connection to: id: airbyte_example. Host: airbyte-proxy, Port: 8000, Schema: , Login: , Password: None, extra: {}
[2023-02-15 14:17:24,448] {http.py:140} INFO - Sending 'POST' to url: http://airbyte-proxy:8000/api/v1/jobs/get
[2023-02-15 14:17:24,513] {airbyte.py:78} INFO - Job 9 completed successfully
[2023-02-15 14:17:24,535] {taskinstance.py:1211} INFO - Marking task as SUCCESS. dag_id=trigger_airbyte_dbt_job, task_id=airbyte_economy, execution_date=20230215T141635, start_date=20230215T141636, end_date=20230215T141724
[2023-02-15 14:17:24,633] {taskinstance.py:1265} INFO - 1 downstream tasks scheduled from follow-on schedule check
[2023-02-15 14:17:24,746] {local_task_job.py:151} INFO - Task exited with return code 0
