[2023-01-31T12:15:20.570+0000] {processor.py:153} INFO - Started process (PID=105) to work on /home/airflow/.local/lib/python3.7/site-packages/airflow/example_dags/example_branch_python_dop_operator_3.py
[2023-01-31T12:15:20.571+0000] {processor.py:743} INFO - Processing file /home/airflow/.local/lib/python3.7/site-packages/airflow/example_dags/example_branch_python_dop_operator_3.py for tasks to queue
[2023-01-31T12:15:20.572+0000] {logging_mixin.py:137} INFO - [2023-01-31T12:15:20.571+0000] {dagbag.py:538} INFO - Filling up the DagBag from /home/airflow/.local/lib/python3.7/site-packages/airflow/example_dags/example_branch_python_dop_operator_3.py
[2023-01-31T12:15:20.616+0000] {processor.py:753} INFO - DAG(s) dict_keys(['example_branch_dop_operator_v3']) retrieved from /home/airflow/.local/lib/python3.7/site-packages/airflow/example_dags/example_branch_python_dop_operator_3.py
[2023-01-31T12:15:20.669+0000] {logging_mixin.py:137} INFO - [2023-01-31T12:15:20.669+0000] {dag.py:2690} INFO - Sync 1 DAGs
[2023-01-31T12:15:20.735+0000] {logging_mixin.py:137} INFO - [2023-01-31T12:15:20.735+0000] {dag.py:3441} INFO - Setting next_dagrun for example_branch_dop_operator_v3 to 2023-01-31T12:14:00+00:00, run_after=2023-01-31T12:15:00+00:00
[2023-01-31T12:15:20.816+0000] {processor.py:175} INFO - Processing /home/airflow/.local/lib/python3.7/site-packages/airflow/example_dags/example_branch_python_dop_operator_3.py took 0.251 seconds
[2023-01-31T12:15:52.165+0000] {processor.py:153} INFO - Started process (PID=172) to work on /home/airflow/.local/lib/python3.7/site-packages/airflow/example_dags/example_branch_python_dop_operator_3.py
[2023-01-31T12:15:52.408+0000] {processor.py:743} INFO - Processing file /home/airflow/.local/lib/python3.7/site-packages/airflow/example_dags/example_branch_python_dop_operator_3.py for tasks to queue
[2023-01-31T12:15:52.410+0000] {logging_mixin.py:137} INFO - [2023-01-31T12:15:52.409+0000] {dagbag.py:538} INFO - Filling up the DagBag from /home/airflow/.local/lib/python3.7/site-packages/airflow/example_dags/example_branch_python_dop_operator_3.py
[2023-01-31T12:15:52.461+0000] {processor.py:753} INFO - DAG(s) dict_keys(['example_branch_dop_operator_v3']) retrieved from /home/airflow/.local/lib/python3.7/site-packages/airflow/example_dags/example_branch_python_dop_operator_3.py
[2023-01-31T12:15:52.503+0000] {logging_mixin.py:137} INFO - [2023-01-31T12:15:52.503+0000] {dag.py:2690} INFO - Sync 1 DAGs
[2023-01-31T12:15:52.554+0000] {logging_mixin.py:137} INFO - [2023-01-31T12:15:52.553+0000] {dag.py:3441} INFO - Setting next_dagrun for example_branch_dop_operator_v3 to 2023-01-31T12:14:00+00:00, run_after=2023-01-31T12:15:00+00:00
[2023-01-31T12:15:52.810+0000] {processor.py:175} INFO - Processing /home/airflow/.local/lib/python3.7/site-packages/airflow/example_dags/example_branch_python_dop_operator_3.py took 0.649 seconds
[2023-01-31T12:16:23.280+0000] {processor.py:153} INFO - Started process (PID=225) to work on /home/airflow/.local/lib/python3.7/site-packages/airflow/example_dags/example_branch_python_dop_operator_3.py
[2023-01-31T12:16:23.281+0000] {processor.py:743} INFO - Processing file /home/airflow/.local/lib/python3.7/site-packages/airflow/example_dags/example_branch_python_dop_operator_3.py for tasks to queue
[2023-01-31T12:16:23.282+0000] {logging_mixin.py:137} INFO - [2023-01-31T12:16:23.281+0000] {dagbag.py:538} INFO - Filling up the DagBag from /home/airflow/.local/lib/python3.7/site-packages/airflow/example_dags/example_branch_python_dop_operator_3.py
[2023-01-31T12:16:23.318+0000] {processor.py:753} INFO - DAG(s) dict_keys(['example_branch_dop_operator_v3']) retrieved from /home/airflow/.local/lib/python3.7/site-packages/airflow/example_dags/example_branch_python_dop_operator_3.py
[2023-01-31T12:16:23.357+0000] {logging_mixin.py:137} INFO - [2023-01-31T12:16:23.356+0000] {dag.py:2690} INFO - Sync 1 DAGs
[2023-01-31T12:16:23.423+0000] {logging_mixin.py:137} INFO - [2023-01-31T12:16:23.423+0000] {dag.py:3441} INFO - Setting next_dagrun for example_branch_dop_operator_v3 to 2023-01-31T12:15:00+00:00, run_after=2023-01-31T12:16:00+00:00
[2023-01-31T12:16:23.456+0000] {processor.py:175} INFO - Processing /home/airflow/.local/lib/python3.7/site-packages/airflow/example_dags/example_branch_python_dop_operator_3.py took 0.181 seconds
[2023-01-31T12:16:54.714+0000] {processor.py:153} INFO - Started process (PID=285) to work on /home/airflow/.local/lib/python3.7/site-packages/airflow/example_dags/example_branch_python_dop_operator_3.py
[2023-01-31T12:16:54.715+0000] {processor.py:743} INFO - Processing file /home/airflow/.local/lib/python3.7/site-packages/airflow/example_dags/example_branch_python_dop_operator_3.py for tasks to queue
[2023-01-31T12:16:54.716+0000] {logging_mixin.py:137} INFO - [2023-01-31T12:16:54.716+0000] {dagbag.py:538} INFO - Filling up the DagBag from /home/airflow/.local/lib/python3.7/site-packages/airflow/example_dags/example_branch_python_dop_operator_3.py
[2023-01-31T12:16:54.758+0000] {processor.py:753} INFO - DAG(s) dict_keys(['example_branch_dop_operator_v3']) retrieved from /home/airflow/.local/lib/python3.7/site-packages/airflow/example_dags/example_branch_python_dop_operator_3.py
[2023-01-31T12:16:54.792+0000] {logging_mixin.py:137} INFO - [2023-01-31T12:16:54.792+0000] {dag.py:2690} INFO - Sync 1 DAGs
[2023-01-31T12:16:54.842+0000] {logging_mixin.py:137} INFO - [2023-01-31T12:16:54.842+0000] {dag.py:3441} INFO - Setting next_dagrun for example_branch_dop_operator_v3 to 2023-01-31T12:15:00+00:00, run_after=2023-01-31T12:16:00+00:00
[2023-01-31T12:16:54.886+0000] {processor.py:175} INFO - Processing /home/airflow/.local/lib/python3.7/site-packages/airflow/example_dags/example_branch_python_dop_operator_3.py took 0.176 seconds
[2023-01-31T12:17:25.405+0000] {processor.py:153} INFO - Started process (PID=345) to work on /home/airflow/.local/lib/python3.7/site-packages/airflow/example_dags/example_branch_python_dop_operator_3.py
[2023-01-31T12:17:25.406+0000] {processor.py:743} INFO - Processing file /home/airflow/.local/lib/python3.7/site-packages/airflow/example_dags/example_branch_python_dop_operator_3.py for tasks to queue
[2023-01-31T12:17:25.407+0000] {logging_mixin.py:137} INFO - [2023-01-31T12:17:25.406+0000] {dagbag.py:538} INFO - Filling up the DagBag from /home/airflow/.local/lib/python3.7/site-packages/airflow/example_dags/example_branch_python_dop_operator_3.py
[2023-01-31T12:17:25.448+0000] {processor.py:753} INFO - DAG(s) dict_keys(['example_branch_dop_operator_v3']) retrieved from /home/airflow/.local/lib/python3.7/site-packages/airflow/example_dags/example_branch_python_dop_operator_3.py
[2023-01-31T12:17:25.486+0000] {logging_mixin.py:137} INFO - [2023-01-31T12:17:25.486+0000] {dag.py:2690} INFO - Sync 1 DAGs
[2023-01-31T12:17:25.538+0000] {logging_mixin.py:137} INFO - [2023-01-31T12:17:25.538+0000] {dag.py:3441} INFO - Setting next_dagrun for example_branch_dop_operator_v3 to 2023-01-31T12:16:00+00:00, run_after=2023-01-31T12:17:00+00:00
[2023-01-31T12:17:25.579+0000] {processor.py:175} INFO - Processing /home/airflow/.local/lib/python3.7/site-packages/airflow/example_dags/example_branch_python_dop_operator_3.py took 0.179 seconds
[2023-01-31T12:17:56.942+0000] {processor.py:153} INFO - Started process (PID=405) to work on /home/airflow/.local/lib/python3.7/site-packages/airflow/example_dags/example_branch_python_dop_operator_3.py
[2023-01-31T12:17:56.974+0000] {processor.py:743} INFO - Processing file /home/airflow/.local/lib/python3.7/site-packages/airflow/example_dags/example_branch_python_dop_operator_3.py for tasks to queue
[2023-01-31T12:17:56.976+0000] {logging_mixin.py:137} INFO - [2023-01-31T12:17:56.975+0000] {dagbag.py:538} INFO - Filling up the DagBag from /home/airflow/.local/lib/python3.7/site-packages/airflow/example_dags/example_branch_python_dop_operator_3.py
[2023-01-31T12:17:57.023+0000] {processor.py:753} INFO - DAG(s) dict_keys(['example_branch_dop_operator_v3']) retrieved from /home/airflow/.local/lib/python3.7/site-packages/airflow/example_dags/example_branch_python_dop_operator_3.py
[2023-01-31T12:17:57.072+0000] {logging_mixin.py:137} INFO - [2023-01-31T12:17:57.072+0000] {dag.py:2690} INFO - Sync 1 DAGs
[2023-01-31T12:17:57.129+0000] {logging_mixin.py:137} INFO - [2023-01-31T12:17:57.129+0000] {dag.py:3441} INFO - Setting next_dagrun for example_branch_dop_operator_v3 to 2023-01-31T12:16:00+00:00, run_after=2023-01-31T12:17:00+00:00
[2023-01-31T12:17:57.193+0000] {processor.py:175} INFO - Processing /home/airflow/.local/lib/python3.7/site-packages/airflow/example_dags/example_branch_python_dop_operator_3.py took 0.258 seconds
[2023-01-31T12:18:28.152+0000] {processor.py:153} INFO - Started process (PID=467) to work on /home/airflow/.local/lib/python3.7/site-packages/airflow/example_dags/example_branch_python_dop_operator_3.py
[2023-01-31T12:18:28.154+0000] {processor.py:743} INFO - Processing file /home/airflow/.local/lib/python3.7/site-packages/airflow/example_dags/example_branch_python_dop_operator_3.py for tasks to queue
[2023-01-31T12:18:28.155+0000] {logging_mixin.py:137} INFO - [2023-01-31T12:18:28.154+0000] {dagbag.py:538} INFO - Filling up the DagBag from /home/airflow/.local/lib/python3.7/site-packages/airflow/example_dags/example_branch_python_dop_operator_3.py
[2023-01-31T12:18:28.195+0000] {processor.py:753} INFO - DAG(s) dict_keys(['example_branch_dop_operator_v3']) retrieved from /home/airflow/.local/lib/python3.7/site-packages/airflow/example_dags/example_branch_python_dop_operator_3.py
[2023-01-31T12:18:28.227+0000] {logging_mixin.py:137} INFO - [2023-01-31T12:18:28.227+0000] {dag.py:2690} INFO - Sync 1 DAGs
[2023-01-31T12:18:28.278+0000] {logging_mixin.py:137} INFO - [2023-01-31T12:18:28.278+0000] {dag.py:3441} INFO - Setting next_dagrun for example_branch_dop_operator_v3 to 2023-01-31T12:17:00+00:00, run_after=2023-01-31T12:18:00+00:00
[2023-01-31T12:18:28.316+0000] {processor.py:175} INFO - Processing /home/airflow/.local/lib/python3.7/site-packages/airflow/example_dags/example_branch_python_dop_operator_3.py took 0.169 seconds
[2023-01-31T12:18:58.370+0000] {processor.py:153} INFO - Started process (PID=527) to work on /home/airflow/.local/lib/python3.7/site-packages/airflow/example_dags/example_branch_python_dop_operator_3.py
[2023-01-31T12:18:58.381+0000] {processor.py:743} INFO - Processing file /home/airflow/.local/lib/python3.7/site-packages/airflow/example_dags/example_branch_python_dop_operator_3.py for tasks to queue
[2023-01-31T12:18:58.382+0000] {logging_mixin.py:137} INFO - [2023-01-31T12:18:58.382+0000] {dagbag.py:538} INFO - Filling up the DagBag from /home/airflow/.local/lib/python3.7/site-packages/airflow/example_dags/example_branch_python_dop_operator_3.py
[2023-01-31T12:18:58.423+0000] {processor.py:753} INFO - DAG(s) dict_keys(['example_branch_dop_operator_v3']) retrieved from /home/airflow/.local/lib/python3.7/site-packages/airflow/example_dags/example_branch_python_dop_operator_3.py
[2023-01-31T12:18:58.463+0000] {logging_mixin.py:137} INFO - [2023-01-31T12:18:58.463+0000] {dag.py:2690} INFO - Sync 1 DAGs
[2023-01-31T12:18:58.516+0000] {logging_mixin.py:137} INFO - [2023-01-31T12:18:58.515+0000] {dag.py:3441} INFO - Setting next_dagrun for example_branch_dop_operator_v3 to 2023-01-31T12:17:00+00:00, run_after=2023-01-31T12:18:00+00:00
[2023-01-31T12:18:58.561+0000] {processor.py:175} INFO - Processing /home/airflow/.local/lib/python3.7/site-packages/airflow/example_dags/example_branch_python_dop_operator_3.py took 0.196 seconds
