[2023-01-31T12:15:19.919+0000] {processor.py:153} INFO - Started process (PID=101) to work on /home/airflow/.local/lib/python3.7/site-packages/airflow/example_dags/example_complex.py
[2023-01-31T12:15:19.920+0000] {processor.py:743} INFO - Processing file /home/airflow/.local/lib/python3.7/site-packages/airflow/example_dags/example_complex.py for tasks to queue
[2023-01-31T12:15:19.921+0000] {logging_mixin.py:137} INFO - [2023-01-31T12:15:19.921+0000] {dagbag.py:538} INFO - Filling up the DagBag from /home/airflow/.local/lib/python3.7/site-packages/airflow/example_dags/example_complex.py
[2023-01-31T12:15:19.944+0000] {logging_mixin.py:137} INFO - [2023-01-31T12:15:19.944+0000] {taskmixin.py:205} WARNING - Dependency <Task(BashOperator): create_entry_group>, delete_entry_group already registered for DAG: example_complex
[2023-01-31T12:15:19.944+0000] {logging_mixin.py:137} INFO - [2023-01-31T12:15:19.944+0000] {taskmixin.py:205} WARNING - Dependency <Task(BashOperator): delete_entry_group>, create_entry_group already registered for DAG: example_complex
[2023-01-31T12:15:19.945+0000] {logging_mixin.py:137} INFO - [2023-01-31T12:15:19.944+0000] {taskmixin.py:205} WARNING - Dependency <Task(BashOperator): create_entry_gcs>, delete_entry already registered for DAG: example_complex
[2023-01-31T12:15:19.945+0000] {logging_mixin.py:137} INFO - [2023-01-31T12:15:19.945+0000] {taskmixin.py:205} WARNING - Dependency <Task(BashOperator): delete_entry>, create_entry_gcs already registered for DAG: example_complex
[2023-01-31T12:15:19.945+0000] {logging_mixin.py:137} INFO - [2023-01-31T12:15:19.945+0000] {taskmixin.py:205} WARNING - Dependency <Task(BashOperator): create_tag>, delete_tag already registered for DAG: example_complex
[2023-01-31T12:15:19.946+0000] {logging_mixin.py:137} INFO - [2023-01-31T12:15:19.946+0000] {taskmixin.py:205} WARNING - Dependency <Task(BashOperator): delete_tag>, create_tag already registered for DAG: example_complex
[2023-01-31T12:15:19.957+0000] {processor.py:753} INFO - DAG(s) dict_keys(['example_complex']) retrieved from /home/airflow/.local/lib/python3.7/site-packages/airflow/example_dags/example_complex.py
[2023-01-31T12:15:20.021+0000] {logging_mixin.py:137} INFO - [2023-01-31T12:15:20.021+0000] {dag.py:2690} INFO - Sync 1 DAGs
[2023-01-31T12:15:20.066+0000] {logging_mixin.py:137} INFO - [2023-01-31T12:15:20.065+0000] {dag.py:3441} INFO - Setting next_dagrun for example_complex to None, run_after=None
[2023-01-31T12:15:20.132+0000] {processor.py:175} INFO - Processing /home/airflow/.local/lib/python3.7/site-packages/airflow/example_dags/example_complex.py took 0.218 seconds
[2023-01-31T12:15:50.760+0000] {processor.py:153} INFO - Started process (PID=161) to work on /home/airflow/.local/lib/python3.7/site-packages/airflow/example_dags/example_complex.py
[2023-01-31T12:15:50.792+0000] {processor.py:743} INFO - Processing file /home/airflow/.local/lib/python3.7/site-packages/airflow/example_dags/example_complex.py for tasks to queue
[2023-01-31T12:15:50.793+0000] {logging_mixin.py:137} INFO - [2023-01-31T12:15:50.793+0000] {dagbag.py:538} INFO - Filling up the DagBag from /home/airflow/.local/lib/python3.7/site-packages/airflow/example_dags/example_complex.py
[2023-01-31T12:15:50.813+0000] {logging_mixin.py:137} INFO - [2023-01-31T12:15:50.813+0000] {taskmixin.py:205} WARNING - Dependency <Task(BashOperator): create_entry_group>, delete_entry_group already registered for DAG: example_complex
[2023-01-31T12:15:50.814+0000] {logging_mixin.py:137} INFO - [2023-01-31T12:15:50.814+0000] {taskmixin.py:205} WARNING - Dependency <Task(BashOperator): delete_entry_group>, create_entry_group already registered for DAG: example_complex
[2023-01-31T12:15:50.814+0000] {logging_mixin.py:137} INFO - [2023-01-31T12:15:50.814+0000] {taskmixin.py:205} WARNING - Dependency <Task(BashOperator): create_entry_gcs>, delete_entry already registered for DAG: example_complex
[2023-01-31T12:15:50.814+0000] {logging_mixin.py:137} INFO - [2023-01-31T12:15:50.814+0000] {taskmixin.py:205} WARNING - Dependency <Task(BashOperator): delete_entry>, create_entry_gcs already registered for DAG: example_complex
[2023-01-31T12:15:50.816+0000] {logging_mixin.py:137} INFO - [2023-01-31T12:15:50.815+0000] {taskmixin.py:205} WARNING - Dependency <Task(BashOperator): create_tag>, delete_tag already registered for DAG: example_complex
[2023-01-31T12:15:50.816+0000] {logging_mixin.py:137} INFO - [2023-01-31T12:15:50.816+0000] {taskmixin.py:205} WARNING - Dependency <Task(BashOperator): delete_tag>, create_tag already registered for DAG: example_complex
[2023-01-31T12:15:50.830+0000] {processor.py:753} INFO - DAG(s) dict_keys(['example_complex']) retrieved from /home/airflow/.local/lib/python3.7/site-packages/airflow/example_dags/example_complex.py
[2023-01-31T12:15:50.893+0000] {logging_mixin.py:137} INFO - [2023-01-31T12:15:50.893+0000] {dag.py:2690} INFO - Sync 1 DAGs
[2023-01-31T12:15:50.945+0000] {logging_mixin.py:137} INFO - [2023-01-31T12:15:50.945+0000] {dag.py:3441} INFO - Setting next_dagrun for example_complex to None, run_after=None
[2023-01-31T12:15:51.228+0000] {processor.py:175} INFO - Processing /home/airflow/.local/lib/python3.7/site-packages/airflow/example_dags/example_complex.py took 0.474 seconds
[2023-01-31T12:16:22.903+0000] {processor.py:153} INFO - Started process (PID=221) to work on /home/airflow/.local/lib/python3.7/site-packages/airflow/example_dags/example_complex.py
[2023-01-31T12:16:22.904+0000] {processor.py:743} INFO - Processing file /home/airflow/.local/lib/python3.7/site-packages/airflow/example_dags/example_complex.py for tasks to queue
[2023-01-31T12:16:22.905+0000] {logging_mixin.py:137} INFO - [2023-01-31T12:16:22.905+0000] {dagbag.py:538} INFO - Filling up the DagBag from /home/airflow/.local/lib/python3.7/site-packages/airflow/example_dags/example_complex.py
[2023-01-31T12:16:22.925+0000] {logging_mixin.py:137} INFO - [2023-01-31T12:16:22.924+0000] {taskmixin.py:205} WARNING - Dependency <Task(BashOperator): create_entry_group>, delete_entry_group already registered for DAG: example_complex
[2023-01-31T12:16:22.925+0000] {logging_mixin.py:137} INFO - [2023-01-31T12:16:22.925+0000] {taskmixin.py:205} WARNING - Dependency <Task(BashOperator): delete_entry_group>, create_entry_group already registered for DAG: example_complex
[2023-01-31T12:16:22.925+0000] {logging_mixin.py:137} INFO - [2023-01-31T12:16:22.925+0000] {taskmixin.py:205} WARNING - Dependency <Task(BashOperator): create_entry_gcs>, delete_entry already registered for DAG: example_complex
[2023-01-31T12:16:22.925+0000] {logging_mixin.py:137} INFO - [2023-01-31T12:16:22.925+0000] {taskmixin.py:205} WARNING - Dependency <Task(BashOperator): delete_entry>, create_entry_gcs already registered for DAG: example_complex
[2023-01-31T12:16:22.926+0000] {logging_mixin.py:137} INFO - [2023-01-31T12:16:22.926+0000] {taskmixin.py:205} WARNING - Dependency <Task(BashOperator): create_tag>, delete_tag already registered for DAG: example_complex
[2023-01-31T12:16:22.926+0000] {logging_mixin.py:137} INFO - [2023-01-31T12:16:22.926+0000] {taskmixin.py:205} WARNING - Dependency <Task(BashOperator): delete_tag>, create_tag already registered for DAG: example_complex
[2023-01-31T12:16:22.938+0000] {processor.py:753} INFO - DAG(s) dict_keys(['example_complex']) retrieved from /home/airflow/.local/lib/python3.7/site-packages/airflow/example_dags/example_complex.py
[2023-01-31T12:16:22.987+0000] {logging_mixin.py:137} INFO - [2023-01-31T12:16:22.987+0000] {dag.py:2690} INFO - Sync 1 DAGs
[2023-01-31T12:16:23.038+0000] {logging_mixin.py:137} INFO - [2023-01-31T12:16:23.038+0000] {dag.py:3441} INFO - Setting next_dagrun for example_complex to None, run_after=None
[2023-01-31T12:16:23.074+0000] {processor.py:175} INFO - Processing /home/airflow/.local/lib/python3.7/site-packages/airflow/example_dags/example_complex.py took 0.176 seconds
[2023-01-31T12:16:54.101+0000] {processor.py:153} INFO - Started process (PID=281) to work on /home/airflow/.local/lib/python3.7/site-packages/airflow/example_dags/example_complex.py
[2023-01-31T12:16:54.182+0000] {processor.py:743} INFO - Processing file /home/airflow/.local/lib/python3.7/site-packages/airflow/example_dags/example_complex.py for tasks to queue
[2023-01-31T12:16:54.183+0000] {logging_mixin.py:137} INFO - [2023-01-31T12:16:54.183+0000] {dagbag.py:538} INFO - Filling up the DagBag from /home/airflow/.local/lib/python3.7/site-packages/airflow/example_dags/example_complex.py
[2023-01-31T12:16:54.202+0000] {logging_mixin.py:137} INFO - [2023-01-31T12:16:54.202+0000] {taskmixin.py:205} WARNING - Dependency <Task(BashOperator): create_entry_group>, delete_entry_group already registered for DAG: example_complex
[2023-01-31T12:16:54.203+0000] {logging_mixin.py:137} INFO - [2023-01-31T12:16:54.203+0000] {taskmixin.py:205} WARNING - Dependency <Task(BashOperator): delete_entry_group>, create_entry_group already registered for DAG: example_complex
[2023-01-31T12:16:54.203+0000] {logging_mixin.py:137} INFO - [2023-01-31T12:16:54.203+0000] {taskmixin.py:205} WARNING - Dependency <Task(BashOperator): create_entry_gcs>, delete_entry already registered for DAG: example_complex
[2023-01-31T12:16:54.204+0000] {logging_mixin.py:137} INFO - [2023-01-31T12:16:54.204+0000] {taskmixin.py:205} WARNING - Dependency <Task(BashOperator): delete_entry>, create_entry_gcs already registered for DAG: example_complex
[2023-01-31T12:16:54.205+0000] {logging_mixin.py:137} INFO - [2023-01-31T12:16:54.204+0000] {taskmixin.py:205} WARNING - Dependency <Task(BashOperator): create_tag>, delete_tag already registered for DAG: example_complex
[2023-01-31T12:16:54.205+0000] {logging_mixin.py:137} INFO - [2023-01-31T12:16:54.205+0000] {taskmixin.py:205} WARNING - Dependency <Task(BashOperator): delete_tag>, create_tag already registered for DAG: example_complex
[2023-01-31T12:16:54.217+0000] {processor.py:753} INFO - DAG(s) dict_keys(['example_complex']) retrieved from /home/airflow/.local/lib/python3.7/site-packages/airflow/example_dags/example_complex.py
[2023-01-31T12:16:54.266+0000] {logging_mixin.py:137} INFO - [2023-01-31T12:16:54.266+0000] {dag.py:2690} INFO - Sync 1 DAGs
[2023-01-31T12:16:54.313+0000] {logging_mixin.py:137} INFO - [2023-01-31T12:16:54.313+0000] {dag.py:3441} INFO - Setting next_dagrun for example_complex to None, run_after=None
[2023-01-31T12:16:54.413+0000] {processor.py:175} INFO - Processing /home/airflow/.local/lib/python3.7/site-packages/airflow/example_dags/example_complex.py took 0.317 seconds
[2023-01-31T12:17:24.996+0000] {processor.py:153} INFO - Started process (PID=341) to work on /home/airflow/.local/lib/python3.7/site-packages/airflow/example_dags/example_complex.py
[2023-01-31T12:17:24.997+0000] {processor.py:743} INFO - Processing file /home/airflow/.local/lib/python3.7/site-packages/airflow/example_dags/example_complex.py for tasks to queue
[2023-01-31T12:17:24.998+0000] {logging_mixin.py:137} INFO - [2023-01-31T12:17:24.998+0000] {dagbag.py:538} INFO - Filling up the DagBag from /home/airflow/.local/lib/python3.7/site-packages/airflow/example_dags/example_complex.py
[2023-01-31T12:17:25.021+0000] {logging_mixin.py:137} INFO - [2023-01-31T12:17:25.021+0000] {taskmixin.py:205} WARNING - Dependency <Task(BashOperator): create_entry_group>, delete_entry_group already registered for DAG: example_complex
[2023-01-31T12:17:25.022+0000] {logging_mixin.py:137} INFO - [2023-01-31T12:17:25.022+0000] {taskmixin.py:205} WARNING - Dependency <Task(BashOperator): delete_entry_group>, create_entry_group already registered for DAG: example_complex
[2023-01-31T12:17:25.022+0000] {logging_mixin.py:137} INFO - [2023-01-31T12:17:25.022+0000] {taskmixin.py:205} WARNING - Dependency <Task(BashOperator): create_entry_gcs>, delete_entry already registered for DAG: example_complex
[2023-01-31T12:17:25.023+0000] {logging_mixin.py:137} INFO - [2023-01-31T12:17:25.023+0000] {taskmixin.py:205} WARNING - Dependency <Task(BashOperator): delete_entry>, create_entry_gcs already registered for DAG: example_complex
[2023-01-31T12:17:25.024+0000] {logging_mixin.py:137} INFO - [2023-01-31T12:17:25.023+0000] {taskmixin.py:205} WARNING - Dependency <Task(BashOperator): create_tag>, delete_tag already registered for DAG: example_complex
[2023-01-31T12:17:25.024+0000] {logging_mixin.py:137} INFO - [2023-01-31T12:17:25.024+0000] {taskmixin.py:205} WARNING - Dependency <Task(BashOperator): delete_tag>, create_tag already registered for DAG: example_complex
[2023-01-31T12:17:25.039+0000] {processor.py:753} INFO - DAG(s) dict_keys(['example_complex']) retrieved from /home/airflow/.local/lib/python3.7/site-packages/airflow/example_dags/example_complex.py
[2023-01-31T12:17:25.091+0000] {logging_mixin.py:137} INFO - [2023-01-31T12:17:25.091+0000] {dag.py:2690} INFO - Sync 1 DAGs
[2023-01-31T12:17:25.134+0000] {logging_mixin.py:137} INFO - [2023-01-31T12:17:25.134+0000] {dag.py:3441} INFO - Setting next_dagrun for example_complex to None, run_after=None
[2023-01-31T12:17:25.171+0000] {processor.py:175} INFO - Processing /home/airflow/.local/lib/python3.7/site-packages/airflow/example_dags/example_complex.py took 0.178 seconds
[2023-01-31T12:17:56.191+0000] {processor.py:153} INFO - Started process (PID=401) to work on /home/airflow/.local/lib/python3.7/site-packages/airflow/example_dags/example_complex.py
[2023-01-31T12:17:56.211+0000] {processor.py:743} INFO - Processing file /home/airflow/.local/lib/python3.7/site-packages/airflow/example_dags/example_complex.py for tasks to queue
[2023-01-31T12:17:56.212+0000] {logging_mixin.py:137} INFO - [2023-01-31T12:17:56.211+0000] {dagbag.py:538} INFO - Filling up the DagBag from /home/airflow/.local/lib/python3.7/site-packages/airflow/example_dags/example_complex.py
[2023-01-31T12:17:56.238+0000] {logging_mixin.py:137} INFO - [2023-01-31T12:17:56.237+0000] {taskmixin.py:205} WARNING - Dependency <Task(BashOperator): create_entry_group>, delete_entry_group already registered for DAG: example_complex
[2023-01-31T12:17:56.238+0000] {logging_mixin.py:137} INFO - [2023-01-31T12:17:56.238+0000] {taskmixin.py:205} WARNING - Dependency <Task(BashOperator): delete_entry_group>, create_entry_group already registered for DAG: example_complex
[2023-01-31T12:17:56.239+0000] {logging_mixin.py:137} INFO - [2023-01-31T12:17:56.238+0000] {taskmixin.py:205} WARNING - Dependency <Task(BashOperator): create_entry_gcs>, delete_entry already registered for DAG: example_complex
[2023-01-31T12:17:56.239+0000] {logging_mixin.py:137} INFO - [2023-01-31T12:17:56.239+0000] {taskmixin.py:205} WARNING - Dependency <Task(BashOperator): delete_entry>, create_entry_gcs already registered for DAG: example_complex
[2023-01-31T12:17:56.240+0000] {logging_mixin.py:137} INFO - [2023-01-31T12:17:56.240+0000] {taskmixin.py:205} WARNING - Dependency <Task(BashOperator): create_tag>, delete_tag already registered for DAG: example_complex
[2023-01-31T12:17:56.240+0000] {logging_mixin.py:137} INFO - [2023-01-31T12:17:56.240+0000] {taskmixin.py:205} WARNING - Dependency <Task(BashOperator): delete_tag>, create_tag already registered for DAG: example_complex
[2023-01-31T12:17:56.254+0000] {processor.py:753} INFO - DAG(s) dict_keys(['example_complex']) retrieved from /home/airflow/.local/lib/python3.7/site-packages/airflow/example_dags/example_complex.py
[2023-01-31T12:17:56.311+0000] {logging_mixin.py:137} INFO - [2023-01-31T12:17:56.311+0000] {dag.py:2690} INFO - Sync 1 DAGs
[2023-01-31T12:17:56.357+0000] {logging_mixin.py:137} INFO - [2023-01-31T12:17:56.357+0000] {dag.py:3441} INFO - Setting next_dagrun for example_complex to None, run_after=None
[2023-01-31T12:17:56.446+0000] {processor.py:175} INFO - Processing /home/airflow/.local/lib/python3.7/site-packages/airflow/example_dags/example_complex.py took 0.260 seconds
[2023-01-31T12:18:26.594+0000] {processor.py:153} INFO - Started process (PID=461) to work on /home/airflow/.local/lib/python3.7/site-packages/airflow/example_dags/example_complex.py
[2023-01-31T12:18:26.596+0000] {processor.py:743} INFO - Processing file /home/airflow/.local/lib/python3.7/site-packages/airflow/example_dags/example_complex.py for tasks to queue
[2023-01-31T12:18:26.597+0000] {logging_mixin.py:137} INFO - [2023-01-31T12:18:26.596+0000] {dagbag.py:538} INFO - Filling up the DagBag from /home/airflow/.local/lib/python3.7/site-packages/airflow/example_dags/example_complex.py
[2023-01-31T12:18:26.618+0000] {logging_mixin.py:137} INFO - [2023-01-31T12:18:26.617+0000] {taskmixin.py:205} WARNING - Dependency <Task(BashOperator): create_entry_group>, delete_entry_group already registered for DAG: example_complex
[2023-01-31T12:18:26.618+0000] {logging_mixin.py:137} INFO - [2023-01-31T12:18:26.618+0000] {taskmixin.py:205} WARNING - Dependency <Task(BashOperator): delete_entry_group>, create_entry_group already registered for DAG: example_complex
[2023-01-31T12:18:26.618+0000] {logging_mixin.py:137} INFO - [2023-01-31T12:18:26.618+0000] {taskmixin.py:205} WARNING - Dependency <Task(BashOperator): create_entry_gcs>, delete_entry already registered for DAG: example_complex
[2023-01-31T12:18:26.619+0000] {logging_mixin.py:137} INFO - [2023-01-31T12:18:26.619+0000] {taskmixin.py:205} WARNING - Dependency <Task(BashOperator): delete_entry>, create_entry_gcs already registered for DAG: example_complex
[2023-01-31T12:18:26.619+0000] {logging_mixin.py:137} INFO - [2023-01-31T12:18:26.619+0000] {taskmixin.py:205} WARNING - Dependency <Task(BashOperator): create_tag>, delete_tag already registered for DAG: example_complex
[2023-01-31T12:18:26.620+0000] {logging_mixin.py:137} INFO - [2023-01-31T12:18:26.620+0000] {taskmixin.py:205} WARNING - Dependency <Task(BashOperator): delete_tag>, create_tag already registered for DAG: example_complex
[2023-01-31T12:18:26.631+0000] {processor.py:753} INFO - DAG(s) dict_keys(['example_complex']) retrieved from /home/airflow/.local/lib/python3.7/site-packages/airflow/example_dags/example_complex.py
[2023-01-31T12:18:26.679+0000] {logging_mixin.py:137} INFO - [2023-01-31T12:18:26.679+0000] {dag.py:2690} INFO - Sync 1 DAGs
[2023-01-31T12:18:26.732+0000] {logging_mixin.py:137} INFO - [2023-01-31T12:18:26.732+0000] {dag.py:3441} INFO - Setting next_dagrun for example_complex to None, run_after=None
[2023-01-31T12:18:26.806+0000] {processor.py:175} INFO - Processing /home/airflow/.local/lib/python3.7/site-packages/airflow/example_dags/example_complex.py took 0.218 seconds
[2023-01-31T12:18:56.884+0000] {processor.py:153} INFO - Started process (PID=521) to work on /home/airflow/.local/lib/python3.7/site-packages/airflow/example_dags/example_complex.py
[2023-01-31T12:18:56.885+0000] {processor.py:743} INFO - Processing file /home/airflow/.local/lib/python3.7/site-packages/airflow/example_dags/example_complex.py for tasks to queue
[2023-01-31T12:18:56.886+0000] {logging_mixin.py:137} INFO - [2023-01-31T12:18:56.886+0000] {dagbag.py:538} INFO - Filling up the DagBag from /home/airflow/.local/lib/python3.7/site-packages/airflow/example_dags/example_complex.py
[2023-01-31T12:18:56.907+0000] {logging_mixin.py:137} INFO - [2023-01-31T12:18:56.906+0000] {taskmixin.py:205} WARNING - Dependency <Task(BashOperator): create_entry_group>, delete_entry_group already registered for DAG: example_complex
[2023-01-31T12:18:56.907+0000] {logging_mixin.py:137} INFO - [2023-01-31T12:18:56.907+0000] {taskmixin.py:205} WARNING - Dependency <Task(BashOperator): delete_entry_group>, create_entry_group already registered for DAG: example_complex
[2023-01-31T12:18:56.907+0000] {logging_mixin.py:137} INFO - [2023-01-31T12:18:56.907+0000] {taskmixin.py:205} WARNING - Dependency <Task(BashOperator): create_entry_gcs>, delete_entry already registered for DAG: example_complex
[2023-01-31T12:18:56.908+0000] {logging_mixin.py:137} INFO - [2023-01-31T12:18:56.907+0000] {taskmixin.py:205} WARNING - Dependency <Task(BashOperator): delete_entry>, create_entry_gcs already registered for DAG: example_complex
[2023-01-31T12:18:56.908+0000] {logging_mixin.py:137} INFO - [2023-01-31T12:18:56.908+0000] {taskmixin.py:205} WARNING - Dependency <Task(BashOperator): create_tag>, delete_tag already registered for DAG: example_complex
[2023-01-31T12:18:56.908+0000] {logging_mixin.py:137} INFO - [2023-01-31T12:18:56.908+0000] {taskmixin.py:205} WARNING - Dependency <Task(BashOperator): delete_tag>, create_tag already registered for DAG: example_complex
[2023-01-31T12:18:56.919+0000] {processor.py:753} INFO - DAG(s) dict_keys(['example_complex']) retrieved from /home/airflow/.local/lib/python3.7/site-packages/airflow/example_dags/example_complex.py
[2023-01-31T12:18:56.963+0000] {logging_mixin.py:137} INFO - [2023-01-31T12:18:56.962+0000] {dag.py:2690} INFO - Sync 1 DAGs
[2023-01-31T12:18:57.007+0000] {logging_mixin.py:137} INFO - [2023-01-31T12:18:57.006+0000] {dag.py:3441} INFO - Setting next_dagrun for example_complex to None, run_after=None
[2023-01-31T12:18:57.051+0000] {processor.py:175} INFO - Processing /home/airflow/.local/lib/python3.7/site-packages/airflow/example_dags/example_complex.py took 0.172 seconds
