[2023-01-31T12:15:15.682+0000] {processor.py:153} INFO - Started process (PID=76) to work on /home/airflow/.local/lib/python3.7/site-packages/airflow/example_dags/example_sensor_decorator.py
[2023-01-31T12:15:15.683+0000] {processor.py:743} INFO - Processing file /home/airflow/.local/lib/python3.7/site-packages/airflow/example_dags/example_sensor_decorator.py for tasks to queue
[2023-01-31T12:15:15.684+0000] {logging_mixin.py:137} INFO - [2023-01-31T12:15:15.683+0000] {dagbag.py:538} INFO - Filling up the DagBag from /home/airflow/.local/lib/python3.7/site-packages/airflow/example_dags/example_sensor_decorator.py
[2023-01-31T12:15:15.719+0000] {processor.py:753} INFO - DAG(s) dict_keys(['example_sensor_decorator']) retrieved from /home/airflow/.local/lib/python3.7/site-packages/airflow/example_dags/example_sensor_decorator.py
[2023-01-31T12:15:15.763+0000] {logging_mixin.py:137} INFO - [2023-01-31T12:15:15.763+0000] {dag.py:2690} INFO - Sync 1 DAGs
[2023-01-31T12:15:15.822+0000] {logging_mixin.py:137} INFO - [2023-01-31T12:15:15.822+0000] {dag.py:3441} INFO - Setting next_dagrun for example_sensor_decorator to None, run_after=None
[2023-01-31T12:15:15.889+0000] {processor.py:175} INFO - Processing /home/airflow/.local/lib/python3.7/site-packages/airflow/example_dags/example_sensor_decorator.py took 0.212 seconds
[2023-01-31T12:15:46.875+0000] {processor.py:153} INFO - Started process (PID=136) to work on /home/airflow/.local/lib/python3.7/site-packages/airflow/example_dags/example_sensor_decorator.py
[2023-01-31T12:15:46.876+0000] {processor.py:743} INFO - Processing file /home/airflow/.local/lib/python3.7/site-packages/airflow/example_dags/example_sensor_decorator.py for tasks to queue
[2023-01-31T12:15:46.877+0000] {logging_mixin.py:137} INFO - [2023-01-31T12:15:46.877+0000] {dagbag.py:538} INFO - Filling up the DagBag from /home/airflow/.local/lib/python3.7/site-packages/airflow/example_dags/example_sensor_decorator.py
[2023-01-31T12:15:46.912+0000] {processor.py:753} INFO - DAG(s) dict_keys(['example_sensor_decorator']) retrieved from /home/airflow/.local/lib/python3.7/site-packages/airflow/example_dags/example_sensor_decorator.py
[2023-01-31T12:15:46.943+0000] {logging_mixin.py:137} INFO - [2023-01-31T12:15:46.943+0000] {dag.py:2690} INFO - Sync 1 DAGs
[2023-01-31T12:15:46.982+0000] {logging_mixin.py:137} INFO - [2023-01-31T12:15:46.982+0000] {dag.py:3441} INFO - Setting next_dagrun for example_sensor_decorator to None, run_after=None
[2023-01-31T12:15:47.074+0000] {processor.py:175} INFO - Processing /home/airflow/.local/lib/python3.7/site-packages/airflow/example_dags/example_sensor_decorator.py took 0.203 seconds
[2023-01-31T12:16:17.512+0000] {processor.py:153} INFO - Started process (PID=196) to work on /home/airflow/.local/lib/python3.7/site-packages/airflow/example_dags/example_sensor_decorator.py
[2023-01-31T12:16:17.521+0000] {processor.py:743} INFO - Processing file /home/airflow/.local/lib/python3.7/site-packages/airflow/example_dags/example_sensor_decorator.py for tasks to queue
[2023-01-31T12:16:17.522+0000] {logging_mixin.py:137} INFO - [2023-01-31T12:16:17.522+0000] {dagbag.py:538} INFO - Filling up the DagBag from /home/airflow/.local/lib/python3.7/site-packages/airflow/example_dags/example_sensor_decorator.py
[2023-01-31T12:16:17.557+0000] {processor.py:753} INFO - DAG(s) dict_keys(['example_sensor_decorator']) retrieved from /home/airflow/.local/lib/python3.7/site-packages/airflow/example_dags/example_sensor_decorator.py
[2023-01-31T12:16:17.592+0000] {logging_mixin.py:137} INFO - [2023-01-31T12:16:17.592+0000] {dag.py:2690} INFO - Sync 1 DAGs
[2023-01-31T12:16:17.636+0000] {logging_mixin.py:137} INFO - [2023-01-31T12:16:17.636+0000] {dag.py:3441} INFO - Setting next_dagrun for example_sensor_decorator to None, run_after=None
[2023-01-31T12:16:17.712+0000] {processor.py:175} INFO - Processing /home/airflow/.local/lib/python3.7/site-packages/airflow/example_dags/example_sensor_decorator.py took 0.205 seconds
[2023-01-31T12:16:48.918+0000] {processor.py:153} INFO - Started process (PID=256) to work on /home/airflow/.local/lib/python3.7/site-packages/airflow/example_dags/example_sensor_decorator.py
[2023-01-31T12:16:48.952+0000] {processor.py:743} INFO - Processing file /home/airflow/.local/lib/python3.7/site-packages/airflow/example_dags/example_sensor_decorator.py for tasks to queue
[2023-01-31T12:16:48.953+0000] {logging_mixin.py:137} INFO - [2023-01-31T12:16:48.953+0000] {dagbag.py:538} INFO - Filling up the DagBag from /home/airflow/.local/lib/python3.7/site-packages/airflow/example_dags/example_sensor_decorator.py
[2023-01-31T12:16:48.984+0000] {processor.py:753} INFO - DAG(s) dict_keys(['example_sensor_decorator']) retrieved from /home/airflow/.local/lib/python3.7/site-packages/airflow/example_dags/example_sensor_decorator.py
[2023-01-31T12:16:49.020+0000] {logging_mixin.py:137} INFO - [2023-01-31T12:16:49.020+0000] {dag.py:2690} INFO - Sync 1 DAGs
[2023-01-31T12:16:49.062+0000] {logging_mixin.py:137} INFO - [2023-01-31T12:16:49.062+0000] {dag.py:3441} INFO - Setting next_dagrun for example_sensor_decorator to None, run_after=None
[2023-01-31T12:16:49.116+0000] {processor.py:175} INFO - Processing /home/airflow/.local/lib/python3.7/site-packages/airflow/example_dags/example_sensor_decorator.py took 0.202 seconds
[2023-01-31T12:17:20.171+0000] {processor.py:153} INFO - Started process (PID=316) to work on /home/airflow/.local/lib/python3.7/site-packages/airflow/example_dags/example_sensor_decorator.py
[2023-01-31T12:17:20.172+0000] {processor.py:743} INFO - Processing file /home/airflow/.local/lib/python3.7/site-packages/airflow/example_dags/example_sensor_decorator.py for tasks to queue
[2023-01-31T12:17:20.173+0000] {logging_mixin.py:137} INFO - [2023-01-31T12:17:20.173+0000] {dagbag.py:538} INFO - Filling up the DagBag from /home/airflow/.local/lib/python3.7/site-packages/airflow/example_dags/example_sensor_decorator.py
[2023-01-31T12:17:20.204+0000] {processor.py:753} INFO - DAG(s) dict_keys(['example_sensor_decorator']) retrieved from /home/airflow/.local/lib/python3.7/site-packages/airflow/example_dags/example_sensor_decorator.py
[2023-01-31T12:17:20.239+0000] {logging_mixin.py:137} INFO - [2023-01-31T12:17:20.239+0000] {dag.py:2690} INFO - Sync 1 DAGs
[2023-01-31T12:17:20.283+0000] {logging_mixin.py:137} INFO - [2023-01-31T12:17:20.283+0000] {dag.py:3441} INFO - Setting next_dagrun for example_sensor_decorator to None, run_after=None
[2023-01-31T12:17:20.343+0000] {processor.py:175} INFO - Processing /home/airflow/.local/lib/python3.7/site-packages/airflow/example_dags/example_sensor_decorator.py took 0.176 seconds
[2023-01-31T12:17:50.692+0000] {processor.py:153} INFO - Started process (PID=376) to work on /home/airflow/.local/lib/python3.7/site-packages/airflow/example_dags/example_sensor_decorator.py
[2023-01-31T12:17:50.693+0000] {processor.py:743} INFO - Processing file /home/airflow/.local/lib/python3.7/site-packages/airflow/example_dags/example_sensor_decorator.py for tasks to queue
[2023-01-31T12:17:50.694+0000] {logging_mixin.py:137} INFO - [2023-01-31T12:17:50.693+0000] {dagbag.py:538} INFO - Filling up the DagBag from /home/airflow/.local/lib/python3.7/site-packages/airflow/example_dags/example_sensor_decorator.py
[2023-01-31T12:17:50.726+0000] {processor.py:753} INFO - DAG(s) dict_keys(['example_sensor_decorator']) retrieved from /home/airflow/.local/lib/python3.7/site-packages/airflow/example_dags/example_sensor_decorator.py
[2023-01-31T12:17:50.757+0000] {logging_mixin.py:137} INFO - [2023-01-31T12:17:50.756+0000] {dag.py:2690} INFO - Sync 1 DAGs
[2023-01-31T12:17:50.796+0000] {logging_mixin.py:137} INFO - [2023-01-31T12:17:50.796+0000] {dag.py:3441} INFO - Setting next_dagrun for example_sensor_decorator to None, run_after=None
[2023-01-31T12:17:50.978+0000] {processor.py:175} INFO - Processing /home/airflow/.local/lib/python3.7/site-packages/airflow/example_dags/example_sensor_decorator.py took 0.290 seconds
[2023-01-31T12:18:21.930+0000] {processor.py:153} INFO - Started process (PID=436) to work on /home/airflow/.local/lib/python3.7/site-packages/airflow/example_dags/example_sensor_decorator.py
[2023-01-31T12:18:21.931+0000] {processor.py:743} INFO - Processing file /home/airflow/.local/lib/python3.7/site-packages/airflow/example_dags/example_sensor_decorator.py for tasks to queue
[2023-01-31T12:18:21.932+0000] {logging_mixin.py:137} INFO - [2023-01-31T12:18:21.932+0000] {dagbag.py:538} INFO - Filling up the DagBag from /home/airflow/.local/lib/python3.7/site-packages/airflow/example_dags/example_sensor_decorator.py
[2023-01-31T12:18:21.969+0000] {processor.py:753} INFO - DAG(s) dict_keys(['example_sensor_decorator']) retrieved from /home/airflow/.local/lib/python3.7/site-packages/airflow/example_dags/example_sensor_decorator.py
[2023-01-31T12:18:22.000+0000] {logging_mixin.py:137} INFO - [2023-01-31T12:18:22.000+0000] {dag.py:2690} INFO - Sync 1 DAGs
[2023-01-31T12:18:22.061+0000] {logging_mixin.py:137} INFO - [2023-01-31T12:18:22.061+0000] {dag.py:3441} INFO - Setting next_dagrun for example_sensor_decorator to None, run_after=None
[2023-01-31T12:18:22.139+0000] {processor.py:175} INFO - Processing /home/airflow/.local/lib/python3.7/site-packages/airflow/example_dags/example_sensor_decorator.py took 0.214 seconds
[2023-01-31T12:18:53.004+0000] {processor.py:153} INFO - Started process (PID=496) to work on /home/airflow/.local/lib/python3.7/site-packages/airflow/example_dags/example_sensor_decorator.py
[2023-01-31T12:18:53.019+0000] {processor.py:743} INFO - Processing file /home/airflow/.local/lib/python3.7/site-packages/airflow/example_dags/example_sensor_decorator.py for tasks to queue
[2023-01-31T12:18:53.020+0000] {logging_mixin.py:137} INFO - [2023-01-31T12:18:53.020+0000] {dagbag.py:538} INFO - Filling up the DagBag from /home/airflow/.local/lib/python3.7/site-packages/airflow/example_dags/example_sensor_decorator.py
[2023-01-31T12:18:53.051+0000] {processor.py:753} INFO - DAG(s) dict_keys(['example_sensor_decorator']) retrieved from /home/airflow/.local/lib/python3.7/site-packages/airflow/example_dags/example_sensor_decorator.py
[2023-01-31T12:18:53.084+0000] {logging_mixin.py:137} INFO - [2023-01-31T12:18:53.084+0000] {dag.py:2690} INFO - Sync 1 DAGs
[2023-01-31T12:18:53.122+0000] {logging_mixin.py:137} INFO - [2023-01-31T12:18:53.122+0000] {dag.py:3441} INFO - Setting next_dagrun for example_sensor_decorator to None, run_after=None
[2023-01-31T12:18:53.163+0000] {processor.py:175} INFO - Processing /home/airflow/.local/lib/python3.7/site-packages/airflow/example_dags/example_sensor_decorator.py took 0.164 seconds
