[2023-01-31T12:15:15.918+0000] {processor.py:153} INFO - Started process (PID=78) to work on /home/airflow/.local/lib/python3.7/site-packages/airflow/example_dags/example_nested_branch_dag.py
[2023-01-31T12:15:15.919+0000] {processor.py:743} INFO - Processing file /home/airflow/.local/lib/python3.7/site-packages/airflow/example_dags/example_nested_branch_dag.py for tasks to queue
[2023-01-31T12:15:15.920+0000] {logging_mixin.py:137} INFO - [2023-01-31T12:15:15.919+0000] {dagbag.py:538} INFO - Filling up the DagBag from /home/airflow/.local/lib/python3.7/site-packages/airflow/example_dags/example_nested_branch_dag.py
[2023-01-31T12:15:15.963+0000] {processor.py:753} INFO - DAG(s) dict_keys(['example_nested_branch_dag']) retrieved from /home/airflow/.local/lib/python3.7/site-packages/airflow/example_dags/example_nested_branch_dag.py
[2023-01-31T12:15:16.006+0000] {logging_mixin.py:137} INFO - [2023-01-31T12:15:16.006+0000] {dag.py:2690} INFO - Sync 1 DAGs
[2023-01-31T12:15:16.062+0000] {logging_mixin.py:137} INFO - [2023-01-31T12:15:16.062+0000] {dag.py:3441} INFO - Setting next_dagrun for example_nested_branch_dag to 2023-01-30T00:00:00+00:00, run_after=2023-01-31T00:00:00+00:00
[2023-01-31T12:15:16.125+0000] {processor.py:175} INFO - Processing /home/airflow/.local/lib/python3.7/site-packages/airflow/example_dags/example_nested_branch_dag.py took 0.212 seconds
[2023-01-31T12:15:47.106+0000] {processor.py:153} INFO - Started process (PID=138) to work on /home/airflow/.local/lib/python3.7/site-packages/airflow/example_dags/example_nested_branch_dag.py
[2023-01-31T12:15:47.108+0000] {processor.py:743} INFO - Processing file /home/airflow/.local/lib/python3.7/site-packages/airflow/example_dags/example_nested_branch_dag.py for tasks to queue
[2023-01-31T12:15:47.109+0000] {logging_mixin.py:137} INFO - [2023-01-31T12:15:47.109+0000] {dagbag.py:538} INFO - Filling up the DagBag from /home/airflow/.local/lib/python3.7/site-packages/airflow/example_dags/example_nested_branch_dag.py
[2023-01-31T12:15:47.147+0000] {processor.py:753} INFO - DAG(s) dict_keys(['example_nested_branch_dag']) retrieved from /home/airflow/.local/lib/python3.7/site-packages/airflow/example_dags/example_nested_branch_dag.py
[2023-01-31T12:15:47.184+0000] {logging_mixin.py:137} INFO - [2023-01-31T12:15:47.184+0000] {dag.py:2690} INFO - Sync 1 DAGs
[2023-01-31T12:15:47.225+0000] {logging_mixin.py:137} INFO - [2023-01-31T12:15:47.225+0000] {dag.py:3441} INFO - Setting next_dagrun for example_nested_branch_dag to 2023-01-30T00:00:00+00:00, run_after=2023-01-31T00:00:00+00:00
[2023-01-31T12:15:47.262+0000] {processor.py:175} INFO - Processing /home/airflow/.local/lib/python3.7/site-packages/airflow/example_dags/example_nested_branch_dag.py took 0.161 seconds
[2023-01-31T12:16:17.740+0000] {processor.py:153} INFO - Started process (PID=198) to work on /home/airflow/.local/lib/python3.7/site-packages/airflow/example_dags/example_nested_branch_dag.py
[2023-01-31T12:16:17.746+0000] {processor.py:743} INFO - Processing file /home/airflow/.local/lib/python3.7/site-packages/airflow/example_dags/example_nested_branch_dag.py for tasks to queue
[2023-01-31T12:16:17.748+0000] {logging_mixin.py:137} INFO - [2023-01-31T12:16:17.747+0000] {dagbag.py:538} INFO - Filling up the DagBag from /home/airflow/.local/lib/python3.7/site-packages/airflow/example_dags/example_nested_branch_dag.py
[2023-01-31T12:16:17.790+0000] {processor.py:753} INFO - DAG(s) dict_keys(['example_nested_branch_dag']) retrieved from /home/airflow/.local/lib/python3.7/site-packages/airflow/example_dags/example_nested_branch_dag.py
[2023-01-31T12:16:17.827+0000] {logging_mixin.py:137} INFO - [2023-01-31T12:16:17.827+0000] {dag.py:2690} INFO - Sync 1 DAGs
[2023-01-31T12:16:17.876+0000] {logging_mixin.py:137} INFO - [2023-01-31T12:16:17.875+0000] {dag.py:3441} INFO - Setting next_dagrun for example_nested_branch_dag to 2023-01-30T00:00:00+00:00, run_after=2023-01-31T00:00:00+00:00
[2023-01-31T12:16:17.912+0000] {processor.py:175} INFO - Processing /home/airflow/.local/lib/python3.7/site-packages/airflow/example_dags/example_nested_branch_dag.py took 0.177 seconds
[2023-01-31T12:16:49.140+0000] {processor.py:153} INFO - Started process (PID=258) to work on /home/airflow/.local/lib/python3.7/site-packages/airflow/example_dags/example_nested_branch_dag.py
[2023-01-31T12:16:49.141+0000] {processor.py:743} INFO - Processing file /home/airflow/.local/lib/python3.7/site-packages/airflow/example_dags/example_nested_branch_dag.py for tasks to queue
[2023-01-31T12:16:49.142+0000] {logging_mixin.py:137} INFO - [2023-01-31T12:16:49.142+0000] {dagbag.py:538} INFO - Filling up the DagBag from /home/airflow/.local/lib/python3.7/site-packages/airflow/example_dags/example_nested_branch_dag.py
[2023-01-31T12:16:49.176+0000] {processor.py:753} INFO - DAG(s) dict_keys(['example_nested_branch_dag']) retrieved from /home/airflow/.local/lib/python3.7/site-packages/airflow/example_dags/example_nested_branch_dag.py
[2023-01-31T12:16:49.212+0000] {logging_mixin.py:137} INFO - [2023-01-31T12:16:49.211+0000] {dag.py:2690} INFO - Sync 1 DAGs
[2023-01-31T12:16:49.255+0000] {logging_mixin.py:137} INFO - [2023-01-31T12:16:49.255+0000] {dag.py:3441} INFO - Setting next_dagrun for example_nested_branch_dag to 2023-01-30T00:00:00+00:00, run_after=2023-01-31T00:00:00+00:00
[2023-01-31T12:16:49.298+0000] {processor.py:175} INFO - Processing /home/airflow/.local/lib/python3.7/site-packages/airflow/example_dags/example_nested_branch_dag.py took 0.162 seconds
[2023-01-31T12:17:20.387+0000] {processor.py:153} INFO - Started process (PID=318) to work on /home/airflow/.local/lib/python3.7/site-packages/airflow/example_dags/example_nested_branch_dag.py
[2023-01-31T12:17:20.388+0000] {processor.py:743} INFO - Processing file /home/airflow/.local/lib/python3.7/site-packages/airflow/example_dags/example_nested_branch_dag.py for tasks to queue
[2023-01-31T12:17:20.389+0000] {logging_mixin.py:137} INFO - [2023-01-31T12:17:20.389+0000] {dagbag.py:538} INFO - Filling up the DagBag from /home/airflow/.local/lib/python3.7/site-packages/airflow/example_dags/example_nested_branch_dag.py
[2023-01-31T12:17:20.433+0000] {processor.py:753} INFO - DAG(s) dict_keys(['example_nested_branch_dag']) retrieved from /home/airflow/.local/lib/python3.7/site-packages/airflow/example_dags/example_nested_branch_dag.py
[2023-01-31T12:17:20.473+0000] {logging_mixin.py:137} INFO - [2023-01-31T12:17:20.473+0000] {dag.py:2690} INFO - Sync 1 DAGs
[2023-01-31T12:17:20.522+0000] {logging_mixin.py:137} INFO - [2023-01-31T12:17:20.521+0000] {dag.py:3441} INFO - Setting next_dagrun for example_nested_branch_dag to 2023-01-30T00:00:00+00:00, run_after=2023-01-31T00:00:00+00:00
[2023-01-31T12:17:20.556+0000] {processor.py:175} INFO - Processing /home/airflow/.local/lib/python3.7/site-packages/airflow/example_dags/example_nested_branch_dag.py took 0.174 seconds
[2023-01-31T12:17:51.005+0000] {processor.py:153} INFO - Started process (PID=378) to work on /home/airflow/.local/lib/python3.7/site-packages/airflow/example_dags/example_nested_branch_dag.py
[2023-01-31T12:17:51.006+0000] {processor.py:743} INFO - Processing file /home/airflow/.local/lib/python3.7/site-packages/airflow/example_dags/example_nested_branch_dag.py for tasks to queue
[2023-01-31T12:17:51.007+0000] {logging_mixin.py:137} INFO - [2023-01-31T12:17:51.007+0000] {dagbag.py:538} INFO - Filling up the DagBag from /home/airflow/.local/lib/python3.7/site-packages/airflow/example_dags/example_nested_branch_dag.py
[2023-01-31T12:17:51.046+0000] {processor.py:753} INFO - DAG(s) dict_keys(['example_nested_branch_dag']) retrieved from /home/airflow/.local/lib/python3.7/site-packages/airflow/example_dags/example_nested_branch_dag.py
[2023-01-31T12:17:51.081+0000] {logging_mixin.py:137} INFO - [2023-01-31T12:17:51.081+0000] {dag.py:2690} INFO - Sync 1 DAGs
[2023-01-31T12:17:51.122+0000] {logging_mixin.py:137} INFO - [2023-01-31T12:17:51.122+0000] {dag.py:3441} INFO - Setting next_dagrun for example_nested_branch_dag to 2023-01-30T00:00:00+00:00, run_after=2023-01-31T00:00:00+00:00
[2023-01-31T12:17:51.268+0000] {processor.py:175} INFO - Processing /home/airflow/.local/lib/python3.7/site-packages/airflow/example_dags/example_nested_branch_dag.py took 0.267 seconds
[2023-01-31T12:18:22.165+0000] {processor.py:153} INFO - Started process (PID=438) to work on /home/airflow/.local/lib/python3.7/site-packages/airflow/example_dags/example_nested_branch_dag.py
[2023-01-31T12:18:22.166+0000] {processor.py:743} INFO - Processing file /home/airflow/.local/lib/python3.7/site-packages/airflow/example_dags/example_nested_branch_dag.py for tasks to queue
[2023-01-31T12:18:22.167+0000] {logging_mixin.py:137} INFO - [2023-01-31T12:18:22.167+0000] {dagbag.py:538} INFO - Filling up the DagBag from /home/airflow/.local/lib/python3.7/site-packages/airflow/example_dags/example_nested_branch_dag.py
[2023-01-31T12:18:22.201+0000] {processor.py:753} INFO - DAG(s) dict_keys(['example_nested_branch_dag']) retrieved from /home/airflow/.local/lib/python3.7/site-packages/airflow/example_dags/example_nested_branch_dag.py
[2023-01-31T12:18:22.236+0000] {logging_mixin.py:137} INFO - [2023-01-31T12:18:22.236+0000] {dag.py:2690} INFO - Sync 1 DAGs
[2023-01-31T12:18:22.279+0000] {logging_mixin.py:137} INFO - [2023-01-31T12:18:22.279+0000] {dag.py:3441} INFO - Setting next_dagrun for example_nested_branch_dag to 2023-01-30T00:00:00+00:00, run_after=2023-01-31T00:00:00+00:00
[2023-01-31T12:18:22.346+0000] {processor.py:175} INFO - Processing /home/airflow/.local/lib/python3.7/site-packages/airflow/example_dags/example_nested_branch_dag.py took 0.185 seconds
[2023-01-31T12:18:53.358+0000] {processor.py:153} INFO - Started process (PID=498) to work on /home/airflow/.local/lib/python3.7/site-packages/airflow/example_dags/example_nested_branch_dag.py
[2023-01-31T12:18:53.359+0000] {processor.py:743} INFO - Processing file /home/airflow/.local/lib/python3.7/site-packages/airflow/example_dags/example_nested_branch_dag.py for tasks to queue
[2023-01-31T12:18:53.360+0000] {logging_mixin.py:137} INFO - [2023-01-31T12:18:53.360+0000] {dagbag.py:538} INFO - Filling up the DagBag from /home/airflow/.local/lib/python3.7/site-packages/airflow/example_dags/example_nested_branch_dag.py
[2023-01-31T12:18:53.403+0000] {processor.py:753} INFO - DAG(s) dict_keys(['example_nested_branch_dag']) retrieved from /home/airflow/.local/lib/python3.7/site-packages/airflow/example_dags/example_nested_branch_dag.py
[2023-01-31T12:18:53.440+0000] {logging_mixin.py:137} INFO - [2023-01-31T12:18:53.439+0000] {dag.py:2690} INFO - Sync 1 DAGs
[2023-01-31T12:18:53.479+0000] {logging_mixin.py:137} INFO - [2023-01-31T12:18:53.479+0000] {dag.py:3441} INFO - Setting next_dagrun for example_nested_branch_dag to 2023-01-30T00:00:00+00:00, run_after=2023-01-31T00:00:00+00:00
[2023-01-31T12:18:53.511+0000] {processor.py:175} INFO - Processing /home/airflow/.local/lib/python3.7/site-packages/airflow/example_dags/example_nested_branch_dag.py took 0.159 seconds
