[2023-01-31T12:15:16.153+0000] {processor.py:153} INFO - Started process (PID=80) to work on /home/airflow/.local/lib/python3.7/site-packages/airflow/example_dags/example_short_circuit_decorator.py
[2023-01-31T12:15:16.154+0000] {processor.py:743} INFO - Processing file /home/airflow/.local/lib/python3.7/site-packages/airflow/example_dags/example_short_circuit_decorator.py for tasks to queue
[2023-01-31T12:15:16.155+0000] {logging_mixin.py:137} INFO - [2023-01-31T12:15:16.155+0000] {dagbag.py:538} INFO - Filling up the DagBag from /home/airflow/.local/lib/python3.7/site-packages/airflow/example_dags/example_short_circuit_decorator.py
[2023-01-31T12:15:16.199+0000] {processor.py:753} INFO - DAG(s) dict_keys(['example_short_circuit_decorator']) retrieved from /home/airflow/.local/lib/python3.7/site-packages/airflow/example_dags/example_short_circuit_decorator.py
[2023-01-31T12:15:16.234+0000] {logging_mixin.py:137} INFO - [2023-01-31T12:15:16.234+0000] {dag.py:2690} INFO - Sync 1 DAGs
[2023-01-31T12:15:16.276+0000] {logging_mixin.py:137} INFO - [2023-01-31T12:15:16.276+0000] {dag.py:3441} INFO - Setting next_dagrun for example_short_circuit_decorator to 2023-01-30T12:15:16.276286+00:00, run_after=2023-01-31T12:15:16.276286+00:00
[2023-01-31T12:15:16.621+0000] {processor.py:175} INFO - Processing /home/airflow/.local/lib/python3.7/site-packages/airflow/example_dags/example_short_circuit_decorator.py took 0.472 seconds
[2023-01-31T12:15:47.297+0000] {processor.py:153} INFO - Started process (PID=140) to work on /home/airflow/.local/lib/python3.7/site-packages/airflow/example_dags/example_short_circuit_decorator.py
[2023-01-31T12:15:47.299+0000] {processor.py:743} INFO - Processing file /home/airflow/.local/lib/python3.7/site-packages/airflow/example_dags/example_short_circuit_decorator.py for tasks to queue
[2023-01-31T12:15:47.300+0000] {logging_mixin.py:137} INFO - [2023-01-31T12:15:47.299+0000] {dagbag.py:538} INFO - Filling up the DagBag from /home/airflow/.local/lib/python3.7/site-packages/airflow/example_dags/example_short_circuit_decorator.py
[2023-01-31T12:15:47.346+0000] {processor.py:753} INFO - DAG(s) dict_keys(['example_short_circuit_decorator']) retrieved from /home/airflow/.local/lib/python3.7/site-packages/airflow/example_dags/example_short_circuit_decorator.py
[2023-01-31T12:15:47.385+0000] {logging_mixin.py:137} INFO - [2023-01-31T12:15:47.384+0000] {dag.py:2690} INFO - Sync 1 DAGs
[2023-01-31T12:15:47.427+0000] {logging_mixin.py:137} INFO - [2023-01-31T12:15:47.427+0000] {dag.py:3441} INFO - Setting next_dagrun for example_short_circuit_decorator to 2023-01-30T12:15:47.426925+00:00, run_after=2023-01-31T12:15:47.426925+00:00
[2023-01-31T12:15:47.470+0000] {processor.py:175} INFO - Processing /home/airflow/.local/lib/python3.7/site-packages/airflow/example_dags/example_short_circuit_decorator.py took 0.177 seconds
[2023-01-31T12:16:17.938+0000] {processor.py:153} INFO - Started process (PID=200) to work on /home/airflow/.local/lib/python3.7/site-packages/airflow/example_dags/example_short_circuit_decorator.py
[2023-01-31T12:16:17.939+0000] {processor.py:743} INFO - Processing file /home/airflow/.local/lib/python3.7/site-packages/airflow/example_dags/example_short_circuit_decorator.py for tasks to queue
[2023-01-31T12:16:17.940+0000] {logging_mixin.py:137} INFO - [2023-01-31T12:16:17.940+0000] {dagbag.py:538} INFO - Filling up the DagBag from /home/airflow/.local/lib/python3.7/site-packages/airflow/example_dags/example_short_circuit_decorator.py
[2023-01-31T12:16:17.978+0000] {processor.py:753} INFO - DAG(s) dict_keys(['example_short_circuit_decorator']) retrieved from /home/airflow/.local/lib/python3.7/site-packages/airflow/example_dags/example_short_circuit_decorator.py
[2023-01-31T12:16:18.017+0000] {logging_mixin.py:137} INFO - [2023-01-31T12:16:18.016+0000] {dag.py:2690} INFO - Sync 1 DAGs
[2023-01-31T12:16:18.069+0000] {logging_mixin.py:137} INFO - [2023-01-31T12:16:18.069+0000] {dag.py:3441} INFO - Setting next_dagrun for example_short_circuit_decorator to 2023-01-30T12:16:18.069428+00:00, run_after=2023-01-31T12:16:18.069428+00:00
[2023-01-31T12:16:18.102+0000] {processor.py:175} INFO - Processing /home/airflow/.local/lib/python3.7/site-packages/airflow/example_dags/example_short_circuit_decorator.py took 0.168 seconds
[2023-01-31T12:16:49.323+0000] {processor.py:153} INFO - Started process (PID=260) to work on /home/airflow/.local/lib/python3.7/site-packages/airflow/example_dags/example_short_circuit_decorator.py
[2023-01-31T12:16:49.324+0000] {processor.py:743} INFO - Processing file /home/airflow/.local/lib/python3.7/site-packages/airflow/example_dags/example_short_circuit_decorator.py for tasks to queue
[2023-01-31T12:16:49.325+0000] {logging_mixin.py:137} INFO - [2023-01-31T12:16:49.325+0000] {dagbag.py:538} INFO - Filling up the DagBag from /home/airflow/.local/lib/python3.7/site-packages/airflow/example_dags/example_short_circuit_decorator.py
[2023-01-31T12:16:49.359+0000] {processor.py:753} INFO - DAG(s) dict_keys(['example_short_circuit_decorator']) retrieved from /home/airflow/.local/lib/python3.7/site-packages/airflow/example_dags/example_short_circuit_decorator.py
[2023-01-31T12:16:49.396+0000] {logging_mixin.py:137} INFO - [2023-01-31T12:16:49.395+0000] {dag.py:2690} INFO - Sync 1 DAGs
[2023-01-31T12:16:49.436+0000] {logging_mixin.py:137} INFO - [2023-01-31T12:16:49.436+0000] {dag.py:3441} INFO - Setting next_dagrun for example_short_circuit_decorator to 2023-01-30T12:16:49.436214+00:00, run_after=2023-01-31T12:16:49.436214+00:00
[2023-01-31T12:16:49.469+0000] {processor.py:175} INFO - Processing /home/airflow/.local/lib/python3.7/site-packages/airflow/example_dags/example_short_circuit_decorator.py took 0.150 seconds
[2023-01-31T12:17:20.785+0000] {processor.py:153} INFO - Started process (PID=320) to work on /home/airflow/.local/lib/python3.7/site-packages/airflow/example_dags/example_short_circuit_decorator.py
[2023-01-31T12:17:20.786+0000] {processor.py:743} INFO - Processing file /home/airflow/.local/lib/python3.7/site-packages/airflow/example_dags/example_short_circuit_decorator.py for tasks to queue
[2023-01-31T12:17:20.786+0000] {logging_mixin.py:137} INFO - [2023-01-31T12:17:20.786+0000] {dagbag.py:538} INFO - Filling up the DagBag from /home/airflow/.local/lib/python3.7/site-packages/airflow/example_dags/example_short_circuit_decorator.py
[2023-01-31T12:17:20.830+0000] {processor.py:753} INFO - DAG(s) dict_keys(['example_short_circuit_decorator']) retrieved from /home/airflow/.local/lib/python3.7/site-packages/airflow/example_dags/example_short_circuit_decorator.py
[2023-01-31T12:17:20.872+0000] {logging_mixin.py:137} INFO - [2023-01-31T12:17:20.871+0000] {dag.py:2690} INFO - Sync 1 DAGs
[2023-01-31T12:17:20.911+0000] {logging_mixin.py:137} INFO - [2023-01-31T12:17:20.911+0000] {dag.py:3441} INFO - Setting next_dagrun for example_short_circuit_decorator to 2023-01-30T12:17:20.911104+00:00, run_after=2023-01-31T12:17:20.911104+00:00
[2023-01-31T12:17:21.204+0000] {processor.py:175} INFO - Processing /home/airflow/.local/lib/python3.7/site-packages/airflow/example_dags/example_short_circuit_decorator.py took 0.424 seconds
[2023-01-31T12:17:51.294+0000] {processor.py:153} INFO - Started process (PID=380) to work on /home/airflow/.local/lib/python3.7/site-packages/airflow/example_dags/example_short_circuit_decorator.py
[2023-01-31T12:17:51.294+0000] {processor.py:743} INFO - Processing file /home/airflow/.local/lib/python3.7/site-packages/airflow/example_dags/example_short_circuit_decorator.py for tasks to queue
[2023-01-31T12:17:51.295+0000] {logging_mixin.py:137} INFO - [2023-01-31T12:17:51.295+0000] {dagbag.py:538} INFO - Filling up the DagBag from /home/airflow/.local/lib/python3.7/site-packages/airflow/example_dags/example_short_circuit_decorator.py
[2023-01-31T12:17:51.331+0000] {processor.py:753} INFO - DAG(s) dict_keys(['example_short_circuit_decorator']) retrieved from /home/airflow/.local/lib/python3.7/site-packages/airflow/example_dags/example_short_circuit_decorator.py
[2023-01-31T12:17:51.365+0000] {logging_mixin.py:137} INFO - [2023-01-31T12:17:51.365+0000] {dag.py:2690} INFO - Sync 1 DAGs
[2023-01-31T12:17:51.407+0000] {logging_mixin.py:137} INFO - [2023-01-31T12:17:51.407+0000] {dag.py:3441} INFO - Setting next_dagrun for example_short_circuit_decorator to 2023-01-30T12:17:51.406885+00:00, run_after=2023-01-31T12:17:51.406885+00:00
[2023-01-31T12:17:51.479+0000] {processor.py:175} INFO - Processing /home/airflow/.local/lib/python3.7/site-packages/airflow/example_dags/example_short_circuit_decorator.py took 0.189 seconds
[2023-01-31T12:18:22.375+0000] {processor.py:153} INFO - Started process (PID=440) to work on /home/airflow/.local/lib/python3.7/site-packages/airflow/example_dags/example_short_circuit_decorator.py
[2023-01-31T12:18:22.377+0000] {processor.py:743} INFO - Processing file /home/airflow/.local/lib/python3.7/site-packages/airflow/example_dags/example_short_circuit_decorator.py for tasks to queue
[2023-01-31T12:18:22.378+0000] {logging_mixin.py:137} INFO - [2023-01-31T12:18:22.378+0000] {dagbag.py:538} INFO - Filling up the DagBag from /home/airflow/.local/lib/python3.7/site-packages/airflow/example_dags/example_short_circuit_decorator.py
[2023-01-31T12:18:22.417+0000] {processor.py:753} INFO - DAG(s) dict_keys(['example_short_circuit_decorator']) retrieved from /home/airflow/.local/lib/python3.7/site-packages/airflow/example_dags/example_short_circuit_decorator.py
[2023-01-31T12:18:22.451+0000] {logging_mixin.py:137} INFO - [2023-01-31T12:18:22.451+0000] {dag.py:2690} INFO - Sync 1 DAGs
[2023-01-31T12:18:22.492+0000] {logging_mixin.py:137} INFO - [2023-01-31T12:18:22.492+0000] {dag.py:3441} INFO - Setting next_dagrun for example_short_circuit_decorator to 2023-01-30T12:18:22.492150+00:00, run_after=2023-01-31T12:18:22.492150+00:00
[2023-01-31T12:18:22.552+0000] {processor.py:175} INFO - Processing /home/airflow/.local/lib/python3.7/site-packages/airflow/example_dags/example_short_circuit_decorator.py took 0.182 seconds
[2023-01-31T12:18:53.530+0000] {processor.py:153} INFO - Started process (PID=500) to work on /home/airflow/.local/lib/python3.7/site-packages/airflow/example_dags/example_short_circuit_decorator.py
[2023-01-31T12:18:53.532+0000] {processor.py:743} INFO - Processing file /home/airflow/.local/lib/python3.7/site-packages/airflow/example_dags/example_short_circuit_decorator.py for tasks to queue
[2023-01-31T12:18:53.533+0000] {logging_mixin.py:137} INFO - [2023-01-31T12:18:53.533+0000] {dagbag.py:538} INFO - Filling up the DagBag from /home/airflow/.local/lib/python3.7/site-packages/airflow/example_dags/example_short_circuit_decorator.py
[2023-01-31T12:18:53.574+0000] {processor.py:753} INFO - DAG(s) dict_keys(['example_short_circuit_decorator']) retrieved from /home/airflow/.local/lib/python3.7/site-packages/airflow/example_dags/example_short_circuit_decorator.py
[2023-01-31T12:18:53.618+0000] {logging_mixin.py:137} INFO - [2023-01-31T12:18:53.617+0000] {dag.py:2690} INFO - Sync 1 DAGs
[2023-01-31T12:18:53.659+0000] {logging_mixin.py:137} INFO - [2023-01-31T12:18:53.658+0000] {dag.py:3441} INFO - Setting next_dagrun for example_short_circuit_decorator to 2023-01-30T12:18:53.658659+00:00, run_after=2023-01-31T12:18:53.658659+00:00
[2023-01-31T12:18:53.696+0000] {processor.py:175} INFO - Processing /home/airflow/.local/lib/python3.7/site-packages/airflow/example_dags/example_short_circuit_decorator.py took 0.172 seconds
