[2023-01-31T12:15:20.116+0000] {processor.py:153} INFO - Started process (PID=102) to work on /home/airflow/.local/lib/python3.7/site-packages/airflow/example_dags/example_dynamic_task_mapping.py
[2023-01-31T12:15:20.117+0000] {processor.py:743} INFO - Processing file /home/airflow/.local/lib/python3.7/site-packages/airflow/example_dags/example_dynamic_task_mapping.py for tasks to queue
[2023-01-31T12:15:20.118+0000] {logging_mixin.py:137} INFO - [2023-01-31T12:15:20.118+0000] {dagbag.py:538} INFO - Filling up the DagBag from /home/airflow/.local/lib/python3.7/site-packages/airflow/example_dags/example_dynamic_task_mapping.py
[2023-01-31T12:15:20.166+0000] {processor.py:753} INFO - DAG(s) dict_keys(['example_dynamic_task_mapping']) retrieved from /home/airflow/.local/lib/python3.7/site-packages/airflow/example_dags/example_dynamic_task_mapping.py
[2023-01-31T12:15:20.222+0000] {logging_mixin.py:137} INFO - [2023-01-31T12:15:20.222+0000] {dag.py:2690} INFO - Sync 1 DAGs
[2023-01-31T12:15:20.284+0000] {logging_mixin.py:137} INFO - [2023-01-31T12:15:20.284+0000] {dag.py:3441} INFO - Setting next_dagrun for example_dynamic_task_mapping to 2022-03-04T00:00:00+00:00, run_after=2022-03-05T00:00:00+00:00
[2023-01-31T12:15:20.332+0000] {processor.py:175} INFO - Processing /home/airflow/.local/lib/python3.7/site-packages/airflow/example_dags/example_dynamic_task_mapping.py took 0.221 seconds
[2023-01-31T12:15:51.135+0000] {processor.py:153} INFO - Started process (PID=162) to work on /home/airflow/.local/lib/python3.7/site-packages/airflow/example_dags/example_dynamic_task_mapping.py
[2023-01-31T12:15:51.258+0000] {processor.py:743} INFO - Processing file /home/airflow/.local/lib/python3.7/site-packages/airflow/example_dags/example_dynamic_task_mapping.py for tasks to queue
[2023-01-31T12:15:51.260+0000] {logging_mixin.py:137} INFO - [2023-01-31T12:15:51.259+0000] {dagbag.py:538} INFO - Filling up the DagBag from /home/airflow/.local/lib/python3.7/site-packages/airflow/example_dags/example_dynamic_task_mapping.py
[2023-01-31T12:15:51.292+0000] {processor.py:753} INFO - DAG(s) dict_keys(['example_dynamic_task_mapping']) retrieved from /home/airflow/.local/lib/python3.7/site-packages/airflow/example_dags/example_dynamic_task_mapping.py
[2023-01-31T12:15:51.325+0000] {logging_mixin.py:137} INFO - [2023-01-31T12:15:51.325+0000] {dag.py:2690} INFO - Sync 1 DAGs
[2023-01-31T12:15:51.371+0000] {logging_mixin.py:137} INFO - [2023-01-31T12:15:51.371+0000] {dag.py:3441} INFO - Setting next_dagrun for example_dynamic_task_mapping to 2022-03-04T00:00:00+00:00, run_after=2022-03-05T00:00:00+00:00
[2023-01-31T12:15:51.932+0000] {processor.py:175} INFO - Processing /home/airflow/.local/lib/python3.7/site-packages/airflow/example_dags/example_dynamic_task_mapping.py took 0.802 seconds
[2023-01-31T12:16:23.047+0000] {processor.py:153} INFO - Started process (PID=222) to work on /home/airflow/.local/lib/python3.7/site-packages/airflow/example_dags/example_dynamic_task_mapping.py
[2023-01-31T12:16:23.048+0000] {processor.py:743} INFO - Processing file /home/airflow/.local/lib/python3.7/site-packages/airflow/example_dags/example_dynamic_task_mapping.py for tasks to queue
[2023-01-31T12:16:23.049+0000] {logging_mixin.py:137} INFO - [2023-01-31T12:16:23.049+0000] {dagbag.py:538} INFO - Filling up the DagBag from /home/airflow/.local/lib/python3.7/site-packages/airflow/example_dags/example_dynamic_task_mapping.py
[2023-01-31T12:16:23.083+0000] {processor.py:753} INFO - DAG(s) dict_keys(['example_dynamic_task_mapping']) retrieved from /home/airflow/.local/lib/python3.7/site-packages/airflow/example_dags/example_dynamic_task_mapping.py
[2023-01-31T12:16:23.119+0000] {logging_mixin.py:137} INFO - [2023-01-31T12:16:23.118+0000] {dag.py:2690} INFO - Sync 1 DAGs
[2023-01-31T12:16:23.166+0000] {logging_mixin.py:137} INFO - [2023-01-31T12:16:23.165+0000] {dag.py:3441} INFO - Setting next_dagrun for example_dynamic_task_mapping to 2022-03-04T00:00:00+00:00, run_after=2022-03-05T00:00:00+00:00
[2023-01-31T12:16:23.197+0000] {processor.py:175} INFO - Processing /home/airflow/.local/lib/python3.7/site-packages/airflow/example_dags/example_dynamic_task_mapping.py took 0.154 seconds
[2023-01-31T12:16:54.386+0000] {processor.py:153} INFO - Started process (PID=282) to work on /home/airflow/.local/lib/python3.7/site-packages/airflow/example_dags/example_dynamic_task_mapping.py
[2023-01-31T12:16:54.398+0000] {processor.py:743} INFO - Processing file /home/airflow/.local/lib/python3.7/site-packages/airflow/example_dags/example_dynamic_task_mapping.py for tasks to queue
[2023-01-31T12:16:54.400+0000] {logging_mixin.py:137} INFO - [2023-01-31T12:16:54.399+0000] {dagbag.py:538} INFO - Filling up the DagBag from /home/airflow/.local/lib/python3.7/site-packages/airflow/example_dags/example_dynamic_task_mapping.py
[2023-01-31T12:16:54.440+0000] {processor.py:753} INFO - DAG(s) dict_keys(['example_dynamic_task_mapping']) retrieved from /home/airflow/.local/lib/python3.7/site-packages/airflow/example_dags/example_dynamic_task_mapping.py
[2023-01-31T12:16:54.478+0000] {logging_mixin.py:137} INFO - [2023-01-31T12:16:54.478+0000] {dag.py:2690} INFO - Sync 1 DAGs
[2023-01-31T12:16:54.523+0000] {logging_mixin.py:137} INFO - [2023-01-31T12:16:54.522+0000] {dag.py:3441} INFO - Setting next_dagrun for example_dynamic_task_mapping to 2022-03-04T00:00:00+00:00, run_after=2022-03-05T00:00:00+00:00
[2023-01-31T12:16:54.589+0000] {processor.py:175} INFO - Processing /home/airflow/.local/lib/python3.7/site-packages/airflow/example_dags/example_dynamic_task_mapping.py took 0.209 seconds
[2023-01-31T12:17:25.023+0000] {processor.py:153} INFO - Started process (PID=342) to work on /home/airflow/.local/lib/python3.7/site-packages/airflow/example_dags/example_dynamic_task_mapping.py
[2023-01-31T12:17:25.025+0000] {processor.py:743} INFO - Processing file /home/airflow/.local/lib/python3.7/site-packages/airflow/example_dags/example_dynamic_task_mapping.py for tasks to queue
[2023-01-31T12:17:25.026+0000] {logging_mixin.py:137} INFO - [2023-01-31T12:17:25.026+0000] {dagbag.py:538} INFO - Filling up the DagBag from /home/airflow/.local/lib/python3.7/site-packages/airflow/example_dags/example_dynamic_task_mapping.py
[2023-01-31T12:17:25.060+0000] {processor.py:753} INFO - DAG(s) dict_keys(['example_dynamic_task_mapping']) retrieved from /home/airflow/.local/lib/python3.7/site-packages/airflow/example_dags/example_dynamic_task_mapping.py
[2023-01-31T12:17:25.096+0000] {logging_mixin.py:137} INFO - [2023-01-31T12:17:25.096+0000] {dag.py:2690} INFO - Sync 1 DAGs
[2023-01-31T12:17:25.137+0000] {logging_mixin.py:137} INFO - [2023-01-31T12:17:25.137+0000] {dag.py:3441} INFO - Setting next_dagrun for example_dynamic_task_mapping to 2022-03-04T00:00:00+00:00, run_after=2022-03-05T00:00:00+00:00
[2023-01-31T12:17:25.179+0000] {processor.py:175} INFO - Processing /home/airflow/.local/lib/python3.7/site-packages/airflow/example_dags/example_dynamic_task_mapping.py took 0.160 seconds
[2023-01-31T12:17:56.483+0000] {processor.py:153} INFO - Started process (PID=402) to work on /home/airflow/.local/lib/python3.7/site-packages/airflow/example_dags/example_dynamic_task_mapping.py
[2023-01-31T12:17:56.508+0000] {processor.py:743} INFO - Processing file /home/airflow/.local/lib/python3.7/site-packages/airflow/example_dags/example_dynamic_task_mapping.py for tasks to queue
[2023-01-31T12:17:56.509+0000] {logging_mixin.py:137} INFO - [2023-01-31T12:17:56.509+0000] {dagbag.py:538} INFO - Filling up the DagBag from /home/airflow/.local/lib/python3.7/site-packages/airflow/example_dags/example_dynamic_task_mapping.py
[2023-01-31T12:17:56.551+0000] {processor.py:753} INFO - DAG(s) dict_keys(['example_dynamic_task_mapping']) retrieved from /home/airflow/.local/lib/python3.7/site-packages/airflow/example_dags/example_dynamic_task_mapping.py
[2023-01-31T12:17:56.589+0000] {logging_mixin.py:137} INFO - [2023-01-31T12:17:56.589+0000] {dag.py:2690} INFO - Sync 1 DAGs
[2023-01-31T12:17:56.633+0000] {logging_mixin.py:137} INFO - [2023-01-31T12:17:56.633+0000] {dag.py:3441} INFO - Setting next_dagrun for example_dynamic_task_mapping to 2022-03-04T00:00:00+00:00, run_after=2022-03-05T00:00:00+00:00
[2023-01-31T12:17:56.679+0000] {processor.py:175} INFO - Processing /home/airflow/.local/lib/python3.7/site-packages/airflow/example_dags/example_dynamic_task_mapping.py took 0.202 seconds
[2023-01-31T12:18:26.786+0000] {processor.py:153} INFO - Started process (PID=462) to work on /home/airflow/.local/lib/python3.7/site-packages/airflow/example_dags/example_dynamic_task_mapping.py
[2023-01-31T12:18:26.806+0000] {processor.py:743} INFO - Processing file /home/airflow/.local/lib/python3.7/site-packages/airflow/example_dags/example_dynamic_task_mapping.py for tasks to queue
[2023-01-31T12:18:26.807+0000] {logging_mixin.py:137} INFO - [2023-01-31T12:18:26.806+0000] {dagbag.py:538} INFO - Filling up the DagBag from /home/airflow/.local/lib/python3.7/site-packages/airflow/example_dags/example_dynamic_task_mapping.py
[2023-01-31T12:18:26.838+0000] {processor.py:753} INFO - DAG(s) dict_keys(['example_dynamic_task_mapping']) retrieved from /home/airflow/.local/lib/python3.7/site-packages/airflow/example_dags/example_dynamic_task_mapping.py
[2023-01-31T12:18:26.871+0000] {logging_mixin.py:137} INFO - [2023-01-31T12:18:26.871+0000] {dag.py:2690} INFO - Sync 1 DAGs
[2023-01-31T12:18:26.921+0000] {logging_mixin.py:137} INFO - [2023-01-31T12:18:26.921+0000] {dag.py:3441} INFO - Setting next_dagrun for example_dynamic_task_mapping to 2022-03-04T00:00:00+00:00, run_after=2022-03-05T00:00:00+00:00
[2023-01-31T12:18:26.984+0000] {processor.py:175} INFO - Processing /home/airflow/.local/lib/python3.7/site-packages/airflow/example_dags/example_dynamic_task_mapping.py took 0.202 seconds
[2023-01-31T12:18:57.048+0000] {processor.py:153} INFO - Started process (PID=522) to work on /home/airflow/.local/lib/python3.7/site-packages/airflow/example_dags/example_dynamic_task_mapping.py
[2023-01-31T12:18:57.049+0000] {processor.py:743} INFO - Processing file /home/airflow/.local/lib/python3.7/site-packages/airflow/example_dags/example_dynamic_task_mapping.py for tasks to queue
[2023-01-31T12:18:57.049+0000] {logging_mixin.py:137} INFO - [2023-01-31T12:18:57.049+0000] {dagbag.py:538} INFO - Filling up the DagBag from /home/airflow/.local/lib/python3.7/site-packages/airflow/example_dags/example_dynamic_task_mapping.py
[2023-01-31T12:18:57.080+0000] {processor.py:753} INFO - DAG(s) dict_keys(['example_dynamic_task_mapping']) retrieved from /home/airflow/.local/lib/python3.7/site-packages/airflow/example_dags/example_dynamic_task_mapping.py
[2023-01-31T12:18:57.112+0000] {logging_mixin.py:137} INFO - [2023-01-31T12:18:57.112+0000] {dag.py:2690} INFO - Sync 1 DAGs
[2023-01-31T12:18:57.152+0000] {logging_mixin.py:137} INFO - [2023-01-31T12:18:57.152+0000] {dag.py:3441} INFO - Setting next_dagrun for example_dynamic_task_mapping to 2022-03-04T00:00:00+00:00, run_after=2022-03-05T00:00:00+00:00
[2023-01-31T12:18:57.182+0000] {processor.py:175} INFO - Processing /home/airflow/.local/lib/python3.7/site-packages/airflow/example_dags/example_dynamic_task_mapping.py took 0.139 seconds
