[2023-01-31T12:15:19.027+0000] {processor.py:153} INFO - Started process (PID=93) to work on /home/airflow/.local/lib/python3.7/site-packages/airflow/example_dags/example_subdag_operator.py
[2023-01-31T12:15:19.028+0000] {processor.py:743} INFO - Processing file /home/airflow/.local/lib/python3.7/site-packages/airflow/example_dags/example_subdag_operator.py for tasks to queue
[2023-01-31T12:15:19.029+0000] {logging_mixin.py:137} INFO - [2023-01-31T12:15:19.029+0000] {dagbag.py:538} INFO - Filling up the DagBag from /home/airflow/.local/lib/python3.7/site-packages/airflow/example_dags/example_subdag_operator.py
[2023-01-31T12:15:19.082+0000] {processor.py:753} INFO - DAG(s) dict_keys(['example_subdag_operator.section-1', 'example_subdag_operator.section-2', 'example_subdag_operator']) retrieved from /home/airflow/.local/lib/python3.7/site-packages/airflow/example_dags/example_subdag_operator.py
[2023-01-31T12:15:19.116+0000] {logging_mixin.py:137} INFO - [2023-01-31T12:15:19.116+0000] {dag.py:2690} INFO - Sync 3 DAGs
[2023-01-31T12:15:19.161+0000] {logging_mixin.py:137} INFO - [2023-01-31T12:15:19.161+0000] {dag.py:3441} INFO - Setting next_dagrun for example_subdag_operator to 2022-01-01T00:00:00+00:00, run_after=2022-01-01T00:00:00+00:00
[2023-01-31T12:15:19.167+0000] {logging_mixin.py:137} INFO - [2023-01-31T12:15:19.166+0000] {dag.py:3441} INFO - Setting next_dagrun for example_subdag_operator.section-1 to None, run_after=None
[2023-01-31T12:15:19.168+0000] {logging_mixin.py:137} INFO - [2023-01-31T12:15:19.168+0000] {dag.py:3441} INFO - Setting next_dagrun for example_subdag_operator.section-2 to None, run_after=None
[2023-01-31T12:15:19.183+0000] {logging_mixin.py:137} INFO - [2023-01-31T12:15:19.183+0000] {dag.py:2690} INFO - Sync 2 DAGs
[2023-01-31T12:15:19.192+0000] {logging_mixin.py:137} INFO - [2023-01-31T12:15:19.192+0000] {dag.py:3441} INFO - Setting next_dagrun for example_subdag_operator.section-1 to None, run_after=None
[2023-01-31T12:15:19.192+0000] {logging_mixin.py:137} INFO - [2023-01-31T12:15:19.192+0000] {dag.py:3441} INFO - Setting next_dagrun for example_subdag_operator.section-2 to None, run_after=None
[2023-01-31T12:15:19.214+0000] {processor.py:175} INFO - Processing /home/airflow/.local/lib/python3.7/site-packages/airflow/example_dags/example_subdag_operator.py took 0.191 seconds
[2023-01-31T12:15:49.569+0000] {processor.py:153} INFO - Started process (PID=153) to work on /home/airflow/.local/lib/python3.7/site-packages/airflow/example_dags/example_subdag_operator.py
[2023-01-31T12:15:49.572+0000] {processor.py:743} INFO - Processing file /home/airflow/.local/lib/python3.7/site-packages/airflow/example_dags/example_subdag_operator.py for tasks to queue
[2023-01-31T12:15:49.573+0000] {logging_mixin.py:137} INFO - [2023-01-31T12:15:49.573+0000] {dagbag.py:538} INFO - Filling up the DagBag from /home/airflow/.local/lib/python3.7/site-packages/airflow/example_dags/example_subdag_operator.py
[2023-01-31T12:15:49.624+0000] {processor.py:753} INFO - DAG(s) dict_keys(['example_subdag_operator.section-1', 'example_subdag_operator.section-2', 'example_subdag_operator']) retrieved from /home/airflow/.local/lib/python3.7/site-packages/airflow/example_dags/example_subdag_operator.py
[2023-01-31T12:15:49.653+0000] {logging_mixin.py:137} INFO - [2023-01-31T12:15:49.652+0000] {dag.py:2690} INFO - Sync 3 DAGs
[2023-01-31T12:15:49.696+0000] {logging_mixin.py:137} INFO - [2023-01-31T12:15:49.695+0000] {dag.py:3441} INFO - Setting next_dagrun for example_subdag_operator to 2022-01-01T00:00:00+00:00, run_after=2022-01-01T00:00:00+00:00
[2023-01-31T12:15:49.701+0000] {logging_mixin.py:137} INFO - [2023-01-31T12:15:49.700+0000] {dag.py:3441} INFO - Setting next_dagrun for example_subdag_operator.section-1 to None, run_after=None
[2023-01-31T12:15:49.702+0000] {logging_mixin.py:137} INFO - [2023-01-31T12:15:49.702+0000] {dag.py:3441} INFO - Setting next_dagrun for example_subdag_operator.section-2 to None, run_after=None
[2023-01-31T12:15:49.714+0000] {logging_mixin.py:137} INFO - [2023-01-31T12:15:49.713+0000] {dag.py:2690} INFO - Sync 2 DAGs
[2023-01-31T12:15:49.724+0000] {logging_mixin.py:137} INFO - [2023-01-31T12:15:49.723+0000] {dag.py:3441} INFO - Setting next_dagrun for example_subdag_operator.section-1 to None, run_after=None
[2023-01-31T12:15:49.724+0000] {logging_mixin.py:137} INFO - [2023-01-31T12:15:49.724+0000] {dag.py:3441} INFO - Setting next_dagrun for example_subdag_operator.section-2 to None, run_after=None
[2023-01-31T12:15:49.801+0000] {processor.py:175} INFO - Processing /home/airflow/.local/lib/python3.7/site-packages/airflow/example_dags/example_subdag_operator.py took 0.236 seconds
[2023-01-31T12:16:21.570+0000] {processor.py:153} INFO - Started process (PID=213) to work on /home/airflow/.local/lib/python3.7/site-packages/airflow/example_dags/example_subdag_operator.py
[2023-01-31T12:16:21.667+0000] {processor.py:743} INFO - Processing file /home/airflow/.local/lib/python3.7/site-packages/airflow/example_dags/example_subdag_operator.py for tasks to queue
[2023-01-31T12:16:21.669+0000] {logging_mixin.py:137} INFO - [2023-01-31T12:16:21.669+0000] {dagbag.py:538} INFO - Filling up the DagBag from /home/airflow/.local/lib/python3.7/site-packages/airflow/example_dags/example_subdag_operator.py
[2023-01-31T12:16:21.719+0000] {processor.py:753} INFO - DAG(s) dict_keys(['example_subdag_operator.section-1', 'example_subdag_operator.section-2', 'example_subdag_operator']) retrieved from /home/airflow/.local/lib/python3.7/site-packages/airflow/example_dags/example_subdag_operator.py
[2023-01-31T12:16:21.747+0000] {logging_mixin.py:137} INFO - [2023-01-31T12:16:21.746+0000] {dag.py:2690} INFO - Sync 3 DAGs
[2023-01-31T12:16:21.788+0000] {logging_mixin.py:137} INFO - [2023-01-31T12:16:21.787+0000] {dag.py:3441} INFO - Setting next_dagrun for example_subdag_operator to 2022-01-01T00:00:00+00:00, run_after=2022-01-01T00:00:00+00:00
[2023-01-31T12:16:21.793+0000] {logging_mixin.py:137} INFO - [2023-01-31T12:16:21.792+0000] {dag.py:3441} INFO - Setting next_dagrun for example_subdag_operator.section-1 to None, run_after=None
[2023-01-31T12:16:21.794+0000] {logging_mixin.py:137} INFO - [2023-01-31T12:16:21.794+0000] {dag.py:3441} INFO - Setting next_dagrun for example_subdag_operator.section-2 to None, run_after=None
[2023-01-31T12:16:21.804+0000] {logging_mixin.py:137} INFO - [2023-01-31T12:16:21.804+0000] {dag.py:2690} INFO - Sync 2 DAGs
[2023-01-31T12:16:21.813+0000] {logging_mixin.py:137} INFO - [2023-01-31T12:16:21.813+0000] {dag.py:3441} INFO - Setting next_dagrun for example_subdag_operator.section-1 to None, run_after=None
[2023-01-31T12:16:21.900+0000] {logging_mixin.py:137} INFO - [2023-01-31T12:16:21.900+0000] {dag.py:3441} INFO - Setting next_dagrun for example_subdag_operator.section-2 to None, run_after=None
[2023-01-31T12:16:22.130+0000] {processor.py:175} INFO - Processing /home/airflow/.local/lib/python3.7/site-packages/airflow/example_dags/example_subdag_operator.py took 0.564 seconds
[2023-01-31T12:16:52.915+0000] {processor.py:153} INFO - Started process (PID=273) to work on /home/airflow/.local/lib/python3.7/site-packages/airflow/example_dags/example_subdag_operator.py
[2023-01-31T12:16:52.947+0000] {processor.py:743} INFO - Processing file /home/airflow/.local/lib/python3.7/site-packages/airflow/example_dags/example_subdag_operator.py for tasks to queue
[2023-01-31T12:16:52.948+0000] {logging_mixin.py:137} INFO - [2023-01-31T12:16:52.948+0000] {dagbag.py:538} INFO - Filling up the DagBag from /home/airflow/.local/lib/python3.7/site-packages/airflow/example_dags/example_subdag_operator.py
[2023-01-31T12:16:52.990+0000] {processor.py:753} INFO - DAG(s) dict_keys(['example_subdag_operator.section-1', 'example_subdag_operator.section-2', 'example_subdag_operator']) retrieved from /home/airflow/.local/lib/python3.7/site-packages/airflow/example_dags/example_subdag_operator.py
[2023-01-31T12:16:53.015+0000] {logging_mixin.py:137} INFO - [2023-01-31T12:16:53.015+0000] {dag.py:2690} INFO - Sync 3 DAGs
[2023-01-31T12:16:53.055+0000] {logging_mixin.py:137} INFO - [2023-01-31T12:16:53.055+0000] {dag.py:3441} INFO - Setting next_dagrun for example_subdag_operator to 2022-01-01T00:00:00+00:00, run_after=2022-01-01T00:00:00+00:00
[2023-01-31T12:16:53.060+0000] {logging_mixin.py:137} INFO - [2023-01-31T12:16:53.060+0000] {dag.py:3441} INFO - Setting next_dagrun for example_subdag_operator.section-1 to None, run_after=None
[2023-01-31T12:16:53.062+0000] {logging_mixin.py:137} INFO - [2023-01-31T12:16:53.062+0000] {dag.py:3441} INFO - Setting next_dagrun for example_subdag_operator.section-2 to None, run_after=None
[2023-01-31T12:16:53.072+0000] {logging_mixin.py:137} INFO - [2023-01-31T12:16:53.072+0000] {dag.py:2690} INFO - Sync 2 DAGs
[2023-01-31T12:16:53.080+0000] {logging_mixin.py:137} INFO - [2023-01-31T12:16:53.080+0000] {dag.py:3441} INFO - Setting next_dagrun for example_subdag_operator.section-1 to None, run_after=None
[2023-01-31T12:16:53.080+0000] {logging_mixin.py:137} INFO - [2023-01-31T12:16:53.080+0000] {dag.py:3441} INFO - Setting next_dagrun for example_subdag_operator.section-2 to None, run_after=None
[2023-01-31T12:16:53.107+0000] {processor.py:175} INFO - Processing /home/airflow/.local/lib/python3.7/site-packages/airflow/example_dags/example_subdag_operator.py took 0.197 seconds
[2023-01-31T12:17:23.775+0000] {processor.py:153} INFO - Started process (PID=333) to work on /home/airflow/.local/lib/python3.7/site-packages/airflow/example_dags/example_subdag_operator.py
[2023-01-31T12:17:23.782+0000] {processor.py:743} INFO - Processing file /home/airflow/.local/lib/python3.7/site-packages/airflow/example_dags/example_subdag_operator.py for tasks to queue
[2023-01-31T12:17:23.783+0000] {logging_mixin.py:137} INFO - [2023-01-31T12:17:23.783+0000] {dagbag.py:538} INFO - Filling up the DagBag from /home/airflow/.local/lib/python3.7/site-packages/airflow/example_dags/example_subdag_operator.py
[2023-01-31T12:17:23.843+0000] {processor.py:753} INFO - DAG(s) dict_keys(['example_subdag_operator.section-1', 'example_subdag_operator.section-2', 'example_subdag_operator']) retrieved from /home/airflow/.local/lib/python3.7/site-packages/airflow/example_dags/example_subdag_operator.py
[2023-01-31T12:17:23.877+0000] {logging_mixin.py:137} INFO - [2023-01-31T12:17:23.877+0000] {dag.py:2690} INFO - Sync 3 DAGs
[2023-01-31T12:17:23.931+0000] {logging_mixin.py:137} INFO - [2023-01-31T12:17:23.931+0000] {dag.py:3441} INFO - Setting next_dagrun for example_subdag_operator to 2022-01-01T00:00:00+00:00, run_after=2022-01-01T00:00:00+00:00
[2023-01-31T12:17:23.939+0000] {logging_mixin.py:137} INFO - [2023-01-31T12:17:23.938+0000] {dag.py:3441} INFO - Setting next_dagrun for example_subdag_operator.section-1 to None, run_after=None
[2023-01-31T12:17:23.942+0000] {logging_mixin.py:137} INFO - [2023-01-31T12:17:23.942+0000] {dag.py:3441} INFO - Setting next_dagrun for example_subdag_operator.section-2 to None, run_after=None
[2023-01-31T12:17:23.957+0000] {logging_mixin.py:137} INFO - [2023-01-31T12:17:23.956+0000] {dag.py:2690} INFO - Sync 2 DAGs
[2023-01-31T12:17:23.968+0000] {logging_mixin.py:137} INFO - [2023-01-31T12:17:23.968+0000] {dag.py:3441} INFO - Setting next_dagrun for example_subdag_operator.section-1 to None, run_after=None
[2023-01-31T12:17:23.968+0000] {logging_mixin.py:137} INFO - [2023-01-31T12:17:23.968+0000] {dag.py:3441} INFO - Setting next_dagrun for example_subdag_operator.section-2 to None, run_after=None
[2023-01-31T12:17:24.002+0000] {processor.py:175} INFO - Processing /home/airflow/.local/lib/python3.7/site-packages/airflow/example_dags/example_subdag_operator.py took 0.234 seconds
[2023-01-31T12:17:54.940+0000] {processor.py:153} INFO - Started process (PID=393) to work on /home/airflow/.local/lib/python3.7/site-packages/airflow/example_dags/example_subdag_operator.py
[2023-01-31T12:17:54.998+0000] {processor.py:743} INFO - Processing file /home/airflow/.local/lib/python3.7/site-packages/airflow/example_dags/example_subdag_operator.py for tasks to queue
[2023-01-31T12:17:55.000+0000] {logging_mixin.py:137} INFO - [2023-01-31T12:17:55.000+0000] {dagbag.py:538} INFO - Filling up the DagBag from /home/airflow/.local/lib/python3.7/site-packages/airflow/example_dags/example_subdag_operator.py
[2023-01-31T12:17:55.058+0000] {processor.py:753} INFO - DAG(s) dict_keys(['example_subdag_operator.section-1', 'example_subdag_operator.section-2', 'example_subdag_operator']) retrieved from /home/airflow/.local/lib/python3.7/site-packages/airflow/example_dags/example_subdag_operator.py
[2023-01-31T12:17:55.090+0000] {logging_mixin.py:137} INFO - [2023-01-31T12:17:55.089+0000] {dag.py:2690} INFO - Sync 3 DAGs
[2023-01-31T12:17:55.130+0000] {logging_mixin.py:137} INFO - [2023-01-31T12:17:55.130+0000] {dag.py:3441} INFO - Setting next_dagrun for example_subdag_operator to 2022-01-01T00:00:00+00:00, run_after=2022-01-01T00:00:00+00:00
[2023-01-31T12:17:55.135+0000] {logging_mixin.py:137} INFO - [2023-01-31T12:17:55.134+0000] {dag.py:3441} INFO - Setting next_dagrun for example_subdag_operator.section-1 to None, run_after=None
[2023-01-31T12:17:55.136+0000] {logging_mixin.py:137} INFO - [2023-01-31T12:17:55.136+0000] {dag.py:3441} INFO - Setting next_dagrun for example_subdag_operator.section-2 to None, run_after=None
[2023-01-31T12:17:55.145+0000] {logging_mixin.py:137} INFO - [2023-01-31T12:17:55.145+0000] {dag.py:2690} INFO - Sync 2 DAGs
[2023-01-31T12:17:55.153+0000] {logging_mixin.py:137} INFO - [2023-01-31T12:17:55.153+0000] {dag.py:3441} INFO - Setting next_dagrun for example_subdag_operator.section-1 to None, run_after=None
[2023-01-31T12:17:55.154+0000] {logging_mixin.py:137} INFO - [2023-01-31T12:17:55.154+0000] {dag.py:3441} INFO - Setting next_dagrun for example_subdag_operator.section-2 to None, run_after=None
[2023-01-31T12:17:55.257+0000] {processor.py:175} INFO - Processing /home/airflow/.local/lib/python3.7/site-packages/airflow/example_dags/example_subdag_operator.py took 0.321 seconds
[2023-01-31T12:18:25.769+0000] {processor.py:153} INFO - Started process (PID=453) to work on /home/airflow/.local/lib/python3.7/site-packages/airflow/example_dags/example_subdag_operator.py
[2023-01-31T12:18:25.770+0000] {processor.py:743} INFO - Processing file /home/airflow/.local/lib/python3.7/site-packages/airflow/example_dags/example_subdag_operator.py for tasks to queue
[2023-01-31T12:18:25.771+0000] {logging_mixin.py:137} INFO - [2023-01-31T12:18:25.771+0000] {dagbag.py:538} INFO - Filling up the DagBag from /home/airflow/.local/lib/python3.7/site-packages/airflow/example_dags/example_subdag_operator.py
[2023-01-31T12:18:25.824+0000] {processor.py:753} INFO - DAG(s) dict_keys(['example_subdag_operator.section-1', 'example_subdag_operator.section-2', 'example_subdag_operator']) retrieved from /home/airflow/.local/lib/python3.7/site-packages/airflow/example_dags/example_subdag_operator.py
[2023-01-31T12:18:25.850+0000] {logging_mixin.py:137} INFO - [2023-01-31T12:18:25.850+0000] {dag.py:2690} INFO - Sync 3 DAGs
[2023-01-31T12:18:25.888+0000] {logging_mixin.py:137} INFO - [2023-01-31T12:18:25.888+0000] {dag.py:3441} INFO - Setting next_dagrun for example_subdag_operator to 2022-01-01T00:00:00+00:00, run_after=2022-01-01T00:00:00+00:00
[2023-01-31T12:18:25.893+0000] {logging_mixin.py:137} INFO - [2023-01-31T12:18:25.892+0000] {dag.py:3441} INFO - Setting next_dagrun for example_subdag_operator.section-1 to None, run_after=None
[2023-01-31T12:18:25.894+0000] {logging_mixin.py:137} INFO - [2023-01-31T12:18:25.894+0000] {dag.py:3441} INFO - Setting next_dagrun for example_subdag_operator.section-2 to None, run_after=None
[2023-01-31T12:18:25.904+0000] {logging_mixin.py:137} INFO - [2023-01-31T12:18:25.904+0000] {dag.py:2690} INFO - Sync 2 DAGs
[2023-01-31T12:18:25.914+0000] {logging_mixin.py:137} INFO - [2023-01-31T12:18:25.914+0000] {dag.py:3441} INFO - Setting next_dagrun for example_subdag_operator.section-1 to None, run_after=None
[2023-01-31T12:18:25.914+0000] {logging_mixin.py:137} INFO - [2023-01-31T12:18:25.914+0000] {dag.py:3441} INFO - Setting next_dagrun for example_subdag_operator.section-2 to None, run_after=None
[2023-01-31T12:18:25.950+0000] {processor.py:175} INFO - Processing /home/airflow/.local/lib/python3.7/site-packages/airflow/example_dags/example_subdag_operator.py took 0.187 seconds
[2023-01-31T12:18:56.089+0000] {processor.py:153} INFO - Started process (PID=513) to work on /home/airflow/.local/lib/python3.7/site-packages/airflow/example_dags/example_subdag_operator.py
[2023-01-31T12:18:56.091+0000] {processor.py:743} INFO - Processing file /home/airflow/.local/lib/python3.7/site-packages/airflow/example_dags/example_subdag_operator.py for tasks to queue
[2023-01-31T12:18:56.092+0000] {logging_mixin.py:137} INFO - [2023-01-31T12:18:56.092+0000] {dagbag.py:538} INFO - Filling up the DagBag from /home/airflow/.local/lib/python3.7/site-packages/airflow/example_dags/example_subdag_operator.py
[2023-01-31T12:18:56.149+0000] {processor.py:753} INFO - DAG(s) dict_keys(['example_subdag_operator.section-1', 'example_subdag_operator.section-2', 'example_subdag_operator']) retrieved from /home/airflow/.local/lib/python3.7/site-packages/airflow/example_dags/example_subdag_operator.py
[2023-01-31T12:18:56.176+0000] {logging_mixin.py:137} INFO - [2023-01-31T12:18:56.175+0000] {dag.py:2690} INFO - Sync 3 DAGs
[2023-01-31T12:18:56.214+0000] {logging_mixin.py:137} INFO - [2023-01-31T12:18:56.213+0000] {dag.py:3441} INFO - Setting next_dagrun for example_subdag_operator to 2022-01-01T00:00:00+00:00, run_after=2022-01-01T00:00:00+00:00
[2023-01-31T12:18:56.218+0000] {logging_mixin.py:137} INFO - [2023-01-31T12:18:56.218+0000] {dag.py:3441} INFO - Setting next_dagrun for example_subdag_operator.section-1 to None, run_after=None
[2023-01-31T12:18:56.219+0000] {logging_mixin.py:137} INFO - [2023-01-31T12:18:56.219+0000] {dag.py:3441} INFO - Setting next_dagrun for example_subdag_operator.section-2 to None, run_after=None
[2023-01-31T12:18:56.229+0000] {logging_mixin.py:137} INFO - [2023-01-31T12:18:56.229+0000] {dag.py:2690} INFO - Sync 2 DAGs
[2023-01-31T12:18:56.236+0000] {logging_mixin.py:137} INFO - [2023-01-31T12:18:56.236+0000] {dag.py:3441} INFO - Setting next_dagrun for example_subdag_operator.section-1 to None, run_after=None
[2023-01-31T12:18:56.237+0000] {logging_mixin.py:137} INFO - [2023-01-31T12:18:56.237+0000] {dag.py:3441} INFO - Setting next_dagrun for example_subdag_operator.section-2 to None, run_after=None
[2023-01-31T12:18:56.256+0000] {processor.py:175} INFO - Processing /home/airflow/.local/lib/python3.7/site-packages/airflow/example_dags/example_subdag_operator.py took 0.172 seconds
