[2023-01-31T12:15:15.241+0000] {processor.py:153} INFO - Started process (PID=73) to work on /home/airflow/.local/lib/python3.7/site-packages/airflow/example_dags/example_sla_dag.py
[2023-01-31T12:15:15.242+0000] {processor.py:743} INFO - Processing file /home/airflow/.local/lib/python3.7/site-packages/airflow/example_dags/example_sla_dag.py for tasks to queue
[2023-01-31T12:15:15.243+0000] {logging_mixin.py:137} INFO - [2023-01-31T12:15:15.243+0000] {dagbag.py:538} INFO - Filling up the DagBag from /home/airflow/.local/lib/python3.7/site-packages/airflow/example_dags/example_sla_dag.py
[2023-01-31T12:15:15.280+0000] {processor.py:753} INFO - DAG(s) dict_keys(['example_sla_dag']) retrieved from /home/airflow/.local/lib/python3.7/site-packages/airflow/example_dags/example_sla_dag.py
[2023-01-31T12:15:15.318+0000] {logging_mixin.py:137} INFO - [2023-01-31T12:15:15.318+0000] {dag.py:2690} INFO - Sync 1 DAGs
[2023-01-31T12:15:15.368+0000] {logging_mixin.py:137} INFO - [2023-01-31T12:15:15.368+0000] {dag.py:3441} INFO - Setting next_dagrun for example_sla_dag to 2023-01-31T12:12:00+00:00, run_after=2023-01-31T12:14:00+00:00
[2023-01-31T12:15:15.426+0000] {processor.py:175} INFO - Processing /home/airflow/.local/lib/python3.7/site-packages/airflow/example_dags/example_sla_dag.py took 0.189 seconds
[2023-01-31T12:15:46.574+0000] {processor.py:153} INFO - Started process (PID=133) to work on /home/airflow/.local/lib/python3.7/site-packages/airflow/example_dags/example_sla_dag.py
[2023-01-31T12:15:46.576+0000] {processor.py:743} INFO - Processing file /home/airflow/.local/lib/python3.7/site-packages/airflow/example_dags/example_sla_dag.py for tasks to queue
[2023-01-31T12:15:46.577+0000] {logging_mixin.py:137} INFO - [2023-01-31T12:15:46.577+0000] {dagbag.py:538} INFO - Filling up the DagBag from /home/airflow/.local/lib/python3.7/site-packages/airflow/example_dags/example_sla_dag.py
[2023-01-31T12:15:46.617+0000] {processor.py:753} INFO - DAG(s) dict_keys(['example_sla_dag']) retrieved from /home/airflow/.local/lib/python3.7/site-packages/airflow/example_dags/example_sla_dag.py
[2023-01-31T12:15:46.656+0000] {logging_mixin.py:137} INFO - [2023-01-31T12:15:46.655+0000] {dag.py:2690} INFO - Sync 1 DAGs
[2023-01-31T12:15:46.701+0000] {logging_mixin.py:137} INFO - [2023-01-31T12:15:46.701+0000] {dag.py:3441} INFO - Setting next_dagrun for example_sla_dag to 2023-01-31T12:12:00+00:00, run_after=2023-01-31T12:14:00+00:00
[2023-01-31T12:15:46.812+0000] {processor.py:175} INFO - Processing /home/airflow/.local/lib/python3.7/site-packages/airflow/example_dags/example_sla_dag.py took 0.243 seconds
[2023-01-31T12:16:17.230+0000] {processor.py:153} INFO - Started process (PID=193) to work on /home/airflow/.local/lib/python3.7/site-packages/airflow/example_dags/example_sla_dag.py
[2023-01-31T12:16:17.249+0000] {processor.py:743} INFO - Processing file /home/airflow/.local/lib/python3.7/site-packages/airflow/example_dags/example_sla_dag.py for tasks to queue
[2023-01-31T12:16:17.250+0000] {logging_mixin.py:137} INFO - [2023-01-31T12:16:17.249+0000] {dagbag.py:538} INFO - Filling up the DagBag from /home/airflow/.local/lib/python3.7/site-packages/airflow/example_dags/example_sla_dag.py
[2023-01-31T12:16:17.282+0000] {processor.py:753} INFO - DAG(s) dict_keys(['example_sla_dag']) retrieved from /home/airflow/.local/lib/python3.7/site-packages/airflow/example_dags/example_sla_dag.py
[2023-01-31T12:16:17.321+0000] {logging_mixin.py:137} INFO - [2023-01-31T12:16:17.321+0000] {dag.py:2690} INFO - Sync 1 DAGs
[2023-01-31T12:16:17.378+0000] {logging_mixin.py:137} INFO - [2023-01-31T12:16:17.378+0000] {dag.py:3441} INFO - Setting next_dagrun for example_sla_dag to 2023-01-31T12:14:00+00:00, run_after=2023-01-31T12:16:00+00:00
[2023-01-31T12:16:17.430+0000] {processor.py:175} INFO - Processing /home/airflow/.local/lib/python3.7/site-packages/airflow/example_dags/example_sla_dag.py took 0.204 seconds
[2023-01-31T12:16:48.517+0000] {processor.py:153} INFO - Started process (PID=253) to work on /home/airflow/.local/lib/python3.7/site-packages/airflow/example_dags/example_sla_dag.py
[2023-01-31T12:16:48.566+0000] {processor.py:743} INFO - Processing file /home/airflow/.local/lib/python3.7/site-packages/airflow/example_dags/example_sla_dag.py for tasks to queue
[2023-01-31T12:16:48.567+0000] {logging_mixin.py:137} INFO - [2023-01-31T12:16:48.567+0000] {dagbag.py:538} INFO - Filling up the DagBag from /home/airflow/.local/lib/python3.7/site-packages/airflow/example_dags/example_sla_dag.py
[2023-01-31T12:16:48.603+0000] {processor.py:753} INFO - DAG(s) dict_keys(['example_sla_dag']) retrieved from /home/airflow/.local/lib/python3.7/site-packages/airflow/example_dags/example_sla_dag.py
[2023-01-31T12:16:48.639+0000] {logging_mixin.py:137} INFO - [2023-01-31T12:16:48.639+0000] {dag.py:2690} INFO - Sync 1 DAGs
[2023-01-31T12:16:48.691+0000] {logging_mixin.py:137} INFO - [2023-01-31T12:16:48.691+0000] {dag.py:3441} INFO - Setting next_dagrun for example_sla_dag to 2023-01-31T12:14:00+00:00, run_after=2023-01-31T12:16:00+00:00
[2023-01-31T12:16:48.767+0000] {processor.py:175} INFO - Processing /home/airflow/.local/lib/python3.7/site-packages/airflow/example_dags/example_sla_dag.py took 0.254 seconds
[2023-01-31T12:17:19.725+0000] {processor.py:153} INFO - Started process (PID=313) to work on /home/airflow/.local/lib/python3.7/site-packages/airflow/example_dags/example_sla_dag.py
[2023-01-31T12:17:19.736+0000] {processor.py:743} INFO - Processing file /home/airflow/.local/lib/python3.7/site-packages/airflow/example_dags/example_sla_dag.py for tasks to queue
[2023-01-31T12:17:19.737+0000] {logging_mixin.py:137} INFO - [2023-01-31T12:17:19.737+0000] {dagbag.py:538} INFO - Filling up the DagBag from /home/airflow/.local/lib/python3.7/site-packages/airflow/example_dags/example_sla_dag.py
[2023-01-31T12:17:19.778+0000] {processor.py:753} INFO - DAG(s) dict_keys(['example_sla_dag']) retrieved from /home/airflow/.local/lib/python3.7/site-packages/airflow/example_dags/example_sla_dag.py
[2023-01-31T12:17:19.818+0000] {logging_mixin.py:137} INFO - [2023-01-31T12:17:19.818+0000] {dag.py:2690} INFO - Sync 1 DAGs
[2023-01-31T12:17:19.869+0000] {logging_mixin.py:137} INFO - [2023-01-31T12:17:19.869+0000] {dag.py:3441} INFO - Setting next_dagrun for example_sla_dag to 2023-01-31T12:14:00+00:00, run_after=2023-01-31T12:16:00+00:00
[2023-01-31T12:17:19.926+0000] {processor.py:175} INFO - Processing /home/airflow/.local/lib/python3.7/site-packages/airflow/example_dags/example_sla_dag.py took 0.207 seconds
[2023-01-31T12:17:50.450+0000] {processor.py:153} INFO - Started process (PID=373) to work on /home/airflow/.local/lib/python3.7/site-packages/airflow/example_dags/example_sla_dag.py
[2023-01-31T12:17:50.451+0000] {processor.py:743} INFO - Processing file /home/airflow/.local/lib/python3.7/site-packages/airflow/example_dags/example_sla_dag.py for tasks to queue
[2023-01-31T12:17:50.452+0000] {logging_mixin.py:137} INFO - [2023-01-31T12:17:50.451+0000] {dagbag.py:538} INFO - Filling up the DagBag from /home/airflow/.local/lib/python3.7/site-packages/airflow/example_dags/example_sla_dag.py
[2023-01-31T12:17:50.489+0000] {processor.py:753} INFO - DAG(s) dict_keys(['example_sla_dag']) retrieved from /home/airflow/.local/lib/python3.7/site-packages/airflow/example_dags/example_sla_dag.py
[2023-01-31T12:17:50.532+0000] {logging_mixin.py:137} INFO - [2023-01-31T12:17:50.532+0000] {dag.py:2690} INFO - Sync 1 DAGs
[2023-01-31T12:17:50.577+0000] {logging_mixin.py:137} INFO - [2023-01-31T12:17:50.577+0000] {dag.py:3441} INFO - Setting next_dagrun for example_sla_dag to 2023-01-31T12:14:00+00:00, run_after=2023-01-31T12:16:00+00:00
[2023-01-31T12:17:50.627+0000] {processor.py:175} INFO - Processing /home/airflow/.local/lib/python3.7/site-packages/airflow/example_dags/example_sla_dag.py took 0.182 seconds
[2023-01-31T12:18:20.730+0000] {processor.py:153} INFO - Started process (PID=433) to work on /home/airflow/.local/lib/python3.7/site-packages/airflow/example_dags/example_sla_dag.py
[2023-01-31T12:18:20.731+0000] {processor.py:743} INFO - Processing file /home/airflow/.local/lib/python3.7/site-packages/airflow/example_dags/example_sla_dag.py for tasks to queue
[2023-01-31T12:18:20.732+0000] {logging_mixin.py:137} INFO - [2023-01-31T12:18:20.732+0000] {dagbag.py:538} INFO - Filling up the DagBag from /home/airflow/.local/lib/python3.7/site-packages/airflow/example_dags/example_sla_dag.py
[2023-01-31T12:18:20.769+0000] {processor.py:753} INFO - DAG(s) dict_keys(['example_sla_dag']) retrieved from /home/airflow/.local/lib/python3.7/site-packages/airflow/example_dags/example_sla_dag.py
[2023-01-31T12:18:20.801+0000] {logging_mixin.py:137} INFO - [2023-01-31T12:18:20.800+0000] {dag.py:2690} INFO - Sync 1 DAGs
[2023-01-31T12:18:20.846+0000] {logging_mixin.py:137} INFO - [2023-01-31T12:18:20.846+0000] {dag.py:3441} INFO - Setting next_dagrun for example_sla_dag to 2023-01-31T12:16:00+00:00, run_after=2023-01-31T12:18:00+00:00
[2023-01-31T12:18:20.877+0000] {processor.py:175} INFO - Processing /home/airflow/.local/lib/python3.7/site-packages/airflow/example_dags/example_sla_dag.py took 0.152 seconds
[2023-01-31T12:18:51.812+0000] {processor.py:153} INFO - Started process (PID=493) to work on /home/airflow/.local/lib/python3.7/site-packages/airflow/example_dags/example_sla_dag.py
[2023-01-31T12:18:51.813+0000] {processor.py:743} INFO - Processing file /home/airflow/.local/lib/python3.7/site-packages/airflow/example_dags/example_sla_dag.py for tasks to queue
[2023-01-31T12:18:51.814+0000] {logging_mixin.py:137} INFO - [2023-01-31T12:18:51.814+0000] {dagbag.py:538} INFO - Filling up the DagBag from /home/airflow/.local/lib/python3.7/site-packages/airflow/example_dags/example_sla_dag.py
[2023-01-31T12:18:51.849+0000] {processor.py:753} INFO - DAG(s) dict_keys(['example_sla_dag']) retrieved from /home/airflow/.local/lib/python3.7/site-packages/airflow/example_dags/example_sla_dag.py
[2023-01-31T12:18:51.881+0000] {logging_mixin.py:137} INFO - [2023-01-31T12:18:51.881+0000] {dag.py:2690} INFO - Sync 1 DAGs
[2023-01-31T12:18:51.927+0000] {logging_mixin.py:137} INFO - [2023-01-31T12:18:51.927+0000] {dag.py:3441} INFO - Setting next_dagrun for example_sla_dag to 2023-01-31T12:16:00+00:00, run_after=2023-01-31T12:18:00+00:00
[2023-01-31T12:18:51.962+0000] {processor.py:175} INFO - Processing /home/airflow/.local/lib/python3.7/site-packages/airflow/example_dags/example_sla_dag.py took 0.154 seconds
