[2023-01-31T12:15:15.468+0000] {processor.py:153} INFO - Started process (PID=75) to work on /home/airflow/.local/lib/python3.7/site-packages/airflow/example_dags/example_xcom.py
[2023-01-31T12:15:15.469+0000] {processor.py:743} INFO - Processing file /home/airflow/.local/lib/python3.7/site-packages/airflow/example_dags/example_xcom.py for tasks to queue
[2023-01-31T12:15:15.470+0000] {logging_mixin.py:137} INFO - [2023-01-31T12:15:15.470+0000] {dagbag.py:538} INFO - Filling up the DagBag from /home/airflow/.local/lib/python3.7/site-packages/airflow/example_dags/example_xcom.py
[2023-01-31T12:15:15.564+0000] {processor.py:753} INFO - DAG(s) dict_keys(['example_xcom']) retrieved from /home/airflow/.local/lib/python3.7/site-packages/airflow/example_dags/example_xcom.py
[2023-01-31T12:15:15.609+0000] {logging_mixin.py:137} INFO - [2023-01-31T12:15:15.609+0000] {dag.py:2690} INFO - Sync 1 DAGs
[2023-01-31T12:15:15.664+0000] {logging_mixin.py:137} INFO - [2023-01-31T12:15:15.664+0000] {dag.py:3441} INFO - Setting next_dagrun for example_xcom to 2021-01-01T00:00:00+00:00, run_after=2021-01-01T00:00:00+00:00
[2023-01-31T12:15:15.721+0000] {processor.py:175} INFO - Processing /home/airflow/.local/lib/python3.7/site-packages/airflow/example_dags/example_xcom.py took 0.258 seconds
[2023-01-31T12:15:46.846+0000] {processor.py:153} INFO - Started process (PID=135) to work on /home/airflow/.local/lib/python3.7/site-packages/airflow/example_dags/example_xcom.py
[2023-01-31T12:15:46.847+0000] {processor.py:743} INFO - Processing file /home/airflow/.local/lib/python3.7/site-packages/airflow/example_dags/example_xcom.py for tasks to queue
[2023-01-31T12:15:46.848+0000] {logging_mixin.py:137} INFO - [2023-01-31T12:15:46.848+0000] {dagbag.py:538} INFO - Filling up the DagBag from /home/airflow/.local/lib/python3.7/site-packages/airflow/example_dags/example_xcom.py
[2023-01-31T12:15:46.889+0000] {processor.py:753} INFO - DAG(s) dict_keys(['example_xcom']) retrieved from /home/airflow/.local/lib/python3.7/site-packages/airflow/example_dags/example_xcom.py
[2023-01-31T12:15:46.925+0000] {logging_mixin.py:137} INFO - [2023-01-31T12:15:46.925+0000] {dag.py:2690} INFO - Sync 1 DAGs
[2023-01-31T12:15:46.972+0000] {logging_mixin.py:137} INFO - [2023-01-31T12:15:46.971+0000] {dag.py:3441} INFO - Setting next_dagrun for example_xcom to 2021-01-01T00:00:00+00:00, run_after=2021-01-01T00:00:00+00:00
[2023-01-31T12:15:47.046+0000] {processor.py:175} INFO - Processing /home/airflow/.local/lib/python3.7/site-packages/airflow/example_dags/example_xcom.py took 0.205 seconds
[2023-01-31T12:16:17.461+0000] {processor.py:153} INFO - Started process (PID=195) to work on /home/airflow/.local/lib/python3.7/site-packages/airflow/example_dags/example_xcom.py
[2023-01-31T12:16:17.467+0000] {processor.py:743} INFO - Processing file /home/airflow/.local/lib/python3.7/site-packages/airflow/example_dags/example_xcom.py for tasks to queue
[2023-01-31T12:16:17.468+0000] {logging_mixin.py:137} INFO - [2023-01-31T12:16:17.467+0000] {dagbag.py:538} INFO - Filling up the DagBag from /home/airflow/.local/lib/python3.7/site-packages/airflow/example_dags/example_xcom.py
[2023-01-31T12:16:17.511+0000] {processor.py:753} INFO - DAG(s) dict_keys(['example_xcom']) retrieved from /home/airflow/.local/lib/python3.7/site-packages/airflow/example_dags/example_xcom.py
[2023-01-31T12:16:17.551+0000] {logging_mixin.py:137} INFO - [2023-01-31T12:16:17.551+0000] {dag.py:2690} INFO - Sync 1 DAGs
[2023-01-31T12:16:17.597+0000] {logging_mixin.py:137} INFO - [2023-01-31T12:16:17.596+0000] {dag.py:3441} INFO - Setting next_dagrun for example_xcom to 2021-01-01T00:00:00+00:00, run_after=2021-01-01T00:00:00+00:00
[2023-01-31T12:16:17.655+0000] {processor.py:175} INFO - Processing /home/airflow/.local/lib/python3.7/site-packages/airflow/example_dags/example_xcom.py took 0.201 seconds
[2023-01-31T12:16:48.801+0000] {processor.py:153} INFO - Started process (PID=255) to work on /home/airflow/.local/lib/python3.7/site-packages/airflow/example_dags/example_xcom.py
[2023-01-31T12:16:48.833+0000] {processor.py:743} INFO - Processing file /home/airflow/.local/lib/python3.7/site-packages/airflow/example_dags/example_xcom.py for tasks to queue
[2023-01-31T12:16:48.833+0000] {logging_mixin.py:137} INFO - [2023-01-31T12:16:48.833+0000] {dagbag.py:538} INFO - Filling up the DagBag from /home/airflow/.local/lib/python3.7/site-packages/airflow/example_dags/example_xcom.py
[2023-01-31T12:16:48.878+0000] {processor.py:753} INFO - DAG(s) dict_keys(['example_xcom']) retrieved from /home/airflow/.local/lib/python3.7/site-packages/airflow/example_dags/example_xcom.py
[2023-01-31T12:16:48.917+0000] {logging_mixin.py:137} INFO - [2023-01-31T12:16:48.917+0000] {dag.py:2690} INFO - Sync 1 DAGs
[2023-01-31T12:16:48.957+0000] {logging_mixin.py:137} INFO - [2023-01-31T12:16:48.957+0000] {dag.py:3441} INFO - Setting next_dagrun for example_xcom to 2021-01-01T00:00:00+00:00, run_after=2021-01-01T00:00:00+00:00
[2023-01-31T12:16:49.037+0000] {processor.py:175} INFO - Processing /home/airflow/.local/lib/python3.7/site-packages/airflow/example_dags/example_xcom.py took 0.240 seconds
[2023-01-31T12:17:19.971+0000] {processor.py:153} INFO - Started process (PID=315) to work on /home/airflow/.local/lib/python3.7/site-packages/airflow/example_dags/example_xcom.py
[2023-01-31T12:17:19.972+0000] {processor.py:743} INFO - Processing file /home/airflow/.local/lib/python3.7/site-packages/airflow/example_dags/example_xcom.py for tasks to queue
[2023-01-31T12:17:19.973+0000] {logging_mixin.py:137} INFO - [2023-01-31T12:17:19.973+0000] {dagbag.py:538} INFO - Filling up the DagBag from /home/airflow/.local/lib/python3.7/site-packages/airflow/example_dags/example_xcom.py
[2023-01-31T12:17:20.014+0000] {processor.py:753} INFO - DAG(s) dict_keys(['example_xcom']) retrieved from /home/airflow/.local/lib/python3.7/site-packages/airflow/example_dags/example_xcom.py
[2023-01-31T12:17:20.057+0000] {logging_mixin.py:137} INFO - [2023-01-31T12:17:20.057+0000] {dag.py:2690} INFO - Sync 1 DAGs
[2023-01-31T12:17:20.100+0000] {logging_mixin.py:137} INFO - [2023-01-31T12:17:20.100+0000] {dag.py:3441} INFO - Setting next_dagrun for example_xcom to 2021-01-01T00:00:00+00:00, run_after=2021-01-01T00:00:00+00:00
[2023-01-31T12:17:20.141+0000] {processor.py:175} INFO - Processing /home/airflow/.local/lib/python3.7/site-packages/airflow/example_dags/example_xcom.py took 0.175 seconds
[2023-01-31T12:17:50.657+0000] {processor.py:153} INFO - Started process (PID=375) to work on /home/airflow/.local/lib/python3.7/site-packages/airflow/example_dags/example_xcom.py
[2023-01-31T12:17:50.658+0000] {processor.py:743} INFO - Processing file /home/airflow/.local/lib/python3.7/site-packages/airflow/example_dags/example_xcom.py for tasks to queue
[2023-01-31T12:17:50.659+0000] {logging_mixin.py:137} INFO - [2023-01-31T12:17:50.659+0000] {dagbag.py:538} INFO - Filling up the DagBag from /home/airflow/.local/lib/python3.7/site-packages/airflow/example_dags/example_xcom.py
[2023-01-31T12:17:50.697+0000] {processor.py:753} INFO - DAG(s) dict_keys(['example_xcom']) retrieved from /home/airflow/.local/lib/python3.7/site-packages/airflow/example_dags/example_xcom.py
[2023-01-31T12:17:50.732+0000] {logging_mixin.py:137} INFO - [2023-01-31T12:17:50.732+0000] {dag.py:2690} INFO - Sync 1 DAGs
[2023-01-31T12:17:50.770+0000] {logging_mixin.py:137} INFO - [2023-01-31T12:17:50.770+0000] {dag.py:3441} INFO - Setting next_dagrun for example_xcom to 2021-01-01T00:00:00+00:00, run_after=2021-01-01T00:00:00+00:00
[2023-01-31T12:17:50.926+0000] {processor.py:175} INFO - Processing /home/airflow/.local/lib/python3.7/site-packages/airflow/example_dags/example_xcom.py took 0.273 seconds
[2023-01-31T12:18:21.922+0000] {processor.py:153} INFO - Started process (PID=435) to work on /home/airflow/.local/lib/python3.7/site-packages/airflow/example_dags/example_xcom.py
[2023-01-31T12:18:21.924+0000] {processor.py:743} INFO - Processing file /home/airflow/.local/lib/python3.7/site-packages/airflow/example_dags/example_xcom.py for tasks to queue
[2023-01-31T12:18:21.925+0000] {logging_mixin.py:137} INFO - [2023-01-31T12:18:21.924+0000] {dagbag.py:538} INFO - Filling up the DagBag from /home/airflow/.local/lib/python3.7/site-packages/airflow/example_dags/example_xcom.py
[2023-01-31T12:18:21.966+0000] {processor.py:753} INFO - DAG(s) dict_keys(['example_xcom']) retrieved from /home/airflow/.local/lib/python3.7/site-packages/airflow/example_dags/example_xcom.py
[2023-01-31T12:18:22.003+0000] {logging_mixin.py:137} INFO - [2023-01-31T12:18:22.003+0000] {dag.py:2690} INFO - Sync 1 DAGs
[2023-01-31T12:18:22.059+0000] {logging_mixin.py:137} INFO - [2023-01-31T12:18:22.059+0000] {dag.py:3441} INFO - Setting next_dagrun for example_xcom to 2021-01-01T00:00:00+00:00, run_after=2021-01-01T00:00:00+00:00
[2023-01-31T12:18:22.119+0000] {processor.py:175} INFO - Processing /home/airflow/.local/lib/python3.7/site-packages/airflow/example_dags/example_xcom.py took 0.203 seconds
[2023-01-31T12:18:52.997+0000] {processor.py:153} INFO - Started process (PID=495) to work on /home/airflow/.local/lib/python3.7/site-packages/airflow/example_dags/example_xcom.py
[2023-01-31T12:18:53.019+0000] {processor.py:743} INFO - Processing file /home/airflow/.local/lib/python3.7/site-packages/airflow/example_dags/example_xcom.py for tasks to queue
[2023-01-31T12:18:53.019+0000] {logging_mixin.py:137} INFO - [2023-01-31T12:18:53.019+0000] {dagbag.py:538} INFO - Filling up the DagBag from /home/airflow/.local/lib/python3.7/site-packages/airflow/example_dags/example_xcom.py
[2023-01-31T12:18:53.053+0000] {processor.py:753} INFO - DAG(s) dict_keys(['example_xcom']) retrieved from /home/airflow/.local/lib/python3.7/site-packages/airflow/example_dags/example_xcom.py
[2023-01-31T12:18:53.088+0000] {logging_mixin.py:137} INFO - [2023-01-31T12:18:53.088+0000] {dag.py:2690} INFO - Sync 1 DAGs
[2023-01-31T12:18:53.125+0000] {logging_mixin.py:137} INFO - [2023-01-31T12:18:53.125+0000] {dag.py:3441} INFO - Setting next_dagrun for example_xcom to 2021-01-01T00:00:00+00:00, run_after=2021-01-01T00:00:00+00:00
[2023-01-31T12:18:53.170+0000] {processor.py:175} INFO - Processing /home/airflow/.local/lib/python3.7/site-packages/airflow/example_dags/example_xcom.py took 0.177 seconds
