[2023-01-31T12:15:17.037+0000] {processor.py:153} INFO - Started process (PID=85) to work on /home/airflow/.local/lib/python3.7/site-packages/airflow/example_dags/example_sensors.py
[2023-01-31T12:15:17.038+0000] {processor.py:743} INFO - Processing file /home/airflow/.local/lib/python3.7/site-packages/airflow/example_dags/example_sensors.py for tasks to queue
[2023-01-31T12:15:17.039+0000] {logging_mixin.py:137} INFO - [2023-01-31T12:15:17.038+0000] {dagbag.py:538} INFO - Filling up the DagBag from /home/airflow/.local/lib/python3.7/site-packages/airflow/example_dags/example_sensors.py
[2023-01-31T12:15:17.223+0000] {processor.py:753} INFO - DAG(s) dict_keys(['example_sensors']) retrieved from /home/airflow/.local/lib/python3.7/site-packages/airflow/example_dags/example_sensors.py
[2023-01-31T12:15:17.273+0000] {logging_mixin.py:137} INFO - [2023-01-31T12:15:17.273+0000] {dag.py:2690} INFO - Sync 1 DAGs
[2023-01-31T12:15:17.318+0000] {logging_mixin.py:137} INFO - [2023-01-31T12:15:17.317+0000] {dag.py:3441} INFO - Setting next_dagrun for example_sensors to None, run_after=None
[2023-01-31T12:15:17.478+0000] {processor.py:175} INFO - Processing /home/airflow/.local/lib/python3.7/site-packages/airflow/example_dags/example_sensors.py took 0.445 seconds
[2023-01-31T12:15:48.008+0000] {processor.py:153} INFO - Started process (PID=145) to work on /home/airflow/.local/lib/python3.7/site-packages/airflow/example_dags/example_sensors.py
[2023-01-31T12:15:48.009+0000] {processor.py:743} INFO - Processing file /home/airflow/.local/lib/python3.7/site-packages/airflow/example_dags/example_sensors.py for tasks to queue
[2023-01-31T12:15:48.010+0000] {logging_mixin.py:137} INFO - [2023-01-31T12:15:48.010+0000] {dagbag.py:538} INFO - Filling up the DagBag from /home/airflow/.local/lib/python3.7/site-packages/airflow/example_dags/example_sensors.py
[2023-01-31T12:15:48.045+0000] {processor.py:753} INFO - DAG(s) dict_keys(['example_sensors']) retrieved from /home/airflow/.local/lib/python3.7/site-packages/airflow/example_dags/example_sensors.py
[2023-01-31T12:15:48.086+0000] {logging_mixin.py:137} INFO - [2023-01-31T12:15:48.085+0000] {dag.py:2690} INFO - Sync 1 DAGs
[2023-01-31T12:15:48.126+0000] {logging_mixin.py:137} INFO - [2023-01-31T12:15:48.126+0000] {dag.py:3441} INFO - Setting next_dagrun for example_sensors to None, run_after=None
[2023-01-31T12:15:48.160+0000] {processor.py:175} INFO - Processing /home/airflow/.local/lib/python3.7/site-packages/airflow/example_dags/example_sensors.py took 0.157 seconds
[2023-01-31T12:16:18.411+0000] {processor.py:153} INFO - Started process (PID=205) to work on /home/airflow/.local/lib/python3.7/site-packages/airflow/example_dags/example_sensors.py
[2023-01-31T12:16:18.413+0000] {processor.py:743} INFO - Processing file /home/airflow/.local/lib/python3.7/site-packages/airflow/example_dags/example_sensors.py for tasks to queue
[2023-01-31T12:16:18.414+0000] {logging_mixin.py:137} INFO - [2023-01-31T12:16:18.414+0000] {dagbag.py:538} INFO - Filling up the DagBag from /home/airflow/.local/lib/python3.7/site-packages/airflow/example_dags/example_sensors.py
[2023-01-31T12:16:18.450+0000] {processor.py:753} INFO - DAG(s) dict_keys(['example_sensors']) retrieved from /home/airflow/.local/lib/python3.7/site-packages/airflow/example_dags/example_sensors.py
[2023-01-31T12:16:18.485+0000] {logging_mixin.py:137} INFO - [2023-01-31T12:16:18.485+0000] {dag.py:2690} INFO - Sync 1 DAGs
[2023-01-31T12:16:18.527+0000] {logging_mixin.py:137} INFO - [2023-01-31T12:16:18.526+0000] {dag.py:3441} INFO - Setting next_dagrun for example_sensors to None, run_after=None
[2023-01-31T12:16:18.586+0000] {processor.py:175} INFO - Processing /home/airflow/.local/lib/python3.7/site-packages/airflow/example_dags/example_sensors.py took 0.180 seconds
[2023-01-31T12:16:49.938+0000] {processor.py:153} INFO - Started process (PID=265) to work on /home/airflow/.local/lib/python3.7/site-packages/airflow/example_dags/example_sensors.py
[2023-01-31T12:16:49.939+0000] {processor.py:743} INFO - Processing file /home/airflow/.local/lib/python3.7/site-packages/airflow/example_dags/example_sensors.py for tasks to queue
[2023-01-31T12:16:49.940+0000] {logging_mixin.py:137} INFO - [2023-01-31T12:16:49.940+0000] {dagbag.py:538} INFO - Filling up the DagBag from /home/airflow/.local/lib/python3.7/site-packages/airflow/example_dags/example_sensors.py
[2023-01-31T12:16:49.970+0000] {processor.py:753} INFO - DAG(s) dict_keys(['example_sensors']) retrieved from /home/airflow/.local/lib/python3.7/site-packages/airflow/example_dags/example_sensors.py
[2023-01-31T12:16:50.009+0000] {logging_mixin.py:137} INFO - [2023-01-31T12:16:50.009+0000] {dag.py:2690} INFO - Sync 1 DAGs
[2023-01-31T12:16:50.060+0000] {logging_mixin.py:137} INFO - [2023-01-31T12:16:50.060+0000] {dag.py:3441} INFO - Setting next_dagrun for example_sensors to None, run_after=None
[2023-01-31T12:16:50.097+0000] {processor.py:175} INFO - Processing /home/airflow/.local/lib/python3.7/site-packages/airflow/example_dags/example_sensors.py took 0.164 seconds
[2023-01-31T12:17:21.644+0000] {processor.py:153} INFO - Started process (PID=325) to work on /home/airflow/.local/lib/python3.7/site-packages/airflow/example_dags/example_sensors.py
[2023-01-31T12:17:21.645+0000] {processor.py:743} INFO - Processing file /home/airflow/.local/lib/python3.7/site-packages/airflow/example_dags/example_sensors.py for tasks to queue
[2023-01-31T12:17:21.646+0000] {logging_mixin.py:137} INFO - [2023-01-31T12:17:21.645+0000] {dagbag.py:538} INFO - Filling up the DagBag from /home/airflow/.local/lib/python3.7/site-packages/airflow/example_dags/example_sensors.py
[2023-01-31T12:17:21.676+0000] {processor.py:753} INFO - DAG(s) dict_keys(['example_sensors']) retrieved from /home/airflow/.local/lib/python3.7/site-packages/airflow/example_dags/example_sensors.py
[2023-01-31T12:17:21.723+0000] {logging_mixin.py:137} INFO - [2023-01-31T12:17:21.723+0000] {dag.py:2690} INFO - Sync 1 DAGs
[2023-01-31T12:17:21.765+0000] {logging_mixin.py:137} INFO - [2023-01-31T12:17:21.765+0000] {dag.py:3441} INFO - Setting next_dagrun for example_sensors to None, run_after=None
[2023-01-31T12:17:21.823+0000] {processor.py:175} INFO - Processing /home/airflow/.local/lib/python3.7/site-packages/airflow/example_dags/example_sensors.py took 0.183 seconds
[2023-01-31T12:17:51.962+0000] {processor.py:153} INFO - Started process (PID=385) to work on /home/airflow/.local/lib/python3.7/site-packages/airflow/example_dags/example_sensors.py
[2023-01-31T12:17:51.963+0000] {processor.py:743} INFO - Processing file /home/airflow/.local/lib/python3.7/site-packages/airflow/example_dags/example_sensors.py for tasks to queue
[2023-01-31T12:17:51.963+0000] {logging_mixin.py:137} INFO - [2023-01-31T12:17:51.963+0000] {dagbag.py:538} INFO - Filling up the DagBag from /home/airflow/.local/lib/python3.7/site-packages/airflow/example_dags/example_sensors.py
[2023-01-31T12:17:51.994+0000] {processor.py:753} INFO - DAG(s) dict_keys(['example_sensors']) retrieved from /home/airflow/.local/lib/python3.7/site-packages/airflow/example_dags/example_sensors.py
[2023-01-31T12:17:52.036+0000] {logging_mixin.py:137} INFO - [2023-01-31T12:17:52.035+0000] {dag.py:2690} INFO - Sync 1 DAGs
[2023-01-31T12:17:52.074+0000] {logging_mixin.py:137} INFO - [2023-01-31T12:17:52.074+0000] {dag.py:3441} INFO - Setting next_dagrun for example_sensors to None, run_after=None
[2023-01-31T12:17:52.152+0000] {processor.py:175} INFO - Processing /home/airflow/.local/lib/python3.7/site-packages/airflow/example_dags/example_sensors.py took 0.194 seconds
[2023-01-31T12:18:22.968+0000] {processor.py:153} INFO - Started process (PID=445) to work on /home/airflow/.local/lib/python3.7/site-packages/airflow/example_dags/example_sensors.py
[2023-01-31T12:18:22.970+0000] {processor.py:743} INFO - Processing file /home/airflow/.local/lib/python3.7/site-packages/airflow/example_dags/example_sensors.py for tasks to queue
[2023-01-31T12:18:22.971+0000] {logging_mixin.py:137} INFO - [2023-01-31T12:18:22.970+0000] {dagbag.py:538} INFO - Filling up the DagBag from /home/airflow/.local/lib/python3.7/site-packages/airflow/example_dags/example_sensors.py
[2023-01-31T12:18:23.003+0000] {processor.py:753} INFO - DAG(s) dict_keys(['example_sensors']) retrieved from /home/airflow/.local/lib/python3.7/site-packages/airflow/example_dags/example_sensors.py
[2023-01-31T12:18:23.045+0000] {logging_mixin.py:137} INFO - [2023-01-31T12:18:23.045+0000] {dag.py:2690} INFO - Sync 1 DAGs
[2023-01-31T12:18:23.085+0000] {logging_mixin.py:137} INFO - [2023-01-31T12:18:23.085+0000] {dag.py:3441} INFO - Setting next_dagrun for example_sensors to None, run_after=None
[2023-01-31T12:18:23.118+0000] {processor.py:175} INFO - Processing /home/airflow/.local/lib/python3.7/site-packages/airflow/example_dags/example_sensors.py took 0.155 seconds
[2023-01-31T12:18:54.064+0000] {processor.py:153} INFO - Started process (PID=505) to work on /home/airflow/.local/lib/python3.7/site-packages/airflow/example_dags/example_sensors.py
[2023-01-31T12:18:54.065+0000] {processor.py:743} INFO - Processing file /home/airflow/.local/lib/python3.7/site-packages/airflow/example_dags/example_sensors.py for tasks to queue
[2023-01-31T12:18:54.066+0000] {logging_mixin.py:137} INFO - [2023-01-31T12:18:54.066+0000] {dagbag.py:538} INFO - Filling up the DagBag from /home/airflow/.local/lib/python3.7/site-packages/airflow/example_dags/example_sensors.py
[2023-01-31T12:18:54.101+0000] {processor.py:753} INFO - DAG(s) dict_keys(['example_sensors']) retrieved from /home/airflow/.local/lib/python3.7/site-packages/airflow/example_dags/example_sensors.py
[2023-01-31T12:18:54.141+0000] {logging_mixin.py:137} INFO - [2023-01-31T12:18:54.141+0000] {dag.py:2690} INFO - Sync 1 DAGs
[2023-01-31T12:18:54.177+0000] {logging_mixin.py:137} INFO - [2023-01-31T12:18:54.177+0000] {dag.py:3441} INFO - Setting next_dagrun for example_sensors to None, run_after=None
[2023-01-31T12:18:54.234+0000] {processor.py:175} INFO - Processing /home/airflow/.local/lib/python3.7/site-packages/airflow/example_dags/example_sensors.py took 0.175 seconds
