[2023-01-31T12:15:15.460+0000] {processor.py:153} INFO - Started process (PID=74) to work on /home/airflow/.local/lib/python3.7/site-packages/airflow/example_dags/example_task_group_decorator.py
[2023-01-31T12:15:15.461+0000] {processor.py:743} INFO - Processing file /home/airflow/.local/lib/python3.7/site-packages/airflow/example_dags/example_task_group_decorator.py for tasks to queue
[2023-01-31T12:15:15.462+0000] {logging_mixin.py:137} INFO - [2023-01-31T12:15:15.462+0000] {dagbag.py:538} INFO - Filling up the DagBag from /home/airflow/.local/lib/python3.7/site-packages/airflow/example_dags/example_task_group_decorator.py
[2023-01-31T12:15:15.515+0000] {processor.py:753} INFO - DAG(s) dict_keys(['example_task_group_decorator']) retrieved from /home/airflow/.local/lib/python3.7/site-packages/airflow/example_dags/example_task_group_decorator.py
[2023-01-31T12:15:15.557+0000] {logging_mixin.py:137} INFO - [2023-01-31T12:15:15.556+0000] {dag.py:2690} INFO - Sync 1 DAGs
[2023-01-31T12:15:15.603+0000] {logging_mixin.py:137} INFO - [2023-01-31T12:15:15.603+0000] {dag.py:3441} INFO - Setting next_dagrun for example_task_group_decorator to 2023-01-30T12:15:15.602831+00:00, run_after=2023-01-31T12:15:15.602831+00:00
[2023-01-31T12:15:15.652+0000] {processor.py:175} INFO - Processing /home/airflow/.local/lib/python3.7/site-packages/airflow/example_dags/example_task_group_decorator.py took 0.198 seconds
[2023-01-31T12:15:46.668+0000] {processor.py:153} INFO - Started process (PID=134) to work on /home/airflow/.local/lib/python3.7/site-packages/airflow/example_dags/example_task_group_decorator.py
[2023-01-31T12:15:46.670+0000] {processor.py:743} INFO - Processing file /home/airflow/.local/lib/python3.7/site-packages/airflow/example_dags/example_task_group_decorator.py for tasks to queue
[2023-01-31T12:15:46.671+0000] {logging_mixin.py:137} INFO - [2023-01-31T12:15:46.671+0000] {dagbag.py:538} INFO - Filling up the DagBag from /home/airflow/.local/lib/python3.7/site-packages/airflow/example_dags/example_task_group_decorator.py
[2023-01-31T12:15:46.714+0000] {processor.py:753} INFO - DAG(s) dict_keys(['example_task_group_decorator']) retrieved from /home/airflow/.local/lib/python3.7/site-packages/airflow/example_dags/example_task_group_decorator.py
[2023-01-31T12:15:46.751+0000] {logging_mixin.py:137} INFO - [2023-01-31T12:15:46.751+0000] {dag.py:2690} INFO - Sync 1 DAGs
[2023-01-31T12:15:46.788+0000] {logging_mixin.py:137} INFO - [2023-01-31T12:15:46.788+0000] {dag.py:3441} INFO - Setting next_dagrun for example_task_group_decorator to 2023-01-30T12:15:46.788261+00:00, run_after=2023-01-31T12:15:46.788261+00:00
[2023-01-31T12:15:46.845+0000] {processor.py:175} INFO - Processing /home/airflow/.local/lib/python3.7/site-packages/airflow/example_dags/example_task_group_decorator.py took 0.181 seconds
[2023-01-31T12:16:17.246+0000] {processor.py:153} INFO - Started process (PID=194) to work on /home/airflow/.local/lib/python3.7/site-packages/airflow/example_dags/example_task_group_decorator.py
[2023-01-31T12:16:17.287+0000] {processor.py:743} INFO - Processing file /home/airflow/.local/lib/python3.7/site-packages/airflow/example_dags/example_task_group_decorator.py for tasks to queue
[2023-01-31T12:16:17.289+0000] {logging_mixin.py:137} INFO - [2023-01-31T12:16:17.288+0000] {dagbag.py:538} INFO - Filling up the DagBag from /home/airflow/.local/lib/python3.7/site-packages/airflow/example_dags/example_task_group_decorator.py
[2023-01-31T12:16:17.336+0000] {processor.py:753} INFO - DAG(s) dict_keys(['example_task_group_decorator']) retrieved from /home/airflow/.local/lib/python3.7/site-packages/airflow/example_dags/example_task_group_decorator.py
[2023-01-31T12:16:17.378+0000] {logging_mixin.py:137} INFO - [2023-01-31T12:16:17.378+0000] {dag.py:2690} INFO - Sync 1 DAGs
[2023-01-31T12:16:17.421+0000] {logging_mixin.py:137} INFO - [2023-01-31T12:16:17.421+0000] {dag.py:3441} INFO - Setting next_dagrun for example_task_group_decorator to 2023-01-30T12:16:17.420853+00:00, run_after=2023-01-31T12:16:17.420853+00:00
[2023-01-31T12:16:17.481+0000] {processor.py:175} INFO - Processing /home/airflow/.local/lib/python3.7/site-packages/airflow/example_dags/example_task_group_decorator.py took 0.241 seconds
[2023-01-31T12:16:48.663+0000] {processor.py:153} INFO - Started process (PID=254) to work on /home/airflow/.local/lib/python3.7/site-packages/airflow/example_dags/example_task_group_decorator.py
[2023-01-31T12:16:48.668+0000] {processor.py:743} INFO - Processing file /home/airflow/.local/lib/python3.7/site-packages/airflow/example_dags/example_task_group_decorator.py for tasks to queue
[2023-01-31T12:16:48.669+0000] {logging_mixin.py:137} INFO - [2023-01-31T12:16:48.668+0000] {dagbag.py:538} INFO - Filling up the DagBag from /home/airflow/.local/lib/python3.7/site-packages/airflow/example_dags/example_task_group_decorator.py
[2023-01-31T12:16:48.714+0000] {processor.py:753} INFO - DAG(s) dict_keys(['example_task_group_decorator']) retrieved from /home/airflow/.local/lib/python3.7/site-packages/airflow/example_dags/example_task_group_decorator.py
[2023-01-31T12:16:48.756+0000] {logging_mixin.py:137} INFO - [2023-01-31T12:16:48.755+0000] {dag.py:2690} INFO - Sync 1 DAGs
[2023-01-31T12:16:48.837+0000] {logging_mixin.py:137} INFO - [2023-01-31T12:16:48.837+0000] {dag.py:3441} INFO - Setting next_dagrun for example_task_group_decorator to 2023-01-30T12:16:48.836755+00:00, run_after=2023-01-31T12:16:48.836755+00:00
[2023-01-31T12:16:48.889+0000] {processor.py:175} INFO - Processing /home/airflow/.local/lib/python3.7/site-packages/airflow/example_dags/example_task_group_decorator.py took 0.231 seconds
[2023-01-31T12:17:19.962+0000] {processor.py:153} INFO - Started process (PID=314) to work on /home/airflow/.local/lib/python3.7/site-packages/airflow/example_dags/example_task_group_decorator.py
[2023-01-31T12:17:19.963+0000] {processor.py:743} INFO - Processing file /home/airflow/.local/lib/python3.7/site-packages/airflow/example_dags/example_task_group_decorator.py for tasks to queue
[2023-01-31T12:17:19.964+0000] {logging_mixin.py:137} INFO - [2023-01-31T12:17:19.964+0000] {dagbag.py:538} INFO - Filling up the DagBag from /home/airflow/.local/lib/python3.7/site-packages/airflow/example_dags/example_task_group_decorator.py
[2023-01-31T12:17:20.016+0000] {processor.py:753} INFO - DAG(s) dict_keys(['example_task_group_decorator']) retrieved from /home/airflow/.local/lib/python3.7/site-packages/airflow/example_dags/example_task_group_decorator.py
[2023-01-31T12:17:20.058+0000] {logging_mixin.py:137} INFO - [2023-01-31T12:17:20.058+0000] {dag.py:2690} INFO - Sync 1 DAGs
[2023-01-31T12:17:20.101+0000] {logging_mixin.py:137} INFO - [2023-01-31T12:17:20.100+0000] {dag.py:3441} INFO - Setting next_dagrun for example_task_group_decorator to 2023-01-30T12:17:20.100585+00:00, run_after=2023-01-31T12:17:20.100585+00:00
[2023-01-31T12:17:20.139+0000] {processor.py:175} INFO - Processing /home/airflow/.local/lib/python3.7/site-packages/airflow/example_dags/example_task_group_decorator.py took 0.183 seconds
[2023-01-31T12:17:50.468+0000] {processor.py:153} INFO - Started process (PID=374) to work on /home/airflow/.local/lib/python3.7/site-packages/airflow/example_dags/example_task_group_decorator.py
[2023-01-31T12:17:50.469+0000] {processor.py:743} INFO - Processing file /home/airflow/.local/lib/python3.7/site-packages/airflow/example_dags/example_task_group_decorator.py for tasks to queue
[2023-01-31T12:17:50.470+0000] {logging_mixin.py:137} INFO - [2023-01-31T12:17:50.469+0000] {dagbag.py:538} INFO - Filling up the DagBag from /home/airflow/.local/lib/python3.7/site-packages/airflow/example_dags/example_task_group_decorator.py
[2023-01-31T12:17:50.524+0000] {processor.py:753} INFO - DAG(s) dict_keys(['example_task_group_decorator']) retrieved from /home/airflow/.local/lib/python3.7/site-packages/airflow/example_dags/example_task_group_decorator.py
[2023-01-31T12:17:50.563+0000] {logging_mixin.py:137} INFO - [2023-01-31T12:17:50.563+0000] {dag.py:2690} INFO - Sync 1 DAGs
[2023-01-31T12:17:50.606+0000] {logging_mixin.py:137} INFO - [2023-01-31T12:17:50.605+0000] {dag.py:3441} INFO - Setting next_dagrun for example_task_group_decorator to 2023-01-30T12:17:50.605694+00:00, run_after=2023-01-31T12:17:50.605694+00:00
[2023-01-31T12:17:50.661+0000] {processor.py:175} INFO - Processing /home/airflow/.local/lib/python3.7/site-packages/airflow/example_dags/example_task_group_decorator.py took 0.198 seconds
[2023-01-31T12:18:20.751+0000] {processor.py:153} INFO - Started process (PID=434) to work on /home/airflow/.local/lib/python3.7/site-packages/airflow/example_dags/example_task_group_decorator.py
[2023-01-31T12:18:20.753+0000] {processor.py:743} INFO - Processing file /home/airflow/.local/lib/python3.7/site-packages/airflow/example_dags/example_task_group_decorator.py for tasks to queue
[2023-01-31T12:18:20.753+0000] {logging_mixin.py:137} INFO - [2023-01-31T12:18:20.753+0000] {dagbag.py:538} INFO - Filling up the DagBag from /home/airflow/.local/lib/python3.7/site-packages/airflow/example_dags/example_task_group_decorator.py
[2023-01-31T12:18:20.795+0000] {processor.py:753} INFO - DAG(s) dict_keys(['example_task_group_decorator']) retrieved from /home/airflow/.local/lib/python3.7/site-packages/airflow/example_dags/example_task_group_decorator.py
[2023-01-31T12:18:20.834+0000] {logging_mixin.py:137} INFO - [2023-01-31T12:18:20.834+0000] {dag.py:2690} INFO - Sync 1 DAGs
[2023-01-31T12:18:20.874+0000] {logging_mixin.py:137} INFO - [2023-01-31T12:18:20.873+0000] {dag.py:3441} INFO - Setting next_dagrun for example_task_group_decorator to 2023-01-30T12:18:20.873554+00:00, run_after=2023-01-31T12:18:20.873554+00:00
[2023-01-31T12:18:20.905+0000] {processor.py:175} INFO - Processing /home/airflow/.local/lib/python3.7/site-packages/airflow/example_dags/example_task_group_decorator.py took 0.158 seconds
[2023-01-31T12:18:51.841+0000] {processor.py:153} INFO - Started process (PID=494) to work on /home/airflow/.local/lib/python3.7/site-packages/airflow/example_dags/example_task_group_decorator.py
[2023-01-31T12:18:51.844+0000] {processor.py:743} INFO - Processing file /home/airflow/.local/lib/python3.7/site-packages/airflow/example_dags/example_task_group_decorator.py for tasks to queue
[2023-01-31T12:18:51.846+0000] {logging_mixin.py:137} INFO - [2023-01-31T12:18:51.846+0000] {dagbag.py:538} INFO - Filling up the DagBag from /home/airflow/.local/lib/python3.7/site-packages/airflow/example_dags/example_task_group_decorator.py
[2023-01-31T12:18:51.888+0000] {processor.py:753} INFO - DAG(s) dict_keys(['example_task_group_decorator']) retrieved from /home/airflow/.local/lib/python3.7/site-packages/airflow/example_dags/example_task_group_decorator.py
[2023-01-31T12:18:51.929+0000] {logging_mixin.py:137} INFO - [2023-01-31T12:18:51.929+0000] {dag.py:2690} INFO - Sync 1 DAGs
[2023-01-31T12:18:51.967+0000] {logging_mixin.py:137} INFO - [2023-01-31T12:18:51.967+0000] {dag.py:3441} INFO - Setting next_dagrun for example_task_group_decorator to 2023-01-30T12:18:51.967393+00:00, run_after=2023-01-31T12:18:51.967393+00:00
[2023-01-31T12:18:51.997+0000] {processor.py:175} INFO - Processing /home/airflow/.local/lib/python3.7/site-packages/airflow/example_dags/example_task_group_decorator.py took 0.160 seconds
