[2023-01-31T12:15:17.743+0000] {processor.py:153} INFO - Started process (PID=88) to work on /home/airflow/.local/lib/python3.7/site-packages/airflow/example_dags/example_datasets.py
[2023-01-31T12:15:17.744+0000] {processor.py:743} INFO - Processing file /home/airflow/.local/lib/python3.7/site-packages/airflow/example_dags/example_datasets.py for tasks to queue
[2023-01-31T12:15:17.745+0000] {logging_mixin.py:137} INFO - [2023-01-31T12:15:17.745+0000] {dagbag.py:538} INFO - Filling up the DagBag from /home/airflow/.local/lib/python3.7/site-packages/airflow/example_dags/example_datasets.py
[2023-01-31T12:15:17.774+0000] {processor.py:753} INFO - DAG(s) dict_keys(['dataset_consumes_unknown_never_scheduled', 'dataset_consumes_1', 'dataset_consumes_1_and_2', 'dataset_produces_2', 'dataset_consumes_1_never_scheduled', 'dataset_produces_1']) retrieved from /home/airflow/.local/lib/python3.7/site-packages/airflow/example_dags/example_datasets.py
[2023-01-31T12:15:17.917+0000] {logging_mixin.py:137} INFO - [2023-01-31T12:15:17.917+0000] {dag.py:2690} INFO - Sync 6 DAGs
[2023-01-31T12:15:18.101+0000] {logging_mixin.py:137} INFO - [2023-01-31T12:15:18.101+0000] {dag.py:3441} INFO - Setting next_dagrun for dataset_consumes_1 to None, run_after=None
[2023-01-31T12:15:18.108+0000] {logging_mixin.py:137} INFO - [2023-01-31T12:15:18.107+0000] {dag.py:3441} INFO - Setting next_dagrun for dataset_consumes_1_and_2 to None, run_after=None
[2023-01-31T12:15:18.110+0000] {logging_mixin.py:137} INFO - [2023-01-31T12:15:18.110+0000] {dag.py:3441} INFO - Setting next_dagrun for dataset_consumes_1_never_scheduled to None, run_after=None
[2023-01-31T12:15:18.113+0000] {logging_mixin.py:137} INFO - [2023-01-31T12:15:18.113+0000] {dag.py:3441} INFO - Setting next_dagrun for dataset_consumes_unknown_never_scheduled to None, run_after=None
[2023-01-31T12:15:18.121+0000] {logging_mixin.py:137} INFO - [2023-01-31T12:15:18.121+0000] {dag.py:3441} INFO - Setting next_dagrun for dataset_produces_1 to 2023-01-30T00:00:00+00:00, run_after=2023-01-31T00:00:00+00:00
[2023-01-31T12:15:18.126+0000] {logging_mixin.py:137} INFO - [2023-01-31T12:15:18.126+0000] {dag.py:3441} INFO - Setting next_dagrun for dataset_produces_2 to None, run_after=None
[2023-01-31T12:15:18.416+0000] {processor.py:175} INFO - Processing /home/airflow/.local/lib/python3.7/site-packages/airflow/example_dags/example_datasets.py took 0.677 seconds
[2023-01-31T12:15:48.852+0000] {processor.py:153} INFO - Started process (PID=148) to work on /home/airflow/.local/lib/python3.7/site-packages/airflow/example_dags/example_datasets.py
[2023-01-31T12:15:48.868+0000] {processor.py:743} INFO - Processing file /home/airflow/.local/lib/python3.7/site-packages/airflow/example_dags/example_datasets.py for tasks to queue
[2023-01-31T12:15:48.870+0000] {logging_mixin.py:137} INFO - [2023-01-31T12:15:48.869+0000] {dagbag.py:538} INFO - Filling up the DagBag from /home/airflow/.local/lib/python3.7/site-packages/airflow/example_dags/example_datasets.py
[2023-01-31T12:15:48.895+0000] {processor.py:753} INFO - DAG(s) dict_keys(['dataset_consumes_1', 'dataset_consumes_unknown_never_scheduled', 'dataset_produces_1', 'dataset_consumes_1_and_2', 'dataset_consumes_1_never_scheduled', 'dataset_produces_2']) retrieved from /home/airflow/.local/lib/python3.7/site-packages/airflow/example_dags/example_datasets.py
[2023-01-31T12:15:48.956+0000] {logging_mixin.py:137} INFO - [2023-01-31T12:15:48.955+0000] {dag.py:2690} INFO - Sync 6 DAGs
[2023-01-31T12:15:48.998+0000] {logging_mixin.py:137} INFO - [2023-01-31T12:15:48.998+0000] {dag.py:3441} INFO - Setting next_dagrun for dataset_consumes_1 to None, run_after=None
[2023-01-31T12:15:49.003+0000] {logging_mixin.py:137} INFO - [2023-01-31T12:15:49.002+0000] {dag.py:3441} INFO - Setting next_dagrun for dataset_consumes_1_and_2 to None, run_after=None
[2023-01-31T12:15:49.004+0000] {logging_mixin.py:137} INFO - [2023-01-31T12:15:49.004+0000] {dag.py:3441} INFO - Setting next_dagrun for dataset_consumes_1_never_scheduled to None, run_after=None
[2023-01-31T12:15:49.006+0000] {logging_mixin.py:137} INFO - [2023-01-31T12:15:49.005+0000] {dag.py:3441} INFO - Setting next_dagrun for dataset_consumes_unknown_never_scheduled to None, run_after=None
[2023-01-31T12:15:49.010+0000] {logging_mixin.py:137} INFO - [2023-01-31T12:15:49.010+0000] {dag.py:3441} INFO - Setting next_dagrun for dataset_produces_1 to 2023-01-30T00:00:00+00:00, run_after=2023-01-31T00:00:00+00:00
[2023-01-31T12:15:49.011+0000] {logging_mixin.py:137} INFO - [2023-01-31T12:15:49.011+0000] {dag.py:3441} INFO - Setting next_dagrun for dataset_produces_2 to None, run_after=None
[2023-01-31T12:15:49.121+0000] {processor.py:175} INFO - Processing /home/airflow/.local/lib/python3.7/site-packages/airflow/example_dags/example_datasets.py took 0.273 seconds
[2023-01-31T12:16:19.378+0000] {processor.py:153} INFO - Started process (PID=209) to work on /home/airflow/.local/lib/python3.7/site-packages/airflow/example_dags/example_datasets.py
[2023-01-31T12:16:19.402+0000] {processor.py:743} INFO - Processing file /home/airflow/.local/lib/python3.7/site-packages/airflow/example_dags/example_datasets.py for tasks to queue
[2023-01-31T12:16:19.404+0000] {logging_mixin.py:137} INFO - [2023-01-31T12:16:19.403+0000] {dagbag.py:538} INFO - Filling up the DagBag from /home/airflow/.local/lib/python3.7/site-packages/airflow/example_dags/example_datasets.py
[2023-01-31T12:16:19.436+0000] {processor.py:753} INFO - DAG(s) dict_keys(['dataset_consumes_1_never_scheduled', 'dataset_consumes_unknown_never_scheduled', 'dataset_consumes_1_and_2', 'dataset_produces_1', 'dataset_consumes_1', 'dataset_produces_2']) retrieved from /home/airflow/.local/lib/python3.7/site-packages/airflow/example_dags/example_datasets.py
[2023-01-31T12:16:19.508+0000] {logging_mixin.py:137} INFO - [2023-01-31T12:16:19.507+0000] {dag.py:2690} INFO - Sync 6 DAGs
[2023-01-31T12:16:19.557+0000] {logging_mixin.py:137} INFO - [2023-01-31T12:16:19.557+0000] {dag.py:3441} INFO - Setting next_dagrun for dataset_consumes_1 to None, run_after=None
[2023-01-31T12:16:19.563+0000] {logging_mixin.py:137} INFO - [2023-01-31T12:16:19.563+0000] {dag.py:3441} INFO - Setting next_dagrun for dataset_consumes_1_and_2 to None, run_after=None
[2023-01-31T12:16:19.566+0000] {logging_mixin.py:137} INFO - [2023-01-31T12:16:19.566+0000] {dag.py:3441} INFO - Setting next_dagrun for dataset_consumes_1_never_scheduled to None, run_after=None
[2023-01-31T12:16:19.568+0000] {logging_mixin.py:137} INFO - [2023-01-31T12:16:19.568+0000] {dag.py:3441} INFO - Setting next_dagrun for dataset_consumes_unknown_never_scheduled to None, run_after=None
[2023-01-31T12:16:19.572+0000] {logging_mixin.py:137} INFO - [2023-01-31T12:16:19.572+0000] {dag.py:3441} INFO - Setting next_dagrun for dataset_produces_1 to 2023-01-30T00:00:00+00:00, run_after=2023-01-31T00:00:00+00:00
[2023-01-31T12:16:19.574+0000] {logging_mixin.py:137} INFO - [2023-01-31T12:16:19.574+0000] {dag.py:3441} INFO - Setting next_dagrun for dataset_produces_2 to None, run_after=None
[2023-01-31T12:16:20.462+0000] {processor.py:175} INFO - Processing /home/airflow/.local/lib/python3.7/site-packages/airflow/example_dags/example_datasets.py took 1.090 seconds
[2023-01-31T12:16:51.337+0000] {processor.py:153} INFO - Started process (PID=269) to work on /home/airflow/.local/lib/python3.7/site-packages/airflow/example_dags/example_datasets.py
[2023-01-31T12:16:51.369+0000] {processor.py:743} INFO - Processing file /home/airflow/.local/lib/python3.7/site-packages/airflow/example_dags/example_datasets.py for tasks to queue
[2023-01-31T12:16:51.370+0000] {logging_mixin.py:137} INFO - [2023-01-31T12:16:51.370+0000] {dagbag.py:538} INFO - Filling up the DagBag from /home/airflow/.local/lib/python3.7/site-packages/airflow/example_dags/example_datasets.py
[2023-01-31T12:16:51.401+0000] {processor.py:753} INFO - DAG(s) dict_keys(['dataset_produces_1', 'dataset_consumes_1_and_2', 'dataset_consumes_1', 'dataset_consumes_1_never_scheduled', 'dataset_produces_2', 'dataset_consumes_unknown_never_scheduled']) retrieved from /home/airflow/.local/lib/python3.7/site-packages/airflow/example_dags/example_datasets.py
[2023-01-31T12:16:51.476+0000] {logging_mixin.py:137} INFO - [2023-01-31T12:16:51.476+0000] {dag.py:2690} INFO - Sync 6 DAGs
[2023-01-31T12:16:51.522+0000] {logging_mixin.py:137} INFO - [2023-01-31T12:16:51.522+0000] {dag.py:3441} INFO - Setting next_dagrun for dataset_consumes_1 to None, run_after=None
[2023-01-31T12:16:51.527+0000] {logging_mixin.py:137} INFO - [2023-01-31T12:16:51.527+0000] {dag.py:3441} INFO - Setting next_dagrun for dataset_consumes_1_and_2 to None, run_after=None
[2023-01-31T12:16:51.528+0000] {logging_mixin.py:137} INFO - [2023-01-31T12:16:51.528+0000] {dag.py:3441} INFO - Setting next_dagrun for dataset_consumes_1_never_scheduled to None, run_after=None
[2023-01-31T12:16:51.530+0000] {logging_mixin.py:137} INFO - [2023-01-31T12:16:51.530+0000] {dag.py:3441} INFO - Setting next_dagrun for dataset_consumes_unknown_never_scheduled to None, run_after=None
[2023-01-31T12:16:51.534+0000] {logging_mixin.py:137} INFO - [2023-01-31T12:16:51.534+0000] {dag.py:3441} INFO - Setting next_dagrun for dataset_produces_1 to 2023-01-30T00:00:00+00:00, run_after=2023-01-31T00:00:00+00:00
[2023-01-31T12:16:51.536+0000] {logging_mixin.py:137} INFO - [2023-01-31T12:16:51.536+0000] {dag.py:3441} INFO - Setting next_dagrun for dataset_produces_2 to None, run_after=None
[2023-01-31T12:16:51.664+0000] {processor.py:175} INFO - Processing /home/airflow/.local/lib/python3.7/site-packages/airflow/example_dags/example_datasets.py took 0.333 seconds
[2023-01-31T12:17:22.247+0000] {processor.py:153} INFO - Started process (PID=329) to work on /home/airflow/.local/lib/python3.7/site-packages/airflow/example_dags/example_datasets.py
[2023-01-31T12:17:22.298+0000] {processor.py:743} INFO - Processing file /home/airflow/.local/lib/python3.7/site-packages/airflow/example_dags/example_datasets.py for tasks to queue
[2023-01-31T12:17:22.299+0000] {logging_mixin.py:137} INFO - [2023-01-31T12:17:22.299+0000] {dagbag.py:538} INFO - Filling up the DagBag from /home/airflow/.local/lib/python3.7/site-packages/airflow/example_dags/example_datasets.py
[2023-01-31T12:17:22.326+0000] {processor.py:753} INFO - DAG(s) dict_keys(['dataset_consumes_1', 'dataset_produces_1', 'dataset_consumes_1_and_2', 'dataset_consumes_1_never_scheduled', 'dataset_consumes_unknown_never_scheduled', 'dataset_produces_2']) retrieved from /home/airflow/.local/lib/python3.7/site-packages/airflow/example_dags/example_datasets.py
[2023-01-31T12:17:22.394+0000] {logging_mixin.py:137} INFO - [2023-01-31T12:17:22.394+0000] {dag.py:2690} INFO - Sync 6 DAGs
[2023-01-31T12:17:22.436+0000] {logging_mixin.py:137} INFO - [2023-01-31T12:17:22.436+0000] {dag.py:3441} INFO - Setting next_dagrun for dataset_consumes_1 to None, run_after=None
[2023-01-31T12:17:22.447+0000] {logging_mixin.py:137} INFO - [2023-01-31T12:17:22.447+0000] {dag.py:3441} INFO - Setting next_dagrun for dataset_consumes_1_and_2 to None, run_after=None
[2023-01-31T12:17:22.449+0000] {logging_mixin.py:137} INFO - [2023-01-31T12:17:22.449+0000] {dag.py:3441} INFO - Setting next_dagrun for dataset_consumes_1_never_scheduled to None, run_after=None
[2023-01-31T12:17:22.452+0000] {logging_mixin.py:137} INFO - [2023-01-31T12:17:22.451+0000] {dag.py:3441} INFO - Setting next_dagrun for dataset_consumes_unknown_never_scheduled to None, run_after=None
[2023-01-31T12:17:22.457+0000] {logging_mixin.py:137} INFO - [2023-01-31T12:17:22.457+0000] {dag.py:3441} INFO - Setting next_dagrun for dataset_produces_1 to 2023-01-30T00:00:00+00:00, run_after=2023-01-31T00:00:00+00:00
[2023-01-31T12:17:22.458+0000] {logging_mixin.py:137} INFO - [2023-01-31T12:17:22.458+0000] {dag.py:3441} INFO - Setting next_dagrun for dataset_produces_2 to None, run_after=None
[2023-01-31T12:17:22.546+0000] {processor.py:175} INFO - Processing /home/airflow/.local/lib/python3.7/site-packages/airflow/example_dags/example_datasets.py took 0.304 seconds
[2023-01-31T12:17:53.435+0000] {processor.py:153} INFO - Started process (PID=389) to work on /home/airflow/.local/lib/python3.7/site-packages/airflow/example_dags/example_datasets.py
[2023-01-31T12:17:53.436+0000] {processor.py:743} INFO - Processing file /home/airflow/.local/lib/python3.7/site-packages/airflow/example_dags/example_datasets.py for tasks to queue
[2023-01-31T12:17:53.437+0000] {logging_mixin.py:137} INFO - [2023-01-31T12:17:53.436+0000] {dagbag.py:538} INFO - Filling up the DagBag from /home/airflow/.local/lib/python3.7/site-packages/airflow/example_dags/example_datasets.py
[2023-01-31T12:17:53.463+0000] {processor.py:753} INFO - DAG(s) dict_keys(['dataset_consumes_1', 'dataset_produces_2', 'dataset_produces_1', 'dataset_consumes_1_never_scheduled', 'dataset_consumes_unknown_never_scheduled', 'dataset_consumes_1_and_2']) retrieved from /home/airflow/.local/lib/python3.7/site-packages/airflow/example_dags/example_datasets.py
[2023-01-31T12:17:53.519+0000] {logging_mixin.py:137} INFO - [2023-01-31T12:17:53.519+0000] {dag.py:2690} INFO - Sync 6 DAGs
[2023-01-31T12:17:53.559+0000] {logging_mixin.py:137} INFO - [2023-01-31T12:17:53.559+0000] {dag.py:3441} INFO - Setting next_dagrun for dataset_consumes_1 to None, run_after=None
[2023-01-31T12:17:53.563+0000] {logging_mixin.py:137} INFO - [2023-01-31T12:17:53.563+0000] {dag.py:3441} INFO - Setting next_dagrun for dataset_consumes_1_and_2 to None, run_after=None
[2023-01-31T12:17:53.565+0000] {logging_mixin.py:137} INFO - [2023-01-31T12:17:53.565+0000] {dag.py:3441} INFO - Setting next_dagrun for dataset_consumes_1_never_scheduled to None, run_after=None
[2023-01-31T12:17:53.566+0000] {logging_mixin.py:137} INFO - [2023-01-31T12:17:53.566+0000] {dag.py:3441} INFO - Setting next_dagrun for dataset_consumes_unknown_never_scheduled to None, run_after=None
[2023-01-31T12:17:53.570+0000] {logging_mixin.py:137} INFO - [2023-01-31T12:17:53.570+0000] {dag.py:3441} INFO - Setting next_dagrun for dataset_produces_1 to 2023-01-30T00:00:00+00:00, run_after=2023-01-31T00:00:00+00:00
[2023-01-31T12:17:53.571+0000] {logging_mixin.py:137} INFO - [2023-01-31T12:17:53.571+0000] {dag.py:3441} INFO - Setting next_dagrun for dataset_produces_2 to None, run_after=None
[2023-01-31T12:17:53.711+0000] {processor.py:175} INFO - Processing /home/airflow/.local/lib/python3.7/site-packages/airflow/example_dags/example_datasets.py took 0.281 seconds
[2023-01-31T12:18:24.324+0000] {processor.py:153} INFO - Started process (PID=449) to work on /home/airflow/.local/lib/python3.7/site-packages/airflow/example_dags/example_datasets.py
[2023-01-31T12:18:24.325+0000] {processor.py:743} INFO - Processing file /home/airflow/.local/lib/python3.7/site-packages/airflow/example_dags/example_datasets.py for tasks to queue
[2023-01-31T12:18:24.327+0000] {logging_mixin.py:137} INFO - [2023-01-31T12:18:24.326+0000] {dagbag.py:538} INFO - Filling up the DagBag from /home/airflow/.local/lib/python3.7/site-packages/airflow/example_dags/example_datasets.py
[2023-01-31T12:18:24.355+0000] {processor.py:753} INFO - DAG(s) dict_keys(['dataset_produces_2', 'dataset_produces_1', 'dataset_consumes_unknown_never_scheduled', 'dataset_consumes_1_and_2', 'dataset_consumes_1', 'dataset_consumes_1_never_scheduled']) retrieved from /home/airflow/.local/lib/python3.7/site-packages/airflow/example_dags/example_datasets.py
[2023-01-31T12:18:24.413+0000] {logging_mixin.py:137} INFO - [2023-01-31T12:18:24.413+0000] {dag.py:2690} INFO - Sync 6 DAGs
[2023-01-31T12:18:24.455+0000] {logging_mixin.py:137} INFO - [2023-01-31T12:18:24.455+0000] {dag.py:3441} INFO - Setting next_dagrun for dataset_consumes_1 to None, run_after=None
[2023-01-31T12:18:24.459+0000] {logging_mixin.py:137} INFO - [2023-01-31T12:18:24.459+0000] {dag.py:3441} INFO - Setting next_dagrun for dataset_consumes_1_and_2 to None, run_after=None
[2023-01-31T12:18:24.461+0000] {logging_mixin.py:137} INFO - [2023-01-31T12:18:24.461+0000] {dag.py:3441} INFO - Setting next_dagrun for dataset_consumes_1_never_scheduled to None, run_after=None
[2023-01-31T12:18:24.462+0000] {logging_mixin.py:137} INFO - [2023-01-31T12:18:24.462+0000] {dag.py:3441} INFO - Setting next_dagrun for dataset_consumes_unknown_never_scheduled to None, run_after=None
[2023-01-31T12:18:24.466+0000] {logging_mixin.py:137} INFO - [2023-01-31T12:18:24.466+0000] {dag.py:3441} INFO - Setting next_dagrun for dataset_produces_1 to 2023-01-30T00:00:00+00:00, run_after=2023-01-31T00:00:00+00:00
[2023-01-31T12:18:24.467+0000] {logging_mixin.py:137} INFO - [2023-01-31T12:18:24.467+0000] {dag.py:3441} INFO - Setting next_dagrun for dataset_produces_2 to None, run_after=None
[2023-01-31T12:18:24.532+0000] {processor.py:175} INFO - Processing /home/airflow/.local/lib/python3.7/site-packages/airflow/example_dags/example_datasets.py took 0.212 seconds
[2023-01-31T12:18:54.651+0000] {processor.py:153} INFO - Started process (PID=509) to work on /home/airflow/.local/lib/python3.7/site-packages/airflow/example_dags/example_datasets.py
[2023-01-31T12:18:54.670+0000] {processor.py:743} INFO - Processing file /home/airflow/.local/lib/python3.7/site-packages/airflow/example_dags/example_datasets.py for tasks to queue
[2023-01-31T12:18:54.672+0000] {logging_mixin.py:137} INFO - [2023-01-31T12:18:54.671+0000] {dagbag.py:538} INFO - Filling up the DagBag from /home/airflow/.local/lib/python3.7/site-packages/airflow/example_dags/example_datasets.py
[2023-01-31T12:18:54.697+0000] {processor.py:753} INFO - DAG(s) dict_keys(['dataset_consumes_1_never_scheduled', 'dataset_produces_1', 'dataset_consumes_1_and_2', 'dataset_consumes_unknown_never_scheduled', 'dataset_consumes_1', 'dataset_produces_2']) retrieved from /home/airflow/.local/lib/python3.7/site-packages/airflow/example_dags/example_datasets.py
[2023-01-31T12:18:54.756+0000] {logging_mixin.py:137} INFO - [2023-01-31T12:18:54.756+0000] {dag.py:2690} INFO - Sync 6 DAGs
[2023-01-31T12:18:54.810+0000] {logging_mixin.py:137} INFO - [2023-01-31T12:18:54.809+0000] {dag.py:3441} INFO - Setting next_dagrun for dataset_consumes_1 to None, run_after=None
[2023-01-31T12:18:54.814+0000] {logging_mixin.py:137} INFO - [2023-01-31T12:18:54.814+0000] {dag.py:3441} INFO - Setting next_dagrun for dataset_consumes_1_and_2 to None, run_after=None
[2023-01-31T12:18:54.815+0000] {logging_mixin.py:137} INFO - [2023-01-31T12:18:54.815+0000] {dag.py:3441} INFO - Setting next_dagrun for dataset_consumes_1_never_scheduled to None, run_after=None
[2023-01-31T12:18:54.817+0000] {logging_mixin.py:137} INFO - [2023-01-31T12:18:54.817+0000] {dag.py:3441} INFO - Setting next_dagrun for dataset_consumes_unknown_never_scheduled to None, run_after=None
[2023-01-31T12:18:54.821+0000] {logging_mixin.py:137} INFO - [2023-01-31T12:18:54.821+0000] {dag.py:3441} INFO - Setting next_dagrun for dataset_produces_1 to 2023-01-30T00:00:00+00:00, run_after=2023-01-31T00:00:00+00:00
[2023-01-31T12:18:54.823+0000] {logging_mixin.py:137} INFO - [2023-01-31T12:18:54.823+0000] {dag.py:3441} INFO - Setting next_dagrun for dataset_produces_2 to None, run_after=None
[2023-01-31T12:18:54.893+0000] {processor.py:175} INFO - Processing /home/airflow/.local/lib/python3.7/site-packages/airflow/example_dags/example_datasets.py took 0.247 seconds
