[2023-01-31T12:15:19.406+0000] {processor.py:153} INFO - Started process (PID=96) to work on /home/airflow/.local/lib/python3.7/site-packages/airflow/example_dags/example_task_group.py
[2023-01-31T12:15:19.407+0000] {processor.py:743} INFO - Processing file /home/airflow/.local/lib/python3.7/site-packages/airflow/example_dags/example_task_group.py for tasks to queue
[2023-01-31T12:15:19.408+0000] {logging_mixin.py:137} INFO - [2023-01-31T12:15:19.408+0000] {dagbag.py:538} INFO - Filling up the DagBag from /home/airflow/.local/lib/python3.7/site-packages/airflow/example_dags/example_task_group.py
[2023-01-31T12:15:19.435+0000] {processor.py:753} INFO - DAG(s) dict_keys(['example_task_group']) retrieved from /home/airflow/.local/lib/python3.7/site-packages/airflow/example_dags/example_task_group.py
[2023-01-31T12:15:19.479+0000] {logging_mixin.py:137} INFO - [2023-01-31T12:15:19.478+0000] {dag.py:2690} INFO - Sync 1 DAGs
[2023-01-31T12:15:19.534+0000] {logging_mixin.py:137} INFO - [2023-01-31T12:15:19.533+0000] {dag.py:3441} INFO - Setting next_dagrun for example_task_group to 2023-01-30T12:15:19.533346+00:00, run_after=2023-01-31T12:15:19.533346+00:00
[2023-01-31T12:15:19.572+0000] {processor.py:175} INFO - Processing /home/airflow/.local/lib/python3.7/site-packages/airflow/example_dags/example_task_group.py took 0.171 seconds
[2023-01-31T12:15:50.108+0000] {processor.py:153} INFO - Started process (PID=156) to work on /home/airflow/.local/lib/python3.7/site-packages/airflow/example_dags/example_task_group.py
[2023-01-31T12:15:50.160+0000] {processor.py:743} INFO - Processing file /home/airflow/.local/lib/python3.7/site-packages/airflow/example_dags/example_task_group.py for tasks to queue
[2023-01-31T12:15:50.162+0000] {logging_mixin.py:137} INFO - [2023-01-31T12:15:50.161+0000] {dagbag.py:538} INFO - Filling up the DagBag from /home/airflow/.local/lib/python3.7/site-packages/airflow/example_dags/example_task_group.py
[2023-01-31T12:15:50.191+0000] {processor.py:753} INFO - DAG(s) dict_keys(['example_task_group']) retrieved from /home/airflow/.local/lib/python3.7/site-packages/airflow/example_dags/example_task_group.py
[2023-01-31T12:15:50.228+0000] {logging_mixin.py:137} INFO - [2023-01-31T12:15:50.228+0000] {dag.py:2690} INFO - Sync 1 DAGs
[2023-01-31T12:15:50.273+0000] {logging_mixin.py:137} INFO - [2023-01-31T12:15:50.272+0000] {dag.py:3441} INFO - Setting next_dagrun for example_task_group to 2023-01-30T12:15:50.272693+00:00, run_after=2023-01-31T12:15:50.272693+00:00
[2023-01-31T12:15:50.341+0000] {processor.py:175} INFO - Processing /home/airflow/.local/lib/python3.7/site-packages/airflow/example_dags/example_task_group.py took 0.238 seconds
[2023-01-31T12:16:22.394+0000] {processor.py:153} INFO - Started process (PID=216) to work on /home/airflow/.local/lib/python3.7/site-packages/airflow/example_dags/example_task_group.py
[2023-01-31T12:16:22.401+0000] {processor.py:743} INFO - Processing file /home/airflow/.local/lib/python3.7/site-packages/airflow/example_dags/example_task_group.py for tasks to queue
[2023-01-31T12:16:22.402+0000] {logging_mixin.py:137} INFO - [2023-01-31T12:16:22.401+0000] {dagbag.py:538} INFO - Filling up the DagBag from /home/airflow/.local/lib/python3.7/site-packages/airflow/example_dags/example_task_group.py
[2023-01-31T12:16:22.428+0000] {processor.py:753} INFO - DAG(s) dict_keys(['example_task_group']) retrieved from /home/airflow/.local/lib/python3.7/site-packages/airflow/example_dags/example_task_group.py
[2023-01-31T12:16:22.470+0000] {logging_mixin.py:137} INFO - [2023-01-31T12:16:22.470+0000] {dag.py:2690} INFO - Sync 1 DAGs
[2023-01-31T12:16:22.515+0000] {logging_mixin.py:137} INFO - [2023-01-31T12:16:22.515+0000] {dag.py:3441} INFO - Setting next_dagrun for example_task_group to 2023-01-30T12:16:22.514797+00:00, run_after=2023-01-31T12:16:22.514797+00:00
[2023-01-31T12:16:22.586+0000] {processor.py:175} INFO - Processing /home/airflow/.local/lib/python3.7/site-packages/airflow/example_dags/example_task_group.py took 0.198 seconds
[2023-01-31T12:16:53.321+0000] {processor.py:153} INFO - Started process (PID=276) to work on /home/airflow/.local/lib/python3.7/site-packages/airflow/example_dags/example_task_group.py
[2023-01-31T12:16:53.323+0000] {processor.py:743} INFO - Processing file /home/airflow/.local/lib/python3.7/site-packages/airflow/example_dags/example_task_group.py for tasks to queue
[2023-01-31T12:16:53.324+0000] {logging_mixin.py:137} INFO - [2023-01-31T12:16:53.324+0000] {dagbag.py:538} INFO - Filling up the DagBag from /home/airflow/.local/lib/python3.7/site-packages/airflow/example_dags/example_task_group.py
[2023-01-31T12:16:53.352+0000] {processor.py:753} INFO - DAG(s) dict_keys(['example_task_group']) retrieved from /home/airflow/.local/lib/python3.7/site-packages/airflow/example_dags/example_task_group.py
[2023-01-31T12:16:53.393+0000] {logging_mixin.py:137} INFO - [2023-01-31T12:16:53.392+0000] {dag.py:2690} INFO - Sync 1 DAGs
[2023-01-31T12:16:53.436+0000] {logging_mixin.py:137} INFO - [2023-01-31T12:16:53.436+0000] {dag.py:3441} INFO - Setting next_dagrun for example_task_group to 2023-01-30T12:16:53.435894+00:00, run_after=2023-01-31T12:16:53.435894+00:00
[2023-01-31T12:16:53.477+0000] {processor.py:175} INFO - Processing /home/airflow/.local/lib/python3.7/site-packages/airflow/example_dags/example_task_group.py took 0.161 seconds
[2023-01-31T12:17:24.043+0000] {processor.py:153} INFO - Started process (PID=336) to work on /home/airflow/.local/lib/python3.7/site-packages/airflow/example_dags/example_task_group.py
[2023-01-31T12:17:24.044+0000] {processor.py:743} INFO - Processing file /home/airflow/.local/lib/python3.7/site-packages/airflow/example_dags/example_task_group.py for tasks to queue
[2023-01-31T12:17:24.045+0000] {logging_mixin.py:137} INFO - [2023-01-31T12:17:24.045+0000] {dagbag.py:538} INFO - Filling up the DagBag from /home/airflow/.local/lib/python3.7/site-packages/airflow/example_dags/example_task_group.py
[2023-01-31T12:17:24.068+0000] {processor.py:753} INFO - DAG(s) dict_keys(['example_task_group']) retrieved from /home/airflow/.local/lib/python3.7/site-packages/airflow/example_dags/example_task_group.py
[2023-01-31T12:17:24.116+0000] {logging_mixin.py:137} INFO - [2023-01-31T12:17:24.116+0000] {dag.py:2690} INFO - Sync 1 DAGs
[2023-01-31T12:17:24.170+0000] {logging_mixin.py:137} INFO - [2023-01-31T12:17:24.170+0000] {dag.py:3441} INFO - Setting next_dagrun for example_task_group to 2023-01-30T12:17:24.169702+00:00, run_after=2023-01-31T12:17:24.169702+00:00
[2023-01-31T12:17:24.319+0000] {processor.py:175} INFO - Processing /home/airflow/.local/lib/python3.7/site-packages/airflow/example_dags/example_task_group.py took 0.281 seconds
[2023-01-31T12:17:55.355+0000] {processor.py:153} INFO - Started process (PID=396) to work on /home/airflow/.local/lib/python3.7/site-packages/airflow/example_dags/example_task_group.py
[2023-01-31T12:17:55.414+0000] {processor.py:743} INFO - Processing file /home/airflow/.local/lib/python3.7/site-packages/airflow/example_dags/example_task_group.py for tasks to queue
[2023-01-31T12:17:55.415+0000] {logging_mixin.py:137} INFO - [2023-01-31T12:17:55.415+0000] {dagbag.py:538} INFO - Filling up the DagBag from /home/airflow/.local/lib/python3.7/site-packages/airflow/example_dags/example_task_group.py
[2023-01-31T12:17:55.441+0000] {processor.py:753} INFO - DAG(s) dict_keys(['example_task_group']) retrieved from /home/airflow/.local/lib/python3.7/site-packages/airflow/example_dags/example_task_group.py
[2023-01-31T12:17:55.483+0000] {logging_mixin.py:137} INFO - [2023-01-31T12:17:55.483+0000] {dag.py:2690} INFO - Sync 1 DAGs
[2023-01-31T12:17:55.530+0000] {logging_mixin.py:137} INFO - [2023-01-31T12:17:55.530+0000] {dag.py:3441} INFO - Setting next_dagrun for example_task_group to 2023-01-30T12:17:55.530091+00:00, run_after=2023-01-31T12:17:55.530091+00:00
[2023-01-31T12:17:55.657+0000] {processor.py:175} INFO - Processing /home/airflow/.local/lib/python3.7/site-packages/airflow/example_dags/example_task_group.py took 0.307 seconds
[2023-01-31T12:18:25.991+0000] {processor.py:153} INFO - Started process (PID=456) to work on /home/airflow/.local/lib/python3.7/site-packages/airflow/example_dags/example_task_group.py
[2023-01-31T12:18:25.992+0000] {processor.py:743} INFO - Processing file /home/airflow/.local/lib/python3.7/site-packages/airflow/example_dags/example_task_group.py for tasks to queue
[2023-01-31T12:18:25.993+0000] {logging_mixin.py:137} INFO - [2023-01-31T12:18:25.993+0000] {dagbag.py:538} INFO - Filling up the DagBag from /home/airflow/.local/lib/python3.7/site-packages/airflow/example_dags/example_task_group.py
[2023-01-31T12:18:26.020+0000] {processor.py:753} INFO - DAG(s) dict_keys(['example_task_group']) retrieved from /home/airflow/.local/lib/python3.7/site-packages/airflow/example_dags/example_task_group.py
[2023-01-31T12:18:26.062+0000] {logging_mixin.py:137} INFO - [2023-01-31T12:18:26.062+0000] {dag.py:2690} INFO - Sync 1 DAGs
[2023-01-31T12:18:26.109+0000] {logging_mixin.py:137} INFO - [2023-01-31T12:18:26.109+0000] {dag.py:3441} INFO - Setting next_dagrun for example_task_group to 2023-01-30T12:18:26.109096+00:00, run_after=2023-01-31T12:18:26.109096+00:00
[2023-01-31T12:18:26.153+0000] {processor.py:175} INFO - Processing /home/airflow/.local/lib/python3.7/site-packages/airflow/example_dags/example_task_group.py took 0.168 seconds
[2023-01-31T12:18:56.300+0000] {processor.py:153} INFO - Started process (PID=516) to work on /home/airflow/.local/lib/python3.7/site-packages/airflow/example_dags/example_task_group.py
[2023-01-31T12:18:56.301+0000] {processor.py:743} INFO - Processing file /home/airflow/.local/lib/python3.7/site-packages/airflow/example_dags/example_task_group.py for tasks to queue
[2023-01-31T12:18:56.302+0000] {logging_mixin.py:137} INFO - [2023-01-31T12:18:56.302+0000] {dagbag.py:538} INFO - Filling up the DagBag from /home/airflow/.local/lib/python3.7/site-packages/airflow/example_dags/example_task_group.py
[2023-01-31T12:18:56.323+0000] {processor.py:753} INFO - DAG(s) dict_keys(['example_task_group']) retrieved from /home/airflow/.local/lib/python3.7/site-packages/airflow/example_dags/example_task_group.py
[2023-01-31T12:18:56.357+0000] {logging_mixin.py:137} INFO - [2023-01-31T12:18:56.357+0000] {dag.py:2690} INFO - Sync 1 DAGs
[2023-01-31T12:18:56.396+0000] {logging_mixin.py:137} INFO - [2023-01-31T12:18:56.396+0000] {dag.py:3441} INFO - Setting next_dagrun for example_task_group to 2023-01-30T12:18:56.396171+00:00, run_after=2023-01-31T12:18:56.396171+00:00
[2023-01-31T12:18:56.452+0000] {processor.py:175} INFO - Processing /home/airflow/.local/lib/python3.7/site-packages/airflow/example_dags/example_task_group.py took 0.158 seconds
