[2023-01-31T12:15:19.785+0000] {processor.py:153} INFO - Started process (PID=100) to work on /home/airflow/.local/lib/python3.7/site-packages/airflow/example_dags/example_python_operator.py
[2023-01-31T12:15:19.787+0000] {processor.py:743} INFO - Processing file /home/airflow/.local/lib/python3.7/site-packages/airflow/example_dags/example_python_operator.py for tasks to queue
[2023-01-31T12:15:19.789+0000] {logging_mixin.py:137} INFO - [2023-01-31T12:15:19.788+0000] {dagbag.py:538} INFO - Filling up the DagBag from /home/airflow/.local/lib/python3.7/site-packages/airflow/example_dags/example_python_operator.py
[2023-01-31T12:15:19.821+0000] {logging_mixin.py:137} INFO - [2023-01-31T12:15:19.821+0000] {taskmixin.py:205} WARNING - Dependency <Task(_PythonDecoratedOperator): print_the_context>, log_sql_query already registered for DAG: example_python_operator
[2023-01-31T12:15:19.822+0000] {logging_mixin.py:137} INFO - [2023-01-31T12:15:19.822+0000] {taskmixin.py:205} WARNING - Dependency <Task(_PythonDecoratedOperator): log_sql_query>, print_the_context already registered for DAG: example_python_operator
[2023-01-31T12:15:19.824+0000] {logging_mixin.py:137} INFO - [2023-01-31T12:15:19.823+0000] {taskmixin.py:205} WARNING - Dependency <Task(_PythonDecoratedOperator): print_the_context>, log_sql_query already registered for DAG: example_python_operator
[2023-01-31T12:15:19.824+0000] {logging_mixin.py:137} INFO - [2023-01-31T12:15:19.824+0000] {taskmixin.py:205} WARNING - Dependency <Task(_PythonDecoratedOperator): log_sql_query>, print_the_context already registered for DAG: example_python_operator
[2023-01-31T12:15:19.825+0000] {logging_mixin.py:137} INFO - [2023-01-31T12:15:19.825+0000] {taskmixin.py:205} WARNING - Dependency <Task(_PythonDecoratedOperator): print_the_context>, log_sql_query already registered for DAG: example_python_operator
[2023-01-31T12:15:19.826+0000] {logging_mixin.py:137} INFO - [2023-01-31T12:15:19.826+0000] {taskmixin.py:205} WARNING - Dependency <Task(_PythonDecoratedOperator): log_sql_query>, print_the_context already registered for DAG: example_python_operator
[2023-01-31T12:15:19.828+0000] {logging_mixin.py:137} INFO - [2023-01-31T12:15:19.827+0000] {taskmixin.py:205} WARNING - Dependency <Task(_PythonDecoratedOperator): print_the_context>, log_sql_query already registered for DAG: example_python_operator
[2023-01-31T12:15:19.828+0000] {logging_mixin.py:137} INFO - [2023-01-31T12:15:19.828+0000] {taskmixin.py:205} WARNING - Dependency <Task(_PythonDecoratedOperator): log_sql_query>, print_the_context already registered for DAG: example_python_operator
[2023-01-31T12:15:19.841+0000] {processor.py:753} INFO - DAG(s) dict_keys(['example_python_operator']) retrieved from /home/airflow/.local/lib/python3.7/site-packages/airflow/example_dags/example_python_operator.py
[2023-01-31T12:15:19.954+0000] {logging_mixin.py:137} INFO - [2023-01-31T12:15:19.954+0000] {dag.py:2690} INFO - Sync 1 DAGs
[2023-01-31T12:15:19.998+0000] {logging_mixin.py:137} INFO - [2023-01-31T12:15:19.997+0000] {dag.py:3441} INFO - Setting next_dagrun for example_python_operator to None, run_after=None
[2023-01-31T12:15:20.082+0000] {processor.py:175} INFO - Processing /home/airflow/.local/lib/python3.7/site-packages/airflow/example_dags/example_python_operator.py took 0.302 seconds
[2023-01-31T12:15:50.704+0000] {processor.py:153} INFO - Started process (PID=160) to work on /home/airflow/.local/lib/python3.7/site-packages/airflow/example_dags/example_python_operator.py
[2023-01-31T12:15:50.759+0000] {processor.py:743} INFO - Processing file /home/airflow/.local/lib/python3.7/site-packages/airflow/example_dags/example_python_operator.py for tasks to queue
[2023-01-31T12:15:50.760+0000] {logging_mixin.py:137} INFO - [2023-01-31T12:15:50.760+0000] {dagbag.py:538} INFO - Filling up the DagBag from /home/airflow/.local/lib/python3.7/site-packages/airflow/example_dags/example_python_operator.py
[2023-01-31T12:15:50.789+0000] {logging_mixin.py:137} INFO - [2023-01-31T12:15:50.789+0000] {taskmixin.py:205} WARNING - Dependency <Task(_PythonDecoratedOperator): print_the_context>, log_sql_query already registered for DAG: example_python_operator
[2023-01-31T12:15:50.789+0000] {logging_mixin.py:137} INFO - [2023-01-31T12:15:50.789+0000] {taskmixin.py:205} WARNING - Dependency <Task(_PythonDecoratedOperator): log_sql_query>, print_the_context already registered for DAG: example_python_operator
[2023-01-31T12:15:50.790+0000] {logging_mixin.py:137} INFO - [2023-01-31T12:15:50.790+0000] {taskmixin.py:205} WARNING - Dependency <Task(_PythonDecoratedOperator): print_the_context>, log_sql_query already registered for DAG: example_python_operator
[2023-01-31T12:15:50.791+0000] {logging_mixin.py:137} INFO - [2023-01-31T12:15:50.791+0000] {taskmixin.py:205} WARNING - Dependency <Task(_PythonDecoratedOperator): log_sql_query>, print_the_context already registered for DAG: example_python_operator
[2023-01-31T12:15:50.792+0000] {logging_mixin.py:137} INFO - [2023-01-31T12:15:50.792+0000] {taskmixin.py:205} WARNING - Dependency <Task(_PythonDecoratedOperator): print_the_context>, log_sql_query already registered for DAG: example_python_operator
[2023-01-31T12:15:50.792+0000] {logging_mixin.py:137} INFO - [2023-01-31T12:15:50.792+0000] {taskmixin.py:205} WARNING - Dependency <Task(_PythonDecoratedOperator): log_sql_query>, print_the_context already registered for DAG: example_python_operator
[2023-01-31T12:15:50.793+0000] {logging_mixin.py:137} INFO - [2023-01-31T12:15:50.793+0000] {taskmixin.py:205} WARNING - Dependency <Task(_PythonDecoratedOperator): print_the_context>, log_sql_query already registered for DAG: example_python_operator
[2023-01-31T12:15:50.793+0000] {logging_mixin.py:137} INFO - [2023-01-31T12:15:50.793+0000] {taskmixin.py:205} WARNING - Dependency <Task(_PythonDecoratedOperator): log_sql_query>, print_the_context already registered for DAG: example_python_operator
[2023-01-31T12:15:50.806+0000] {processor.py:753} INFO - DAG(s) dict_keys(['example_python_operator']) retrieved from /home/airflow/.local/lib/python3.7/site-packages/airflow/example_dags/example_python_operator.py
[2023-01-31T12:15:50.853+0000] {logging_mixin.py:137} INFO - [2023-01-31T12:15:50.852+0000] {dag.py:2690} INFO - Sync 1 DAGs
[2023-01-31T12:15:50.908+0000] {logging_mixin.py:137} INFO - [2023-01-31T12:15:50.908+0000] {dag.py:3441} INFO - Setting next_dagrun for example_python_operator to None, run_after=None
[2023-01-31T12:15:51.098+0000] {processor.py:175} INFO - Processing /home/airflow/.local/lib/python3.7/site-packages/airflow/example_dags/example_python_operator.py took 0.400 seconds
[2023-01-31T12:16:22.840+0000] {processor.py:153} INFO - Started process (PID=220) to work on /home/airflow/.local/lib/python3.7/site-packages/airflow/example_dags/example_python_operator.py
[2023-01-31T12:16:22.849+0000] {processor.py:743} INFO - Processing file /home/airflow/.local/lib/python3.7/site-packages/airflow/example_dags/example_python_operator.py for tasks to queue
[2023-01-31T12:16:22.849+0000] {logging_mixin.py:137} INFO - [2023-01-31T12:16:22.849+0000] {dagbag.py:538} INFO - Filling up the DagBag from /home/airflow/.local/lib/python3.7/site-packages/airflow/example_dags/example_python_operator.py
[2023-01-31T12:16:22.880+0000] {logging_mixin.py:137} INFO - [2023-01-31T12:16:22.879+0000] {taskmixin.py:205} WARNING - Dependency <Task(_PythonDecoratedOperator): print_the_context>, log_sql_query already registered for DAG: example_python_operator
[2023-01-31T12:16:22.880+0000] {logging_mixin.py:137} INFO - [2023-01-31T12:16:22.880+0000] {taskmixin.py:205} WARNING - Dependency <Task(_PythonDecoratedOperator): log_sql_query>, print_the_context already registered for DAG: example_python_operator
[2023-01-31T12:16:22.881+0000] {logging_mixin.py:137} INFO - [2023-01-31T12:16:22.881+0000] {taskmixin.py:205} WARNING - Dependency <Task(_PythonDecoratedOperator): print_the_context>, log_sql_query already registered for DAG: example_python_operator
[2023-01-31T12:16:22.881+0000] {logging_mixin.py:137} INFO - [2023-01-31T12:16:22.881+0000] {taskmixin.py:205} WARNING - Dependency <Task(_PythonDecoratedOperator): log_sql_query>, print_the_context already registered for DAG: example_python_operator
[2023-01-31T12:16:22.882+0000] {logging_mixin.py:137} INFO - [2023-01-31T12:16:22.882+0000] {taskmixin.py:205} WARNING - Dependency <Task(_PythonDecoratedOperator): print_the_context>, log_sql_query already registered for DAG: example_python_operator
[2023-01-31T12:16:22.882+0000] {logging_mixin.py:137} INFO - [2023-01-31T12:16:22.882+0000] {taskmixin.py:205} WARNING - Dependency <Task(_PythonDecoratedOperator): log_sql_query>, print_the_context already registered for DAG: example_python_operator
[2023-01-31T12:16:22.883+0000] {logging_mixin.py:137} INFO - [2023-01-31T12:16:22.883+0000] {taskmixin.py:205} WARNING - Dependency <Task(_PythonDecoratedOperator): print_the_context>, log_sql_query already registered for DAG: example_python_operator
[2023-01-31T12:16:22.884+0000] {logging_mixin.py:137} INFO - [2023-01-31T12:16:22.884+0000] {taskmixin.py:205} WARNING - Dependency <Task(_PythonDecoratedOperator): log_sql_query>, print_the_context already registered for DAG: example_python_operator
[2023-01-31T12:16:22.894+0000] {processor.py:753} INFO - DAG(s) dict_keys(['example_python_operator']) retrieved from /home/airflow/.local/lib/python3.7/site-packages/airflow/example_dags/example_python_operator.py
[2023-01-31T12:16:22.938+0000] {logging_mixin.py:137} INFO - [2023-01-31T12:16:22.938+0000] {dag.py:2690} INFO - Sync 1 DAGs
[2023-01-31T12:16:22.981+0000] {logging_mixin.py:137} INFO - [2023-01-31T12:16:22.981+0000] {dag.py:3441} INFO - Setting next_dagrun for example_python_operator to None, run_after=None
[2023-01-31T12:16:23.019+0000] {processor.py:175} INFO - Processing /home/airflow/.local/lib/python3.7/site-packages/airflow/example_dags/example_python_operator.py took 0.183 seconds
[2023-01-31T12:16:54.094+0000] {processor.py:153} INFO - Started process (PID=280) to work on /home/airflow/.local/lib/python3.7/site-packages/airflow/example_dags/example_python_operator.py
[2023-01-31T12:16:54.101+0000] {processor.py:743} INFO - Processing file /home/airflow/.local/lib/python3.7/site-packages/airflow/example_dags/example_python_operator.py for tasks to queue
[2023-01-31T12:16:54.121+0000] {logging_mixin.py:137} INFO - [2023-01-31T12:16:54.121+0000] {dagbag.py:538} INFO - Filling up the DagBag from /home/airflow/.local/lib/python3.7/site-packages/airflow/example_dags/example_python_operator.py
[2023-01-31T12:16:54.146+0000] {logging_mixin.py:137} INFO - [2023-01-31T12:16:54.146+0000] {taskmixin.py:205} WARNING - Dependency <Task(_PythonDecoratedOperator): print_the_context>, log_sql_query already registered for DAG: example_python_operator
[2023-01-31T12:16:54.147+0000] {logging_mixin.py:137} INFO - [2023-01-31T12:16:54.147+0000] {taskmixin.py:205} WARNING - Dependency <Task(_PythonDecoratedOperator): log_sql_query>, print_the_context already registered for DAG: example_python_operator
[2023-01-31T12:16:54.148+0000] {logging_mixin.py:137} INFO - [2023-01-31T12:16:54.148+0000] {taskmixin.py:205} WARNING - Dependency <Task(_PythonDecoratedOperator): print_the_context>, log_sql_query already registered for DAG: example_python_operator
[2023-01-31T12:16:54.149+0000] {logging_mixin.py:137} INFO - [2023-01-31T12:16:54.148+0000] {taskmixin.py:205} WARNING - Dependency <Task(_PythonDecoratedOperator): log_sql_query>, print_the_context already registered for DAG: example_python_operator
[2023-01-31T12:16:54.150+0000] {logging_mixin.py:137} INFO - [2023-01-31T12:16:54.150+0000] {taskmixin.py:205} WARNING - Dependency <Task(_PythonDecoratedOperator): print_the_context>, log_sql_query already registered for DAG: example_python_operator
[2023-01-31T12:16:54.150+0000] {logging_mixin.py:137} INFO - [2023-01-31T12:16:54.150+0000] {taskmixin.py:205} WARNING - Dependency <Task(_PythonDecoratedOperator): log_sql_query>, print_the_context already registered for DAG: example_python_operator
[2023-01-31T12:16:54.151+0000] {logging_mixin.py:137} INFO - [2023-01-31T12:16:54.151+0000] {taskmixin.py:205} WARNING - Dependency <Task(_PythonDecoratedOperator): print_the_context>, log_sql_query already registered for DAG: example_python_operator
[2023-01-31T12:16:54.151+0000] {logging_mixin.py:137} INFO - [2023-01-31T12:16:54.151+0000] {taskmixin.py:205} WARNING - Dependency <Task(_PythonDecoratedOperator): log_sql_query>, print_the_context already registered for DAG: example_python_operator
[2023-01-31T12:16:54.161+0000] {processor.py:753} INFO - DAG(s) dict_keys(['example_python_operator']) retrieved from /home/airflow/.local/lib/python3.7/site-packages/airflow/example_dags/example_python_operator.py
[2023-01-31T12:16:54.199+0000] {logging_mixin.py:137} INFO - [2023-01-31T12:16:54.199+0000] {dag.py:2690} INFO - Sync 1 DAGs
[2023-01-31T12:16:54.239+0000] {logging_mixin.py:137} INFO - [2023-01-31T12:16:54.239+0000] {dag.py:3441} INFO - Setting next_dagrun for example_python_operator to None, run_after=None
[2023-01-31T12:16:54.345+0000] {processor.py:175} INFO - Processing /home/airflow/.local/lib/python3.7/site-packages/airflow/example_dags/example_python_operator.py took 0.255 seconds
[2023-01-31T12:17:24.766+0000] {processor.py:153} INFO - Started process (PID=340) to work on /home/airflow/.local/lib/python3.7/site-packages/airflow/example_dags/example_python_operator.py
[2023-01-31T12:17:24.766+0000] {processor.py:743} INFO - Processing file /home/airflow/.local/lib/python3.7/site-packages/airflow/example_dags/example_python_operator.py for tasks to queue
[2023-01-31T12:17:24.767+0000] {logging_mixin.py:137} INFO - [2023-01-31T12:17:24.767+0000] {dagbag.py:538} INFO - Filling up the DagBag from /home/airflow/.local/lib/python3.7/site-packages/airflow/example_dags/example_python_operator.py
[2023-01-31T12:17:24.797+0000] {logging_mixin.py:137} INFO - [2023-01-31T12:17:24.797+0000] {taskmixin.py:205} WARNING - Dependency <Task(_PythonDecoratedOperator): print_the_context>, log_sql_query already registered for DAG: example_python_operator
[2023-01-31T12:17:24.798+0000] {logging_mixin.py:137} INFO - [2023-01-31T12:17:24.798+0000] {taskmixin.py:205} WARNING - Dependency <Task(_PythonDecoratedOperator): log_sql_query>, print_the_context already registered for DAG: example_python_operator
[2023-01-31T12:17:24.799+0000] {logging_mixin.py:137} INFO - [2023-01-31T12:17:24.799+0000] {taskmixin.py:205} WARNING - Dependency <Task(_PythonDecoratedOperator): print_the_context>, log_sql_query already registered for DAG: example_python_operator
[2023-01-31T12:17:24.800+0000] {logging_mixin.py:137} INFO - [2023-01-31T12:17:24.800+0000] {taskmixin.py:205} WARNING - Dependency <Task(_PythonDecoratedOperator): log_sql_query>, print_the_context already registered for DAG: example_python_operator
[2023-01-31T12:17:24.801+0000] {logging_mixin.py:137} INFO - [2023-01-31T12:17:24.801+0000] {taskmixin.py:205} WARNING - Dependency <Task(_PythonDecoratedOperator): print_the_context>, log_sql_query already registered for DAG: example_python_operator
[2023-01-31T12:17:24.802+0000] {logging_mixin.py:137} INFO - [2023-01-31T12:17:24.802+0000] {taskmixin.py:205} WARNING - Dependency <Task(_PythonDecoratedOperator): log_sql_query>, print_the_context already registered for DAG: example_python_operator
[2023-01-31T12:17:24.803+0000] {logging_mixin.py:137} INFO - [2023-01-31T12:17:24.803+0000] {taskmixin.py:205} WARNING - Dependency <Task(_PythonDecoratedOperator): print_the_context>, log_sql_query already registered for DAG: example_python_operator
[2023-01-31T12:17:24.803+0000] {logging_mixin.py:137} INFO - [2023-01-31T12:17:24.803+0000] {taskmixin.py:205} WARNING - Dependency <Task(_PythonDecoratedOperator): log_sql_query>, print_the_context already registered for DAG: example_python_operator
[2023-01-31T12:17:24.818+0000] {processor.py:753} INFO - DAG(s) dict_keys(['example_python_operator']) retrieved from /home/airflow/.local/lib/python3.7/site-packages/airflow/example_dags/example_python_operator.py
[2023-01-31T12:17:24.859+0000] {logging_mixin.py:137} INFO - [2023-01-31T12:17:24.859+0000] {dag.py:2690} INFO - Sync 1 DAGs
[2023-01-31T12:17:24.904+0000] {logging_mixin.py:137} INFO - [2023-01-31T12:17:24.904+0000] {dag.py:3441} INFO - Setting next_dagrun for example_python_operator to None, run_after=None
[2023-01-31T12:17:24.969+0000] {processor.py:175} INFO - Processing /home/airflow/.local/lib/python3.7/site-packages/airflow/example_dags/example_python_operator.py took 0.208 seconds
[2023-01-31T12:17:55.919+0000] {processor.py:153} INFO - Started process (PID=400) to work on /home/airflow/.local/lib/python3.7/site-packages/airflow/example_dags/example_python_operator.py
[2023-01-31T12:17:55.949+0000] {processor.py:743} INFO - Processing file /home/airflow/.local/lib/python3.7/site-packages/airflow/example_dags/example_python_operator.py for tasks to queue
[2023-01-31T12:17:55.949+0000] {logging_mixin.py:137} INFO - [2023-01-31T12:17:55.949+0000] {dagbag.py:538} INFO - Filling up the DagBag from /home/airflow/.local/lib/python3.7/site-packages/airflow/example_dags/example_python_operator.py
[2023-01-31T12:17:55.974+0000] {logging_mixin.py:137} INFO - [2023-01-31T12:17:55.973+0000] {taskmixin.py:205} WARNING - Dependency <Task(_PythonDecoratedOperator): print_the_context>, log_sql_query already registered for DAG: example_python_operator
[2023-01-31T12:17:55.974+0000] {logging_mixin.py:137} INFO - [2023-01-31T12:17:55.974+0000] {taskmixin.py:205} WARNING - Dependency <Task(_PythonDecoratedOperator): log_sql_query>, print_the_context already registered for DAG: example_python_operator
[2023-01-31T12:17:55.975+0000] {logging_mixin.py:137} INFO - [2023-01-31T12:17:55.975+0000] {taskmixin.py:205} WARNING - Dependency <Task(_PythonDecoratedOperator): print_the_context>, log_sql_query already registered for DAG: example_python_operator
[2023-01-31T12:17:55.975+0000] {logging_mixin.py:137} INFO - [2023-01-31T12:17:55.975+0000] {taskmixin.py:205} WARNING - Dependency <Task(_PythonDecoratedOperator): log_sql_query>, print_the_context already registered for DAG: example_python_operator
[2023-01-31T12:17:55.976+0000] {logging_mixin.py:137} INFO - [2023-01-31T12:17:55.976+0000] {taskmixin.py:205} WARNING - Dependency <Task(_PythonDecoratedOperator): print_the_context>, log_sql_query already registered for DAG: example_python_operator
[2023-01-31T12:17:55.977+0000] {logging_mixin.py:137} INFO - [2023-01-31T12:17:55.976+0000] {taskmixin.py:205} WARNING - Dependency <Task(_PythonDecoratedOperator): log_sql_query>, print_the_context already registered for DAG: example_python_operator
[2023-01-31T12:17:55.977+0000] {logging_mixin.py:137} INFO - [2023-01-31T12:17:55.977+0000] {taskmixin.py:205} WARNING - Dependency <Task(_PythonDecoratedOperator): print_the_context>, log_sql_query already registered for DAG: example_python_operator
[2023-01-31T12:17:55.978+0000] {logging_mixin.py:137} INFO - [2023-01-31T12:17:55.978+0000] {taskmixin.py:205} WARNING - Dependency <Task(_PythonDecoratedOperator): log_sql_query>, print_the_context already registered for DAG: example_python_operator
[2023-01-31T12:17:55.987+0000] {processor.py:753} INFO - DAG(s) dict_keys(['example_python_operator']) retrieved from /home/airflow/.local/lib/python3.7/site-packages/airflow/example_dags/example_python_operator.py
[2023-01-31T12:17:56.025+0000] {logging_mixin.py:137} INFO - [2023-01-31T12:17:56.024+0000] {dag.py:2690} INFO - Sync 1 DAGs
[2023-01-31T12:17:56.063+0000] {logging_mixin.py:137} INFO - [2023-01-31T12:17:56.063+0000] {dag.py:3441} INFO - Setting next_dagrun for example_python_operator to None, run_after=None
[2023-01-31T12:17:56.156+0000] {processor.py:175} INFO - Processing /home/airflow/.local/lib/python3.7/site-packages/airflow/example_dags/example_python_operator.py took 0.241 seconds
[2023-01-31T12:18:26.377+0000] {processor.py:153} INFO - Started process (PID=459) to work on /home/airflow/.local/lib/python3.7/site-packages/airflow/example_dags/example_python_operator.py
[2023-01-31T12:18:26.396+0000] {processor.py:743} INFO - Processing file /home/airflow/.local/lib/python3.7/site-packages/airflow/example_dags/example_python_operator.py for tasks to queue
[2023-01-31T12:18:26.397+0000] {logging_mixin.py:137} INFO - [2023-01-31T12:18:26.396+0000] {dagbag.py:538} INFO - Filling up the DagBag from /home/airflow/.local/lib/python3.7/site-packages/airflow/example_dags/example_python_operator.py
[2023-01-31T12:18:26.422+0000] {logging_mixin.py:137} INFO - [2023-01-31T12:18:26.421+0000] {taskmixin.py:205} WARNING - Dependency <Task(_PythonDecoratedOperator): print_the_context>, log_sql_query already registered for DAG: example_python_operator
[2023-01-31T12:18:26.422+0000] {logging_mixin.py:137} INFO - [2023-01-31T12:18:26.422+0000] {taskmixin.py:205} WARNING - Dependency <Task(_PythonDecoratedOperator): log_sql_query>, print_the_context already registered for DAG: example_python_operator
[2023-01-31T12:18:26.423+0000] {logging_mixin.py:137} INFO - [2023-01-31T12:18:26.423+0000] {taskmixin.py:205} WARNING - Dependency <Task(_PythonDecoratedOperator): print_the_context>, log_sql_query already registered for DAG: example_python_operator
[2023-01-31T12:18:26.423+0000] {logging_mixin.py:137} INFO - [2023-01-31T12:18:26.423+0000] {taskmixin.py:205} WARNING - Dependency <Task(_PythonDecoratedOperator): log_sql_query>, print_the_context already registered for DAG: example_python_operator
[2023-01-31T12:18:26.424+0000] {logging_mixin.py:137} INFO - [2023-01-31T12:18:26.424+0000] {taskmixin.py:205} WARNING - Dependency <Task(_PythonDecoratedOperator): print_the_context>, log_sql_query already registered for DAG: example_python_operator
[2023-01-31T12:18:26.424+0000] {logging_mixin.py:137} INFO - [2023-01-31T12:18:26.424+0000] {taskmixin.py:205} WARNING - Dependency <Task(_PythonDecoratedOperator): log_sql_query>, print_the_context already registered for DAG: example_python_operator
[2023-01-31T12:18:26.425+0000] {logging_mixin.py:137} INFO - [2023-01-31T12:18:26.425+0000] {taskmixin.py:205} WARNING - Dependency <Task(_PythonDecoratedOperator): print_the_context>, log_sql_query already registered for DAG: example_python_operator
[2023-01-31T12:18:26.425+0000] {logging_mixin.py:137} INFO - [2023-01-31T12:18:26.425+0000] {taskmixin.py:205} WARNING - Dependency <Task(_PythonDecoratedOperator): log_sql_query>, print_the_context already registered for DAG: example_python_operator
[2023-01-31T12:18:26.435+0000] {processor.py:753} INFO - DAG(s) dict_keys(['example_python_operator']) retrieved from /home/airflow/.local/lib/python3.7/site-packages/airflow/example_dags/example_python_operator.py
[2023-01-31T12:18:26.474+0000] {logging_mixin.py:137} INFO - [2023-01-31T12:18:26.474+0000] {dag.py:2690} INFO - Sync 1 DAGs
[2023-01-31T12:18:26.514+0000] {logging_mixin.py:137} INFO - [2023-01-31T12:18:26.514+0000] {dag.py:3441} INFO - Setting next_dagrun for example_python_operator to None, run_after=None
[2023-01-31T12:18:26.562+0000] {processor.py:175} INFO - Processing /home/airflow/.local/lib/python3.7/site-packages/airflow/example_dags/example_python_operator.py took 0.190 seconds
[2023-01-31T12:18:56.648+0000] {processor.py:153} INFO - Started process (PID=519) to work on /home/airflow/.local/lib/python3.7/site-packages/airflow/example_dags/example_python_operator.py
[2023-01-31T12:18:56.650+0000] {processor.py:743} INFO - Processing file /home/airflow/.local/lib/python3.7/site-packages/airflow/example_dags/example_python_operator.py for tasks to queue
[2023-01-31T12:18:56.651+0000] {logging_mixin.py:137} INFO - [2023-01-31T12:18:56.651+0000] {dagbag.py:538} INFO - Filling up the DagBag from /home/airflow/.local/lib/python3.7/site-packages/airflow/example_dags/example_python_operator.py
[2023-01-31T12:18:56.682+0000] {logging_mixin.py:137} INFO - [2023-01-31T12:18:56.682+0000] {taskmixin.py:205} WARNING - Dependency <Task(_PythonDecoratedOperator): print_the_context>, log_sql_query already registered for DAG: example_python_operator
[2023-01-31T12:18:56.682+0000] {logging_mixin.py:137} INFO - [2023-01-31T12:18:56.682+0000] {taskmixin.py:205} WARNING - Dependency <Task(_PythonDecoratedOperator): log_sql_query>, print_the_context already registered for DAG: example_python_operator
[2023-01-31T12:18:56.683+0000] {logging_mixin.py:137} INFO - [2023-01-31T12:18:56.683+0000] {taskmixin.py:205} WARNING - Dependency <Task(_PythonDecoratedOperator): print_the_context>, log_sql_query already registered for DAG: example_python_operator
[2023-01-31T12:18:56.684+0000] {logging_mixin.py:137} INFO - [2023-01-31T12:18:56.683+0000] {taskmixin.py:205} WARNING - Dependency <Task(_PythonDecoratedOperator): log_sql_query>, print_the_context already registered for DAG: example_python_operator
[2023-01-31T12:18:56.685+0000] {logging_mixin.py:137} INFO - [2023-01-31T12:18:56.685+0000] {taskmixin.py:205} WARNING - Dependency <Task(_PythonDecoratedOperator): print_the_context>, log_sql_query already registered for DAG: example_python_operator
[2023-01-31T12:18:56.685+0000] {logging_mixin.py:137} INFO - [2023-01-31T12:18:56.685+0000] {taskmixin.py:205} WARNING - Dependency <Task(_PythonDecoratedOperator): log_sql_query>, print_the_context already registered for DAG: example_python_operator
[2023-01-31T12:18:56.686+0000] {logging_mixin.py:137} INFO - [2023-01-31T12:18:56.686+0000] {taskmixin.py:205} WARNING - Dependency <Task(_PythonDecoratedOperator): print_the_context>, log_sql_query already registered for DAG: example_python_operator
[2023-01-31T12:18:56.686+0000] {logging_mixin.py:137} INFO - [2023-01-31T12:18:56.686+0000] {taskmixin.py:205} WARNING - Dependency <Task(_PythonDecoratedOperator): log_sql_query>, print_the_context already registered for DAG: example_python_operator
[2023-01-31T12:18:56.698+0000] {processor.py:753} INFO - DAG(s) dict_keys(['example_python_operator']) retrieved from /home/airflow/.local/lib/python3.7/site-packages/airflow/example_dags/example_python_operator.py
[2023-01-31T12:18:56.738+0000] {logging_mixin.py:137} INFO - [2023-01-31T12:18:56.738+0000] {dag.py:2690} INFO - Sync 1 DAGs
[2023-01-31T12:18:56.792+0000] {logging_mixin.py:137} INFO - [2023-01-31T12:18:56.792+0000] {dag.py:3441} INFO - Setting next_dagrun for example_python_operator to None, run_after=None
[2023-01-31T12:18:56.858+0000] {processor.py:175} INFO - Processing /home/airflow/.local/lib/python3.7/site-packages/airflow/example_dags/example_python_operator.py took 0.215 seconds
