[2023-01-31T12:15:16.841+0000] {processor.py:153} INFO - Started process (PID=84) to work on /home/airflow/.local/lib/python3.7/site-packages/airflow/example_dags/example_latest_only_with_trigger.py
[2023-01-31T12:15:16.842+0000] {processor.py:743} INFO - Processing file /home/airflow/.local/lib/python3.7/site-packages/airflow/example_dags/example_latest_only_with_trigger.py for tasks to queue
[2023-01-31T12:15:16.843+0000] {logging_mixin.py:137} INFO - [2023-01-31T12:15:16.843+0000] {dagbag.py:538} INFO - Filling up the DagBag from /home/airflow/.local/lib/python3.7/site-packages/airflow/example_dags/example_latest_only_with_trigger.py
[2023-01-31T12:15:16.882+0000] {processor.py:753} INFO - DAG(s) dict_keys(['latest_only_with_trigger']) retrieved from /home/airflow/.local/lib/python3.7/site-packages/airflow/example_dags/example_latest_only_with_trigger.py
[2023-01-31T12:15:16.923+0000] {logging_mixin.py:137} INFO - [2023-01-31T12:15:16.923+0000] {dag.py:2690} INFO - Sync 1 DAGs
[2023-01-31T12:15:16.967+0000] {logging_mixin.py:137} INFO - [2023-01-31T12:15:16.966+0000] {dag.py:3441} INFO - Setting next_dagrun for latest_only_with_trigger to 2023-01-31T08:15:16.966654+00:00, run_after=2023-01-31T12:15:16.966654+00:00
[2023-01-31T12:15:17.009+0000] {processor.py:175} INFO - Processing /home/airflow/.local/lib/python3.7/site-packages/airflow/example_dags/example_latest_only_with_trigger.py took 0.174 seconds
[2023-01-31T12:15:47.731+0000] {processor.py:153} INFO - Started process (PID=143) to work on /home/airflow/.local/lib/python3.7/site-packages/airflow/example_dags/example_latest_only_with_trigger.py
[2023-01-31T12:15:47.764+0000] {processor.py:743} INFO - Processing file /home/airflow/.local/lib/python3.7/site-packages/airflow/example_dags/example_latest_only_with_trigger.py for tasks to queue
[2023-01-31T12:15:47.765+0000] {logging_mixin.py:137} INFO - [2023-01-31T12:15:47.764+0000] {dagbag.py:538} INFO - Filling up the DagBag from /home/airflow/.local/lib/python3.7/site-packages/airflow/example_dags/example_latest_only_with_trigger.py
[2023-01-31T12:15:47.785+0000] {processor.py:753} INFO - DAG(s) dict_keys(['latest_only_with_trigger']) retrieved from /home/airflow/.local/lib/python3.7/site-packages/airflow/example_dags/example_latest_only_with_trigger.py
[2023-01-31T12:15:47.819+0000] {logging_mixin.py:137} INFO - [2023-01-31T12:15:47.818+0000] {dag.py:2690} INFO - Sync 1 DAGs
[2023-01-31T12:15:47.861+0000] {logging_mixin.py:137} INFO - [2023-01-31T12:15:47.861+0000] {dag.py:3441} INFO - Setting next_dagrun for latest_only_with_trigger to 2023-01-31T08:15:47.861000+00:00, run_after=2023-01-31T12:15:47.861000+00:00
[2023-01-31T12:15:47.959+0000] {processor.py:175} INFO - Processing /home/airflow/.local/lib/python3.7/site-packages/airflow/example_dags/example_latest_only_with_trigger.py took 0.234 seconds
[2023-01-31T12:16:18.281+0000] {processor.py:153} INFO - Started process (PID=204) to work on /home/airflow/.local/lib/python3.7/site-packages/airflow/example_dags/example_latest_only_with_trigger.py
[2023-01-31T12:16:18.282+0000] {processor.py:743} INFO - Processing file /home/airflow/.local/lib/python3.7/site-packages/airflow/example_dags/example_latest_only_with_trigger.py for tasks to queue
[2023-01-31T12:16:18.283+0000] {logging_mixin.py:137} INFO - [2023-01-31T12:16:18.283+0000] {dagbag.py:538} INFO - Filling up the DagBag from /home/airflow/.local/lib/python3.7/site-packages/airflow/example_dags/example_latest_only_with_trigger.py
[2023-01-31T12:16:18.303+0000] {processor.py:753} INFO - DAG(s) dict_keys(['latest_only_with_trigger']) retrieved from /home/airflow/.local/lib/python3.7/site-packages/airflow/example_dags/example_latest_only_with_trigger.py
[2023-01-31T12:16:18.338+0000] {logging_mixin.py:137} INFO - [2023-01-31T12:16:18.338+0000] {dag.py:2690} INFO - Sync 1 DAGs
[2023-01-31T12:16:18.379+0000] {logging_mixin.py:137} INFO - [2023-01-31T12:16:18.379+0000] {dag.py:3441} INFO - Setting next_dagrun for latest_only_with_trigger to 2023-01-31T08:16:18.379172+00:00, run_after=2023-01-31T12:16:18.379172+00:00
[2023-01-31T12:16:18.424+0000] {processor.py:175} INFO - Processing /home/airflow/.local/lib/python3.7/site-packages/airflow/example_dags/example_latest_only_with_trigger.py took 0.147 seconds
[2023-01-31T12:16:49.820+0000] {processor.py:153} INFO - Started process (PID=264) to work on /home/airflow/.local/lib/python3.7/site-packages/airflow/example_dags/example_latest_only_with_trigger.py
[2023-01-31T12:16:49.821+0000] {processor.py:743} INFO - Processing file /home/airflow/.local/lib/python3.7/site-packages/airflow/example_dags/example_latest_only_with_trigger.py for tasks to queue
[2023-01-31T12:16:49.822+0000] {logging_mixin.py:137} INFO - [2023-01-31T12:16:49.822+0000] {dagbag.py:538} INFO - Filling up the DagBag from /home/airflow/.local/lib/python3.7/site-packages/airflow/example_dags/example_latest_only_with_trigger.py
[2023-01-31T12:16:49.845+0000] {processor.py:753} INFO - DAG(s) dict_keys(['latest_only_with_trigger']) retrieved from /home/airflow/.local/lib/python3.7/site-packages/airflow/example_dags/example_latest_only_with_trigger.py
[2023-01-31T12:16:49.881+0000] {logging_mixin.py:137} INFO - [2023-01-31T12:16:49.881+0000] {dag.py:2690} INFO - Sync 1 DAGs
[2023-01-31T12:16:49.923+0000] {logging_mixin.py:137} INFO - [2023-01-31T12:16:49.923+0000] {dag.py:3441} INFO - Setting next_dagrun for latest_only_with_trigger to 2023-01-31T08:16:49.923031+00:00, run_after=2023-01-31T12:16:49.923031+00:00
[2023-01-31T12:16:49.962+0000] {processor.py:175} INFO - Processing /home/airflow/.local/lib/python3.7/site-packages/airflow/example_dags/example_latest_only_with_trigger.py took 0.147 seconds
[2023-01-31T12:17:21.504+0000] {processor.py:153} INFO - Started process (PID=324) to work on /home/airflow/.local/lib/python3.7/site-packages/airflow/example_dags/example_latest_only_with_trigger.py
[2023-01-31T12:17:21.505+0000] {processor.py:743} INFO - Processing file /home/airflow/.local/lib/python3.7/site-packages/airflow/example_dags/example_latest_only_with_trigger.py for tasks to queue
[2023-01-31T12:17:21.506+0000] {logging_mixin.py:137} INFO - [2023-01-31T12:17:21.506+0000] {dagbag.py:538} INFO - Filling up the DagBag from /home/airflow/.local/lib/python3.7/site-packages/airflow/example_dags/example_latest_only_with_trigger.py
[2023-01-31T12:17:21.529+0000] {processor.py:753} INFO - DAG(s) dict_keys(['latest_only_with_trigger']) retrieved from /home/airflow/.local/lib/python3.7/site-packages/airflow/example_dags/example_latest_only_with_trigger.py
[2023-01-31T12:17:21.568+0000] {logging_mixin.py:137} INFO - [2023-01-31T12:17:21.567+0000] {dag.py:2690} INFO - Sync 1 DAGs
[2023-01-31T12:17:21.610+0000] {logging_mixin.py:137} INFO - [2023-01-31T12:17:21.610+0000] {dag.py:3441} INFO - Setting next_dagrun for latest_only_with_trigger to 2023-01-31T08:17:21.610244+00:00, run_after=2023-01-31T12:17:21.610244+00:00
[2023-01-31T12:17:21.646+0000] {processor.py:175} INFO - Processing /home/airflow/.local/lib/python3.7/site-packages/airflow/example_dags/example_latest_only_with_trigger.py took 0.147 seconds
[2023-01-31T12:17:51.796+0000] {processor.py:153} INFO - Started process (PID=384) to work on /home/airflow/.local/lib/python3.7/site-packages/airflow/example_dags/example_latest_only_with_trigger.py
[2023-01-31T12:17:51.797+0000] {processor.py:743} INFO - Processing file /home/airflow/.local/lib/python3.7/site-packages/airflow/example_dags/example_latest_only_with_trigger.py for tasks to queue
[2023-01-31T12:17:51.798+0000] {logging_mixin.py:137} INFO - [2023-01-31T12:17:51.798+0000] {dagbag.py:538} INFO - Filling up the DagBag from /home/airflow/.local/lib/python3.7/site-packages/airflow/example_dags/example_latest_only_with_trigger.py
[2023-01-31T12:17:51.819+0000] {processor.py:753} INFO - DAG(s) dict_keys(['latest_only_with_trigger']) retrieved from /home/airflow/.local/lib/python3.7/site-packages/airflow/example_dags/example_latest_only_with_trigger.py
[2023-01-31T12:17:51.855+0000] {logging_mixin.py:137} INFO - [2023-01-31T12:17:51.854+0000] {dag.py:2690} INFO - Sync 1 DAGs
[2023-01-31T12:17:51.896+0000] {logging_mixin.py:137} INFO - [2023-01-31T12:17:51.895+0000] {dag.py:3441} INFO - Setting next_dagrun for latest_only_with_trigger to 2023-01-31T08:17:51.895586+00:00, run_after=2023-01-31T12:17:51.895586+00:00
[2023-01-31T12:17:51.959+0000] {processor.py:175} INFO - Processing /home/airflow/.local/lib/python3.7/site-packages/airflow/example_dags/example_latest_only_with_trigger.py took 0.167 seconds
[2023-01-31T12:18:22.960+0000] {processor.py:153} INFO - Started process (PID=444) to work on /home/airflow/.local/lib/python3.7/site-packages/airflow/example_dags/example_latest_only_with_trigger.py
[2023-01-31T12:18:22.961+0000] {processor.py:743} INFO - Processing file /home/airflow/.local/lib/python3.7/site-packages/airflow/example_dags/example_latest_only_with_trigger.py for tasks to queue
[2023-01-31T12:18:22.962+0000] {logging_mixin.py:137} INFO - [2023-01-31T12:18:22.962+0000] {dagbag.py:538} INFO - Filling up the DagBag from /home/airflow/.local/lib/python3.7/site-packages/airflow/example_dags/example_latest_only_with_trigger.py
[2023-01-31T12:18:22.986+0000] {processor.py:753} INFO - DAG(s) dict_keys(['latest_only_with_trigger']) retrieved from /home/airflow/.local/lib/python3.7/site-packages/airflow/example_dags/example_latest_only_with_trigger.py
[2023-01-31T12:18:23.024+0000] {logging_mixin.py:137} INFO - [2023-01-31T12:18:23.023+0000] {dag.py:2690} INFO - Sync 1 DAGs
[2023-01-31T12:18:23.069+0000] {logging_mixin.py:137} INFO - [2023-01-31T12:18:23.069+0000] {dag.py:3441} INFO - Setting next_dagrun for latest_only_with_trigger to 2023-01-31T08:18:23.068991+00:00, run_after=2023-01-31T12:18:23.068991+00:00
[2023-01-31T12:18:23.101+0000] {processor.py:175} INFO - Processing /home/airflow/.local/lib/python3.7/site-packages/airflow/example_dags/example_latest_only_with_trigger.py took 0.145 seconds
[2023-01-31T12:18:53.913+0000] {processor.py:153} INFO - Started process (PID=504) to work on /home/airflow/.local/lib/python3.7/site-packages/airflow/example_dags/example_latest_only_with_trigger.py
[2023-01-31T12:18:53.914+0000] {processor.py:743} INFO - Processing file /home/airflow/.local/lib/python3.7/site-packages/airflow/example_dags/example_latest_only_with_trigger.py for tasks to queue
[2023-01-31T12:18:53.914+0000] {logging_mixin.py:137} INFO - [2023-01-31T12:18:53.914+0000] {dagbag.py:538} INFO - Filling up the DagBag from /home/airflow/.local/lib/python3.7/site-packages/airflow/example_dags/example_latest_only_with_trigger.py
[2023-01-31T12:18:53.933+0000] {processor.py:753} INFO - DAG(s) dict_keys(['latest_only_with_trigger']) retrieved from /home/airflow/.local/lib/python3.7/site-packages/airflow/example_dags/example_latest_only_with_trigger.py
[2023-01-31T12:18:53.966+0000] {logging_mixin.py:137} INFO - [2023-01-31T12:18:53.966+0000] {dag.py:2690} INFO - Sync 1 DAGs
[2023-01-31T12:18:54.010+0000] {logging_mixin.py:137} INFO - [2023-01-31T12:18:54.009+0000] {dag.py:3441} INFO - Setting next_dagrun for latest_only_with_trigger to 2023-01-31T08:18:54.009301+00:00, run_after=2023-01-31T12:18:54.009301+00:00
[2023-01-31T12:18:54.053+0000] {processor.py:175} INFO - Processing /home/airflow/.local/lib/python3.7/site-packages/airflow/example_dags/example_latest_only_with_trigger.py took 0.144 seconds
