[2023-01-31T12:15:16.832+0000] {processor.py:153} INFO - Started process (PID=83) to work on /home/airflow/.local/lib/python3.7/site-packages/airflow/example_dags/example_external_task_marker_dag.py
[2023-01-31T12:15:16.832+0000] {processor.py:743} INFO - Processing file /home/airflow/.local/lib/python3.7/site-packages/airflow/example_dags/example_external_task_marker_dag.py for tasks to queue
[2023-01-31T12:15:16.833+0000] {logging_mixin.py:137} INFO - [2023-01-31T12:15:16.833+0000] {dagbag.py:538} INFO - Filling up the DagBag from /home/airflow/.local/lib/python3.7/site-packages/airflow/example_dags/example_external_task_marker_dag.py
[2023-01-31T12:15:16.853+0000] {processor.py:753} INFO - DAG(s) dict_keys(['example_external_task_marker_parent', 'example_external_task_marker_child']) retrieved from /home/airflow/.local/lib/python3.7/site-packages/airflow/example_dags/example_external_task_marker_dag.py
[2023-01-31T12:15:17.067+0000] {logging_mixin.py:137} INFO - [2023-01-31T12:15:17.067+0000] {dag.py:2690} INFO - Sync 2 DAGs
[2023-01-31T12:15:17.113+0000] {logging_mixin.py:137} INFO - [2023-01-31T12:15:17.113+0000] {dag.py:3441} INFO - Setting next_dagrun for example_external_task_marker_child to None, run_after=None
[2023-01-31T12:15:17.119+0000] {logging_mixin.py:137} INFO - [2023-01-31T12:15:17.119+0000] {dag.py:3441} INFO - Setting next_dagrun for example_external_task_marker_parent to None, run_after=None
[2023-01-31T12:15:17.193+0000] {processor.py:175} INFO - Processing /home/airflow/.local/lib/python3.7/site-packages/airflow/example_dags/example_external_task_marker_dag.py took 0.368 seconds
[2023-01-31T12:15:48.000+0000] {processor.py:153} INFO - Started process (PID=144) to work on /home/airflow/.local/lib/python3.7/site-packages/airflow/example_dags/example_external_task_marker_dag.py
[2023-01-31T12:15:48.001+0000] {processor.py:743} INFO - Processing file /home/airflow/.local/lib/python3.7/site-packages/airflow/example_dags/example_external_task_marker_dag.py for tasks to queue
[2023-01-31T12:15:48.003+0000] {logging_mixin.py:137} INFO - [2023-01-31T12:15:48.002+0000] {dagbag.py:538} INFO - Filling up the DagBag from /home/airflow/.local/lib/python3.7/site-packages/airflow/example_dags/example_external_task_marker_dag.py
[2023-01-31T12:15:48.028+0000] {processor.py:753} INFO - DAG(s) dict_keys(['example_external_task_marker_parent', 'example_external_task_marker_child']) retrieved from /home/airflow/.local/lib/python3.7/site-packages/airflow/example_dags/example_external_task_marker_dag.py
[2023-01-31T12:15:48.068+0000] {logging_mixin.py:137} INFO - [2023-01-31T12:15:48.068+0000] {dag.py:2690} INFO - Sync 2 DAGs
[2023-01-31T12:15:48.111+0000] {logging_mixin.py:137} INFO - [2023-01-31T12:15:48.111+0000] {dag.py:3441} INFO - Setting next_dagrun for example_external_task_marker_child to None, run_after=None
[2023-01-31T12:15:48.116+0000] {logging_mixin.py:137} INFO - [2023-01-31T12:15:48.116+0000] {dag.py:3441} INFO - Setting next_dagrun for example_external_task_marker_parent to None, run_after=None
[2023-01-31T12:15:48.152+0000] {processor.py:175} INFO - Processing /home/airflow/.local/lib/python3.7/site-packages/airflow/example_dags/example_external_task_marker_dag.py took 0.158 seconds
[2023-01-31T12:16:18.239+0000] {processor.py:153} INFO - Started process (PID=203) to work on /home/airflow/.local/lib/python3.7/site-packages/airflow/example_dags/example_external_task_marker_dag.py
[2023-01-31T12:16:18.241+0000] {processor.py:743} INFO - Processing file /home/airflow/.local/lib/python3.7/site-packages/airflow/example_dags/example_external_task_marker_dag.py for tasks to queue
[2023-01-31T12:16:18.242+0000] {logging_mixin.py:137} INFO - [2023-01-31T12:16:18.242+0000] {dagbag.py:538} INFO - Filling up the DagBag from /home/airflow/.local/lib/python3.7/site-packages/airflow/example_dags/example_external_task_marker_dag.py
[2023-01-31T12:16:18.259+0000] {processor.py:753} INFO - DAG(s) dict_keys(['example_external_task_marker_parent', 'example_external_task_marker_child']) retrieved from /home/airflow/.local/lib/python3.7/site-packages/airflow/example_dags/example_external_task_marker_dag.py
[2023-01-31T12:16:18.301+0000] {logging_mixin.py:137} INFO - [2023-01-31T12:16:18.301+0000] {dag.py:2690} INFO - Sync 2 DAGs
[2023-01-31T12:16:18.343+0000] {logging_mixin.py:137} INFO - [2023-01-31T12:16:18.343+0000] {dag.py:3441} INFO - Setting next_dagrun for example_external_task_marker_child to None, run_after=None
[2023-01-31T12:16:18.348+0000] {logging_mixin.py:137} INFO - [2023-01-31T12:16:18.348+0000] {dag.py:3441} INFO - Setting next_dagrun for example_external_task_marker_parent to None, run_after=None
[2023-01-31T12:16:18.379+0000] {processor.py:175} INFO - Processing /home/airflow/.local/lib/python3.7/site-packages/airflow/example_dags/example_external_task_marker_dag.py took 0.143 seconds
[2023-01-31T12:16:49.678+0000] {processor.py:153} INFO - Started process (PID=263) to work on /home/airflow/.local/lib/python3.7/site-packages/airflow/example_dags/example_external_task_marker_dag.py
[2023-01-31T12:16:49.767+0000] {processor.py:743} INFO - Processing file /home/airflow/.local/lib/python3.7/site-packages/airflow/example_dags/example_external_task_marker_dag.py for tasks to queue
[2023-01-31T12:16:49.768+0000] {logging_mixin.py:137} INFO - [2023-01-31T12:16:49.768+0000] {dagbag.py:538} INFO - Filling up the DagBag from /home/airflow/.local/lib/python3.7/site-packages/airflow/example_dags/example_external_task_marker_dag.py
[2023-01-31T12:16:49.791+0000] {processor.py:753} INFO - DAG(s) dict_keys(['example_external_task_marker_child', 'example_external_task_marker_parent']) retrieved from /home/airflow/.local/lib/python3.7/site-packages/airflow/example_dags/example_external_task_marker_dag.py
[2023-01-31T12:16:49.836+0000] {logging_mixin.py:137} INFO - [2023-01-31T12:16:49.836+0000] {dag.py:2690} INFO - Sync 2 DAGs
[2023-01-31T12:16:49.879+0000] {logging_mixin.py:137} INFO - [2023-01-31T12:16:49.879+0000] {dag.py:3441} INFO - Setting next_dagrun for example_external_task_marker_child to None, run_after=None
[2023-01-31T12:16:49.884+0000] {logging_mixin.py:137} INFO - [2023-01-31T12:16:49.884+0000] {dag.py:3441} INFO - Setting next_dagrun for example_external_task_marker_parent to None, run_after=None
[2023-01-31T12:16:49.911+0000] {processor.py:175} INFO - Processing /home/airflow/.local/lib/python3.7/site-packages/airflow/example_dags/example_external_task_marker_dag.py took 0.238 seconds
[2023-01-31T12:17:21.466+0000] {processor.py:153} INFO - Started process (PID=323) to work on /home/airflow/.local/lib/python3.7/site-packages/airflow/example_dags/example_external_task_marker_dag.py
[2023-01-31T12:17:21.467+0000] {processor.py:743} INFO - Processing file /home/airflow/.local/lib/python3.7/site-packages/airflow/example_dags/example_external_task_marker_dag.py for tasks to queue
[2023-01-31T12:17:21.468+0000] {logging_mixin.py:137} INFO - [2023-01-31T12:17:21.468+0000] {dagbag.py:538} INFO - Filling up the DagBag from /home/airflow/.local/lib/python3.7/site-packages/airflow/example_dags/example_external_task_marker_dag.py
[2023-01-31T12:17:21.490+0000] {processor.py:753} INFO - DAG(s) dict_keys(['example_external_task_marker_child', 'example_external_task_marker_parent']) retrieved from /home/airflow/.local/lib/python3.7/site-packages/airflow/example_dags/example_external_task_marker_dag.py
[2023-01-31T12:17:21.531+0000] {logging_mixin.py:137} INFO - [2023-01-31T12:17:21.531+0000] {dag.py:2690} INFO - Sync 2 DAGs
[2023-01-31T12:17:21.581+0000] {logging_mixin.py:137} INFO - [2023-01-31T12:17:21.581+0000] {dag.py:3441} INFO - Setting next_dagrun for example_external_task_marker_child to None, run_after=None
[2023-01-31T12:17:21.586+0000] {logging_mixin.py:137} INFO - [2023-01-31T12:17:21.586+0000] {dag.py:3441} INFO - Setting next_dagrun for example_external_task_marker_parent to None, run_after=None
[2023-01-31T12:17:21.613+0000] {processor.py:175} INFO - Processing /home/airflow/.local/lib/python3.7/site-packages/airflow/example_dags/example_external_task_marker_dag.py took 0.153 seconds
[2023-01-31T12:17:51.764+0000] {processor.py:153} INFO - Started process (PID=383) to work on /home/airflow/.local/lib/python3.7/site-packages/airflow/example_dags/example_external_task_marker_dag.py
[2023-01-31T12:17:51.764+0000] {processor.py:743} INFO - Processing file /home/airflow/.local/lib/python3.7/site-packages/airflow/example_dags/example_external_task_marker_dag.py for tasks to queue
[2023-01-31T12:17:51.765+0000] {logging_mixin.py:137} INFO - [2023-01-31T12:17:51.765+0000] {dagbag.py:538} INFO - Filling up the DagBag from /home/airflow/.local/lib/python3.7/site-packages/airflow/example_dags/example_external_task_marker_dag.py
[2023-01-31T12:17:51.784+0000] {processor.py:753} INFO - DAG(s) dict_keys(['example_external_task_marker_child', 'example_external_task_marker_parent']) retrieved from /home/airflow/.local/lib/python3.7/site-packages/airflow/example_dags/example_external_task_marker_dag.py
[2023-01-31T12:17:51.825+0000] {logging_mixin.py:137} INFO - [2023-01-31T12:17:51.825+0000] {dag.py:2690} INFO - Sync 2 DAGs
[2023-01-31T12:17:51.865+0000] {logging_mixin.py:137} INFO - [2023-01-31T12:17:51.864+0000] {dag.py:3441} INFO - Setting next_dagrun for example_external_task_marker_child to None, run_after=None
[2023-01-31T12:17:51.869+0000] {logging_mixin.py:137} INFO - [2023-01-31T12:17:51.869+0000] {dag.py:3441} INFO - Setting next_dagrun for example_external_task_marker_parent to None, run_after=None
[2023-01-31T12:17:51.932+0000] {processor.py:175} INFO - Processing /home/airflow/.local/lib/python3.7/site-packages/airflow/example_dags/example_external_task_marker_dag.py took 0.173 seconds
[2023-01-31T12:18:22.786+0000] {processor.py:153} INFO - Started process (PID=443) to work on /home/airflow/.local/lib/python3.7/site-packages/airflow/example_dags/example_external_task_marker_dag.py
[2023-01-31T12:18:22.788+0000] {processor.py:743} INFO - Processing file /home/airflow/.local/lib/python3.7/site-packages/airflow/example_dags/example_external_task_marker_dag.py for tasks to queue
[2023-01-31T12:18:22.789+0000] {logging_mixin.py:137} INFO - [2023-01-31T12:18:22.789+0000] {dagbag.py:538} INFO - Filling up the DagBag from /home/airflow/.local/lib/python3.7/site-packages/airflow/example_dags/example_external_task_marker_dag.py
[2023-01-31T12:18:22.811+0000] {processor.py:753} INFO - DAG(s) dict_keys(['example_external_task_marker_child', 'example_external_task_marker_parent']) retrieved from /home/airflow/.local/lib/python3.7/site-packages/airflow/example_dags/example_external_task_marker_dag.py
[2023-01-31T12:18:22.851+0000] {logging_mixin.py:137} INFO - [2023-01-31T12:18:22.851+0000] {dag.py:2690} INFO - Sync 2 DAGs
[2023-01-31T12:18:22.893+0000] {logging_mixin.py:137} INFO - [2023-01-31T12:18:22.893+0000] {dag.py:3441} INFO - Setting next_dagrun for example_external_task_marker_child to None, run_after=None
[2023-01-31T12:18:22.899+0000] {logging_mixin.py:137} INFO - [2023-01-31T12:18:22.899+0000] {dag.py:3441} INFO - Setting next_dagrun for example_external_task_marker_parent to None, run_after=None
[2023-01-31T12:18:22.930+0000] {processor.py:175} INFO - Processing /home/airflow/.local/lib/python3.7/site-packages/airflow/example_dags/example_external_task_marker_dag.py took 0.150 seconds
[2023-01-31T12:18:53.886+0000] {processor.py:153} INFO - Started process (PID=503) to work on /home/airflow/.local/lib/python3.7/site-packages/airflow/example_dags/example_external_task_marker_dag.py
[2023-01-31T12:18:53.891+0000] {processor.py:743} INFO - Processing file /home/airflow/.local/lib/python3.7/site-packages/airflow/example_dags/example_external_task_marker_dag.py for tasks to queue
[2023-01-31T12:18:53.892+0000] {logging_mixin.py:137} INFO - [2023-01-31T12:18:53.891+0000] {dagbag.py:538} INFO - Filling up the DagBag from /home/airflow/.local/lib/python3.7/site-packages/airflow/example_dags/example_external_task_marker_dag.py
[2023-01-31T12:18:53.910+0000] {processor.py:753} INFO - DAG(s) dict_keys(['example_external_task_marker_parent', 'example_external_task_marker_child']) retrieved from /home/airflow/.local/lib/python3.7/site-packages/airflow/example_dags/example_external_task_marker_dag.py
[2023-01-31T12:18:53.945+0000] {logging_mixin.py:137} INFO - [2023-01-31T12:18:53.945+0000] {dag.py:2690} INFO - Sync 2 DAGs
[2023-01-31T12:18:53.985+0000] {logging_mixin.py:137} INFO - [2023-01-31T12:18:53.985+0000] {dag.py:3441} INFO - Setting next_dagrun for example_external_task_marker_child to None, run_after=None
[2023-01-31T12:18:53.990+0000] {logging_mixin.py:137} INFO - [2023-01-31T12:18:53.989+0000] {dag.py:3441} INFO - Setting next_dagrun for example_external_task_marker_parent to None, run_after=None
[2023-01-31T12:18:54.037+0000] {processor.py:175} INFO - Processing /home/airflow/.local/lib/python3.7/site-packages/airflow/example_dags/example_external_task_marker_dag.py took 0.156 seconds
