[2023-01-31T12:15:15.970+0000] {processor.py:153} INFO - Started process (PID=79) to work on /home/airflow/.local/lib/python3.7/site-packages/airflow/example_dags/example_branch_labels.py
[2023-01-31T12:15:15.971+0000] {processor.py:743} INFO - Processing file /home/airflow/.local/lib/python3.7/site-packages/airflow/example_dags/example_branch_labels.py for tasks to queue
[2023-01-31T12:15:15.972+0000] {logging_mixin.py:137} INFO - [2023-01-31T12:15:15.972+0000] {dagbag.py:538} INFO - Filling up the DagBag from /home/airflow/.local/lib/python3.7/site-packages/airflow/example_dags/example_branch_labels.py
[2023-01-31T12:15:15.999+0000] {processor.py:753} INFO - DAG(s) dict_keys(['example_branch_labels']) retrieved from /home/airflow/.local/lib/python3.7/site-packages/airflow/example_dags/example_branch_labels.py
[2023-01-31T12:15:16.044+0000] {logging_mixin.py:137} INFO - [2023-01-31T12:15:16.044+0000] {dag.py:2690} INFO - Sync 1 DAGs
[2023-01-31T12:15:16.095+0000] {logging_mixin.py:137} INFO - [2023-01-31T12:15:16.094+0000] {dag.py:3441} INFO - Setting next_dagrun for example_branch_labels to 2023-01-30T00:00:00+00:00, run_after=2023-01-31T00:00:00+00:00
[2023-01-31T12:15:16.153+0000] {processor.py:175} INFO - Processing /home/airflow/.local/lib/python3.7/site-packages/airflow/example_dags/example_branch_labels.py took 0.187 seconds
[2023-01-31T12:15:47.279+0000] {processor.py:153} INFO - Started process (PID=139) to work on /home/airflow/.local/lib/python3.7/site-packages/airflow/example_dags/example_branch_labels.py
[2023-01-31T12:15:47.297+0000] {processor.py:743} INFO - Processing file /home/airflow/.local/lib/python3.7/site-packages/airflow/example_dags/example_branch_labels.py for tasks to queue
[2023-01-31T12:15:47.298+0000] {logging_mixin.py:137} INFO - [2023-01-31T12:15:47.298+0000] {dagbag.py:538} INFO - Filling up the DagBag from /home/airflow/.local/lib/python3.7/site-packages/airflow/example_dags/example_branch_labels.py
[2023-01-31T12:15:47.324+0000] {processor.py:753} INFO - DAG(s) dict_keys(['example_branch_labels']) retrieved from /home/airflow/.local/lib/python3.7/site-packages/airflow/example_dags/example_branch_labels.py
[2023-01-31T12:15:47.361+0000] {logging_mixin.py:137} INFO - [2023-01-31T12:15:47.361+0000] {dag.py:2690} INFO - Sync 1 DAGs
[2023-01-31T12:15:47.409+0000] {logging_mixin.py:137} INFO - [2023-01-31T12:15:47.409+0000] {dag.py:3441} INFO - Setting next_dagrun for example_branch_labels to 2023-01-30T00:00:00+00:00, run_after=2023-01-31T00:00:00+00:00
[2023-01-31T12:15:47.452+0000] {processor.py:175} INFO - Processing /home/airflow/.local/lib/python3.7/site-packages/airflow/example_dags/example_branch_labels.py took 0.178 seconds
[2023-01-31T12:16:17.884+0000] {processor.py:153} INFO - Started process (PID=199) to work on /home/airflow/.local/lib/python3.7/site-packages/airflow/example_dags/example_branch_labels.py
[2023-01-31T12:16:17.885+0000] {processor.py:743} INFO - Processing file /home/airflow/.local/lib/python3.7/site-packages/airflow/example_dags/example_branch_labels.py for tasks to queue
[2023-01-31T12:16:17.886+0000] {logging_mixin.py:137} INFO - [2023-01-31T12:16:17.885+0000] {dagbag.py:538} INFO - Filling up the DagBag from /home/airflow/.local/lib/python3.7/site-packages/airflow/example_dags/example_branch_labels.py
[2023-01-31T12:16:17.909+0000] {processor.py:753} INFO - DAG(s) dict_keys(['example_branch_labels']) retrieved from /home/airflow/.local/lib/python3.7/site-packages/airflow/example_dags/example_branch_labels.py
[2023-01-31T12:16:17.945+0000] {logging_mixin.py:137} INFO - [2023-01-31T12:16:17.945+0000] {dag.py:2690} INFO - Sync 1 DAGs
[2023-01-31T12:16:17.988+0000] {logging_mixin.py:137} INFO - [2023-01-31T12:16:17.988+0000] {dag.py:3441} INFO - Setting next_dagrun for example_branch_labels to 2023-01-30T00:00:00+00:00, run_after=2023-01-31T00:00:00+00:00
[2023-01-31T12:16:18.027+0000] {processor.py:175} INFO - Processing /home/airflow/.local/lib/python3.7/site-packages/airflow/example_dags/example_branch_labels.py took 0.147 seconds
[2023-01-31T12:16:49.237+0000] {processor.py:153} INFO - Started process (PID=259) to work on /home/airflow/.local/lib/python3.7/site-packages/airflow/example_dags/example_branch_labels.py
[2023-01-31T12:16:49.238+0000] {processor.py:743} INFO - Processing file /home/airflow/.local/lib/python3.7/site-packages/airflow/example_dags/example_branch_labels.py for tasks to queue
[2023-01-31T12:16:49.238+0000] {logging_mixin.py:137} INFO - [2023-01-31T12:16:49.238+0000] {dagbag.py:538} INFO - Filling up the DagBag from /home/airflow/.local/lib/python3.7/site-packages/airflow/example_dags/example_branch_labels.py
[2023-01-31T12:16:49.258+0000] {processor.py:753} INFO - DAG(s) dict_keys(['example_branch_labels']) retrieved from /home/airflow/.local/lib/python3.7/site-packages/airflow/example_dags/example_branch_labels.py
[2023-01-31T12:16:49.306+0000] {logging_mixin.py:137} INFO - [2023-01-31T12:16:49.306+0000] {dag.py:2690} INFO - Sync 1 DAGs
[2023-01-31T12:16:49.348+0000] {logging_mixin.py:137} INFO - [2023-01-31T12:16:49.348+0000] {dag.py:3441} INFO - Setting next_dagrun for example_branch_labels to 2023-01-30T00:00:00+00:00, run_after=2023-01-31T00:00:00+00:00
[2023-01-31T12:16:49.378+0000] {processor.py:175} INFO - Processing /home/airflow/.local/lib/python3.7/site-packages/airflow/example_dags/example_branch_labels.py took 0.146 seconds
[2023-01-31T12:17:20.576+0000] {processor.py:153} INFO - Started process (PID=319) to work on /home/airflow/.local/lib/python3.7/site-packages/airflow/example_dags/example_branch_labels.py
[2023-01-31T12:17:20.578+0000] {processor.py:743} INFO - Processing file /home/airflow/.local/lib/python3.7/site-packages/airflow/example_dags/example_branch_labels.py for tasks to queue
[2023-01-31T12:17:20.579+0000] {logging_mixin.py:137} INFO - [2023-01-31T12:17:20.579+0000] {dagbag.py:538} INFO - Filling up the DagBag from /home/airflow/.local/lib/python3.7/site-packages/airflow/example_dags/example_branch_labels.py
[2023-01-31T12:17:20.604+0000] {processor.py:753} INFO - DAG(s) dict_keys(['example_branch_labels']) retrieved from /home/airflow/.local/lib/python3.7/site-packages/airflow/example_dags/example_branch_labels.py
[2023-01-31T12:17:20.644+0000] {logging_mixin.py:137} INFO - [2023-01-31T12:17:20.644+0000] {dag.py:2690} INFO - Sync 1 DAGs
[2023-01-31T12:17:20.694+0000] {logging_mixin.py:137} INFO - [2023-01-31T12:17:20.694+0000] {dag.py:3441} INFO - Setting next_dagrun for example_branch_labels to 2023-01-30T00:00:00+00:00, run_after=2023-01-31T00:00:00+00:00
[2023-01-31T12:17:20.749+0000] {processor.py:175} INFO - Processing /home/airflow/.local/lib/python3.7/site-packages/airflow/example_dags/example_branch_labels.py took 0.179 seconds
[2023-01-31T12:17:51.267+0000] {processor.py:153} INFO - Started process (PID=379) to work on /home/airflow/.local/lib/python3.7/site-packages/airflow/example_dags/example_branch_labels.py
[2023-01-31T12:17:51.268+0000] {processor.py:743} INFO - Processing file /home/airflow/.local/lib/python3.7/site-packages/airflow/example_dags/example_branch_labels.py for tasks to queue
[2023-01-31T12:17:51.269+0000] {logging_mixin.py:137} INFO - [2023-01-31T12:17:51.268+0000] {dagbag.py:538} INFO - Filling up the DagBag from /home/airflow/.local/lib/python3.7/site-packages/airflow/example_dags/example_branch_labels.py
[2023-01-31T12:17:51.290+0000] {processor.py:753} INFO - DAG(s) dict_keys(['example_branch_labels']) retrieved from /home/airflow/.local/lib/python3.7/site-packages/airflow/example_dags/example_branch_labels.py
[2023-01-31T12:17:51.323+0000] {logging_mixin.py:137} INFO - [2023-01-31T12:17:51.323+0000] {dag.py:2690} INFO - Sync 1 DAGs
[2023-01-31T12:17:51.364+0000] {logging_mixin.py:137} INFO - [2023-01-31T12:17:51.364+0000] {dag.py:3441} INFO - Setting next_dagrun for example_branch_labels to 2023-01-30T00:00:00+00:00, run_after=2023-01-31T00:00:00+00:00
[2023-01-31T12:17:51.452+0000] {processor.py:175} INFO - Processing /home/airflow/.local/lib/python3.7/site-packages/airflow/example_dags/example_branch_labels.py took 0.189 seconds
[2023-01-31T12:18:22.338+0000] {processor.py:153} INFO - Started process (PID=439) to work on /home/airflow/.local/lib/python3.7/site-packages/airflow/example_dags/example_branch_labels.py
[2023-01-31T12:18:22.339+0000] {processor.py:743} INFO - Processing file /home/airflow/.local/lib/python3.7/site-packages/airflow/example_dags/example_branch_labels.py for tasks to queue
[2023-01-31T12:18:22.340+0000] {logging_mixin.py:137} INFO - [2023-01-31T12:18:22.340+0000] {dagbag.py:538} INFO - Filling up the DagBag from /home/airflow/.local/lib/python3.7/site-packages/airflow/example_dags/example_branch_labels.py
[2023-01-31T12:18:22.361+0000] {processor.py:753} INFO - DAG(s) dict_keys(['example_branch_labels']) retrieved from /home/airflow/.local/lib/python3.7/site-packages/airflow/example_dags/example_branch_labels.py
[2023-01-31T12:18:22.401+0000] {logging_mixin.py:137} INFO - [2023-01-31T12:18:22.400+0000] {dag.py:2690} INFO - Sync 1 DAGs
[2023-01-31T12:18:22.444+0000] {logging_mixin.py:137} INFO - [2023-01-31T12:18:22.444+0000] {dag.py:3441} INFO - Setting next_dagrun for example_branch_labels to 2023-01-30T00:00:00+00:00, run_after=2023-01-31T00:00:00+00:00
[2023-01-31T12:18:22.537+0000] {processor.py:175} INFO - Processing /home/airflow/.local/lib/python3.7/site-packages/airflow/example_dags/example_branch_labels.py took 0.205 seconds
[2023-01-31T12:18:53.365+0000] {processor.py:153} INFO - Started process (PID=499) to work on /home/airflow/.local/lib/python3.7/site-packages/airflow/example_dags/example_branch_labels.py
[2023-01-31T12:18:53.366+0000] {processor.py:743} INFO - Processing file /home/airflow/.local/lib/python3.7/site-packages/airflow/example_dags/example_branch_labels.py for tasks to queue
[2023-01-31T12:18:53.367+0000] {logging_mixin.py:137} INFO - [2023-01-31T12:18:53.367+0000] {dagbag.py:538} INFO - Filling up the DagBag from /home/airflow/.local/lib/python3.7/site-packages/airflow/example_dags/example_branch_labels.py
[2023-01-31T12:18:53.392+0000] {processor.py:753} INFO - DAG(s) dict_keys(['example_branch_labels']) retrieved from /home/airflow/.local/lib/python3.7/site-packages/airflow/example_dags/example_branch_labels.py
[2023-01-31T12:18:53.429+0000] {logging_mixin.py:137} INFO - [2023-01-31T12:18:53.429+0000] {dag.py:2690} INFO - Sync 1 DAGs
[2023-01-31T12:18:53.470+0000] {logging_mixin.py:137} INFO - [2023-01-31T12:18:53.470+0000] {dag.py:3441} INFO - Setting next_dagrun for example_branch_labels to 2023-01-30T00:00:00+00:00, run_after=2023-01-31T00:00:00+00:00
[2023-01-31T12:18:53.504+0000] {processor.py:175} INFO - Processing /home/airflow/.local/lib/python3.7/site-packages/airflow/example_dags/example_branch_labels.py took 0.144 seconds
