[2023-01-31T12:15:17.835+0000] {processor.py:153} INFO - Started process (PID=89) to work on /home/airflow/.local/lib/python3.7/site-packages/airflow/example_dags/example_short_circuit_operator.py
[2023-01-31T12:15:17.836+0000] {processor.py:743} INFO - Processing file /home/airflow/.local/lib/python3.7/site-packages/airflow/example_dags/example_short_circuit_operator.py for tasks to queue
[2023-01-31T12:15:17.837+0000] {logging_mixin.py:137} INFO - [2023-01-31T12:15:17.837+0000] {dagbag.py:538} INFO - Filling up the DagBag from /home/airflow/.local/lib/python3.7/site-packages/airflow/example_dags/example_short_circuit_operator.py
[2023-01-31T12:15:17.860+0000] {processor.py:753} INFO - DAG(s) dict_keys(['example_short_circuit_operator']) retrieved from /home/airflow/.local/lib/python3.7/site-packages/airflow/example_dags/example_short_circuit_operator.py
[2023-01-31T12:15:17.901+0000] {logging_mixin.py:137} INFO - [2023-01-31T12:15:17.901+0000] {dag.py:2690} INFO - Sync 1 DAGs
[2023-01-31T12:15:17.943+0000] {logging_mixin.py:137} INFO - [2023-01-31T12:15:17.943+0000] {dag.py:3441} INFO - Setting next_dagrun for example_short_circuit_operator to 2023-01-30T12:15:17.943020+00:00, run_after=2023-01-31T12:15:17.943020+00:00
[2023-01-31T12:15:18.408+0000] {processor.py:175} INFO - Processing /home/airflow/.local/lib/python3.7/site-packages/airflow/example_dags/example_short_circuit_operator.py took 0.578 seconds
[2023-01-31T12:15:48.880+0000] {processor.py:153} INFO - Started process (PID=149) to work on /home/airflow/.local/lib/python3.7/site-packages/airflow/example_dags/example_short_circuit_operator.py
[2023-01-31T12:15:48.881+0000] {processor.py:743} INFO - Processing file /home/airflow/.local/lib/python3.7/site-packages/airflow/example_dags/example_short_circuit_operator.py for tasks to queue
[2023-01-31T12:15:48.883+0000] {logging_mixin.py:137} INFO - [2023-01-31T12:15:48.882+0000] {dagbag.py:538} INFO - Filling up the DagBag from /home/airflow/.local/lib/python3.7/site-packages/airflow/example_dags/example_short_circuit_operator.py
[2023-01-31T12:15:48.915+0000] {processor.py:753} INFO - DAG(s) dict_keys(['example_short_circuit_operator']) retrieved from /home/airflow/.local/lib/python3.7/site-packages/airflow/example_dags/example_short_circuit_operator.py
[2023-01-31T12:15:48.952+0000] {logging_mixin.py:137} INFO - [2023-01-31T12:15:48.952+0000] {dag.py:2690} INFO - Sync 1 DAGs
[2023-01-31T12:15:48.993+0000] {logging_mixin.py:137} INFO - [2023-01-31T12:15:48.993+0000] {dag.py:3441} INFO - Setting next_dagrun for example_short_circuit_operator to 2023-01-30T12:15:48.992957+00:00, run_after=2023-01-31T12:15:48.992957+00:00
[2023-01-31T12:15:49.089+0000] {processor.py:175} INFO - Processing /home/airflow/.local/lib/python3.7/site-packages/airflow/example_dags/example_short_circuit_operator.py took 0.215 seconds
[2023-01-31T12:16:19.119+0000] {processor.py:153} INFO - Started process (PID=208) to work on /home/airflow/.local/lib/python3.7/site-packages/airflow/example_dags/example_short_circuit_operator.py
[2023-01-31T12:16:19.137+0000] {processor.py:743} INFO - Processing file /home/airflow/.local/lib/python3.7/site-packages/airflow/example_dags/example_short_circuit_operator.py for tasks to queue
[2023-01-31T12:16:19.138+0000] {logging_mixin.py:137} INFO - [2023-01-31T12:16:19.138+0000] {dagbag.py:538} INFO - Filling up the DagBag from /home/airflow/.local/lib/python3.7/site-packages/airflow/example_dags/example_short_circuit_operator.py
[2023-01-31T12:16:19.168+0000] {processor.py:753} INFO - DAG(s) dict_keys(['example_short_circuit_operator']) retrieved from /home/airflow/.local/lib/python3.7/site-packages/airflow/example_dags/example_short_circuit_operator.py
[2023-01-31T12:16:19.219+0000] {logging_mixin.py:137} INFO - [2023-01-31T12:16:19.218+0000] {dag.py:2690} INFO - Sync 1 DAGs
[2023-01-31T12:16:19.263+0000] {logging_mixin.py:137} INFO - [2023-01-31T12:16:19.263+0000] {dag.py:3441} INFO - Setting next_dagrun for example_short_circuit_operator to 2023-01-30T12:16:19.262754+00:00, run_after=2023-01-31T12:16:19.262754+00:00
[2023-01-31T12:16:19.335+0000] {processor.py:175} INFO - Processing /home/airflow/.local/lib/python3.7/site-packages/airflow/example_dags/example_short_circuit_operator.py took 0.219 seconds
[2023-01-31T12:16:50.159+0000] {processor.py:153} INFO - Started process (PID=268) to work on /home/airflow/.local/lib/python3.7/site-packages/airflow/example_dags/example_short_circuit_operator.py
[2023-01-31T12:16:50.160+0000] {processor.py:743} INFO - Processing file /home/airflow/.local/lib/python3.7/site-packages/airflow/example_dags/example_short_circuit_operator.py for tasks to queue
[2023-01-31T12:16:50.161+0000] {logging_mixin.py:137} INFO - [2023-01-31T12:16:50.161+0000] {dagbag.py:538} INFO - Filling up the DagBag from /home/airflow/.local/lib/python3.7/site-packages/airflow/example_dags/example_short_circuit_operator.py
[2023-01-31T12:16:50.184+0000] {processor.py:753} INFO - DAG(s) dict_keys(['example_short_circuit_operator']) retrieved from /home/airflow/.local/lib/python3.7/site-packages/airflow/example_dags/example_short_circuit_operator.py
[2023-01-31T12:16:50.224+0000] {logging_mixin.py:137} INFO - [2023-01-31T12:16:50.223+0000] {dag.py:2690} INFO - Sync 1 DAGs
[2023-01-31T12:16:50.265+0000] {logging_mixin.py:137} INFO - [2023-01-31T12:16:50.265+0000] {dag.py:3441} INFO - Setting next_dagrun for example_short_circuit_operator to 2023-01-30T12:16:50.265113+00:00, run_after=2023-01-31T12:16:50.265113+00:00
[2023-01-31T12:16:50.301+0000] {processor.py:175} INFO - Processing /home/airflow/.local/lib/python3.7/site-packages/airflow/example_dags/example_short_circuit_operator.py took 0.146 seconds
[2023-01-31T12:17:22.051+0000] {processor.py:153} INFO - Started process (PID=328) to work on /home/airflow/.local/lib/python3.7/site-packages/airflow/example_dags/example_short_circuit_operator.py
[2023-01-31T12:17:22.052+0000] {processor.py:743} INFO - Processing file /home/airflow/.local/lib/python3.7/site-packages/airflow/example_dags/example_short_circuit_operator.py for tasks to queue
[2023-01-31T12:17:22.053+0000] {logging_mixin.py:137} INFO - [2023-01-31T12:17:22.053+0000] {dagbag.py:538} INFO - Filling up the DagBag from /home/airflow/.local/lib/python3.7/site-packages/airflow/example_dags/example_short_circuit_operator.py
[2023-01-31T12:17:22.079+0000] {processor.py:753} INFO - DAG(s) dict_keys(['example_short_circuit_operator']) retrieved from /home/airflow/.local/lib/python3.7/site-packages/airflow/example_dags/example_short_circuit_operator.py
[2023-01-31T12:17:22.121+0000] {logging_mixin.py:137} INFO - [2023-01-31T12:17:22.121+0000] {dag.py:2690} INFO - Sync 1 DAGs
[2023-01-31T12:17:22.168+0000] {logging_mixin.py:137} INFO - [2023-01-31T12:17:22.168+0000] {dag.py:3441} INFO - Setting next_dagrun for example_short_circuit_operator to 2023-01-30T12:17:22.168203+00:00, run_after=2023-01-31T12:17:22.168203+00:00
[2023-01-31T12:17:22.208+0000] {processor.py:175} INFO - Processing /home/airflow/.local/lib/python3.7/site-packages/airflow/example_dags/example_short_circuit_operator.py took 0.162 seconds
[2023-01-31T12:17:52.236+0000] {processor.py:153} INFO - Started process (PID=388) to work on /home/airflow/.local/lib/python3.7/site-packages/airflow/example_dags/example_short_circuit_operator.py
[2023-01-31T12:17:52.237+0000] {processor.py:743} INFO - Processing file /home/airflow/.local/lib/python3.7/site-packages/airflow/example_dags/example_short_circuit_operator.py for tasks to queue
[2023-01-31T12:17:52.238+0000] {logging_mixin.py:137} INFO - [2023-01-31T12:17:52.238+0000] {dagbag.py:538} INFO - Filling up the DagBag from /home/airflow/.local/lib/python3.7/site-packages/airflow/example_dags/example_short_circuit_operator.py
[2023-01-31T12:17:52.260+0000] {processor.py:753} INFO - DAG(s) dict_keys(['example_short_circuit_operator']) retrieved from /home/airflow/.local/lib/python3.7/site-packages/airflow/example_dags/example_short_circuit_operator.py
[2023-01-31T12:17:52.298+0000] {logging_mixin.py:137} INFO - [2023-01-31T12:17:52.298+0000] {dag.py:2690} INFO - Sync 1 DAGs
[2023-01-31T12:17:52.340+0000] {logging_mixin.py:137} INFO - [2023-01-31T12:17:52.339+0000] {dag.py:3441} INFO - Setting next_dagrun for example_short_circuit_operator to 2023-01-30T12:17:52.339575+00:00, run_after=2023-01-31T12:17:52.339575+00:00
[2023-01-31T12:17:52.450+0000] {processor.py:175} INFO - Processing /home/airflow/.local/lib/python3.7/site-packages/airflow/example_dags/example_short_circuit_operator.py took 0.217 seconds
[2023-01-31T12:18:23.287+0000] {processor.py:153} INFO - Started process (PID=448) to work on /home/airflow/.local/lib/python3.7/site-packages/airflow/example_dags/example_short_circuit_operator.py
[2023-01-31T12:18:23.288+0000] {processor.py:743} INFO - Processing file /home/airflow/.local/lib/python3.7/site-packages/airflow/example_dags/example_short_circuit_operator.py for tasks to queue
[2023-01-31T12:18:23.289+0000] {logging_mixin.py:137} INFO - [2023-01-31T12:18:23.289+0000] {dagbag.py:538} INFO - Filling up the DagBag from /home/airflow/.local/lib/python3.7/site-packages/airflow/example_dags/example_short_circuit_operator.py
[2023-01-31T12:18:23.315+0000] {processor.py:753} INFO - DAG(s) dict_keys(['example_short_circuit_operator']) retrieved from /home/airflow/.local/lib/python3.7/site-packages/airflow/example_dags/example_short_circuit_operator.py
[2023-01-31T12:18:23.356+0000] {logging_mixin.py:137} INFO - [2023-01-31T12:18:23.356+0000] {dag.py:2690} INFO - Sync 1 DAGs
[2023-01-31T12:18:23.396+0000] {logging_mixin.py:137} INFO - [2023-01-31T12:18:23.396+0000] {dag.py:3441} INFO - Setting next_dagrun for example_short_circuit_operator to 2023-01-30T12:18:23.396156+00:00, run_after=2023-01-31T12:18:23.396156+00:00
[2023-01-31T12:18:23.428+0000] {processor.py:175} INFO - Processing /home/airflow/.local/lib/python3.7/site-packages/airflow/example_dags/example_short_circuit_operator.py took 0.146 seconds
[2023-01-31T12:18:54.459+0000] {processor.py:153} INFO - Started process (PID=508) to work on /home/airflow/.local/lib/python3.7/site-packages/airflow/example_dags/example_short_circuit_operator.py
[2023-01-31T12:18:54.460+0000] {processor.py:743} INFO - Processing file /home/airflow/.local/lib/python3.7/site-packages/airflow/example_dags/example_short_circuit_operator.py for tasks to queue
[2023-01-31T12:18:54.462+0000] {logging_mixin.py:137} INFO - [2023-01-31T12:18:54.461+0000] {dagbag.py:538} INFO - Filling up the DagBag from /home/airflow/.local/lib/python3.7/site-packages/airflow/example_dags/example_short_circuit_operator.py
[2023-01-31T12:18:54.492+0000] {processor.py:753} INFO - DAG(s) dict_keys(['example_short_circuit_operator']) retrieved from /home/airflow/.local/lib/python3.7/site-packages/airflow/example_dags/example_short_circuit_operator.py
[2023-01-31T12:18:54.528+0000] {logging_mixin.py:137} INFO - [2023-01-31T12:18:54.528+0000] {dag.py:2690} INFO - Sync 1 DAGs
[2023-01-31T12:18:54.568+0000] {logging_mixin.py:137} INFO - [2023-01-31T12:18:54.568+0000] {dag.py:3441} INFO - Setting next_dagrun for example_short_circuit_operator to 2023-01-30T12:18:54.567827+00:00, run_after=2023-01-31T12:18:54.567827+00:00
[2023-01-31T12:18:54.620+0000] {processor.py:175} INFO - Processing /home/airflow/.local/lib/python3.7/site-packages/airflow/example_dags/example_short_circuit_operator.py took 0.167 seconds
