[2023-01-31T12:15:18.441+0000] {processor.py:153} INFO - Started process (PID=90) to work on /home/airflow/.local/lib/python3.7/site-packages/airflow/example_dags/example_dag_decorator.py
[2023-01-31T12:15:18.442+0000] {processor.py:743} INFO - Processing file /home/airflow/.local/lib/python3.7/site-packages/airflow/example_dags/example_dag_decorator.py for tasks to queue
[2023-01-31T12:15:18.443+0000] {logging_mixin.py:137} INFO - [2023-01-31T12:15:18.443+0000] {dagbag.py:538} INFO - Filling up the DagBag from /home/airflow/.local/lib/python3.7/site-packages/airflow/example_dags/example_dag_decorator.py
[2023-01-31T12:15:18.543+0000] {logging_mixin.py:137} INFO - [2023-01-31T12:15:18.543+0000] {taskmixin.py:205} WARNING - Dependency <Task(_PythonDecoratedOperator): prepare_email>, send_email already registered for DAG: example_dag_decorator
[2023-01-31T12:15:18.544+0000] {logging_mixin.py:137} INFO - [2023-01-31T12:15:18.544+0000] {taskmixin.py:205} WARNING - Dependency <Task(EmailOperator): send_email>, prepare_email already registered for DAG: example_dag_decorator
[2023-01-31T12:15:18.664+0000] {processor.py:753} INFO - DAG(s) dict_keys(['example_dag_decorator']) retrieved from /home/airflow/.local/lib/python3.7/site-packages/airflow/example_dags/example_dag_decorator.py
[2023-01-31T12:15:18.841+0000] {logging_mixin.py:137} INFO - [2023-01-31T12:15:18.841+0000] {dag.py:2690} INFO - Sync 1 DAGs
[2023-01-31T12:15:18.885+0000] {logging_mixin.py:137} INFO - [2023-01-31T12:15:18.885+0000] {dag.py:3441} INFO - Setting next_dagrun for example_dag_decorator to None, run_after=None
[2023-01-31T12:15:18.930+0000] {processor.py:175} INFO - Processing /home/airflow/.local/lib/python3.7/site-packages/airflow/example_dags/example_dag_decorator.py took 0.494 seconds
[2023-01-31T12:15:49.125+0000] {processor.py:153} INFO - Started process (PID=150) to work on /home/airflow/.local/lib/python3.7/site-packages/airflow/example_dags/example_dag_decorator.py
[2023-01-31T12:15:49.151+0000] {processor.py:743} INFO - Processing file /home/airflow/.local/lib/python3.7/site-packages/airflow/example_dags/example_dag_decorator.py for tasks to queue
[2023-01-31T12:15:49.153+0000] {logging_mixin.py:137} INFO - [2023-01-31T12:15:49.152+0000] {dagbag.py:538} INFO - Filling up the DagBag from /home/airflow/.local/lib/python3.7/site-packages/airflow/example_dags/example_dag_decorator.py
[2023-01-31T12:15:49.186+0000] {logging_mixin.py:137} INFO - [2023-01-31T12:15:49.186+0000] {taskmixin.py:205} WARNING - Dependency <Task(_PythonDecoratedOperator): prepare_email>, send_email already registered for DAG: example_dag_decorator
[2023-01-31T12:15:49.187+0000] {logging_mixin.py:137} INFO - [2023-01-31T12:15:49.187+0000] {taskmixin.py:205} WARNING - Dependency <Task(EmailOperator): send_email>, prepare_email already registered for DAG: example_dag_decorator
[2023-01-31T12:15:49.209+0000] {processor.py:753} INFO - DAG(s) dict_keys(['example_dag_decorator']) retrieved from /home/airflow/.local/lib/python3.7/site-packages/airflow/example_dags/example_dag_decorator.py
[2023-01-31T12:15:49.322+0000] {logging_mixin.py:137} INFO - [2023-01-31T12:15:49.322+0000] {dag.py:2690} INFO - Sync 1 DAGs
[2023-01-31T12:15:49.370+0000] {logging_mixin.py:137} INFO - [2023-01-31T12:15:49.370+0000] {dag.py:3441} INFO - Setting next_dagrun for example_dag_decorator to None, run_after=None
[2023-01-31T12:15:49.528+0000] {processor.py:175} INFO - Processing /home/airflow/.local/lib/python3.7/site-packages/airflow/example_dags/example_dag_decorator.py took 0.407 seconds
[2023-01-31T12:16:20.146+0000] {processor.py:153} INFO - Started process (PID=210) to work on /home/airflow/.local/lib/python3.7/site-packages/airflow/example_dags/example_dag_decorator.py
[2023-01-31T12:16:20.151+0000] {processor.py:743} INFO - Processing file /home/airflow/.local/lib/python3.7/site-packages/airflow/example_dags/example_dag_decorator.py for tasks to queue
[2023-01-31T12:16:20.152+0000] {logging_mixin.py:137} INFO - [2023-01-31T12:16:20.152+0000] {dagbag.py:538} INFO - Filling up the DagBag from /home/airflow/.local/lib/python3.7/site-packages/airflow/example_dags/example_dag_decorator.py
[2023-01-31T12:16:20.179+0000] {logging_mixin.py:137} INFO - [2023-01-31T12:16:20.179+0000] {taskmixin.py:205} WARNING - Dependency <Task(_PythonDecoratedOperator): prepare_email>, send_email already registered for DAG: example_dag_decorator
[2023-01-31T12:16:20.180+0000] {logging_mixin.py:137} INFO - [2023-01-31T12:16:20.180+0000] {taskmixin.py:205} WARNING - Dependency <Task(EmailOperator): send_email>, prepare_email already registered for DAG: example_dag_decorator
[2023-01-31T12:16:20.197+0000] {processor.py:753} INFO - DAG(s) dict_keys(['example_dag_decorator']) retrieved from /home/airflow/.local/lib/python3.7/site-packages/airflow/example_dags/example_dag_decorator.py
[2023-01-31T12:16:20.243+0000] {logging_mixin.py:137} INFO - [2023-01-31T12:16:20.243+0000] {dag.py:2690} INFO - Sync 1 DAGs
[2023-01-31T12:16:20.287+0000] {logging_mixin.py:137} INFO - [2023-01-31T12:16:20.286+0000] {dag.py:3441} INFO - Setting next_dagrun for example_dag_decorator to None, run_after=None
[2023-01-31T12:16:20.810+0000] {processor.py:175} INFO - Processing /home/airflow/.local/lib/python3.7/site-packages/airflow/example_dags/example_dag_decorator.py took 0.670 seconds
[2023-01-31T12:16:51.345+0000] {processor.py:153} INFO - Started process (PID=270) to work on /home/airflow/.local/lib/python3.7/site-packages/airflow/example_dags/example_dag_decorator.py
[2023-01-31T12:16:51.387+0000] {processor.py:743} INFO - Processing file /home/airflow/.local/lib/python3.7/site-packages/airflow/example_dags/example_dag_decorator.py for tasks to queue
[2023-01-31T12:16:51.388+0000] {logging_mixin.py:137} INFO - [2023-01-31T12:16:51.388+0000] {dagbag.py:538} INFO - Filling up the DagBag from /home/airflow/.local/lib/python3.7/site-packages/airflow/example_dags/example_dag_decorator.py
[2023-01-31T12:16:51.420+0000] {logging_mixin.py:137} INFO - [2023-01-31T12:16:51.420+0000] {taskmixin.py:205} WARNING - Dependency <Task(_PythonDecoratedOperator): prepare_email>, send_email already registered for DAG: example_dag_decorator
[2023-01-31T12:16:51.421+0000] {logging_mixin.py:137} INFO - [2023-01-31T12:16:51.421+0000] {taskmixin.py:205} WARNING - Dependency <Task(EmailOperator): send_email>, prepare_email already registered for DAG: example_dag_decorator
[2023-01-31T12:16:51.443+0000] {processor.py:753} INFO - DAG(s) dict_keys(['example_dag_decorator']) retrieved from /home/airflow/.local/lib/python3.7/site-packages/airflow/example_dags/example_dag_decorator.py
[2023-01-31T12:16:51.559+0000] {logging_mixin.py:137} INFO - [2023-01-31T12:16:51.559+0000] {dag.py:2690} INFO - Sync 1 DAGs
[2023-01-31T12:16:51.605+0000] {logging_mixin.py:137} INFO - [2023-01-31T12:16:51.605+0000] {dag.py:3441} INFO - Setting next_dagrun for example_dag_decorator to None, run_after=None
[2023-01-31T12:16:51.721+0000] {processor.py:175} INFO - Processing /home/airflow/.local/lib/python3.7/site-packages/airflow/example_dags/example_dag_decorator.py took 0.381 seconds
[2023-01-31T12:17:22.255+0000] {processor.py:153} INFO - Started process (PID=330) to work on /home/airflow/.local/lib/python3.7/site-packages/airflow/example_dags/example_dag_decorator.py
[2023-01-31T12:17:22.277+0000] {processor.py:743} INFO - Processing file /home/airflow/.local/lib/python3.7/site-packages/airflow/example_dags/example_dag_decorator.py for tasks to queue
[2023-01-31T12:17:22.278+0000] {logging_mixin.py:137} INFO - [2023-01-31T12:17:22.278+0000] {dagbag.py:538} INFO - Filling up the DagBag from /home/airflow/.local/lib/python3.7/site-packages/airflow/example_dags/example_dag_decorator.py
[2023-01-31T12:17:22.308+0000] {logging_mixin.py:137} INFO - [2023-01-31T12:17:22.308+0000] {taskmixin.py:205} WARNING - Dependency <Task(_PythonDecoratedOperator): prepare_email>, send_email already registered for DAG: example_dag_decorator
[2023-01-31T12:17:22.309+0000] {logging_mixin.py:137} INFO - [2023-01-31T12:17:22.309+0000] {taskmixin.py:205} WARNING - Dependency <Task(EmailOperator): send_email>, prepare_email already registered for DAG: example_dag_decorator
[2023-01-31T12:17:22.331+0000] {processor.py:753} INFO - DAG(s) dict_keys(['example_dag_decorator']) retrieved from /home/airflow/.local/lib/python3.7/site-packages/airflow/example_dags/example_dag_decorator.py
[2023-01-31T12:17:22.455+0000] {logging_mixin.py:137} INFO - [2023-01-31T12:17:22.455+0000] {dag.py:2690} INFO - Sync 1 DAGs
[2023-01-31T12:17:22.496+0000] {logging_mixin.py:137} INFO - [2023-01-31T12:17:22.496+0000] {dag.py:3441} INFO - Setting next_dagrun for example_dag_decorator to None, run_after=None
[2023-01-31T12:17:22.588+0000] {processor.py:175} INFO - Processing /home/airflow/.local/lib/python3.7/site-packages/airflow/example_dags/example_dag_decorator.py took 0.338 seconds
[2023-01-31T12:17:53.441+0000] {processor.py:153} INFO - Started process (PID=390) to work on /home/airflow/.local/lib/python3.7/site-packages/airflow/example_dags/example_dag_decorator.py
[2023-01-31T12:17:53.442+0000] {processor.py:743} INFO - Processing file /home/airflow/.local/lib/python3.7/site-packages/airflow/example_dags/example_dag_decorator.py for tasks to queue
[2023-01-31T12:17:53.443+0000] {logging_mixin.py:137} INFO - [2023-01-31T12:17:53.443+0000] {dagbag.py:538} INFO - Filling up the DagBag from /home/airflow/.local/lib/python3.7/site-packages/airflow/example_dags/example_dag_decorator.py
[2023-01-31T12:17:53.470+0000] {logging_mixin.py:137} INFO - [2023-01-31T12:17:53.470+0000] {taskmixin.py:205} WARNING - Dependency <Task(_PythonDecoratedOperator): prepare_email>, send_email already registered for DAG: example_dag_decorator
[2023-01-31T12:17:53.471+0000] {logging_mixin.py:137} INFO - [2023-01-31T12:17:53.471+0000] {taskmixin.py:205} WARNING - Dependency <Task(EmailOperator): send_email>, prepare_email already registered for DAG: example_dag_decorator
[2023-01-31T12:17:53.488+0000] {processor.py:753} INFO - DAG(s) dict_keys(['example_dag_decorator']) retrieved from /home/airflow/.local/lib/python3.7/site-packages/airflow/example_dags/example_dag_decorator.py
[2023-01-31T12:17:53.596+0000] {logging_mixin.py:137} INFO - [2023-01-31T12:17:53.596+0000] {dag.py:2690} INFO - Sync 1 DAGs
[2023-01-31T12:17:53.637+0000] {logging_mixin.py:137} INFO - [2023-01-31T12:17:53.636+0000] {dag.py:3441} INFO - Setting next_dagrun for example_dag_decorator to None, run_after=None
[2023-01-31T12:17:53.759+0000] {processor.py:175} INFO - Processing /home/airflow/.local/lib/python3.7/site-packages/airflow/example_dags/example_dag_decorator.py took 0.322 seconds
[2023-01-31T12:18:24.333+0000] {processor.py:153} INFO - Started process (PID=450) to work on /home/airflow/.local/lib/python3.7/site-packages/airflow/example_dags/example_dag_decorator.py
[2023-01-31T12:18:24.334+0000] {processor.py:743} INFO - Processing file /home/airflow/.local/lib/python3.7/site-packages/airflow/example_dags/example_dag_decorator.py for tasks to queue
[2023-01-31T12:18:24.335+0000] {logging_mixin.py:137} INFO - [2023-01-31T12:18:24.335+0000] {dagbag.py:538} INFO - Filling up the DagBag from /home/airflow/.local/lib/python3.7/site-packages/airflow/example_dags/example_dag_decorator.py
[2023-01-31T12:18:24.363+0000] {logging_mixin.py:137} INFO - [2023-01-31T12:18:24.363+0000] {taskmixin.py:205} WARNING - Dependency <Task(_PythonDecoratedOperator): prepare_email>, send_email already registered for DAG: example_dag_decorator
[2023-01-31T12:18:24.364+0000] {logging_mixin.py:137} INFO - [2023-01-31T12:18:24.363+0000] {taskmixin.py:205} WARNING - Dependency <Task(EmailOperator): send_email>, prepare_email already registered for DAG: example_dag_decorator
[2023-01-31T12:18:24.382+0000] {processor.py:753} INFO - DAG(s) dict_keys(['example_dag_decorator']) retrieved from /home/airflow/.local/lib/python3.7/site-packages/airflow/example_dags/example_dag_decorator.py
[2023-01-31T12:18:24.486+0000] {logging_mixin.py:137} INFO - [2023-01-31T12:18:24.485+0000] {dag.py:2690} INFO - Sync 1 DAGs
[2023-01-31T12:18:24.525+0000] {logging_mixin.py:137} INFO - [2023-01-31T12:18:24.525+0000] {dag.py:3441} INFO - Setting next_dagrun for example_dag_decorator to None, run_after=None
[2023-01-31T12:18:24.558+0000] {processor.py:175} INFO - Processing /home/airflow/.local/lib/python3.7/site-packages/airflow/example_dags/example_dag_decorator.py took 0.230 seconds
[2023-01-31T12:18:54.658+0000] {processor.py:153} INFO - Started process (PID=510) to work on /home/airflow/.local/lib/python3.7/site-packages/airflow/example_dags/example_dag_decorator.py
[2023-01-31T12:18:54.670+0000] {processor.py:743} INFO - Processing file /home/airflow/.local/lib/python3.7/site-packages/airflow/example_dags/example_dag_decorator.py for tasks to queue
[2023-01-31T12:18:54.672+0000] {logging_mixin.py:137} INFO - [2023-01-31T12:18:54.671+0000] {dagbag.py:538} INFO - Filling up the DagBag from /home/airflow/.local/lib/python3.7/site-packages/airflow/example_dags/example_dag_decorator.py
[2023-01-31T12:18:54.700+0000] {logging_mixin.py:137} INFO - [2023-01-31T12:18:54.699+0000] {taskmixin.py:205} WARNING - Dependency <Task(_PythonDecoratedOperator): prepare_email>, send_email already registered for DAG: example_dag_decorator
[2023-01-31T12:18:54.700+0000] {logging_mixin.py:137} INFO - [2023-01-31T12:18:54.700+0000] {taskmixin.py:205} WARNING - Dependency <Task(EmailOperator): send_email>, prepare_email already registered for DAG: example_dag_decorator
[2023-01-31T12:18:54.719+0000] {processor.py:753} INFO - DAG(s) dict_keys(['example_dag_decorator']) retrieved from /home/airflow/.local/lib/python3.7/site-packages/airflow/example_dags/example_dag_decorator.py
[2023-01-31T12:18:54.838+0000] {logging_mixin.py:137} INFO - [2023-01-31T12:18:54.838+0000] {dag.py:2690} INFO - Sync 1 DAGs
[2023-01-31T12:18:54.876+0000] {logging_mixin.py:137} INFO - [2023-01-31T12:18:54.876+0000] {dag.py:3441} INFO - Setting next_dagrun for example_dag_decorator to None, run_after=None
[2023-01-31T12:18:54.912+0000] {processor.py:175} INFO - Processing /home/airflow/.local/lib/python3.7/site-packages/airflow/example_dags/example_dag_decorator.py took 0.258 seconds
