[2023-01-31T12:15:19.243+0000] {processor.py:153} INFO - Started process (PID=95) to work on /home/airflow/.local/lib/python3.7/site-packages/airflow/example_dags/example_latest_only.py
[2023-01-31T12:15:19.244+0000] {processor.py:743} INFO - Processing file /home/airflow/.local/lib/python3.7/site-packages/airflow/example_dags/example_latest_only.py for tasks to queue
[2023-01-31T12:15:19.245+0000] {logging_mixin.py:137} INFO - [2023-01-31T12:15:19.244+0000] {dagbag.py:538} INFO - Filling up the DagBag from /home/airflow/.local/lib/python3.7/site-packages/airflow/example_dags/example_latest_only.py
[2023-01-31T12:15:19.265+0000] {processor.py:753} INFO - DAG(s) dict_keys(['latest_only']) retrieved from /home/airflow/.local/lib/python3.7/site-packages/airflow/example_dags/example_latest_only.py
[2023-01-31T12:15:19.306+0000] {logging_mixin.py:137} INFO - [2023-01-31T12:15:19.306+0000] {dag.py:2690} INFO - Sync 1 DAGs
[2023-01-31T12:15:19.350+0000] {logging_mixin.py:137} INFO - [2023-01-31T12:15:19.350+0000] {dag.py:3441} INFO - Setting next_dagrun for latest_only to 2023-01-31T08:15:19.350233+00:00, run_after=2023-01-31T12:15:19.350233+00:00
[2023-01-31T12:15:19.437+0000] {processor.py:175} INFO - Processing /home/airflow/.local/lib/python3.7/site-packages/airflow/example_dags/example_latest_only.py took 0.198 seconds
[2023-01-31T12:15:49.833+0000] {processor.py:153} INFO - Started process (PID=155) to work on /home/airflow/.local/lib/python3.7/site-packages/airflow/example_dags/example_latest_only.py
[2023-01-31T12:15:49.871+0000] {processor.py:743} INFO - Processing file /home/airflow/.local/lib/python3.7/site-packages/airflow/example_dags/example_latest_only.py for tasks to queue
[2023-01-31T12:15:49.872+0000] {logging_mixin.py:137} INFO - [2023-01-31T12:15:49.872+0000] {dagbag.py:538} INFO - Filling up the DagBag from /home/airflow/.local/lib/python3.7/site-packages/airflow/example_dags/example_latest_only.py
[2023-01-31T12:15:49.894+0000] {processor.py:753} INFO - DAG(s) dict_keys(['latest_only']) retrieved from /home/airflow/.local/lib/python3.7/site-packages/airflow/example_dags/example_latest_only.py
[2023-01-31T12:15:49.929+0000] {logging_mixin.py:137} INFO - [2023-01-31T12:15:49.929+0000] {dag.py:2690} INFO - Sync 1 DAGs
[2023-01-31T12:15:49.966+0000] {logging_mixin.py:137} INFO - [2023-01-31T12:15:49.966+0000] {dag.py:3441} INFO - Setting next_dagrun for latest_only to 2023-01-31T08:15:49.966337+00:00, run_after=2023-01-31T12:15:49.966337+00:00
[2023-01-31T12:15:50.160+0000] {processor.py:175} INFO - Processing /home/airflow/.local/lib/python3.7/site-packages/airflow/example_dags/example_latest_only.py took 0.332 seconds
[2023-01-31T12:16:22.168+0000] {processor.py:153} INFO - Started process (PID=215) to work on /home/airflow/.local/lib/python3.7/site-packages/airflow/example_dags/example_latest_only.py
[2023-01-31T12:16:22.226+0000] {processor.py:743} INFO - Processing file /home/airflow/.local/lib/python3.7/site-packages/airflow/example_dags/example_latest_only.py for tasks to queue
[2023-01-31T12:16:22.227+0000] {logging_mixin.py:137} INFO - [2023-01-31T12:16:22.227+0000] {dagbag.py:538} INFO - Filling up the DagBag from /home/airflow/.local/lib/python3.7/site-packages/airflow/example_dags/example_latest_only.py
[2023-01-31T12:16:22.250+0000] {processor.py:753} INFO - DAG(s) dict_keys(['latest_only']) retrieved from /home/airflow/.local/lib/python3.7/site-packages/airflow/example_dags/example_latest_only.py
[2023-01-31T12:16:22.295+0000] {logging_mixin.py:137} INFO - [2023-01-31T12:16:22.295+0000] {dag.py:2690} INFO - Sync 1 DAGs
[2023-01-31T12:16:22.347+0000] {logging_mixin.py:137} INFO - [2023-01-31T12:16:22.345+0000] {dag.py:3441} INFO - Setting next_dagrun for latest_only to 2023-01-31T08:16:22.345156+00:00, run_after=2023-01-31T12:16:22.345156+00:00
[2023-01-31T12:16:22.414+0000] {processor.py:175} INFO - Processing /home/airflow/.local/lib/python3.7/site-packages/airflow/example_dags/example_latest_only.py took 0.252 seconds
[2023-01-31T12:16:53.124+0000] {processor.py:153} INFO - Started process (PID=275) to work on /home/airflow/.local/lib/python3.7/site-packages/airflow/example_dags/example_latest_only.py
[2023-01-31T12:16:53.144+0000] {processor.py:743} INFO - Processing file /home/airflow/.local/lib/python3.7/site-packages/airflow/example_dags/example_latest_only.py for tasks to queue
[2023-01-31T12:16:53.145+0000] {logging_mixin.py:137} INFO - [2023-01-31T12:16:53.145+0000] {dagbag.py:538} INFO - Filling up the DagBag from /home/airflow/.local/lib/python3.7/site-packages/airflow/example_dags/example_latest_only.py
[2023-01-31T12:16:53.167+0000] {processor.py:753} INFO - DAG(s) dict_keys(['latest_only']) retrieved from /home/airflow/.local/lib/python3.7/site-packages/airflow/example_dags/example_latest_only.py
[2023-01-31T12:16:53.205+0000] {logging_mixin.py:137} INFO - [2023-01-31T12:16:53.205+0000] {dag.py:2690} INFO - Sync 1 DAGs
[2023-01-31T12:16:53.255+0000] {logging_mixin.py:137} INFO - [2023-01-31T12:16:53.255+0000] {dag.py:3441} INFO - Setting next_dagrun for latest_only to 2023-01-31T08:16:53.254727+00:00, run_after=2023-01-31T12:16:53.254727+00:00
[2023-01-31T12:16:53.294+0000] {processor.py:175} INFO - Processing /home/airflow/.local/lib/python3.7/site-packages/airflow/example_dags/example_latest_only.py took 0.175 seconds
[2023-01-31T12:17:24.029+0000] {processor.py:153} INFO - Started process (PID=335) to work on /home/airflow/.local/lib/python3.7/site-packages/airflow/example_dags/example_latest_only.py
[2023-01-31T12:17:24.030+0000] {processor.py:743} INFO - Processing file /home/airflow/.local/lib/python3.7/site-packages/airflow/example_dags/example_latest_only.py for tasks to queue
[2023-01-31T12:17:24.031+0000] {logging_mixin.py:137} INFO - [2023-01-31T12:17:24.031+0000] {dagbag.py:538} INFO - Filling up the DagBag from /home/airflow/.local/lib/python3.7/site-packages/airflow/example_dags/example_latest_only.py
[2023-01-31T12:17:24.051+0000] {processor.py:753} INFO - DAG(s) dict_keys(['latest_only']) retrieved from /home/airflow/.local/lib/python3.7/site-packages/airflow/example_dags/example_latest_only.py
[2023-01-31T12:17:24.092+0000] {logging_mixin.py:137} INFO - [2023-01-31T12:17:24.091+0000] {dag.py:2690} INFO - Sync 1 DAGs
[2023-01-31T12:17:24.150+0000] {logging_mixin.py:137} INFO - [2023-01-31T12:17:24.150+0000] {dag.py:3441} INFO - Setting next_dagrun for latest_only to 2023-01-31T08:17:24.149937+00:00, run_after=2023-01-31T12:17:24.149937+00:00
[2023-01-31T12:17:24.310+0000] {processor.py:175} INFO - Processing /home/airflow/.local/lib/python3.7/site-packages/airflow/example_dags/example_latest_only.py took 0.286 seconds
[2023-01-31T12:17:55.297+0000] {processor.py:153} INFO - Started process (PID=395) to work on /home/airflow/.local/lib/python3.7/site-packages/airflow/example_dags/example_latest_only.py
[2023-01-31T12:17:55.331+0000] {processor.py:743} INFO - Processing file /home/airflow/.local/lib/python3.7/site-packages/airflow/example_dags/example_latest_only.py for tasks to queue
[2023-01-31T12:17:55.332+0000] {logging_mixin.py:137} INFO - [2023-01-31T12:17:55.332+0000] {dagbag.py:538} INFO - Filling up the DagBag from /home/airflow/.local/lib/python3.7/site-packages/airflow/example_dags/example_latest_only.py
[2023-01-31T12:17:55.357+0000] {processor.py:753} INFO - DAG(s) dict_keys(['latest_only']) retrieved from /home/airflow/.local/lib/python3.7/site-packages/airflow/example_dags/example_latest_only.py
[2023-01-31T12:17:55.400+0000] {logging_mixin.py:137} INFO - [2023-01-31T12:17:55.400+0000] {dag.py:2690} INFO - Sync 1 DAGs
[2023-01-31T12:17:55.449+0000] {logging_mixin.py:137} INFO - [2023-01-31T12:17:55.449+0000] {dag.py:3441} INFO - Setting next_dagrun for latest_only to 2023-01-31T08:17:55.448737+00:00, run_after=2023-01-31T12:17:55.448737+00:00
[2023-01-31T12:17:55.497+0000] {processor.py:175} INFO - Processing /home/airflow/.local/lib/python3.7/site-packages/airflow/example_dags/example_latest_only.py took 0.206 seconds
[2023-01-31T12:18:25.975+0000] {processor.py:153} INFO - Started process (PID=455) to work on /home/airflow/.local/lib/python3.7/site-packages/airflow/example_dags/example_latest_only.py
[2023-01-31T12:18:25.991+0000] {processor.py:743} INFO - Processing file /home/airflow/.local/lib/python3.7/site-packages/airflow/example_dags/example_latest_only.py for tasks to queue
[2023-01-31T12:18:25.992+0000] {logging_mixin.py:137} INFO - [2023-01-31T12:18:25.992+0000] {dagbag.py:538} INFO - Filling up the DagBag from /home/airflow/.local/lib/python3.7/site-packages/airflow/example_dags/example_latest_only.py
[2023-01-31T12:18:26.015+0000] {processor.py:753} INFO - DAG(s) dict_keys(['latest_only']) retrieved from /home/airflow/.local/lib/python3.7/site-packages/airflow/example_dags/example_latest_only.py
[2023-01-31T12:18:26.055+0000] {logging_mixin.py:137} INFO - [2023-01-31T12:18:26.054+0000] {dag.py:2690} INFO - Sync 1 DAGs
[2023-01-31T12:18:26.101+0000] {logging_mixin.py:137} INFO - [2023-01-31T12:18:26.101+0000] {dag.py:3441} INFO - Setting next_dagrun for latest_only to 2023-01-31T08:18:26.101276+00:00, run_after=2023-01-31T12:18:26.101276+00:00
[2023-01-31T12:18:26.153+0000] {processor.py:175} INFO - Processing /home/airflow/.local/lib/python3.7/site-packages/airflow/example_dags/example_latest_only.py took 0.182 seconds
[2023-01-31T12:18:56.280+0000] {processor.py:153} INFO - Started process (PID=515) to work on /home/airflow/.local/lib/python3.7/site-packages/airflow/example_dags/example_latest_only.py
[2023-01-31T12:18:56.295+0000] {processor.py:743} INFO - Processing file /home/airflow/.local/lib/python3.7/site-packages/airflow/example_dags/example_latest_only.py for tasks to queue
[2023-01-31T12:18:56.296+0000] {logging_mixin.py:137} INFO - [2023-01-31T12:18:56.296+0000] {dagbag.py:538} INFO - Filling up the DagBag from /home/airflow/.local/lib/python3.7/site-packages/airflow/example_dags/example_latest_only.py
[2023-01-31T12:18:56.315+0000] {processor.py:753} INFO - DAG(s) dict_keys(['latest_only']) retrieved from /home/airflow/.local/lib/python3.7/site-packages/airflow/example_dags/example_latest_only.py
[2023-01-31T12:18:56.348+0000] {logging_mixin.py:137} INFO - [2023-01-31T12:18:56.348+0000] {dag.py:2690} INFO - Sync 1 DAGs
[2023-01-31T12:18:56.388+0000] {logging_mixin.py:137} INFO - [2023-01-31T12:18:56.388+0000] {dag.py:3441} INFO - Setting next_dagrun for latest_only to 2023-01-31T08:18:56.388033+00:00, run_after=2023-01-31T12:18:56.388033+00:00
[2023-01-31T12:18:56.436+0000] {processor.py:175} INFO - Processing /home/airflow/.local/lib/python3.7/site-packages/airflow/example_dags/example_latest_only.py took 0.161 seconds
