[2023-01-31T12:15:17.228+0000] {processor.py:153} INFO - Started process (PID=86) to work on /home/airflow/.local/lib/python3.7/site-packages/airflow/example_dags/example_skip_dag.py
[2023-01-31T12:15:17.229+0000] {processor.py:743} INFO - Processing file /home/airflow/.local/lib/python3.7/site-packages/airflow/example_dags/example_skip_dag.py for tasks to queue
[2023-01-31T12:15:17.231+0000] {logging_mixin.py:137} INFO - [2023-01-31T12:15:17.231+0000] {dagbag.py:538} INFO - Filling up the DagBag from /home/airflow/.local/lib/python3.7/site-packages/airflow/example_dags/example_skip_dag.py
[2023-01-31T12:15:17.259+0000] {processor.py:753} INFO - DAG(s) dict_keys(['example_skip_dag']) retrieved from /home/airflow/.local/lib/python3.7/site-packages/airflow/example_dags/example_skip_dag.py
[2023-01-31T12:15:17.298+0000] {logging_mixin.py:137} INFO - [2023-01-31T12:15:17.298+0000] {dag.py:2690} INFO - Sync 1 DAGs
[2023-01-31T12:15:17.489+0000] {logging_mixin.py:137} INFO - [2023-01-31T12:15:17.489+0000] {dag.py:3441} INFO - Setting next_dagrun for example_skip_dag to 2023-01-30T12:15:17.488826+00:00, run_after=2023-01-31T12:15:17.488826+00:00
[2023-01-31T12:15:17.710+0000] {processor.py:175} INFO - Processing /home/airflow/.local/lib/python3.7/site-packages/airflow/example_dags/example_skip_dag.py took 0.488 seconds
[2023-01-31T12:15:48.181+0000] {processor.py:153} INFO - Started process (PID=146) to work on /home/airflow/.local/lib/python3.7/site-packages/airflow/example_dags/example_skip_dag.py
[2023-01-31T12:15:48.222+0000] {processor.py:743} INFO - Processing file /home/airflow/.local/lib/python3.7/site-packages/airflow/example_dags/example_skip_dag.py for tasks to queue
[2023-01-31T12:15:48.223+0000] {logging_mixin.py:137} INFO - [2023-01-31T12:15:48.223+0000] {dagbag.py:538} INFO - Filling up the DagBag from /home/airflow/.local/lib/python3.7/site-packages/airflow/example_dags/example_skip_dag.py
[2023-01-31T12:15:48.251+0000] {processor.py:753} INFO - DAG(s) dict_keys(['example_skip_dag']) retrieved from /home/airflow/.local/lib/python3.7/site-packages/airflow/example_dags/example_skip_dag.py
[2023-01-31T12:15:48.291+0000] {logging_mixin.py:137} INFO - [2023-01-31T12:15:48.291+0000] {dag.py:2690} INFO - Sync 1 DAGs
[2023-01-31T12:15:48.333+0000] {logging_mixin.py:137} INFO - [2023-01-31T12:15:48.333+0000] {dag.py:3441} INFO - Setting next_dagrun for example_skip_dag to 2023-01-30T12:15:48.333305+00:00, run_after=2023-01-31T12:15:48.333305+00:00
[2023-01-31T12:15:48.453+0000] {processor.py:175} INFO - Processing /home/airflow/.local/lib/python3.7/site-packages/airflow/example_dags/example_skip_dag.py took 0.278 seconds
[2023-01-31T12:16:18.622+0000] {processor.py:153} INFO - Started process (PID=206) to work on /home/airflow/.local/lib/python3.7/site-packages/airflow/example_dags/example_skip_dag.py
[2023-01-31T12:16:18.700+0000] {processor.py:743} INFO - Processing file /home/airflow/.local/lib/python3.7/site-packages/airflow/example_dags/example_skip_dag.py for tasks to queue
[2023-01-31T12:16:18.701+0000] {logging_mixin.py:137} INFO - [2023-01-31T12:16:18.701+0000] {dagbag.py:538} INFO - Filling up the DagBag from /home/airflow/.local/lib/python3.7/site-packages/airflow/example_dags/example_skip_dag.py
[2023-01-31T12:16:18.727+0000] {processor.py:753} INFO - DAG(s) dict_keys(['example_skip_dag']) retrieved from /home/airflow/.local/lib/python3.7/site-packages/airflow/example_dags/example_skip_dag.py
[2023-01-31T12:16:18.765+0000] {logging_mixin.py:137} INFO - [2023-01-31T12:16:18.765+0000] {dag.py:2690} INFO - Sync 1 DAGs
[2023-01-31T12:16:18.807+0000] {logging_mixin.py:137} INFO - [2023-01-31T12:16:18.807+0000] {dag.py:3441} INFO - Setting next_dagrun for example_skip_dag to 2023-01-30T12:16:18.807065+00:00, run_after=2023-01-31T12:16:18.807065+00:00
[2023-01-31T12:16:18.865+0000] {processor.py:175} INFO - Processing /home/airflow/.local/lib/python3.7/site-packages/airflow/example_dags/example_skip_dag.py took 0.250 seconds
[2023-01-31T12:16:49.990+0000] {processor.py:153} INFO - Started process (PID=266) to work on /home/airflow/.local/lib/python3.7/site-packages/airflow/example_dags/example_skip_dag.py
[2023-01-31T12:16:49.991+0000] {processor.py:743} INFO - Processing file /home/airflow/.local/lib/python3.7/site-packages/airflow/example_dags/example_skip_dag.py for tasks to queue
[2023-01-31T12:16:49.992+0000] {logging_mixin.py:137} INFO - [2023-01-31T12:16:49.991+0000] {dagbag.py:538} INFO - Filling up the DagBag from /home/airflow/.local/lib/python3.7/site-packages/airflow/example_dags/example_skip_dag.py
[2023-01-31T12:16:50.010+0000] {processor.py:753} INFO - DAG(s) dict_keys(['example_skip_dag']) retrieved from /home/airflow/.local/lib/python3.7/site-packages/airflow/example_dags/example_skip_dag.py
[2023-01-31T12:16:50.052+0000] {logging_mixin.py:137} INFO - [2023-01-31T12:16:50.052+0000] {dag.py:2690} INFO - Sync 1 DAGs
[2023-01-31T12:16:50.095+0000] {logging_mixin.py:137} INFO - [2023-01-31T12:16:50.094+0000] {dag.py:3441} INFO - Setting next_dagrun for example_skip_dag to 2023-01-30T12:16:50.094579+00:00, run_after=2023-01-31T12:16:50.094579+00:00
[2023-01-31T12:16:50.130+0000] {processor.py:175} INFO - Processing /home/airflow/.local/lib/python3.7/site-packages/airflow/example_dags/example_skip_dag.py took 0.145 seconds
[2023-01-31T12:17:21.676+0000] {processor.py:153} INFO - Started process (PID=326) to work on /home/airflow/.local/lib/python3.7/site-packages/airflow/example_dags/example_skip_dag.py
[2023-01-31T12:17:21.677+0000] {processor.py:743} INFO - Processing file /home/airflow/.local/lib/python3.7/site-packages/airflow/example_dags/example_skip_dag.py for tasks to queue
[2023-01-31T12:17:21.678+0000] {logging_mixin.py:137} INFO - [2023-01-31T12:17:21.678+0000] {dagbag.py:538} INFO - Filling up the DagBag from /home/airflow/.local/lib/python3.7/site-packages/airflow/example_dags/example_skip_dag.py
[2023-01-31T12:17:21.700+0000] {processor.py:753} INFO - DAG(s) dict_keys(['example_skip_dag']) retrieved from /home/airflow/.local/lib/python3.7/site-packages/airflow/example_dags/example_skip_dag.py
[2023-01-31T12:17:21.738+0000] {logging_mixin.py:137} INFO - [2023-01-31T12:17:21.737+0000] {dag.py:2690} INFO - Sync 1 DAGs
[2023-01-31T12:17:21.781+0000] {logging_mixin.py:137} INFO - [2023-01-31T12:17:21.781+0000] {dag.py:3441} INFO - Setting next_dagrun for example_skip_dag to 2023-01-30T12:17:21.780577+00:00, run_after=2023-01-31T12:17:21.780577+00:00
[2023-01-31T12:17:21.829+0000] {processor.py:175} INFO - Processing /home/airflow/.local/lib/python3.7/site-packages/airflow/example_dags/example_skip_dag.py took 0.156 seconds
[2023-01-31T12:17:51.986+0000] {processor.py:153} INFO - Started process (PID=386) to work on /home/airflow/.local/lib/python3.7/site-packages/airflow/example_dags/example_skip_dag.py
[2023-01-31T12:17:51.987+0000] {processor.py:743} INFO - Processing file /home/airflow/.local/lib/python3.7/site-packages/airflow/example_dags/example_skip_dag.py for tasks to queue
[2023-01-31T12:17:51.988+0000] {logging_mixin.py:137} INFO - [2023-01-31T12:17:51.988+0000] {dagbag.py:538} INFO - Filling up the DagBag from /home/airflow/.local/lib/python3.7/site-packages/airflow/example_dags/example_skip_dag.py
[2023-01-31T12:17:52.010+0000] {processor.py:753} INFO - DAG(s) dict_keys(['example_skip_dag']) retrieved from /home/airflow/.local/lib/python3.7/site-packages/airflow/example_dags/example_skip_dag.py
[2023-01-31T12:17:52.045+0000] {logging_mixin.py:137} INFO - [2023-01-31T12:17:52.045+0000] {dag.py:2690} INFO - Sync 1 DAGs
[2023-01-31T12:17:52.084+0000] {logging_mixin.py:137} INFO - [2023-01-31T12:17:52.084+0000] {dag.py:3441} INFO - Setting next_dagrun for example_skip_dag to 2023-01-30T12:17:52.084018+00:00, run_after=2023-01-31T12:17:52.084018+00:00
[2023-01-31T12:17:52.206+0000] {processor.py:175} INFO - Processing /home/airflow/.local/lib/python3.7/site-packages/airflow/example_dags/example_skip_dag.py took 0.225 seconds
[2023-01-31T12:18:23.126+0000] {processor.py:153} INFO - Started process (PID=446) to work on /home/airflow/.local/lib/python3.7/site-packages/airflow/example_dags/example_skip_dag.py
[2023-01-31T12:18:23.127+0000] {processor.py:743} INFO - Processing file /home/airflow/.local/lib/python3.7/site-packages/airflow/example_dags/example_skip_dag.py for tasks to queue
[2023-01-31T12:18:23.128+0000] {logging_mixin.py:137} INFO - [2023-01-31T12:18:23.128+0000] {dagbag.py:538} INFO - Filling up the DagBag from /home/airflow/.local/lib/python3.7/site-packages/airflow/example_dags/example_skip_dag.py
[2023-01-31T12:18:23.148+0000] {processor.py:753} INFO - DAG(s) dict_keys(['example_skip_dag']) retrieved from /home/airflow/.local/lib/python3.7/site-packages/airflow/example_dags/example_skip_dag.py
[2023-01-31T12:18:23.183+0000] {logging_mixin.py:137} INFO - [2023-01-31T12:18:23.183+0000] {dag.py:2690} INFO - Sync 1 DAGs
[2023-01-31T12:18:23.224+0000] {logging_mixin.py:137} INFO - [2023-01-31T12:18:23.224+0000] {dag.py:3441} INFO - Setting next_dagrun for example_skip_dag to 2023-01-30T12:18:23.224337+00:00, run_after=2023-01-31T12:18:23.224337+00:00
[2023-01-31T12:18:23.258+0000] {processor.py:175} INFO - Processing /home/airflow/.local/lib/python3.7/site-packages/airflow/example_dags/example_skip_dag.py took 0.136 seconds
[2023-01-31T12:18:54.085+0000] {processor.py:153} INFO - Started process (PID=506) to work on /home/airflow/.local/lib/python3.7/site-packages/airflow/example_dags/example_skip_dag.py
[2023-01-31T12:18:54.086+0000] {processor.py:743} INFO - Processing file /home/airflow/.local/lib/python3.7/site-packages/airflow/example_dags/example_skip_dag.py for tasks to queue
[2023-01-31T12:18:54.087+0000] {logging_mixin.py:137} INFO - [2023-01-31T12:18:54.087+0000] {dagbag.py:538} INFO - Filling up the DagBag from /home/airflow/.local/lib/python3.7/site-packages/airflow/example_dags/example_skip_dag.py
[2023-01-31T12:18:54.109+0000] {processor.py:753} INFO - DAG(s) dict_keys(['example_skip_dag']) retrieved from /home/airflow/.local/lib/python3.7/site-packages/airflow/example_dags/example_skip_dag.py
[2023-01-31T12:18:54.144+0000] {logging_mixin.py:137} INFO - [2023-01-31T12:18:54.144+0000] {dag.py:2690} INFO - Sync 1 DAGs
[2023-01-31T12:18:54.182+0000] {logging_mixin.py:137} INFO - [2023-01-31T12:18:54.181+0000] {dag.py:3441} INFO - Setting next_dagrun for example_skip_dag to 2023-01-30T12:18:54.181543+00:00, run_after=2023-01-31T12:18:54.181543+00:00
[2023-01-31T12:18:54.243+0000] {processor.py:175} INFO - Processing /home/airflow/.local/lib/python3.7/site-packages/airflow/example_dags/example_skip_dag.py took 0.163 seconds
