[2023-01-31T12:14:53.899+0000] {processor.py:153} INFO - Started process (PID=56) to work on /home/airflow/.local/lib/python3.7/site-packages/airflow/example_dags/example_kubernetes_executor.py
[2023-01-31T12:14:53.901+0000] {processor.py:743} INFO - Processing file /home/airflow/.local/lib/python3.7/site-packages/airflow/example_dags/example_kubernetes_executor.py for tasks to queue
[2023-01-31T12:14:53.901+0000] {logging_mixin.py:137} INFO - [2023-01-31T12:14:53.901+0000] {dagbag.py:538} INFO - Filling up the DagBag from /home/airflow/.local/lib/python3.7/site-packages/airflow/example_dags/example_kubernetes_executor.py
[2023-01-31T12:14:59.930+0000] {processor.py:753} INFO - DAG(s) dict_keys(['example_kubernetes_executor']) retrieved from /home/airflow/.local/lib/python3.7/site-packages/airflow/example_dags/example_kubernetes_executor.py
[2023-01-31T12:15:08.718+0000] {logging_mixin.py:137} INFO - [2023-01-31T12:15:08.717+0000] {dag.py:2690} INFO - Sync 1 DAGs
[2023-01-31T12:15:13.353+0000] {logging_mixin.py:137} INFO - [2023-01-31T12:15:13.353+0000] {dag.py:3441} INFO - Setting next_dagrun for example_kubernetes_executor to None, run_after=None
[2023-01-31T12:15:13.965+0000] {processor.py:175} INFO - Processing /home/airflow/.local/lib/python3.7/site-packages/airflow/example_dags/example_kubernetes_executor.py took 20.070 seconds
[2023-01-31T12:15:44.931+0000] {processor.py:153} INFO - Started process (PID=130) to work on /home/airflow/.local/lib/python3.7/site-packages/airflow/example_dags/example_kubernetes_executor.py
[2023-01-31T12:15:45.077+0000] {processor.py:743} INFO - Processing file /home/airflow/.local/lib/python3.7/site-packages/airflow/example_dags/example_kubernetes_executor.py for tasks to queue
[2023-01-31T12:15:45.079+0000] {logging_mixin.py:137} INFO - [2023-01-31T12:15:45.079+0000] {dagbag.py:538} INFO - Filling up the DagBag from /home/airflow/.local/lib/python3.7/site-packages/airflow/example_dags/example_kubernetes_executor.py
[2023-01-31T12:15:45.562+0000] {processor.py:753} INFO - DAG(s) dict_keys(['example_kubernetes_executor']) retrieved from /home/airflow/.local/lib/python3.7/site-packages/airflow/example_dags/example_kubernetes_executor.py
[2023-01-31T12:15:45.771+0000] {logging_mixin.py:137} INFO - [2023-01-31T12:15:45.771+0000] {dag.py:2690} INFO - Sync 1 DAGs
[2023-01-31T12:15:45.839+0000] {logging_mixin.py:137} INFO - [2023-01-31T12:15:45.838+0000] {dag.py:3441} INFO - Setting next_dagrun for example_kubernetes_executor to None, run_after=None
[2023-01-31T12:15:46.323+0000] {processor.py:175} INFO - Processing /home/airflow/.local/lib/python3.7/site-packages/airflow/example_dags/example_kubernetes_executor.py took 1.398 seconds
[2023-01-31T12:16:16.403+0000] {processor.py:153} INFO - Started process (PID=190) to work on /home/airflow/.local/lib/python3.7/site-packages/airflow/example_dags/example_kubernetes_executor.py
[2023-01-31T12:16:16.461+0000] {processor.py:743} INFO - Processing file /home/airflow/.local/lib/python3.7/site-packages/airflow/example_dags/example_kubernetes_executor.py for tasks to queue
[2023-01-31T12:16:16.462+0000] {logging_mixin.py:137} INFO - [2023-01-31T12:16:16.462+0000] {dagbag.py:538} INFO - Filling up the DagBag from /home/airflow/.local/lib/python3.7/site-packages/airflow/example_dags/example_kubernetes_executor.py
[2023-01-31T12:16:16.579+0000] {processor.py:753} INFO - DAG(s) dict_keys(['example_kubernetes_executor']) retrieved from /home/airflow/.local/lib/python3.7/site-packages/airflow/example_dags/example_kubernetes_executor.py
[2023-01-31T12:16:16.639+0000] {logging_mixin.py:137} INFO - [2023-01-31T12:16:16.639+0000] {dag.py:2690} INFO - Sync 1 DAGs
[2023-01-31T12:16:16.730+0000] {logging_mixin.py:137} INFO - [2023-01-31T12:16:16.730+0000] {dag.py:3441} INFO - Setting next_dagrun for example_kubernetes_executor to None, run_after=None
[2023-01-31T12:16:16.837+0000] {processor.py:175} INFO - Processing /home/airflow/.local/lib/python3.7/site-packages/airflow/example_dags/example_kubernetes_executor.py took 0.440 seconds
[2023-01-31T12:16:47.718+0000] {processor.py:153} INFO - Started process (PID=250) to work on /home/airflow/.local/lib/python3.7/site-packages/airflow/example_dags/example_kubernetes_executor.py
[2023-01-31T12:16:47.770+0000] {processor.py:743} INFO - Processing file /home/airflow/.local/lib/python3.7/site-packages/airflow/example_dags/example_kubernetes_executor.py for tasks to queue
[2023-01-31T12:16:47.771+0000] {logging_mixin.py:137} INFO - [2023-01-31T12:16:47.771+0000] {dagbag.py:538} INFO - Filling up the DagBag from /home/airflow/.local/lib/python3.7/site-packages/airflow/example_dags/example_kubernetes_executor.py
[2023-01-31T12:16:47.825+0000] {processor.py:753} INFO - DAG(s) dict_keys(['example_kubernetes_executor']) retrieved from /home/airflow/.local/lib/python3.7/site-packages/airflow/example_dags/example_kubernetes_executor.py
[2023-01-31T12:16:47.898+0000] {logging_mixin.py:137} INFO - [2023-01-31T12:16:47.898+0000] {dag.py:2690} INFO - Sync 1 DAGs
[2023-01-31T12:16:47.938+0000] {logging_mixin.py:137} INFO - [2023-01-31T12:16:47.938+0000] {dag.py:3441} INFO - Setting next_dagrun for example_kubernetes_executor to None, run_after=None
[2023-01-31T12:16:48.090+0000] {processor.py:175} INFO - Processing /home/airflow/.local/lib/python3.7/site-packages/airflow/example_dags/example_kubernetes_executor.py took 0.377 seconds
[2023-01-31T12:17:18.131+0000] {processor.py:153} INFO - Started process (PID=310) to work on /home/airflow/.local/lib/python3.7/site-packages/airflow/example_dags/example_kubernetes_executor.py
[2023-01-31T12:17:18.146+0000] {processor.py:743} INFO - Processing file /home/airflow/.local/lib/python3.7/site-packages/airflow/example_dags/example_kubernetes_executor.py for tasks to queue
[2023-01-31T12:17:18.147+0000] {logging_mixin.py:137} INFO - [2023-01-31T12:17:18.146+0000] {dagbag.py:538} INFO - Filling up the DagBag from /home/airflow/.local/lib/python3.7/site-packages/airflow/example_dags/example_kubernetes_executor.py
[2023-01-31T12:17:18.195+0000] {processor.py:753} INFO - DAG(s) dict_keys(['example_kubernetes_executor']) retrieved from /home/airflow/.local/lib/python3.7/site-packages/airflow/example_dags/example_kubernetes_executor.py
[2023-01-31T12:17:18.247+0000] {logging_mixin.py:137} INFO - [2023-01-31T12:17:18.247+0000] {dag.py:2690} INFO - Sync 1 DAGs
[2023-01-31T12:17:18.347+0000] {logging_mixin.py:137} INFO - [2023-01-31T12:17:18.347+0000] {dag.py:3441} INFO - Setting next_dagrun for example_kubernetes_executor to None, run_after=None
[2023-01-31T12:17:18.473+0000] {processor.py:175} INFO - Processing /home/airflow/.local/lib/python3.7/site-packages/airflow/example_dags/example_kubernetes_executor.py took 0.346 seconds
[2023-01-31T12:17:48.879+0000] {processor.py:153} INFO - Started process (PID=370) to work on /home/airflow/.local/lib/python3.7/site-packages/airflow/example_dags/example_kubernetes_executor.py
[2023-01-31T12:17:48.880+0000] {processor.py:743} INFO - Processing file /home/airflow/.local/lib/python3.7/site-packages/airflow/example_dags/example_kubernetes_executor.py for tasks to queue
[2023-01-31T12:17:48.881+0000] {logging_mixin.py:137} INFO - [2023-01-31T12:17:48.881+0000] {dagbag.py:538} INFO - Filling up the DagBag from /home/airflow/.local/lib/python3.7/site-packages/airflow/example_dags/example_kubernetes_executor.py
[2023-01-31T12:17:48.927+0000] {processor.py:753} INFO - DAG(s) dict_keys(['example_kubernetes_executor']) retrieved from /home/airflow/.local/lib/python3.7/site-packages/airflow/example_dags/example_kubernetes_executor.py
[2023-01-31T12:17:48.967+0000] {logging_mixin.py:137} INFO - [2023-01-31T12:17:48.967+0000] {dag.py:2690} INFO - Sync 1 DAGs
[2023-01-31T12:17:49.009+0000] {logging_mixin.py:137} INFO - [2023-01-31T12:17:49.008+0000] {dag.py:3441} INFO - Setting next_dagrun for example_kubernetes_executor to None, run_after=None
[2023-01-31T12:17:49.332+0000] {processor.py:175} INFO - Processing /home/airflow/.local/lib/python3.7/site-packages/airflow/example_dags/example_kubernetes_executor.py took 0.457 seconds
[2023-01-31T12:18:19.373+0000] {processor.py:153} INFO - Started process (PID=430) to work on /home/airflow/.local/lib/python3.7/site-packages/airflow/example_dags/example_kubernetes_executor.py
[2023-01-31T12:18:19.374+0000] {processor.py:743} INFO - Processing file /home/airflow/.local/lib/python3.7/site-packages/airflow/example_dags/example_kubernetes_executor.py for tasks to queue
[2023-01-31T12:18:19.375+0000] {logging_mixin.py:137} INFO - [2023-01-31T12:18:19.375+0000] {dagbag.py:538} INFO - Filling up the DagBag from /home/airflow/.local/lib/python3.7/site-packages/airflow/example_dags/example_kubernetes_executor.py
[2023-01-31T12:18:19.420+0000] {processor.py:753} INFO - DAG(s) dict_keys(['example_kubernetes_executor']) retrieved from /home/airflow/.local/lib/python3.7/site-packages/airflow/example_dags/example_kubernetes_executor.py
[2023-01-31T12:18:19.472+0000] {logging_mixin.py:137} INFO - [2023-01-31T12:18:19.472+0000] {dag.py:2690} INFO - Sync 1 DAGs
[2023-01-31T12:18:19.521+0000] {logging_mixin.py:137} INFO - [2023-01-31T12:18:19.521+0000] {dag.py:3441} INFO - Setting next_dagrun for example_kubernetes_executor to None, run_after=None
[2023-01-31T12:18:19.555+0000] {processor.py:175} INFO - Processing /home/airflow/.local/lib/python3.7/site-packages/airflow/example_dags/example_kubernetes_executor.py took 0.187 seconds
[2023-01-31T12:18:50.433+0000] {processor.py:153} INFO - Started process (PID=490) to work on /home/airflow/.local/lib/python3.7/site-packages/airflow/example_dags/example_kubernetes_executor.py
[2023-01-31T12:18:50.443+0000] {processor.py:743} INFO - Processing file /home/airflow/.local/lib/python3.7/site-packages/airflow/example_dags/example_kubernetes_executor.py for tasks to queue
[2023-01-31T12:18:50.444+0000] {logging_mixin.py:137} INFO - [2023-01-31T12:18:50.444+0000] {dagbag.py:538} INFO - Filling up the DagBag from /home/airflow/.local/lib/python3.7/site-packages/airflow/example_dags/example_kubernetes_executor.py
[2023-01-31T12:18:50.483+0000] {processor.py:753} INFO - DAG(s) dict_keys(['example_kubernetes_executor']) retrieved from /home/airflow/.local/lib/python3.7/site-packages/airflow/example_dags/example_kubernetes_executor.py
[2023-01-31T12:18:50.525+0000] {logging_mixin.py:137} INFO - [2023-01-31T12:18:50.525+0000] {dag.py:2690} INFO - Sync 1 DAGs
[2023-01-31T12:18:50.566+0000] {logging_mixin.py:137} INFO - [2023-01-31T12:18:50.566+0000] {dag.py:3441} INFO - Setting next_dagrun for example_kubernetes_executor to None, run_after=None
[2023-01-31T12:18:50.597+0000] {processor.py:175} INFO - Processing /home/airflow/.local/lib/python3.7/site-packages/airflow/example_dags/example_kubernetes_executor.py took 0.170 seconds
