[2023-01-31T12:15:19.169+0000] {processor.py:153} INFO - Started process (PID=94) to work on /home/airflow/.local/lib/python3.7/site-packages/airflow/example_dags/example_bash_operator.py
[2023-01-31T12:15:19.170+0000] {processor.py:743} INFO - Processing file /home/airflow/.local/lib/python3.7/site-packages/airflow/example_dags/example_bash_operator.py for tasks to queue
[2023-01-31T12:15:19.171+0000] {logging_mixin.py:137} INFO - [2023-01-31T12:15:19.171+0000] {dagbag.py:538} INFO - Filling up the DagBag from /home/airflow/.local/lib/python3.7/site-packages/airflow/example_dags/example_bash_operator.py
[2023-01-31T12:15:19.207+0000] {processor.py:753} INFO - DAG(s) dict_keys(['example_bash_operator']) retrieved from /home/airflow/.local/lib/python3.7/site-packages/airflow/example_dags/example_bash_operator.py
[2023-01-31T12:15:19.272+0000] {logging_mixin.py:137} INFO - [2023-01-31T12:15:19.272+0000] {dag.py:2690} INFO - Sync 1 DAGs
[2023-01-31T12:15:19.320+0000] {logging_mixin.py:137} INFO - [2023-01-31T12:15:19.320+0000] {dag.py:3441} INFO - Setting next_dagrun for example_bash_operator to 2023-01-30T00:00:00+00:00, run_after=2023-01-31T00:00:00+00:00
[2023-01-31T12:15:19.374+0000] {processor.py:175} INFO - Processing /home/airflow/.local/lib/python3.7/site-packages/airflow/example_dags/example_bash_operator.py took 0.210 seconds
[2023-01-31T12:15:49.739+0000] {processor.py:153} INFO - Started process (PID=154) to work on /home/airflow/.local/lib/python3.7/site-packages/airflow/example_dags/example_bash_operator.py
[2023-01-31T12:15:49.788+0000] {processor.py:743} INFO - Processing file /home/airflow/.local/lib/python3.7/site-packages/airflow/example_dags/example_bash_operator.py for tasks to queue
[2023-01-31T12:15:49.790+0000] {logging_mixin.py:137} INFO - [2023-01-31T12:15:49.789+0000] {dagbag.py:538} INFO - Filling up the DagBag from /home/airflow/.local/lib/python3.7/site-packages/airflow/example_dags/example_bash_operator.py
[2023-01-31T12:15:49.829+0000] {processor.py:753} INFO - DAG(s) dict_keys(['example_bash_operator']) retrieved from /home/airflow/.local/lib/python3.7/site-packages/airflow/example_dags/example_bash_operator.py
[2023-01-31T12:15:49.894+0000] {logging_mixin.py:137} INFO - [2023-01-31T12:15:49.894+0000] {dag.py:2690} INFO - Sync 1 DAGs
[2023-01-31T12:15:49.937+0000] {logging_mixin.py:137} INFO - [2023-01-31T12:15:49.937+0000] {dag.py:3441} INFO - Setting next_dagrun for example_bash_operator to 2023-01-30T00:00:00+00:00, run_after=2023-01-31T00:00:00+00:00
[2023-01-31T12:15:50.069+0000] {processor.py:175} INFO - Processing /home/airflow/.local/lib/python3.7/site-packages/airflow/example_dags/example_bash_operator.py took 0.336 seconds
[2023-01-31T12:16:21.615+0000] {processor.py:153} INFO - Started process (PID=214) to work on /home/airflow/.local/lib/python3.7/site-packages/airflow/example_dags/example_bash_operator.py
[2023-01-31T12:16:21.676+0000] {processor.py:743} INFO - Processing file /home/airflow/.local/lib/python3.7/site-packages/airflow/example_dags/example_bash_operator.py for tasks to queue
[2023-01-31T12:16:21.678+0000] {logging_mixin.py:137} INFO - [2023-01-31T12:16:21.677+0000] {dagbag.py:538} INFO - Filling up the DagBag from /home/airflow/.local/lib/python3.7/site-packages/airflow/example_dags/example_bash_operator.py
[2023-01-31T12:16:21.713+0000] {processor.py:753} INFO - DAG(s) dict_keys(['example_bash_operator']) retrieved from /home/airflow/.local/lib/python3.7/site-packages/airflow/example_dags/example_bash_operator.py
[2023-01-31T12:16:21.772+0000] {logging_mixin.py:137} INFO - [2023-01-31T12:16:21.772+0000] {dag.py:2690} INFO - Sync 1 DAGs
[2023-01-31T12:16:21.818+0000] {logging_mixin.py:137} INFO - [2023-01-31T12:16:21.818+0000] {dag.py:3441} INFO - Setting next_dagrun for example_bash_operator to 2023-01-30T00:00:00+00:00, run_after=2023-01-31T00:00:00+00:00
[2023-01-31T12:16:22.355+0000] {processor.py:175} INFO - Processing /home/airflow/.local/lib/python3.7/site-packages/airflow/example_dags/example_bash_operator.py took 0.744 seconds
[2023-01-31T12:16:52.925+0000] {processor.py:153} INFO - Started process (PID=274) to work on /home/airflow/.local/lib/python3.7/site-packages/airflow/example_dags/example_bash_operator.py
[2023-01-31T12:16:52.927+0000] {processor.py:743} INFO - Processing file /home/airflow/.local/lib/python3.7/site-packages/airflow/example_dags/example_bash_operator.py for tasks to queue
[2023-01-31T12:16:52.928+0000] {logging_mixin.py:137} INFO - [2023-01-31T12:16:52.928+0000] {dagbag.py:538} INFO - Filling up the DagBag from /home/airflow/.local/lib/python3.7/site-packages/airflow/example_dags/example_bash_operator.py
[2023-01-31T12:16:52.966+0000] {processor.py:753} INFO - DAG(s) dict_keys(['example_bash_operator']) retrieved from /home/airflow/.local/lib/python3.7/site-packages/airflow/example_dags/example_bash_operator.py
[2023-01-31T12:16:53.022+0000] {logging_mixin.py:137} INFO - [2023-01-31T12:16:53.021+0000] {dag.py:2690} INFO - Sync 1 DAGs
[2023-01-31T12:16:53.065+0000] {logging_mixin.py:137} INFO - [2023-01-31T12:16:53.065+0000] {dag.py:3441} INFO - Setting next_dagrun for example_bash_operator to 2023-01-30T00:00:00+00:00, run_after=2023-01-31T00:00:00+00:00
[2023-01-31T12:16:53.100+0000] {processor.py:175} INFO - Processing /home/airflow/.local/lib/python3.7/site-packages/airflow/example_dags/example_bash_operator.py took 0.183 seconds
[2023-01-31T12:17:23.786+0000] {processor.py:153} INFO - Started process (PID=334) to work on /home/airflow/.local/lib/python3.7/site-packages/airflow/example_dags/example_bash_operator.py
[2023-01-31T12:17:23.787+0000] {processor.py:743} INFO - Processing file /home/airflow/.local/lib/python3.7/site-packages/airflow/example_dags/example_bash_operator.py for tasks to queue
[2023-01-31T12:17:23.788+0000] {logging_mixin.py:137} INFO - [2023-01-31T12:17:23.788+0000] {dagbag.py:538} INFO - Filling up the DagBag from /home/airflow/.local/lib/python3.7/site-packages/airflow/example_dags/example_bash_operator.py
[2023-01-31T12:17:23.834+0000] {processor.py:753} INFO - DAG(s) dict_keys(['example_bash_operator']) retrieved from /home/airflow/.local/lib/python3.7/site-packages/airflow/example_dags/example_bash_operator.py
[2023-01-31T12:17:23.901+0000] {logging_mixin.py:137} INFO - [2023-01-31T12:17:23.901+0000] {dag.py:2690} INFO - Sync 1 DAGs
[2023-01-31T12:17:23.958+0000] {logging_mixin.py:137} INFO - [2023-01-31T12:17:23.958+0000] {dag.py:3441} INFO - Setting next_dagrun for example_bash_operator to 2023-01-30T00:00:00+00:00, run_after=2023-01-31T00:00:00+00:00
[2023-01-31T12:17:24.012+0000] {processor.py:175} INFO - Processing /home/airflow/.local/lib/python3.7/site-packages/airflow/example_dags/example_bash_operator.py took 0.234 seconds
[2023-01-31T12:17:54.949+0000] {processor.py:153} INFO - Started process (PID=394) to work on /home/airflow/.local/lib/python3.7/site-packages/airflow/example_dags/example_bash_operator.py
[2023-01-31T12:17:55.006+0000] {processor.py:743} INFO - Processing file /home/airflow/.local/lib/python3.7/site-packages/airflow/example_dags/example_bash_operator.py for tasks to queue
[2023-01-31T12:17:55.007+0000] {logging_mixin.py:137} INFO - [2023-01-31T12:17:55.007+0000] {dagbag.py:538} INFO - Filling up the DagBag from /home/airflow/.local/lib/python3.7/site-packages/airflow/example_dags/example_bash_operator.py
[2023-01-31T12:17:55.049+0000] {processor.py:753} INFO - DAG(s) dict_keys(['example_bash_operator']) retrieved from /home/airflow/.local/lib/python3.7/site-packages/airflow/example_dags/example_bash_operator.py
[2023-01-31T12:17:55.113+0000] {logging_mixin.py:137} INFO - [2023-01-31T12:17:55.113+0000] {dag.py:2690} INFO - Sync 1 DAGs
[2023-01-31T12:17:55.154+0000] {logging_mixin.py:137} INFO - [2023-01-31T12:17:55.154+0000] {dag.py:3441} INFO - Setting next_dagrun for example_bash_operator to 2023-01-30T00:00:00+00:00, run_after=2023-01-31T00:00:00+00:00
[2023-01-31T12:17:55.324+0000] {processor.py:175} INFO - Processing /home/airflow/.local/lib/python3.7/site-packages/airflow/example_dags/example_bash_operator.py took 0.381 seconds
[2023-01-31T12:18:25.776+0000] {processor.py:153} INFO - Started process (PID=454) to work on /home/airflow/.local/lib/python3.7/site-packages/airflow/example_dags/example_bash_operator.py
[2023-01-31T12:18:25.777+0000] {processor.py:743} INFO - Processing file /home/airflow/.local/lib/python3.7/site-packages/airflow/example_dags/example_bash_operator.py for tasks to queue
[2023-01-31T12:18:25.778+0000] {logging_mixin.py:137} INFO - [2023-01-31T12:18:25.778+0000] {dagbag.py:538} INFO - Filling up the DagBag from /home/airflow/.local/lib/python3.7/site-packages/airflow/example_dags/example_bash_operator.py
[2023-01-31T12:18:25.816+0000] {processor.py:753} INFO - DAG(s) dict_keys(['example_bash_operator']) retrieved from /home/airflow/.local/lib/python3.7/site-packages/airflow/example_dags/example_bash_operator.py
[2023-01-31T12:18:25.872+0000] {logging_mixin.py:137} INFO - [2023-01-31T12:18:25.872+0000] {dag.py:2690} INFO - Sync 1 DAGs
[2023-01-31T12:18:25.916+0000] {logging_mixin.py:137} INFO - [2023-01-31T12:18:25.916+0000] {dag.py:3441} INFO - Setting next_dagrun for example_bash_operator to 2023-01-30T00:00:00+00:00, run_after=2023-01-31T00:00:00+00:00
[2023-01-31T12:18:25.959+0000] {processor.py:175} INFO - Processing /home/airflow/.local/lib/python3.7/site-packages/airflow/example_dags/example_bash_operator.py took 0.188 seconds
[2023-01-31T12:18:56.097+0000] {processor.py:153} INFO - Started process (PID=514) to work on /home/airflow/.local/lib/python3.7/site-packages/airflow/example_dags/example_bash_operator.py
[2023-01-31T12:18:56.099+0000] {processor.py:743} INFO - Processing file /home/airflow/.local/lib/python3.7/site-packages/airflow/example_dags/example_bash_operator.py for tasks to queue
[2023-01-31T12:18:56.099+0000] {logging_mixin.py:137} INFO - [2023-01-31T12:18:56.099+0000] {dagbag.py:538} INFO - Filling up the DagBag from /home/airflow/.local/lib/python3.7/site-packages/airflow/example_dags/example_bash_operator.py
[2023-01-31T12:18:56.144+0000] {processor.py:753} INFO - DAG(s) dict_keys(['example_bash_operator']) retrieved from /home/airflow/.local/lib/python3.7/site-packages/airflow/example_dags/example_bash_operator.py
[2023-01-31T12:18:56.199+0000] {logging_mixin.py:137} INFO - [2023-01-31T12:18:56.199+0000] {dag.py:2690} INFO - Sync 1 DAGs
[2023-01-31T12:18:56.239+0000] {logging_mixin.py:137} INFO - [2023-01-31T12:18:56.239+0000] {dag.py:3441} INFO - Setting next_dagrun for example_bash_operator to 2023-01-30T00:00:00+00:00, run_after=2023-01-31T00:00:00+00:00
[2023-01-31T12:18:56.266+0000] {processor.py:175} INFO - Processing /home/airflow/.local/lib/python3.7/site-packages/airflow/example_dags/example_bash_operator.py took 0.175 seconds
