[2023-01-31T12:15:19.604+0000] {processor.py:153} INFO - Started process (PID=98) to work on /home/airflow/.local/lib/python3.7/site-packages/airflow/example_dags/tutorial.py
[2023-01-31T12:15:19.605+0000] {processor.py:743} INFO - Processing file /home/airflow/.local/lib/python3.7/site-packages/airflow/example_dags/tutorial.py for tasks to queue
[2023-01-31T12:15:19.606+0000] {logging_mixin.py:137} INFO - [2023-01-31T12:15:19.606+0000] {dagbag.py:538} INFO - Filling up the DagBag from /home/airflow/.local/lib/python3.7/site-packages/airflow/example_dags/tutorial.py
[2023-01-31T12:15:19.627+0000] {processor.py:753} INFO - DAG(s) dict_keys(['tutorial']) retrieved from /home/airflow/.local/lib/python3.7/site-packages/airflow/example_dags/tutorial.py
[2023-01-31T12:15:19.668+0000] {logging_mixin.py:137} INFO - [2023-01-31T12:15:19.668+0000] {dag.py:2690} INFO - Sync 1 DAGs
[2023-01-31T12:15:19.714+0000] {logging_mixin.py:137} INFO - [2023-01-31T12:15:19.714+0000] {dag.py:3441} INFO - Setting next_dagrun for tutorial to 2023-01-30T12:15:19.714208+00:00, run_after=2023-01-31T12:15:19.714208+00:00
[2023-01-31T12:15:19.758+0000] {processor.py:175} INFO - Processing /home/airflow/.local/lib/python3.7/site-packages/airflow/example_dags/tutorial.py took 0.160 seconds
[2023-01-31T12:15:50.371+0000] {processor.py:153} INFO - Started process (PID=158) to work on /home/airflow/.local/lib/python3.7/site-packages/airflow/example_dags/tutorial.py
[2023-01-31T12:15:50.442+0000] {processor.py:743} INFO - Processing file /home/airflow/.local/lib/python3.7/site-packages/airflow/example_dags/tutorial.py for tasks to queue
[2023-01-31T12:15:50.444+0000] {logging_mixin.py:137} INFO - [2023-01-31T12:15:50.443+0000] {dagbag.py:538} INFO - Filling up the DagBag from /home/airflow/.local/lib/python3.7/site-packages/airflow/example_dags/tutorial.py
[2023-01-31T12:15:50.470+0000] {processor.py:753} INFO - DAG(s) dict_keys(['tutorial']) retrieved from /home/airflow/.local/lib/python3.7/site-packages/airflow/example_dags/tutorial.py
[2023-01-31T12:15:50.508+0000] {logging_mixin.py:137} INFO - [2023-01-31T12:15:50.508+0000] {dag.py:2690} INFO - Sync 1 DAGs
[2023-01-31T12:15:50.555+0000] {logging_mixin.py:137} INFO - [2023-01-31T12:15:50.555+0000] {dag.py:3441} INFO - Setting next_dagrun for tutorial to 2023-01-30T12:15:50.554845+00:00, run_after=2023-01-31T12:15:50.554845+00:00
[2023-01-31T12:15:50.665+0000] {processor.py:175} INFO - Processing /home/airflow/.local/lib/python3.7/site-packages/airflow/example_dags/tutorial.py took 0.297 seconds
[2023-01-31T12:16:22.623+0000] {processor.py:153} INFO - Started process (PID=218) to work on /home/airflow/.local/lib/python3.7/site-packages/airflow/example_dags/tutorial.py
[2023-01-31T12:16:22.651+0000] {processor.py:743} INFO - Processing file /home/airflow/.local/lib/python3.7/site-packages/airflow/example_dags/tutorial.py for tasks to queue
[2023-01-31T12:16:22.652+0000] {logging_mixin.py:137} INFO - [2023-01-31T12:16:22.652+0000] {dagbag.py:538} INFO - Filling up the DagBag from /home/airflow/.local/lib/python3.7/site-packages/airflow/example_dags/tutorial.py
[2023-01-31T12:16:22.677+0000] {processor.py:753} INFO - DAG(s) dict_keys(['tutorial']) retrieved from /home/airflow/.local/lib/python3.7/site-packages/airflow/example_dags/tutorial.py
[2023-01-31T12:16:22.731+0000] {logging_mixin.py:137} INFO - [2023-01-31T12:16:22.731+0000] {dag.py:2690} INFO - Sync 1 DAGs
[2023-01-31T12:16:22.778+0000] {logging_mixin.py:137} INFO - [2023-01-31T12:16:22.778+0000] {dag.py:3441} INFO - Setting next_dagrun for tutorial to 2023-01-30T12:16:22.778281+00:00, run_after=2023-01-31T12:16:22.778281+00:00
[2023-01-31T12:16:22.814+0000] {processor.py:175} INFO - Processing /home/airflow/.local/lib/python3.7/site-packages/airflow/example_dags/tutorial.py took 0.196 seconds
[2023-01-31T12:16:53.505+0000] {processor.py:153} INFO - Started process (PID=278) to work on /home/airflow/.local/lib/python3.7/site-packages/airflow/example_dags/tutorial.py
[2023-01-31T12:16:53.506+0000] {processor.py:743} INFO - Processing file /home/airflow/.local/lib/python3.7/site-packages/airflow/example_dags/tutorial.py for tasks to queue
[2023-01-31T12:16:53.507+0000] {logging_mixin.py:137} INFO - [2023-01-31T12:16:53.506+0000] {dagbag.py:538} INFO - Filling up the DagBag from /home/airflow/.local/lib/python3.7/site-packages/airflow/example_dags/tutorial.py
[2023-01-31T12:16:53.525+0000] {processor.py:753} INFO - DAG(s) dict_keys(['tutorial']) retrieved from /home/airflow/.local/lib/python3.7/site-packages/airflow/example_dags/tutorial.py
[2023-01-31T12:16:53.559+0000] {logging_mixin.py:137} INFO - [2023-01-31T12:16:53.559+0000] {dag.py:2690} INFO - Sync 1 DAGs
[2023-01-31T12:16:53.601+0000] {logging_mixin.py:137} INFO - [2023-01-31T12:16:53.601+0000] {dag.py:3441} INFO - Setting next_dagrun for tutorial to 2023-01-30T12:16:53.600841+00:00, run_after=2023-01-31T12:16:53.600841+00:00
[2023-01-31T12:16:53.645+0000] {processor.py:175} INFO - Processing /home/airflow/.local/lib/python3.7/site-packages/airflow/example_dags/tutorial.py took 0.144 seconds
[2023-01-31T12:17:24.548+0000] {processor.py:153} INFO - Started process (PID=338) to work on /home/airflow/.local/lib/python3.7/site-packages/airflow/example_dags/tutorial.py
[2023-01-31T12:17:24.550+0000] {processor.py:743} INFO - Processing file /home/airflow/.local/lib/python3.7/site-packages/airflow/example_dags/tutorial.py for tasks to queue
[2023-01-31T12:17:24.551+0000] {logging_mixin.py:137} INFO - [2023-01-31T12:17:24.550+0000] {dagbag.py:538} INFO - Filling up the DagBag from /home/airflow/.local/lib/python3.7/site-packages/airflow/example_dags/tutorial.py
[2023-01-31T12:17:24.576+0000] {processor.py:753} INFO - DAG(s) dict_keys(['tutorial']) retrieved from /home/airflow/.local/lib/python3.7/site-packages/airflow/example_dags/tutorial.py
[2023-01-31T12:17:24.622+0000] {logging_mixin.py:137} INFO - [2023-01-31T12:17:24.621+0000] {dag.py:2690} INFO - Sync 1 DAGs
[2023-01-31T12:17:24.666+0000] {logging_mixin.py:137} INFO - [2023-01-31T12:17:24.666+0000] {dag.py:3441} INFO - Setting next_dagrun for tutorial to 2023-01-30T12:17:24.666401+00:00, run_after=2023-01-31T12:17:24.666401+00:00
[2023-01-31T12:17:24.717+0000] {processor.py:175} INFO - Processing /home/airflow/.local/lib/python3.7/site-packages/airflow/example_dags/tutorial.py took 0.174 seconds
[2023-01-31T12:17:55.684+0000] {processor.py:153} INFO - Started process (PID=398) to work on /home/airflow/.local/lib/python3.7/site-packages/airflow/example_dags/tutorial.py
[2023-01-31T12:17:55.685+0000] {processor.py:743} INFO - Processing file /home/airflow/.local/lib/python3.7/site-packages/airflow/example_dags/tutorial.py for tasks to queue
[2023-01-31T12:17:55.686+0000] {logging_mixin.py:137} INFO - [2023-01-31T12:17:55.686+0000] {dagbag.py:538} INFO - Filling up the DagBag from /home/airflow/.local/lib/python3.7/site-packages/airflow/example_dags/tutorial.py
[2023-01-31T12:17:55.705+0000] {processor.py:753} INFO - DAG(s) dict_keys(['tutorial']) retrieved from /home/airflow/.local/lib/python3.7/site-packages/airflow/example_dags/tutorial.py
[2023-01-31T12:17:55.752+0000] {logging_mixin.py:137} INFO - [2023-01-31T12:17:55.752+0000] {dag.py:2690} INFO - Sync 1 DAGs
[2023-01-31T12:17:55.792+0000] {logging_mixin.py:137} INFO - [2023-01-31T12:17:55.792+0000] {dag.py:3441} INFO - Setting next_dagrun for tutorial to 2023-01-30T12:17:55.792145+00:00, run_after=2023-01-31T12:17:55.792145+00:00
[2023-01-31T12:17:55.885+0000] {processor.py:175} INFO - Processing /home/airflow/.local/lib/python3.7/site-packages/airflow/example_dags/tutorial.py took 0.205 seconds
[2023-01-31T12:18:26.370+0000] {processor.py:153} INFO - Started process (PID=458) to work on /home/airflow/.local/lib/python3.7/site-packages/airflow/example_dags/tutorial.py
[2023-01-31T12:18:26.371+0000] {processor.py:743} INFO - Processing file /home/airflow/.local/lib/python3.7/site-packages/airflow/example_dags/tutorial.py for tasks to queue
[2023-01-31T12:18:26.372+0000] {logging_mixin.py:137} INFO - [2023-01-31T12:18:26.371+0000] {dagbag.py:538} INFO - Filling up the DagBag from /home/airflow/.local/lib/python3.7/site-packages/airflow/example_dags/tutorial.py
[2023-01-31T12:18:26.395+0000] {processor.py:753} INFO - DAG(s) dict_keys(['tutorial']) retrieved from /home/airflow/.local/lib/python3.7/site-packages/airflow/example_dags/tutorial.py
[2023-01-31T12:18:26.429+0000] {logging_mixin.py:137} INFO - [2023-01-31T12:18:26.428+0000] {dag.py:2690} INFO - Sync 1 DAGs
[2023-01-31T12:18:26.482+0000] {logging_mixin.py:137} INFO - [2023-01-31T12:18:26.481+0000] {dag.py:3441} INFO - Setting next_dagrun for tutorial to 2023-01-30T12:18:26.481501+00:00, run_after=2023-01-31T12:18:26.481501+00:00
[2023-01-31T12:18:26.540+0000] {processor.py:175} INFO - Processing /home/airflow/.local/lib/python3.7/site-packages/airflow/example_dags/tutorial.py took 0.176 seconds
[2023-01-31T12:18:56.641+0000] {processor.py:153} INFO - Started process (PID=518) to work on /home/airflow/.local/lib/python3.7/site-packages/airflow/example_dags/tutorial.py
[2023-01-31T12:18:56.642+0000] {processor.py:743} INFO - Processing file /home/airflow/.local/lib/python3.7/site-packages/airflow/example_dags/tutorial.py for tasks to queue
[2023-01-31T12:18:56.643+0000] {logging_mixin.py:137} INFO - [2023-01-31T12:18:56.643+0000] {dagbag.py:538} INFO - Filling up the DagBag from /home/airflow/.local/lib/python3.7/site-packages/airflow/example_dags/tutorial.py
[2023-01-31T12:18:56.668+0000] {processor.py:753} INFO - DAG(s) dict_keys(['tutorial']) retrieved from /home/airflow/.local/lib/python3.7/site-packages/airflow/example_dags/tutorial.py
[2023-01-31T12:18:56.705+0000] {logging_mixin.py:137} INFO - [2023-01-31T12:18:56.705+0000] {dag.py:2690} INFO - Sync 1 DAGs
[2023-01-31T12:18:56.746+0000] {logging_mixin.py:137} INFO - [2023-01-31T12:18:56.746+0000] {dag.py:3441} INFO - Setting next_dagrun for tutorial to 2023-01-30T12:18:56.746122+00:00, run_after=2023-01-31T12:18:56.746122+00:00
[2023-01-31T12:18:56.792+0000] {processor.py:175} INFO - Processing /home/airflow/.local/lib/python3.7/site-packages/airflow/example_dags/tutorial.py took 0.158 seconds
