[2023-01-31T12:15:18.846+0000] {processor.py:153} INFO - Started process (PID=91) to work on /home/airflow/.local/lib/python3.7/site-packages/airflow/example_dags/tutorial_dag.py
[2023-01-31T12:15:18.847+0000] {processor.py:743} INFO - Processing file /home/airflow/.local/lib/python3.7/site-packages/airflow/example_dags/tutorial_dag.py for tasks to queue
[2023-01-31T12:15:18.848+0000] {logging_mixin.py:137} INFO - [2023-01-31T12:15:18.848+0000] {dagbag.py:538} INFO - Filling up the DagBag from /home/airflow/.local/lib/python3.7/site-packages/airflow/example_dags/tutorial_dag.py
[2023-01-31T12:15:18.874+0000] {processor.py:753} INFO - DAG(s) dict_keys(['tutorial_dag']) retrieved from /home/airflow/.local/lib/python3.7/site-packages/airflow/example_dags/tutorial_dag.py
[2023-01-31T12:15:18.915+0000] {logging_mixin.py:137} INFO - [2023-01-31T12:15:18.914+0000] {dag.py:2690} INFO - Sync 1 DAGs
[2023-01-31T12:15:18.960+0000] {logging_mixin.py:137} INFO - [2023-01-31T12:15:18.960+0000] {dag.py:3441} INFO - Setting next_dagrun for tutorial_dag to None, run_after=None
[2023-01-31T12:15:18.997+0000] {processor.py:175} INFO - Processing /home/airflow/.local/lib/python3.7/site-packages/airflow/example_dags/tutorial_dag.py took 0.155 seconds
[2023-01-31T12:15:49.157+0000] {processor.py:153} INFO - Started process (PID=151) to work on /home/airflow/.local/lib/python3.7/site-packages/airflow/example_dags/tutorial_dag.py
[2023-01-31T12:15:49.158+0000] {processor.py:743} INFO - Processing file /home/airflow/.local/lib/python3.7/site-packages/airflow/example_dags/tutorial_dag.py for tasks to queue
[2023-01-31T12:15:49.159+0000] {logging_mixin.py:137} INFO - [2023-01-31T12:15:49.159+0000] {dagbag.py:538} INFO - Filling up the DagBag from /home/airflow/.local/lib/python3.7/site-packages/airflow/example_dags/tutorial_dag.py
[2023-01-31T12:15:49.184+0000] {processor.py:753} INFO - DAG(s) dict_keys(['tutorial_dag']) retrieved from /home/airflow/.local/lib/python3.7/site-packages/airflow/example_dags/tutorial_dag.py
[2023-01-31T12:15:49.221+0000] {logging_mixin.py:137} INFO - [2023-01-31T12:15:49.221+0000] {dag.py:2690} INFO - Sync 1 DAGs
[2023-01-31T12:15:49.261+0000] {logging_mixin.py:137} INFO - [2023-01-31T12:15:49.261+0000] {dag.py:3441} INFO - Setting next_dagrun for tutorial_dag to None, run_after=None
[2023-01-31T12:15:49.374+0000] {processor.py:175} INFO - Processing /home/airflow/.local/lib/python3.7/site-packages/airflow/example_dags/tutorial_dag.py took 0.222 seconds
[2023-01-31T12:16:20.495+0000] {processor.py:153} INFO - Started process (PID=211) to work on /home/airflow/.local/lib/python3.7/site-packages/airflow/example_dags/tutorial_dag.py
[2023-01-31T12:16:20.839+0000] {processor.py:743} INFO - Processing file /home/airflow/.local/lib/python3.7/site-packages/airflow/example_dags/tutorial_dag.py for tasks to queue
[2023-01-31T12:16:20.840+0000] {logging_mixin.py:137} INFO - [2023-01-31T12:16:20.839+0000] {dagbag.py:538} INFO - Filling up the DagBag from /home/airflow/.local/lib/python3.7/site-packages/airflow/example_dags/tutorial_dag.py
[2023-01-31T12:16:20.865+0000] {processor.py:753} INFO - DAG(s) dict_keys(['tutorial_dag']) retrieved from /home/airflow/.local/lib/python3.7/site-packages/airflow/example_dags/tutorial_dag.py
[2023-01-31T12:16:20.917+0000] {logging_mixin.py:137} INFO - [2023-01-31T12:16:20.917+0000] {dag.py:2690} INFO - Sync 1 DAGs
[2023-01-31T12:16:20.969+0000] {logging_mixin.py:137} INFO - [2023-01-31T12:16:20.969+0000] {dag.py:3441} INFO - Setting next_dagrun for tutorial_dag to None, run_after=None
[2023-01-31T12:16:21.536+0000] {processor.py:175} INFO - Processing /home/airflow/.local/lib/python3.7/site-packages/airflow/example_dags/tutorial_dag.py took 1.045 seconds
[2023-01-31T12:16:51.707+0000] {processor.py:153} INFO - Started process (PID=271) to work on /home/airflow/.local/lib/python3.7/site-packages/airflow/example_dags/tutorial_dag.py
[2023-01-31T12:16:51.728+0000] {processor.py:743} INFO - Processing file /home/airflow/.local/lib/python3.7/site-packages/airflow/example_dags/tutorial_dag.py for tasks to queue
[2023-01-31T12:16:51.730+0000] {logging_mixin.py:137} INFO - [2023-01-31T12:16:51.729+0000] {dagbag.py:538} INFO - Filling up the DagBag from /home/airflow/.local/lib/python3.7/site-packages/airflow/example_dags/tutorial_dag.py
[2023-01-31T12:16:51.754+0000] {processor.py:753} INFO - DAG(s) dict_keys(['tutorial_dag']) retrieved from /home/airflow/.local/lib/python3.7/site-packages/airflow/example_dags/tutorial_dag.py
[2023-01-31T12:16:51.794+0000] {logging_mixin.py:137} INFO - [2023-01-31T12:16:51.794+0000] {dag.py:2690} INFO - Sync 1 DAGs
[2023-01-31T12:16:51.835+0000] {logging_mixin.py:137} INFO - [2023-01-31T12:16:51.835+0000] {dag.py:3441} INFO - Setting next_dagrun for tutorial_dag to None, run_after=None
[2023-01-31T12:16:51.875+0000] {processor.py:175} INFO - Processing /home/airflow/.local/lib/python3.7/site-packages/airflow/example_dags/tutorial_dag.py took 0.173 seconds
[2023-01-31T12:17:22.575+0000] {processor.py:153} INFO - Started process (PID=331) to work on /home/airflow/.local/lib/python3.7/site-packages/airflow/example_dags/tutorial_dag.py
[2023-01-31T12:17:22.576+0000] {processor.py:743} INFO - Processing file /home/airflow/.local/lib/python3.7/site-packages/airflow/example_dags/tutorial_dag.py for tasks to queue
[2023-01-31T12:17:22.577+0000] {logging_mixin.py:137} INFO - [2023-01-31T12:17:22.577+0000] {dagbag.py:538} INFO - Filling up the DagBag from /home/airflow/.local/lib/python3.7/site-packages/airflow/example_dags/tutorial_dag.py
[2023-01-31T12:17:22.602+0000] {processor.py:753} INFO - DAG(s) dict_keys(['tutorial_dag']) retrieved from /home/airflow/.local/lib/python3.7/site-packages/airflow/example_dags/tutorial_dag.py
[2023-01-31T12:17:22.640+0000] {logging_mixin.py:137} INFO - [2023-01-31T12:17:22.640+0000] {dag.py:2690} INFO - Sync 1 DAGs
[2023-01-31T12:17:22.681+0000] {logging_mixin.py:137} INFO - [2023-01-31T12:17:22.680+0000] {dag.py:3441} INFO - Setting next_dagrun for tutorial_dag to None, run_after=None
[2023-01-31T12:17:22.728+0000] {processor.py:175} INFO - Processing /home/airflow/.local/lib/python3.7/site-packages/airflow/example_dags/tutorial_dag.py took 0.158 seconds
[2023-01-31T12:17:53.744+0000] {processor.py:153} INFO - Started process (PID=391) to work on /home/airflow/.local/lib/python3.7/site-packages/airflow/example_dags/tutorial_dag.py
[2023-01-31T12:17:53.746+0000] {processor.py:743} INFO - Processing file /home/airflow/.local/lib/python3.7/site-packages/airflow/example_dags/tutorial_dag.py for tasks to queue
[2023-01-31T12:17:53.747+0000] {logging_mixin.py:137} INFO - [2023-01-31T12:17:53.747+0000] {dagbag.py:538} INFO - Filling up the DagBag from /home/airflow/.local/lib/python3.7/site-packages/airflow/example_dags/tutorial_dag.py
[2023-01-31T12:17:53.770+0000] {processor.py:753} INFO - DAG(s) dict_keys(['tutorial_dag']) retrieved from /home/airflow/.local/lib/python3.7/site-packages/airflow/example_dags/tutorial_dag.py
[2023-01-31T12:17:53.811+0000] {logging_mixin.py:137} INFO - [2023-01-31T12:17:53.810+0000] {dag.py:2690} INFO - Sync 1 DAGs
[2023-01-31T12:17:53.854+0000] {logging_mixin.py:137} INFO - [2023-01-31T12:17:53.854+0000] {dag.py:3441} INFO - Setting next_dagrun for tutorial_dag to None, run_after=None
[2023-01-31T12:17:53.905+0000] {processor.py:175} INFO - Processing /home/airflow/.local/lib/python3.7/site-packages/airflow/example_dags/tutorial_dag.py took 0.166 seconds
[2023-01-31T12:18:24.557+0000] {processor.py:153} INFO - Started process (PID=451) to work on /home/airflow/.local/lib/python3.7/site-packages/airflow/example_dags/tutorial_dag.py
[2023-01-31T12:18:24.575+0000] {processor.py:743} INFO - Processing file /home/airflow/.local/lib/python3.7/site-packages/airflow/example_dags/tutorial_dag.py for tasks to queue
[2023-01-31T12:18:24.576+0000] {logging_mixin.py:137} INFO - [2023-01-31T12:18:24.575+0000] {dagbag.py:538} INFO - Filling up the DagBag from /home/airflow/.local/lib/python3.7/site-packages/airflow/example_dags/tutorial_dag.py
[2023-01-31T12:18:24.593+0000] {processor.py:753} INFO - DAG(s) dict_keys(['tutorial_dag']) retrieved from /home/airflow/.local/lib/python3.7/site-packages/airflow/example_dags/tutorial_dag.py
[2023-01-31T12:18:24.628+0000] {logging_mixin.py:137} INFO - [2023-01-31T12:18:24.628+0000] {dag.py:2690} INFO - Sync 1 DAGs
[2023-01-31T12:18:24.678+0000] {logging_mixin.py:137} INFO - [2023-01-31T12:18:24.678+0000] {dag.py:3441} INFO - Setting next_dagrun for tutorial_dag to None, run_after=None
[2023-01-31T12:18:24.725+0000] {processor.py:175} INFO - Processing /home/airflow/.local/lib/python3.7/site-packages/airflow/example_dags/tutorial_dag.py took 0.172 seconds
[2023-01-31T12:18:54.923+0000] {processor.py:153} INFO - Started process (PID=511) to work on /home/airflow/.local/lib/python3.7/site-packages/airflow/example_dags/tutorial_dag.py
[2023-01-31T12:18:54.924+0000] {processor.py:743} INFO - Processing file /home/airflow/.local/lib/python3.7/site-packages/airflow/example_dags/tutorial_dag.py for tasks to queue
[2023-01-31T12:18:54.924+0000] {logging_mixin.py:137} INFO - [2023-01-31T12:18:54.924+0000] {dagbag.py:538} INFO - Filling up the DagBag from /home/airflow/.local/lib/python3.7/site-packages/airflow/example_dags/tutorial_dag.py
[2023-01-31T12:18:54.943+0000] {processor.py:753} INFO - DAG(s) dict_keys(['tutorial_dag']) retrieved from /home/airflow/.local/lib/python3.7/site-packages/airflow/example_dags/tutorial_dag.py
[2023-01-31T12:18:54.977+0000] {logging_mixin.py:137} INFO - [2023-01-31T12:18:54.976+0000] {dag.py:2690} INFO - Sync 1 DAGs
[2023-01-31T12:18:55.016+0000] {logging_mixin.py:137} INFO - [2023-01-31T12:18:55.015+0000] {dag.py:3441} INFO - Setting next_dagrun for tutorial_dag to None, run_after=None
[2023-01-31T12:18:55.043+0000] {processor.py:175} INFO - Processing /home/airflow/.local/lib/python3.7/site-packages/airflow/example_dags/tutorial_dag.py took 0.125 seconds
