[2023-02-14 14:09:13,267] {scheduler_job.py:182} INFO - Started process (PID=276) to work on /home/airflow/.local/lib/python3.6/site-packages/airflow/example_dags/example_nested_branch_dag.py
[2023-02-14 14:09:13,268] {scheduler_job.py:633} INFO - Processing file /home/airflow/.local/lib/python3.6/site-packages/airflow/example_dags/example_nested_branch_dag.py for tasks to queue
[2023-02-14 14:09:13,269] {logging_mixin.py:104} INFO - [2023-02-14 14:09:13,268] {dagbag.py:496} INFO - Filling up the DagBag from /home/airflow/.local/lib/python3.6/site-packages/airflow/example_dags/example_nested_branch_dag.py
[2023-02-14 14:09:13,280] {scheduler_job.py:643} INFO - DAG(s) dict_keys(['example_nested_branch_dag']) retrieved from /home/airflow/.local/lib/python3.6/site-packages/airflow/example_dags/example_nested_branch_dag.py
[2023-02-14 14:09:15,674] {logging_mixin.py:104} INFO - [2023-02-14 14:09:15,674] {dag.py:1833} INFO - Sync 1 DAGs
[2023-02-14 14:09:15,683] {logging_mixin.py:104} INFO - [2023-02-14 14:09:15,682] {dag.py:1852} INFO - Creating ORM DAG for example_nested_branch_dag
[2023-02-14 14:09:15,691] {logging_mixin.py:104} INFO - [2023-02-14 14:09:15,691] {dag.py:2306} INFO - Setting next_dagrun for example_nested_branch_dag to 2023-02-12 00:00:00+00:00
[2023-02-14 14:09:15,700] {scheduler_job.py:190} INFO - Processing /home/airflow/.local/lib/python3.6/site-packages/airflow/example_dags/example_nested_branch_dag.py took 2.435 seconds
[2023-02-14 14:09:46,550] {scheduler_job.py:182} INFO - Started process (PID=625) to work on /home/airflow/.local/lib/python3.6/site-packages/airflow/example_dags/example_nested_branch_dag.py
[2023-02-14 14:09:46,550] {scheduler_job.py:633} INFO - Processing file /home/airflow/.local/lib/python3.6/site-packages/airflow/example_dags/example_nested_branch_dag.py for tasks to queue
[2023-02-14 14:09:46,551] {logging_mixin.py:104} INFO - [2023-02-14 14:09:46,551] {dagbag.py:496} INFO - Filling up the DagBag from /home/airflow/.local/lib/python3.6/site-packages/airflow/example_dags/example_nested_branch_dag.py
[2023-02-14 14:09:46,562] {scheduler_job.py:643} INFO - DAG(s) dict_keys(['example_nested_branch_dag']) retrieved from /home/airflow/.local/lib/python3.6/site-packages/airflow/example_dags/example_nested_branch_dag.py
[2023-02-14 14:09:46,577] {logging_mixin.py:104} INFO - [2023-02-14 14:09:46,577] {dag.py:1833} INFO - Sync 1 DAGs
[2023-02-14 14:09:46,590] {logging_mixin.py:104} INFO - [2023-02-14 14:09:46,590] {dag.py:2306} INFO - Setting next_dagrun for example_nested_branch_dag to 2023-02-12 00:00:00+00:00
[2023-02-14 14:09:46,596] {scheduler_job.py:190} INFO - Processing /home/airflow/.local/lib/python3.6/site-packages/airflow/example_dags/example_nested_branch_dag.py took 0.049 seconds
[2023-02-14 14:10:16,883] {scheduler_job.py:182} INFO - Started process (PID=686) to work on /home/airflow/.local/lib/python3.6/site-packages/airflow/example_dags/example_nested_branch_dag.py
[2023-02-14 14:10:16,884] {scheduler_job.py:633} INFO - Processing file /home/airflow/.local/lib/python3.6/site-packages/airflow/example_dags/example_nested_branch_dag.py for tasks to queue
[2023-02-14 14:10:16,884] {logging_mixin.py:104} INFO - [2023-02-14 14:10:16,884] {dagbag.py:496} INFO - Filling up the DagBag from /home/airflow/.local/lib/python3.6/site-packages/airflow/example_dags/example_nested_branch_dag.py
[2023-02-14 14:10:16,896] {scheduler_job.py:643} INFO - DAG(s) dict_keys(['example_nested_branch_dag']) retrieved from /home/airflow/.local/lib/python3.6/site-packages/airflow/example_dags/example_nested_branch_dag.py
[2023-02-14 14:10:16,912] {logging_mixin.py:104} INFO - [2023-02-14 14:10:16,912] {dag.py:1833} INFO - Sync 1 DAGs
[2023-02-14 14:10:16,925] {logging_mixin.py:104} INFO - [2023-02-14 14:10:16,925] {dag.py:2306} INFO - Setting next_dagrun for example_nested_branch_dag to 2023-02-12 00:00:00+00:00
[2023-02-14 14:10:16,932] {scheduler_job.py:190} INFO - Processing /home/airflow/.local/lib/python3.6/site-packages/airflow/example_dags/example_nested_branch_dag.py took 0.051 seconds
[2023-02-14 14:10:47,149] {scheduler_job.py:182} INFO - Started process (PID=737) to work on /home/airflow/.local/lib/python3.6/site-packages/airflow/example_dags/example_nested_branch_dag.py
[2023-02-14 14:10:47,149] {scheduler_job.py:633} INFO - Processing file /home/airflow/.local/lib/python3.6/site-packages/airflow/example_dags/example_nested_branch_dag.py for tasks to queue
[2023-02-14 14:10:47,150] {logging_mixin.py:104} INFO - [2023-02-14 14:10:47,150] {dagbag.py:496} INFO - Filling up the DagBag from /home/airflow/.local/lib/python3.6/site-packages/airflow/example_dags/example_nested_branch_dag.py
[2023-02-14 14:10:47,160] {scheduler_job.py:643} INFO - DAG(s) dict_keys(['example_nested_branch_dag']) retrieved from /home/airflow/.local/lib/python3.6/site-packages/airflow/example_dags/example_nested_branch_dag.py
[2023-02-14 14:10:47,179] {logging_mixin.py:104} INFO - [2023-02-14 14:10:47,179] {dag.py:1833} INFO - Sync 1 DAGs
[2023-02-14 14:10:47,193] {logging_mixin.py:104} INFO - [2023-02-14 14:10:47,193] {dag.py:2306} INFO - Setting next_dagrun for example_nested_branch_dag to 2023-02-12 00:00:00+00:00
[2023-02-14 14:10:47,199] {scheduler_job.py:190} INFO - Processing /home/airflow/.local/lib/python3.6/site-packages/airflow/example_dags/example_nested_branch_dag.py took 0.053 seconds
[2023-02-14 14:11:17,539] {scheduler_job.py:182} INFO - Started process (PID=798) to work on /home/airflow/.local/lib/python3.6/site-packages/airflow/example_dags/example_nested_branch_dag.py
[2023-02-14 14:11:17,540] {scheduler_job.py:633} INFO - Processing file /home/airflow/.local/lib/python3.6/site-packages/airflow/example_dags/example_nested_branch_dag.py for tasks to queue
[2023-02-14 14:11:17,540] {logging_mixin.py:104} INFO - [2023-02-14 14:11:17,540] {dagbag.py:496} INFO - Filling up the DagBag from /home/airflow/.local/lib/python3.6/site-packages/airflow/example_dags/example_nested_branch_dag.py
[2023-02-14 14:11:17,551] {scheduler_job.py:643} INFO - DAG(s) dict_keys(['example_nested_branch_dag']) retrieved from /home/airflow/.local/lib/python3.6/site-packages/airflow/example_dags/example_nested_branch_dag.py
[2023-02-14 14:11:17,567] {logging_mixin.py:104} INFO - [2023-02-14 14:11:17,567] {dag.py:1833} INFO - Sync 1 DAGs
[2023-02-14 14:11:17,581] {logging_mixin.py:104} INFO - [2023-02-14 14:11:17,581] {dag.py:2306} INFO - Setting next_dagrun for example_nested_branch_dag to 2023-02-12 00:00:00+00:00
[2023-02-14 14:11:17,588] {scheduler_job.py:190} INFO - Processing /home/airflow/.local/lib/python3.6/site-packages/airflow/example_dags/example_nested_branch_dag.py took 0.051 seconds
[2023-02-14 14:11:47,643] {scheduler_job.py:182} INFO - Started process (PID=849) to work on /home/airflow/.local/lib/python3.6/site-packages/airflow/example_dags/example_nested_branch_dag.py
[2023-02-14 14:11:47,644] {scheduler_job.py:633} INFO - Processing file /home/airflow/.local/lib/python3.6/site-packages/airflow/example_dags/example_nested_branch_dag.py for tasks to queue
[2023-02-14 14:11:47,644] {logging_mixin.py:104} INFO - [2023-02-14 14:11:47,644] {dagbag.py:496} INFO - Filling up the DagBag from /home/airflow/.local/lib/python3.6/site-packages/airflow/example_dags/example_nested_branch_dag.py
[2023-02-14 14:11:47,655] {scheduler_job.py:643} INFO - DAG(s) dict_keys(['example_nested_branch_dag']) retrieved from /home/airflow/.local/lib/python3.6/site-packages/airflow/example_dags/example_nested_branch_dag.py
[2023-02-14 14:11:47,671] {logging_mixin.py:104} INFO - [2023-02-14 14:11:47,671] {dag.py:1833} INFO - Sync 1 DAGs
[2023-02-14 14:11:47,685] {logging_mixin.py:104} INFO - [2023-02-14 14:11:47,685] {dag.py:2306} INFO - Setting next_dagrun for example_nested_branch_dag to 2023-02-12 00:00:00+00:00
[2023-02-14 14:11:47,691] {scheduler_job.py:190} INFO - Processing /home/airflow/.local/lib/python3.6/site-packages/airflow/example_dags/example_nested_branch_dag.py took 0.050 seconds
[2023-02-14 14:12:18,003] {scheduler_job.py:182} INFO - Started process (PID=910) to work on /home/airflow/.local/lib/python3.6/site-packages/airflow/example_dags/example_nested_branch_dag.py
[2023-02-14 14:12:18,004] {scheduler_job.py:633} INFO - Processing file /home/airflow/.local/lib/python3.6/site-packages/airflow/example_dags/example_nested_branch_dag.py for tasks to queue
[2023-02-14 14:12:18,004] {logging_mixin.py:104} INFO - [2023-02-14 14:12:18,004] {dagbag.py:496} INFO - Filling up the DagBag from /home/airflow/.local/lib/python3.6/site-packages/airflow/example_dags/example_nested_branch_dag.py
[2023-02-14 14:12:18,016] {scheduler_job.py:643} INFO - DAG(s) dict_keys(['example_nested_branch_dag']) retrieved from /home/airflow/.local/lib/python3.6/site-packages/airflow/example_dags/example_nested_branch_dag.py
[2023-02-14 14:12:18,032] {logging_mixin.py:104} INFO - [2023-02-14 14:12:18,032] {dag.py:1833} INFO - Sync 1 DAGs
[2023-02-14 14:12:18,046] {logging_mixin.py:104} INFO - [2023-02-14 14:12:18,045] {dag.py:2306} INFO - Setting next_dagrun for example_nested_branch_dag to 2023-02-12 00:00:00+00:00
[2023-02-14 14:12:18,052] {scheduler_job.py:190} INFO - Processing /home/airflow/.local/lib/python3.6/site-packages/airflow/example_dags/example_nested_branch_dag.py took 0.052 seconds
[2023-02-14 14:12:48,153] {scheduler_job.py:182} INFO - Started process (PID=961) to work on /home/airflow/.local/lib/python3.6/site-packages/airflow/example_dags/example_nested_branch_dag.py
[2023-02-14 14:12:48,153] {scheduler_job.py:633} INFO - Processing file /home/airflow/.local/lib/python3.6/site-packages/airflow/example_dags/example_nested_branch_dag.py for tasks to queue
[2023-02-14 14:12:48,154] {logging_mixin.py:104} INFO - [2023-02-14 14:12:48,154] {dagbag.py:496} INFO - Filling up the DagBag from /home/airflow/.local/lib/python3.6/site-packages/airflow/example_dags/example_nested_branch_dag.py
[2023-02-14 14:12:48,165] {scheduler_job.py:643} INFO - DAG(s) dict_keys(['example_nested_branch_dag']) retrieved from /home/airflow/.local/lib/python3.6/site-packages/airflow/example_dags/example_nested_branch_dag.py
[2023-02-14 14:12:48,183] {logging_mixin.py:104} INFO - [2023-02-14 14:12:48,183] {dag.py:1833} INFO - Sync 1 DAGs
[2023-02-14 14:12:48,198] {logging_mixin.py:104} INFO - [2023-02-14 14:12:48,197] {dag.py:2306} INFO - Setting next_dagrun for example_nested_branch_dag to 2023-02-12 00:00:00+00:00
[2023-02-14 14:12:48,205] {scheduler_job.py:190} INFO - Processing /home/airflow/.local/lib/python3.6/site-packages/airflow/example_dags/example_nested_branch_dag.py took 0.054 seconds
[2023-02-14 14:13:18,374] {scheduler_job.py:182} INFO - Started process (PID=1022) to work on /home/airflow/.local/lib/python3.6/site-packages/airflow/example_dags/example_nested_branch_dag.py
[2023-02-14 14:13:18,375] {scheduler_job.py:633} INFO - Processing file /home/airflow/.local/lib/python3.6/site-packages/airflow/example_dags/example_nested_branch_dag.py for tasks to queue
[2023-02-14 14:13:18,375] {logging_mixin.py:104} INFO - [2023-02-14 14:13:18,375] {dagbag.py:496} INFO - Filling up the DagBag from /home/airflow/.local/lib/python3.6/site-packages/airflow/example_dags/example_nested_branch_dag.py
[2023-02-14 14:13:18,386] {scheduler_job.py:643} INFO - DAG(s) dict_keys(['example_nested_branch_dag']) retrieved from /home/airflow/.local/lib/python3.6/site-packages/airflow/example_dags/example_nested_branch_dag.py
[2023-02-14 14:13:18,403] {logging_mixin.py:104} INFO - [2023-02-14 14:13:18,403] {dag.py:1833} INFO - Sync 1 DAGs
[2023-02-14 14:13:18,418] {logging_mixin.py:104} INFO - [2023-02-14 14:13:18,418] {dag.py:2306} INFO - Setting next_dagrun for example_nested_branch_dag to 2023-02-12 00:00:00+00:00
[2023-02-14 14:13:18,425] {scheduler_job.py:190} INFO - Processing /home/airflow/.local/lib/python3.6/site-packages/airflow/example_dags/example_nested_branch_dag.py took 0.053 seconds
[2023-02-14 14:13:48,614] {scheduler_job.py:182} INFO - Started process (PID=1073) to work on /home/airflow/.local/lib/python3.6/site-packages/airflow/example_dags/example_nested_branch_dag.py
[2023-02-14 14:13:48,614] {scheduler_job.py:633} INFO - Processing file /home/airflow/.local/lib/python3.6/site-packages/airflow/example_dags/example_nested_branch_dag.py for tasks to queue
[2023-02-14 14:13:48,615] {logging_mixin.py:104} INFO - [2023-02-14 14:13:48,614] {dagbag.py:496} INFO - Filling up the DagBag from /home/airflow/.local/lib/python3.6/site-packages/airflow/example_dags/example_nested_branch_dag.py
[2023-02-14 14:13:48,625] {scheduler_job.py:643} INFO - DAG(s) dict_keys(['example_nested_branch_dag']) retrieved from /home/airflow/.local/lib/python3.6/site-packages/airflow/example_dags/example_nested_branch_dag.py
[2023-02-14 14:13:48,640] {logging_mixin.py:104} INFO - [2023-02-14 14:13:48,640] {dag.py:1833} INFO - Sync 1 DAGs
[2023-02-14 14:13:48,653] {logging_mixin.py:104} INFO - [2023-02-14 14:13:48,653] {dag.py:2306} INFO - Setting next_dagrun for example_nested_branch_dag to 2023-02-12 00:00:00+00:00
[2023-02-14 14:13:48,661] {scheduler_job.py:190} INFO - Processing /home/airflow/.local/lib/python3.6/site-packages/airflow/example_dags/example_nested_branch_dag.py took 0.049 seconds
[2023-02-14 14:14:18,846] {scheduler_job.py:182} INFO - Started process (PID=1134) to work on /home/airflow/.local/lib/python3.6/site-packages/airflow/example_dags/example_nested_branch_dag.py
[2023-02-14 14:14:18,847] {scheduler_job.py:633} INFO - Processing file /home/airflow/.local/lib/python3.6/site-packages/airflow/example_dags/example_nested_branch_dag.py for tasks to queue
[2023-02-14 14:14:18,847] {logging_mixin.py:104} INFO - [2023-02-14 14:14:18,847] {dagbag.py:496} INFO - Filling up the DagBag from /home/airflow/.local/lib/python3.6/site-packages/airflow/example_dags/example_nested_branch_dag.py
[2023-02-14 14:14:18,857] {scheduler_job.py:643} INFO - DAG(s) dict_keys(['example_nested_branch_dag']) retrieved from /home/airflow/.local/lib/python3.6/site-packages/airflow/example_dags/example_nested_branch_dag.py
[2023-02-14 14:14:18,873] {logging_mixin.py:104} INFO - [2023-02-14 14:14:18,872] {dag.py:1833} INFO - Sync 1 DAGs
[2023-02-14 14:14:18,887] {logging_mixin.py:104} INFO - [2023-02-14 14:14:18,887] {dag.py:2306} INFO - Setting next_dagrun for example_nested_branch_dag to 2023-02-12 00:00:00+00:00
[2023-02-14 14:14:18,894] {scheduler_job.py:190} INFO - Processing /home/airflow/.local/lib/python3.6/site-packages/airflow/example_dags/example_nested_branch_dag.py took 0.050 seconds
[2023-02-14 14:14:48,976] {scheduler_job.py:182} INFO - Started process (PID=1195) to work on /home/airflow/.local/lib/python3.6/site-packages/airflow/example_dags/example_nested_branch_dag.py
[2023-02-14 14:14:48,976] {scheduler_job.py:633} INFO - Processing file /home/airflow/.local/lib/python3.6/site-packages/airflow/example_dags/example_nested_branch_dag.py for tasks to queue
[2023-02-14 14:14:48,977] {logging_mixin.py:104} INFO - [2023-02-14 14:14:48,977] {dagbag.py:496} INFO - Filling up the DagBag from /home/airflow/.local/lib/python3.6/site-packages/airflow/example_dags/example_nested_branch_dag.py
[2023-02-14 14:14:48,990] {scheduler_job.py:643} INFO - DAG(s) dict_keys(['example_nested_branch_dag']) retrieved from /home/airflow/.local/lib/python3.6/site-packages/airflow/example_dags/example_nested_branch_dag.py
[2023-02-14 14:14:49,007] {logging_mixin.py:104} INFO - [2023-02-14 14:14:49,007] {dag.py:1833} INFO - Sync 1 DAGs
[2023-02-14 14:14:49,023] {logging_mixin.py:104} INFO - [2023-02-14 14:14:49,022] {dag.py:2306} INFO - Setting next_dagrun for example_nested_branch_dag to 2023-02-12 00:00:00+00:00
[2023-02-14 14:14:49,030] {scheduler_job.py:190} INFO - Processing /home/airflow/.local/lib/python3.6/site-packages/airflow/example_dags/example_nested_branch_dag.py took 0.057 seconds
