[2023-02-14 14:08:54,372] {scheduler_job.py:182} INFO - Started process (PID=96) to work on /home/airflow/.local/lib/python3.6/site-packages/airflow/example_dags/example_branch_day_of_week_operator.py
[2023-02-14 14:08:54,373] {scheduler_job.py:633} INFO - Processing file /home/airflow/.local/lib/python3.6/site-packages/airflow/example_dags/example_branch_day_of_week_operator.py for tasks to queue
[2023-02-14 14:08:54,373] {logging_mixin.py:104} INFO - [2023-02-14 14:08:54,373] {dagbag.py:496} INFO - Filling up the DagBag from /home/airflow/.local/lib/python3.6/site-packages/airflow/example_dags/example_branch_day_of_week_operator.py
[2023-02-14 14:08:54,384] {scheduler_job.py:643} INFO - DAG(s) dict_keys(['example_weekday_branch_operator']) retrieved from /home/airflow/.local/lib/python3.6/site-packages/airflow/example_dags/example_branch_day_of_week_operator.py
[2023-02-14 14:08:57,660] {logging_mixin.py:104} INFO - [2023-02-14 14:08:57,660] {dag.py:1833} INFO - Sync 1 DAGs
[2023-02-14 14:08:57,673] {logging_mixin.py:104} INFO - [2023-02-14 14:08:57,672] {dag.py:1852} INFO - Creating ORM DAG for example_weekday_branch_operator
[2023-02-14 14:08:57,683] {logging_mixin.py:104} INFO - [2023-02-14 14:08:57,683] {dag.py:2306} INFO - Setting next_dagrun for example_weekday_branch_operator to 2023-02-12 00:00:00+00:00
[2023-02-14 14:08:57,693] {scheduler_job.py:190} INFO - Processing /home/airflow/.local/lib/python3.6/site-packages/airflow/example_dags/example_branch_day_of_week_operator.py took 3.323 seconds
[2023-02-14 14:09:33,181] {scheduler_job.py:182} INFO - Started process (PID=604) to work on /home/airflow/.local/lib/python3.6/site-packages/airflow/example_dags/example_branch_day_of_week_operator.py
[2023-02-14 14:09:33,182] {scheduler_job.py:633} INFO - Processing file /home/airflow/.local/lib/python3.6/site-packages/airflow/example_dags/example_branch_day_of_week_operator.py for tasks to queue
[2023-02-14 14:09:33,183] {logging_mixin.py:104} INFO - [2023-02-14 14:09:33,183] {dagbag.py:496} INFO - Filling up the DagBag from /home/airflow/.local/lib/python3.6/site-packages/airflow/example_dags/example_branch_day_of_week_operator.py
[2023-02-14 14:09:33,194] {scheduler_job.py:643} INFO - DAG(s) dict_keys(['example_weekday_branch_operator']) retrieved from /home/airflow/.local/lib/python3.6/site-packages/airflow/example_dags/example_branch_day_of_week_operator.py
[2023-02-14 14:09:33,213] {logging_mixin.py:104} INFO - [2023-02-14 14:09:33,213] {dag.py:1833} INFO - Sync 1 DAGs
[2023-02-14 14:09:33,228] {logging_mixin.py:104} INFO - [2023-02-14 14:09:33,228] {dag.py:2306} INFO - Setting next_dagrun for example_weekday_branch_operator to 2023-02-12 00:00:00+00:00
[2023-02-14 14:09:33,235] {scheduler_job.py:190} INFO - Processing /home/airflow/.local/lib/python3.6/site-packages/airflow/example_dags/example_branch_day_of_week_operator.py took 0.057 seconds
[2023-02-14 14:10:03,316] {scheduler_job.py:182} INFO - Started process (PID=661) to work on /home/airflow/.local/lib/python3.6/site-packages/airflow/example_dags/example_branch_day_of_week_operator.py
[2023-02-14 14:10:03,316] {scheduler_job.py:633} INFO - Processing file /home/airflow/.local/lib/python3.6/site-packages/airflow/example_dags/example_branch_day_of_week_operator.py for tasks to queue
[2023-02-14 14:10:03,317] {logging_mixin.py:104} INFO - [2023-02-14 14:10:03,317] {dagbag.py:496} INFO - Filling up the DagBag from /home/airflow/.local/lib/python3.6/site-packages/airflow/example_dags/example_branch_day_of_week_operator.py
[2023-02-14 14:10:03,326] {scheduler_job.py:643} INFO - DAG(s) dict_keys(['example_weekday_branch_operator']) retrieved from /home/airflow/.local/lib/python3.6/site-packages/airflow/example_dags/example_branch_day_of_week_operator.py
[2023-02-14 14:10:03,342] {logging_mixin.py:104} INFO - [2023-02-14 14:10:03,342] {dag.py:1833} INFO - Sync 1 DAGs
[2023-02-14 14:10:03,355] {logging_mixin.py:104} INFO - [2023-02-14 14:10:03,355] {dag.py:2306} INFO - Setting next_dagrun for example_weekday_branch_operator to 2023-02-12 00:00:00+00:00
[2023-02-14 14:10:03,362] {scheduler_job.py:190} INFO - Processing /home/airflow/.local/lib/python3.6/site-packages/airflow/example_dags/example_branch_day_of_week_operator.py took 0.049 seconds
[2023-02-14 14:10:33,386] {scheduler_job.py:182} INFO - Started process (PID=713) to work on /home/airflow/.local/lib/python3.6/site-packages/airflow/example_dags/example_branch_day_of_week_operator.py
[2023-02-14 14:10:33,386] {scheduler_job.py:633} INFO - Processing file /home/airflow/.local/lib/python3.6/site-packages/airflow/example_dags/example_branch_day_of_week_operator.py for tasks to queue
[2023-02-14 14:10:33,387] {logging_mixin.py:104} INFO - [2023-02-14 14:10:33,387] {dagbag.py:496} INFO - Filling up the DagBag from /home/airflow/.local/lib/python3.6/site-packages/airflow/example_dags/example_branch_day_of_week_operator.py
[2023-02-14 14:10:33,397] {scheduler_job.py:643} INFO - DAG(s) dict_keys(['example_weekday_branch_operator']) retrieved from /home/airflow/.local/lib/python3.6/site-packages/airflow/example_dags/example_branch_day_of_week_operator.py
[2023-02-14 14:10:33,414] {logging_mixin.py:104} INFO - [2023-02-14 14:10:33,414] {dag.py:1833} INFO - Sync 1 DAGs
[2023-02-14 14:10:33,428] {logging_mixin.py:104} INFO - [2023-02-14 14:10:33,428] {dag.py:2306} INFO - Setting next_dagrun for example_weekday_branch_operator to 2023-02-12 00:00:00+00:00
[2023-02-14 14:10:33,435] {scheduler_job.py:190} INFO - Processing /home/airflow/.local/lib/python3.6/site-packages/airflow/example_dags/example_branch_day_of_week_operator.py took 0.051 seconds
[2023-02-14 14:11:03,699] {scheduler_job.py:182} INFO - Started process (PID=774) to work on /home/airflow/.local/lib/python3.6/site-packages/airflow/example_dags/example_branch_day_of_week_operator.py
[2023-02-14 14:11:03,700] {scheduler_job.py:633} INFO - Processing file /home/airflow/.local/lib/python3.6/site-packages/airflow/example_dags/example_branch_day_of_week_operator.py for tasks to queue
[2023-02-14 14:11:03,700] {logging_mixin.py:104} INFO - [2023-02-14 14:11:03,700] {dagbag.py:496} INFO - Filling up the DagBag from /home/airflow/.local/lib/python3.6/site-packages/airflow/example_dags/example_branch_day_of_week_operator.py
[2023-02-14 14:11:03,709] {scheduler_job.py:643} INFO - DAG(s) dict_keys(['example_weekday_branch_operator']) retrieved from /home/airflow/.local/lib/python3.6/site-packages/airflow/example_dags/example_branch_day_of_week_operator.py
[2023-02-14 14:11:03,726] {logging_mixin.py:104} INFO - [2023-02-14 14:11:03,725] {dag.py:1833} INFO - Sync 1 DAGs
[2023-02-14 14:11:03,739] {logging_mixin.py:104} INFO - [2023-02-14 14:11:03,739] {dag.py:2306} INFO - Setting next_dagrun for example_weekday_branch_operator to 2023-02-12 00:00:00+00:00
[2023-02-14 14:11:03,746] {scheduler_job.py:190} INFO - Processing /home/airflow/.local/lib/python3.6/site-packages/airflow/example_dags/example_branch_day_of_week_operator.py took 0.049 seconds
[2023-02-14 14:11:34,086] {scheduler_job.py:182} INFO - Started process (PID=825) to work on /home/airflow/.local/lib/python3.6/site-packages/airflow/example_dags/example_branch_day_of_week_operator.py
[2023-02-14 14:11:34,086] {scheduler_job.py:633} INFO - Processing file /home/airflow/.local/lib/python3.6/site-packages/airflow/example_dags/example_branch_day_of_week_operator.py for tasks to queue
[2023-02-14 14:11:34,087] {logging_mixin.py:104} INFO - [2023-02-14 14:11:34,087] {dagbag.py:496} INFO - Filling up the DagBag from /home/airflow/.local/lib/python3.6/site-packages/airflow/example_dags/example_branch_day_of_week_operator.py
[2023-02-14 14:11:34,096] {scheduler_job.py:643} INFO - DAG(s) dict_keys(['example_weekday_branch_operator']) retrieved from /home/airflow/.local/lib/python3.6/site-packages/airflow/example_dags/example_branch_day_of_week_operator.py
[2023-02-14 14:11:34,113] {logging_mixin.py:104} INFO - [2023-02-14 14:11:34,113] {dag.py:1833} INFO - Sync 1 DAGs
[2023-02-14 14:11:34,127] {logging_mixin.py:104} INFO - [2023-02-14 14:11:34,127] {dag.py:2306} INFO - Setting next_dagrun for example_weekday_branch_operator to 2023-02-12 00:00:00+00:00
[2023-02-14 14:11:34,134] {scheduler_job.py:190} INFO - Processing /home/airflow/.local/lib/python3.6/site-packages/airflow/example_dags/example_branch_day_of_week_operator.py took 0.050 seconds
[2023-02-14 14:12:04,295] {scheduler_job.py:182} INFO - Started process (PID=886) to work on /home/airflow/.local/lib/python3.6/site-packages/airflow/example_dags/example_branch_day_of_week_operator.py
[2023-02-14 14:12:04,295] {scheduler_job.py:633} INFO - Processing file /home/airflow/.local/lib/python3.6/site-packages/airflow/example_dags/example_branch_day_of_week_operator.py for tasks to queue
[2023-02-14 14:12:04,296] {logging_mixin.py:104} INFO - [2023-02-14 14:12:04,296] {dagbag.py:496} INFO - Filling up the DagBag from /home/airflow/.local/lib/python3.6/site-packages/airflow/example_dags/example_branch_day_of_week_operator.py
[2023-02-14 14:12:04,305] {scheduler_job.py:643} INFO - DAG(s) dict_keys(['example_weekday_branch_operator']) retrieved from /home/airflow/.local/lib/python3.6/site-packages/airflow/example_dags/example_branch_day_of_week_operator.py
[2023-02-14 14:12:04,320] {logging_mixin.py:104} INFO - [2023-02-14 14:12:04,320] {dag.py:1833} INFO - Sync 1 DAGs
[2023-02-14 14:12:04,334] {logging_mixin.py:104} INFO - [2023-02-14 14:12:04,334] {dag.py:2306} INFO - Setting next_dagrun for example_weekday_branch_operator to 2023-02-12 00:00:00+00:00
[2023-02-14 14:12:04,341] {scheduler_job.py:190} INFO - Processing /home/airflow/.local/lib/python3.6/site-packages/airflow/example_dags/example_branch_day_of_week_operator.py took 0.048 seconds
[2023-02-14 14:12:34,555] {scheduler_job.py:182} INFO - Started process (PID=937) to work on /home/airflow/.local/lib/python3.6/site-packages/airflow/example_dags/example_branch_day_of_week_operator.py
[2023-02-14 14:12:34,556] {scheduler_job.py:633} INFO - Processing file /home/airflow/.local/lib/python3.6/site-packages/airflow/example_dags/example_branch_day_of_week_operator.py for tasks to queue
[2023-02-14 14:12:34,556] {logging_mixin.py:104} INFO - [2023-02-14 14:12:34,556] {dagbag.py:496} INFO - Filling up the DagBag from /home/airflow/.local/lib/python3.6/site-packages/airflow/example_dags/example_branch_day_of_week_operator.py
[2023-02-14 14:12:34,565] {scheduler_job.py:643} INFO - DAG(s) dict_keys(['example_weekday_branch_operator']) retrieved from /home/airflow/.local/lib/python3.6/site-packages/airflow/example_dags/example_branch_day_of_week_operator.py
[2023-02-14 14:12:34,580] {logging_mixin.py:104} INFO - [2023-02-14 14:12:34,580] {dag.py:1833} INFO - Sync 1 DAGs
[2023-02-14 14:12:34,593] {logging_mixin.py:104} INFO - [2023-02-14 14:12:34,593] {dag.py:2306} INFO - Setting next_dagrun for example_weekday_branch_operator to 2023-02-12 00:00:00+00:00
[2023-02-14 14:12:34,600] {scheduler_job.py:190} INFO - Processing /home/airflow/.local/lib/python3.6/site-packages/airflow/example_dags/example_branch_day_of_week_operator.py took 0.048 seconds
[2023-02-14 14:13:04,746] {scheduler_job.py:182} INFO - Started process (PID=998) to work on /home/airflow/.local/lib/python3.6/site-packages/airflow/example_dags/example_branch_day_of_week_operator.py
[2023-02-14 14:13:04,746] {scheduler_job.py:633} INFO - Processing file /home/airflow/.local/lib/python3.6/site-packages/airflow/example_dags/example_branch_day_of_week_operator.py for tasks to queue
[2023-02-14 14:13:04,747] {logging_mixin.py:104} INFO - [2023-02-14 14:13:04,747] {dagbag.py:496} INFO - Filling up the DagBag from /home/airflow/.local/lib/python3.6/site-packages/airflow/example_dags/example_branch_day_of_week_operator.py
[2023-02-14 14:13:04,755] {scheduler_job.py:643} INFO - DAG(s) dict_keys(['example_weekday_branch_operator']) retrieved from /home/airflow/.local/lib/python3.6/site-packages/airflow/example_dags/example_branch_day_of_week_operator.py
[2023-02-14 14:13:04,769] {logging_mixin.py:104} INFO - [2023-02-14 14:13:04,769] {dag.py:1833} INFO - Sync 1 DAGs
[2023-02-14 14:13:04,782] {logging_mixin.py:104} INFO - [2023-02-14 14:13:04,782] {dag.py:2306} INFO - Setting next_dagrun for example_weekday_branch_operator to 2023-02-12 00:00:00+00:00
[2023-02-14 14:13:04,788] {scheduler_job.py:190} INFO - Processing /home/airflow/.local/lib/python3.6/site-packages/airflow/example_dags/example_branch_day_of_week_operator.py took 0.045 seconds
[2023-02-14 14:13:34,918] {scheduler_job.py:182} INFO - Started process (PID=1049) to work on /home/airflow/.local/lib/python3.6/site-packages/airflow/example_dags/example_branch_day_of_week_operator.py
[2023-02-14 14:13:34,918] {scheduler_job.py:633} INFO - Processing file /home/airflow/.local/lib/python3.6/site-packages/airflow/example_dags/example_branch_day_of_week_operator.py for tasks to queue
[2023-02-14 14:13:34,919] {logging_mixin.py:104} INFO - [2023-02-14 14:13:34,919] {dagbag.py:496} INFO - Filling up the DagBag from /home/airflow/.local/lib/python3.6/site-packages/airflow/example_dags/example_branch_day_of_week_operator.py
[2023-02-14 14:13:34,928] {scheduler_job.py:643} INFO - DAG(s) dict_keys(['example_weekday_branch_operator']) retrieved from /home/airflow/.local/lib/python3.6/site-packages/airflow/example_dags/example_branch_day_of_week_operator.py
[2023-02-14 14:13:34,943] {logging_mixin.py:104} INFO - [2023-02-14 14:13:34,943] {dag.py:1833} INFO - Sync 1 DAGs
[2023-02-14 14:13:34,957] {logging_mixin.py:104} INFO - [2023-02-14 14:13:34,957] {dag.py:2306} INFO - Setting next_dagrun for example_weekday_branch_operator to 2023-02-12 00:00:00+00:00
[2023-02-14 14:13:34,964] {scheduler_job.py:190} INFO - Processing /home/airflow/.local/lib/python3.6/site-packages/airflow/example_dags/example_branch_day_of_week_operator.py took 0.048 seconds
[2023-02-14 14:14:05,136] {scheduler_job.py:182} INFO - Started process (PID=1110) to work on /home/airflow/.local/lib/python3.6/site-packages/airflow/example_dags/example_branch_day_of_week_operator.py
[2023-02-14 14:14:05,136] {scheduler_job.py:633} INFO - Processing file /home/airflow/.local/lib/python3.6/site-packages/airflow/example_dags/example_branch_day_of_week_operator.py for tasks to queue
[2023-02-14 14:14:05,137] {logging_mixin.py:104} INFO - [2023-02-14 14:14:05,137] {dagbag.py:496} INFO - Filling up the DagBag from /home/airflow/.local/lib/python3.6/site-packages/airflow/example_dags/example_branch_day_of_week_operator.py
[2023-02-14 14:14:05,145] {scheduler_job.py:643} INFO - DAG(s) dict_keys(['example_weekday_branch_operator']) retrieved from /home/airflow/.local/lib/python3.6/site-packages/airflow/example_dags/example_branch_day_of_week_operator.py
[2023-02-14 14:14:05,161] {logging_mixin.py:104} INFO - [2023-02-14 14:14:05,161] {dag.py:1833} INFO - Sync 1 DAGs
[2023-02-14 14:14:05,174] {logging_mixin.py:104} INFO - [2023-02-14 14:14:05,174] {dag.py:2306} INFO - Setting next_dagrun for example_weekday_branch_operator to 2023-02-12 00:00:00+00:00
[2023-02-14 14:14:05,180] {scheduler_job.py:190} INFO - Processing /home/airflow/.local/lib/python3.6/site-packages/airflow/example_dags/example_branch_day_of_week_operator.py took 0.046 seconds
[2023-02-14 14:14:35,380] {scheduler_job.py:182} INFO - Started process (PID=1161) to work on /home/airflow/.local/lib/python3.6/site-packages/airflow/example_dags/example_branch_day_of_week_operator.py
[2023-02-14 14:14:35,381] {scheduler_job.py:633} INFO - Processing file /home/airflow/.local/lib/python3.6/site-packages/airflow/example_dags/example_branch_day_of_week_operator.py for tasks to queue
[2023-02-14 14:14:35,381] {logging_mixin.py:104} INFO - [2023-02-14 14:14:35,381] {dagbag.py:496} INFO - Filling up the DagBag from /home/airflow/.local/lib/python3.6/site-packages/airflow/example_dags/example_branch_day_of_week_operator.py
[2023-02-14 14:14:35,391] {scheduler_job.py:643} INFO - DAG(s) dict_keys(['example_weekday_branch_operator']) retrieved from /home/airflow/.local/lib/python3.6/site-packages/airflow/example_dags/example_branch_day_of_week_operator.py
[2023-02-14 14:14:35,407] {logging_mixin.py:104} INFO - [2023-02-14 14:14:35,406] {dag.py:1833} INFO - Sync 1 DAGs
[2023-02-14 14:14:35,420] {logging_mixin.py:104} INFO - [2023-02-14 14:14:35,420] {dag.py:2306} INFO - Setting next_dagrun for example_weekday_branch_operator to 2023-02-12 00:00:00+00:00
[2023-02-14 14:14:35,427] {scheduler_job.py:190} INFO - Processing /home/airflow/.local/lib/python3.6/site-packages/airflow/example_dags/example_branch_day_of_week_operator.py took 0.048 seconds
[2023-02-14 14:15:05,526] {scheduler_job.py:182} INFO - Started process (PID=1222) to work on /home/airflow/.local/lib/python3.6/site-packages/airflow/example_dags/example_branch_day_of_week_operator.py
[2023-02-14 14:15:05,527] {scheduler_job.py:633} INFO - Processing file /home/airflow/.local/lib/python3.6/site-packages/airflow/example_dags/example_branch_day_of_week_operator.py for tasks to queue
[2023-02-14 14:15:05,527] {logging_mixin.py:104} INFO - [2023-02-14 14:15:05,527] {dagbag.py:496} INFO - Filling up the DagBag from /home/airflow/.local/lib/python3.6/site-packages/airflow/example_dags/example_branch_day_of_week_operator.py
[2023-02-14 14:15:05,537] {scheduler_job.py:643} INFO - DAG(s) dict_keys(['example_weekday_branch_operator']) retrieved from /home/airflow/.local/lib/python3.6/site-packages/airflow/example_dags/example_branch_day_of_week_operator.py
[2023-02-14 14:15:05,553] {logging_mixin.py:104} INFO - [2023-02-14 14:15:05,553] {dag.py:1833} INFO - Sync 1 DAGs
[2023-02-14 14:15:05,568] {logging_mixin.py:104} INFO - [2023-02-14 14:15:05,568] {dag.py:2306} INFO - Setting next_dagrun for example_weekday_branch_operator to 2023-02-12 00:00:00+00:00
[2023-02-14 14:15:05,575] {scheduler_job.py:190} INFO - Processing /home/airflow/.local/lib/python3.6/site-packages/airflow/example_dags/example_branch_day_of_week_operator.py took 0.050 seconds
