[2023-02-14 14:09:08,875] {scheduler_job.py:182} INFO - Started process (PID=223) to work on /home/airflow/.local/lib/python3.6/site-packages/airflow/example_dags/example_kubernetes_executor.py
[2023-02-14 14:09:08,876] {scheduler_job.py:633} INFO - Processing file /home/airflow/.local/lib/python3.6/site-packages/airflow/example_dags/example_kubernetes_executor.py for tasks to queue
[2023-02-14 14:09:08,876] {logging_mixin.py:104} INFO - [2023-02-14 14:09:08,876] {dagbag.py:496} INFO - Filling up the DagBag from /home/airflow/.local/lib/python3.6/site-packages/airflow/example_dags/example_kubernetes_executor.py
[2023-02-14 14:09:08,890] {scheduler_job.py:643} INFO - DAG(s) dict_keys(['example_kubernetes_executor']) retrieved from /home/airflow/.local/lib/python3.6/site-packages/airflow/example_dags/example_kubernetes_executor.py
[2023-02-14 14:09:11,094] {logging_mixin.py:104} INFO - [2023-02-14 14:09:11,094] {dag.py:1833} INFO - Sync 1 DAGs
[2023-02-14 14:09:11,103] {logging_mixin.py:104} INFO - [2023-02-14 14:09:11,102] {dag.py:1852} INFO - Creating ORM DAG for example_kubernetes_executor
[2023-02-14 14:09:11,106] {logging_mixin.py:104} INFO - [2023-02-14 14:09:11,106] {dag.py:2306} INFO - Setting next_dagrun for example_kubernetes_executor to None
[2023-02-14 14:09:11,115] {scheduler_job.py:190} INFO - Processing /home/airflow/.local/lib/python3.6/site-packages/airflow/example_dags/example_kubernetes_executor.py took 2.242 seconds
[2023-02-14 14:09:41,472] {scheduler_job.py:182} INFO - Started process (PID=621) to work on /home/airflow/.local/lib/python3.6/site-packages/airflow/example_dags/example_kubernetes_executor.py
[2023-02-14 14:09:41,473] {scheduler_job.py:633} INFO - Processing file /home/airflow/.local/lib/python3.6/site-packages/airflow/example_dags/example_kubernetes_executor.py for tasks to queue
[2023-02-14 14:09:41,473] {logging_mixin.py:104} INFO - [2023-02-14 14:09:41,473] {dagbag.py:496} INFO - Filling up the DagBag from /home/airflow/.local/lib/python3.6/site-packages/airflow/example_dags/example_kubernetes_executor.py
[2023-02-14 14:09:41,483] {scheduler_job.py:643} INFO - DAG(s) dict_keys(['example_kubernetes_executor']) retrieved from /home/airflow/.local/lib/python3.6/site-packages/airflow/example_dags/example_kubernetes_executor.py
[2023-02-14 14:09:41,500] {logging_mixin.py:104} INFO - [2023-02-14 14:09:41,500] {dag.py:1833} INFO - Sync 1 DAGs
[2023-02-14 14:09:41,513] {logging_mixin.py:104} INFO - [2023-02-14 14:09:41,512] {dag.py:2306} INFO - Setting next_dagrun for example_kubernetes_executor to None
[2023-02-14 14:09:41,521] {scheduler_job.py:190} INFO - Processing /home/airflow/.local/lib/python3.6/site-packages/airflow/example_dags/example_kubernetes_executor.py took 0.051 seconds
[2023-02-14 14:10:11,792] {scheduler_job.py:182} INFO - Started process (PID=672) to work on /home/airflow/.local/lib/python3.6/site-packages/airflow/example_dags/example_kubernetes_executor.py
[2023-02-14 14:10:11,793] {scheduler_job.py:633} INFO - Processing file /home/airflow/.local/lib/python3.6/site-packages/airflow/example_dags/example_kubernetes_executor.py for tasks to queue
[2023-02-14 14:10:11,794] {logging_mixin.py:104} INFO - [2023-02-14 14:10:11,794] {dagbag.py:496} INFO - Filling up the DagBag from /home/airflow/.local/lib/python3.6/site-packages/airflow/example_dags/example_kubernetes_executor.py
[2023-02-14 14:10:11,804] {scheduler_job.py:643} INFO - DAG(s) dict_keys(['example_kubernetes_executor']) retrieved from /home/airflow/.local/lib/python3.6/site-packages/airflow/example_dags/example_kubernetes_executor.py
[2023-02-14 14:10:11,821] {logging_mixin.py:104} INFO - [2023-02-14 14:10:11,821] {dag.py:1833} INFO - Sync 1 DAGs
[2023-02-14 14:10:11,834] {logging_mixin.py:104} INFO - [2023-02-14 14:10:11,834] {dag.py:2306} INFO - Setting next_dagrun for example_kubernetes_executor to None
[2023-02-14 14:10:11,842] {scheduler_job.py:190} INFO - Processing /home/airflow/.local/lib/python3.6/site-packages/airflow/example_dags/example_kubernetes_executor.py took 0.051 seconds
[2023-02-14 14:10:42,017] {scheduler_job.py:182} INFO - Started process (PID=733) to work on /home/airflow/.local/lib/python3.6/site-packages/airflow/example_dags/example_kubernetes_executor.py
[2023-02-14 14:10:42,018] {scheduler_job.py:633} INFO - Processing file /home/airflow/.local/lib/python3.6/site-packages/airflow/example_dags/example_kubernetes_executor.py for tasks to queue
[2023-02-14 14:10:42,018] {logging_mixin.py:104} INFO - [2023-02-14 14:10:42,018] {dagbag.py:496} INFO - Filling up the DagBag from /home/airflow/.local/lib/python3.6/site-packages/airflow/example_dags/example_kubernetes_executor.py
[2023-02-14 14:10:42,028] {scheduler_job.py:643} INFO - DAG(s) dict_keys(['example_kubernetes_executor']) retrieved from /home/airflow/.local/lib/python3.6/site-packages/airflow/example_dags/example_kubernetes_executor.py
[2023-02-14 14:10:42,044] {logging_mixin.py:104} INFO - [2023-02-14 14:10:42,044] {dag.py:1833} INFO - Sync 1 DAGs
[2023-02-14 14:10:42,056] {logging_mixin.py:104} INFO - [2023-02-14 14:10:42,056] {dag.py:2306} INFO - Setting next_dagrun for example_kubernetes_executor to None
[2023-02-14 14:10:42,063] {scheduler_job.py:190} INFO - Processing /home/airflow/.local/lib/python3.6/site-packages/airflow/example_dags/example_kubernetes_executor.py took 0.048 seconds
[2023-02-14 14:11:12,350] {scheduler_job.py:182} INFO - Started process (PID=784) to work on /home/airflow/.local/lib/python3.6/site-packages/airflow/example_dags/example_kubernetes_executor.py
[2023-02-14 14:11:12,352] {scheduler_job.py:633} INFO - Processing file /home/airflow/.local/lib/python3.6/site-packages/airflow/example_dags/example_kubernetes_executor.py for tasks to queue
[2023-02-14 14:11:12,352] {logging_mixin.py:104} INFO - [2023-02-14 14:11:12,352] {dagbag.py:496} INFO - Filling up the DagBag from /home/airflow/.local/lib/python3.6/site-packages/airflow/example_dags/example_kubernetes_executor.py
[2023-02-14 14:11:12,365] {scheduler_job.py:643} INFO - DAG(s) dict_keys(['example_kubernetes_executor']) retrieved from /home/airflow/.local/lib/python3.6/site-packages/airflow/example_dags/example_kubernetes_executor.py
[2023-02-14 14:11:12,388] {logging_mixin.py:104} INFO - [2023-02-14 14:11:12,388] {dag.py:1833} INFO - Sync 1 DAGs
[2023-02-14 14:11:12,406] {logging_mixin.py:104} INFO - [2023-02-14 14:11:12,406] {dag.py:2306} INFO - Setting next_dagrun for example_kubernetes_executor to None
[2023-02-14 14:11:12,416] {scheduler_job.py:190} INFO - Processing /home/airflow/.local/lib/python3.6/site-packages/airflow/example_dags/example_kubernetes_executor.py took 0.069 seconds
[2023-02-14 14:11:42,516] {scheduler_job.py:182} INFO - Started process (PID=844) to work on /home/airflow/.local/lib/python3.6/site-packages/airflow/example_dags/example_kubernetes_executor.py
[2023-02-14 14:11:42,517] {scheduler_job.py:633} INFO - Processing file /home/airflow/.local/lib/python3.6/site-packages/airflow/example_dags/example_kubernetes_executor.py for tasks to queue
[2023-02-14 14:11:42,518] {logging_mixin.py:104} INFO - [2023-02-14 14:11:42,517] {dagbag.py:496} INFO - Filling up the DagBag from /home/airflow/.local/lib/python3.6/site-packages/airflow/example_dags/example_kubernetes_executor.py
[2023-02-14 14:11:42,527] {scheduler_job.py:643} INFO - DAG(s) dict_keys(['example_kubernetes_executor']) retrieved from /home/airflow/.local/lib/python3.6/site-packages/airflow/example_dags/example_kubernetes_executor.py
[2023-02-14 14:11:42,541] {logging_mixin.py:104} INFO - [2023-02-14 14:11:42,541] {dag.py:1833} INFO - Sync 1 DAGs
[2023-02-14 14:11:42,552] {logging_mixin.py:104} INFO - [2023-02-14 14:11:42,552] {dag.py:2306} INFO - Setting next_dagrun for example_kubernetes_executor to None
[2023-02-14 14:11:42,559] {scheduler_job.py:190} INFO - Processing /home/airflow/.local/lib/python3.6/site-packages/airflow/example_dags/example_kubernetes_executor.py took 0.045 seconds
[2023-02-14 14:12:12,824] {scheduler_job.py:182} INFO - Started process (PID=895) to work on /home/airflow/.local/lib/python3.6/site-packages/airflow/example_dags/example_kubernetes_executor.py
[2023-02-14 14:12:12,825] {scheduler_job.py:633} INFO - Processing file /home/airflow/.local/lib/python3.6/site-packages/airflow/example_dags/example_kubernetes_executor.py for tasks to queue
[2023-02-14 14:12:12,826] {logging_mixin.py:104} INFO - [2023-02-14 14:12:12,825] {dagbag.py:496} INFO - Filling up the DagBag from /home/airflow/.local/lib/python3.6/site-packages/airflow/example_dags/example_kubernetes_executor.py
[2023-02-14 14:12:12,835] {scheduler_job.py:643} INFO - DAG(s) dict_keys(['example_kubernetes_executor']) retrieved from /home/airflow/.local/lib/python3.6/site-packages/airflow/example_dags/example_kubernetes_executor.py
[2023-02-14 14:12:12,852] {logging_mixin.py:104} INFO - [2023-02-14 14:12:12,852] {dag.py:1833} INFO - Sync 1 DAGs
[2023-02-14 14:12:12,865] {logging_mixin.py:104} INFO - [2023-02-14 14:12:12,864] {dag.py:2306} INFO - Setting next_dagrun for example_kubernetes_executor to None
[2023-02-14 14:12:12,872] {scheduler_job.py:190} INFO - Processing /home/airflow/.local/lib/python3.6/site-packages/airflow/example_dags/example_kubernetes_executor.py took 0.050 seconds
[2023-02-14 14:12:43,017] {scheduler_job.py:182} INFO - Started process (PID=956) to work on /home/airflow/.local/lib/python3.6/site-packages/airflow/example_dags/example_kubernetes_executor.py
[2023-02-14 14:12:43,018] {scheduler_job.py:633} INFO - Processing file /home/airflow/.local/lib/python3.6/site-packages/airflow/example_dags/example_kubernetes_executor.py for tasks to queue
[2023-02-14 14:12:43,018] {logging_mixin.py:104} INFO - [2023-02-14 14:12:43,018] {dagbag.py:496} INFO - Filling up the DagBag from /home/airflow/.local/lib/python3.6/site-packages/airflow/example_dags/example_kubernetes_executor.py
[2023-02-14 14:12:43,027] {scheduler_job.py:643} INFO - DAG(s) dict_keys(['example_kubernetes_executor']) retrieved from /home/airflow/.local/lib/python3.6/site-packages/airflow/example_dags/example_kubernetes_executor.py
[2023-02-14 14:12:43,044] {logging_mixin.py:104} INFO - [2023-02-14 14:12:43,044] {dag.py:1833} INFO - Sync 1 DAGs
[2023-02-14 14:12:43,056] {logging_mixin.py:104} INFO - [2023-02-14 14:12:43,056] {dag.py:2306} INFO - Setting next_dagrun for example_kubernetes_executor to None
[2023-02-14 14:12:43,064] {scheduler_job.py:190} INFO - Processing /home/airflow/.local/lib/python3.6/site-packages/airflow/example_dags/example_kubernetes_executor.py took 0.049 seconds
[2023-02-14 14:13:13,242] {scheduler_job.py:182} INFO - Started process (PID=1014) to work on /home/airflow/.local/lib/python3.6/site-packages/airflow/example_dags/example_kubernetes_executor.py
[2023-02-14 14:13:13,242] {scheduler_job.py:633} INFO - Processing file /home/airflow/.local/lib/python3.6/site-packages/airflow/example_dags/example_kubernetes_executor.py for tasks to queue
[2023-02-14 14:13:13,243] {logging_mixin.py:104} INFO - [2023-02-14 14:13:13,243] {dagbag.py:496} INFO - Filling up the DagBag from /home/airflow/.local/lib/python3.6/site-packages/airflow/example_dags/example_kubernetes_executor.py
[2023-02-14 14:13:13,253] {scheduler_job.py:643} INFO - DAG(s) dict_keys(['example_kubernetes_executor']) retrieved from /home/airflow/.local/lib/python3.6/site-packages/airflow/example_dags/example_kubernetes_executor.py
[2023-02-14 14:13:13,270] {logging_mixin.py:104} INFO - [2023-02-14 14:13:13,270] {dag.py:1833} INFO - Sync 1 DAGs
[2023-02-14 14:13:13,282] {logging_mixin.py:104} INFO - [2023-02-14 14:13:13,282] {dag.py:2306} INFO - Setting next_dagrun for example_kubernetes_executor to None
[2023-02-14 14:13:13,290] {scheduler_job.py:190} INFO - Processing /home/airflow/.local/lib/python3.6/site-packages/airflow/example_dags/example_kubernetes_executor.py took 0.050 seconds
[2023-02-14 14:13:43,370] {scheduler_job.py:182} INFO - Started process (PID=1068) to work on /home/airflow/.local/lib/python3.6/site-packages/airflow/example_dags/example_kubernetes_executor.py
[2023-02-14 14:13:43,371] {scheduler_job.py:633} INFO - Processing file /home/airflow/.local/lib/python3.6/site-packages/airflow/example_dags/example_kubernetes_executor.py for tasks to queue
[2023-02-14 14:13:43,371] {logging_mixin.py:104} INFO - [2023-02-14 14:13:43,371] {dagbag.py:496} INFO - Filling up the DagBag from /home/airflow/.local/lib/python3.6/site-packages/airflow/example_dags/example_kubernetes_executor.py
[2023-02-14 14:13:43,381] {scheduler_job.py:643} INFO - DAG(s) dict_keys(['example_kubernetes_executor']) retrieved from /home/airflow/.local/lib/python3.6/site-packages/airflow/example_dags/example_kubernetes_executor.py
[2023-02-14 14:13:43,400] {logging_mixin.py:104} INFO - [2023-02-14 14:13:43,400] {dag.py:1833} INFO - Sync 1 DAGs
[2023-02-14 14:13:43,412] {logging_mixin.py:104} INFO - [2023-02-14 14:13:43,412] {dag.py:2306} INFO - Setting next_dagrun for example_kubernetes_executor to None
[2023-02-14 14:13:43,420] {scheduler_job.py:190} INFO - Processing /home/airflow/.local/lib/python3.6/site-packages/airflow/example_dags/example_kubernetes_executor.py took 0.053 seconds
[2023-02-14 14:14:13,557] {scheduler_job.py:182} INFO - Started process (PID=1129) to work on /home/airflow/.local/lib/python3.6/site-packages/airflow/example_dags/example_kubernetes_executor.py
[2023-02-14 14:14:13,557] {scheduler_job.py:633} INFO - Processing file /home/airflow/.local/lib/python3.6/site-packages/airflow/example_dags/example_kubernetes_executor.py for tasks to queue
[2023-02-14 14:14:13,558] {logging_mixin.py:104} INFO - [2023-02-14 14:14:13,558] {dagbag.py:496} INFO - Filling up the DagBag from /home/airflow/.local/lib/python3.6/site-packages/airflow/example_dags/example_kubernetes_executor.py
[2023-02-14 14:14:13,567] {scheduler_job.py:643} INFO - DAG(s) dict_keys(['example_kubernetes_executor']) retrieved from /home/airflow/.local/lib/python3.6/site-packages/airflow/example_dags/example_kubernetes_executor.py
[2023-02-14 14:14:13,583] {logging_mixin.py:104} INFO - [2023-02-14 14:14:13,583] {dag.py:1833} INFO - Sync 1 DAGs
[2023-02-14 14:14:13,595] {logging_mixin.py:104} INFO - [2023-02-14 14:14:13,595] {dag.py:2306} INFO - Setting next_dagrun for example_kubernetes_executor to None
[2023-02-14 14:14:13,603] {scheduler_job.py:190} INFO - Processing /home/airflow/.local/lib/python3.6/site-packages/airflow/example_dags/example_kubernetes_executor.py took 0.048 seconds
[2023-02-14 14:14:43,825] {scheduler_job.py:182} INFO - Started process (PID=1180) to work on /home/airflow/.local/lib/python3.6/site-packages/airflow/example_dags/example_kubernetes_executor.py
[2023-02-14 14:14:43,826] {scheduler_job.py:633} INFO - Processing file /home/airflow/.local/lib/python3.6/site-packages/airflow/example_dags/example_kubernetes_executor.py for tasks to queue
[2023-02-14 14:14:43,827] {logging_mixin.py:104} INFO - [2023-02-14 14:14:43,826] {dagbag.py:496} INFO - Filling up the DagBag from /home/airflow/.local/lib/python3.6/site-packages/airflow/example_dags/example_kubernetes_executor.py
[2023-02-14 14:14:43,838] {scheduler_job.py:643} INFO - DAG(s) dict_keys(['example_kubernetes_executor']) retrieved from /home/airflow/.local/lib/python3.6/site-packages/airflow/example_dags/example_kubernetes_executor.py
[2023-02-14 14:14:43,855] {logging_mixin.py:104} INFO - [2023-02-14 14:14:43,855] {dag.py:1833} INFO - Sync 1 DAGs
[2023-02-14 14:14:43,868] {logging_mixin.py:104} INFO - [2023-02-14 14:14:43,868] {dag.py:2306} INFO - Setting next_dagrun for example_kubernetes_executor to None
[2023-02-14 14:14:43,876] {scheduler_job.py:190} INFO - Processing /home/airflow/.local/lib/python3.6/site-packages/airflow/example_dags/example_kubernetes_executor.py took 0.053 seconds
