[2023-02-14 14:08:57,502] {scheduler_job.py:182} INFO - Started process (PID=130) to work on /home/airflow/.local/lib/python3.6/site-packages/airflow/example_dags/example_branch_operator.py
[2023-02-14 14:08:57,502] {scheduler_job.py:633} INFO - Processing file /home/airflow/.local/lib/python3.6/site-packages/airflow/example_dags/example_branch_operator.py for tasks to queue
[2023-02-14 14:08:57,503] {logging_mixin.py:104} INFO - [2023-02-14 14:08:57,503] {dagbag.py:496} INFO - Filling up the DagBag from /home/airflow/.local/lib/python3.6/site-packages/airflow/example_dags/example_branch_operator.py
[2023-02-14 14:08:57,562] {scheduler_job.py:643} INFO - DAG(s) dict_keys(['example_branch_operator']) retrieved from /home/airflow/.local/lib/python3.6/site-packages/airflow/example_dags/example_branch_operator.py
[2023-02-14 14:09:01,991] {logging_mixin.py:104} INFO - [2023-02-14 14:09:01,991] {dag.py:1833} INFO - Sync 1 DAGs
[2023-02-14 14:09:02,060] {logging_mixin.py:104} INFO - [2023-02-14 14:09:02,059] {dag.py:1852} INFO - Creating ORM DAG for example_branch_operator
[2023-02-14 14:09:02,070] {logging_mixin.py:104} INFO - [2023-02-14 14:09:02,070] {dag.py:2306} INFO - Setting next_dagrun for example_branch_operator to 2023-02-12 00:00:00+00:00
[2023-02-14 14:09:02,082] {scheduler_job.py:190} INFO - Processing /home/airflow/.local/lib/python3.6/site-packages/airflow/example_dags/example_branch_operator.py took 4.583 seconds
[2023-02-14 14:09:33,307] {scheduler_job.py:182} INFO - Started process (PID=606) to work on /home/airflow/.local/lib/python3.6/site-packages/airflow/example_dags/example_branch_operator.py
[2023-02-14 14:09:33,307] {scheduler_job.py:633} INFO - Processing file /home/airflow/.local/lib/python3.6/site-packages/airflow/example_dags/example_branch_operator.py for tasks to queue
[2023-02-14 14:09:33,308] {logging_mixin.py:104} INFO - [2023-02-14 14:09:33,308] {dagbag.py:496} INFO - Filling up the DagBag from /home/airflow/.local/lib/python3.6/site-packages/airflow/example_dags/example_branch_operator.py
[2023-02-14 14:09:33,321] {scheduler_job.py:643} INFO - DAG(s) dict_keys(['example_branch_operator']) retrieved from /home/airflow/.local/lib/python3.6/site-packages/airflow/example_dags/example_branch_operator.py
[2023-02-14 14:09:33,338] {logging_mixin.py:104} INFO - [2023-02-14 14:09:33,338] {dag.py:1833} INFO - Sync 1 DAGs
[2023-02-14 14:09:33,353] {logging_mixin.py:104} INFO - [2023-02-14 14:09:33,353] {dag.py:2306} INFO - Setting next_dagrun for example_branch_operator to 2023-02-12 00:00:00+00:00
[2023-02-14 14:09:33,361] {scheduler_job.py:190} INFO - Processing /home/airflow/.local/lib/python3.6/site-packages/airflow/example_dags/example_branch_operator.py took 0.057 seconds
[2023-02-14 14:10:03,465] {scheduler_job.py:182} INFO - Started process (PID=665) to work on /home/airflow/.local/lib/python3.6/site-packages/airflow/example_dags/example_branch_operator.py
[2023-02-14 14:10:03,466] {scheduler_job.py:633} INFO - Processing file /home/airflow/.local/lib/python3.6/site-packages/airflow/example_dags/example_branch_operator.py for tasks to queue
[2023-02-14 14:10:03,467] {logging_mixin.py:104} INFO - [2023-02-14 14:10:03,466] {dagbag.py:496} INFO - Filling up the DagBag from /home/airflow/.local/lib/python3.6/site-packages/airflow/example_dags/example_branch_operator.py
[2023-02-14 14:10:03,480] {scheduler_job.py:643} INFO - DAG(s) dict_keys(['example_branch_operator']) retrieved from /home/airflow/.local/lib/python3.6/site-packages/airflow/example_dags/example_branch_operator.py
[2023-02-14 14:10:03,499] {logging_mixin.py:104} INFO - [2023-02-14 14:10:03,499] {dag.py:1833} INFO - Sync 1 DAGs
[2023-02-14 14:10:03,514] {logging_mixin.py:104} INFO - [2023-02-14 14:10:03,514] {dag.py:2306} INFO - Setting next_dagrun for example_branch_operator to 2023-02-12 00:00:00+00:00
[2023-02-14 14:10:03,522] {scheduler_job.py:190} INFO - Processing /home/airflow/.local/lib/python3.6/site-packages/airflow/example_dags/example_branch_operator.py took 0.058 seconds
[2023-02-14 14:10:33,538] {scheduler_job.py:182} INFO - Started process (PID=716) to work on /home/airflow/.local/lib/python3.6/site-packages/airflow/example_dags/example_branch_operator.py
[2023-02-14 14:10:33,539] {scheduler_job.py:633} INFO - Processing file /home/airflow/.local/lib/python3.6/site-packages/airflow/example_dags/example_branch_operator.py for tasks to queue
[2023-02-14 14:10:33,540] {logging_mixin.py:104} INFO - [2023-02-14 14:10:33,539] {dagbag.py:496} INFO - Filling up the DagBag from /home/airflow/.local/lib/python3.6/site-packages/airflow/example_dags/example_branch_operator.py
[2023-02-14 14:10:33,551] {scheduler_job.py:643} INFO - DAG(s) dict_keys(['example_branch_operator']) retrieved from /home/airflow/.local/lib/python3.6/site-packages/airflow/example_dags/example_branch_operator.py
[2023-02-14 14:10:33,568] {logging_mixin.py:104} INFO - [2023-02-14 14:10:33,568] {dag.py:1833} INFO - Sync 1 DAGs
[2023-02-14 14:10:33,581] {logging_mixin.py:104} INFO - [2023-02-14 14:10:33,581] {dag.py:2306} INFO - Setting next_dagrun for example_branch_operator to 2023-02-12 00:00:00+00:00
[2023-02-14 14:10:33,588] {scheduler_job.py:190} INFO - Processing /home/airflow/.local/lib/python3.6/site-packages/airflow/example_dags/example_branch_operator.py took 0.052 seconds
[2023-02-14 14:11:03,763] {scheduler_job.py:182} INFO - Started process (PID=776) to work on /home/airflow/.local/lib/python3.6/site-packages/airflow/example_dags/example_branch_operator.py
[2023-02-14 14:11:03,764] {scheduler_job.py:633} INFO - Processing file /home/airflow/.local/lib/python3.6/site-packages/airflow/example_dags/example_branch_operator.py for tasks to queue
[2023-02-14 14:11:03,764] {logging_mixin.py:104} INFO - [2023-02-14 14:11:03,764] {dagbag.py:496} INFO - Filling up the DagBag from /home/airflow/.local/lib/python3.6/site-packages/airflow/example_dags/example_branch_operator.py
[2023-02-14 14:11:03,775] {scheduler_job.py:643} INFO - DAG(s) dict_keys(['example_branch_operator']) retrieved from /home/airflow/.local/lib/python3.6/site-packages/airflow/example_dags/example_branch_operator.py
[2023-02-14 14:11:03,791] {logging_mixin.py:104} INFO - [2023-02-14 14:11:03,791] {dag.py:1833} INFO - Sync 1 DAGs
[2023-02-14 14:11:03,807] {logging_mixin.py:104} INFO - [2023-02-14 14:11:03,807] {dag.py:2306} INFO - Setting next_dagrun for example_branch_operator to 2023-02-12 00:00:00+00:00
[2023-02-14 14:11:03,814] {scheduler_job.py:190} INFO - Processing /home/airflow/.local/lib/python3.6/site-packages/airflow/example_dags/example_branch_operator.py took 0.054 seconds
[2023-02-14 14:11:34,150] {scheduler_job.py:182} INFO - Started process (PID=827) to work on /home/airflow/.local/lib/python3.6/site-packages/airflow/example_dags/example_branch_operator.py
[2023-02-14 14:11:34,151] {scheduler_job.py:633} INFO - Processing file /home/airflow/.local/lib/python3.6/site-packages/airflow/example_dags/example_branch_operator.py for tasks to queue
[2023-02-14 14:11:34,151] {logging_mixin.py:104} INFO - [2023-02-14 14:11:34,151] {dagbag.py:496} INFO - Filling up the DagBag from /home/airflow/.local/lib/python3.6/site-packages/airflow/example_dags/example_branch_operator.py
[2023-02-14 14:11:34,163] {scheduler_job.py:643} INFO - DAG(s) dict_keys(['example_branch_operator']) retrieved from /home/airflow/.local/lib/python3.6/site-packages/airflow/example_dags/example_branch_operator.py
[2023-02-14 14:11:34,179] {logging_mixin.py:104} INFO - [2023-02-14 14:11:34,179] {dag.py:1833} INFO - Sync 1 DAGs
[2023-02-14 14:11:34,192] {logging_mixin.py:104} INFO - [2023-02-14 14:11:34,192] {dag.py:2306} INFO - Setting next_dagrun for example_branch_operator to 2023-02-12 00:00:00+00:00
[2023-02-14 14:11:34,200] {scheduler_job.py:190} INFO - Processing /home/airflow/.local/lib/python3.6/site-packages/airflow/example_dags/example_branch_operator.py took 0.052 seconds
[2023-02-14 14:12:04,357] {scheduler_job.py:182} INFO - Started process (PID=888) to work on /home/airflow/.local/lib/python3.6/site-packages/airflow/example_dags/example_branch_operator.py
[2023-02-14 14:12:04,358] {scheduler_job.py:633} INFO - Processing file /home/airflow/.local/lib/python3.6/site-packages/airflow/example_dags/example_branch_operator.py for tasks to queue
[2023-02-14 14:12:04,358] {logging_mixin.py:104} INFO - [2023-02-14 14:12:04,358] {dagbag.py:496} INFO - Filling up the DagBag from /home/airflow/.local/lib/python3.6/site-packages/airflow/example_dags/example_branch_operator.py
[2023-02-14 14:12:04,374] {scheduler_job.py:643} INFO - DAG(s) dict_keys(['example_branch_operator']) retrieved from /home/airflow/.local/lib/python3.6/site-packages/airflow/example_dags/example_branch_operator.py
[2023-02-14 14:12:04,467] {logging_mixin.py:104} INFO - [2023-02-14 14:12:04,467] {dag.py:1833} INFO - Sync 1 DAGs
[2023-02-14 14:12:04,481] {logging_mixin.py:104} INFO - [2023-02-14 14:12:04,480] {dag.py:2306} INFO - Setting next_dagrun for example_branch_operator to 2023-02-12 00:00:00+00:00
[2023-02-14 14:12:04,488] {scheduler_job.py:190} INFO - Processing /home/airflow/.local/lib/python3.6/site-packages/airflow/example_dags/example_branch_operator.py took 0.134 seconds
[2023-02-14 14:12:34,616] {scheduler_job.py:182} INFO - Started process (PID=939) to work on /home/airflow/.local/lib/python3.6/site-packages/airflow/example_dags/example_branch_operator.py
[2023-02-14 14:12:34,617] {scheduler_job.py:633} INFO - Processing file /home/airflow/.local/lib/python3.6/site-packages/airflow/example_dags/example_branch_operator.py for tasks to queue
[2023-02-14 14:12:34,617] {logging_mixin.py:104} INFO - [2023-02-14 14:12:34,617] {dagbag.py:496} INFO - Filling up the DagBag from /home/airflow/.local/lib/python3.6/site-packages/airflow/example_dags/example_branch_operator.py
[2023-02-14 14:12:34,629] {scheduler_job.py:643} INFO - DAG(s) dict_keys(['example_branch_operator']) retrieved from /home/airflow/.local/lib/python3.6/site-packages/airflow/example_dags/example_branch_operator.py
[2023-02-14 14:12:34,645] {logging_mixin.py:104} INFO - [2023-02-14 14:12:34,645] {dag.py:1833} INFO - Sync 1 DAGs
[2023-02-14 14:12:34,658] {logging_mixin.py:104} INFO - [2023-02-14 14:12:34,658] {dag.py:2306} INFO - Setting next_dagrun for example_branch_operator to 2023-02-12 00:00:00+00:00
[2023-02-14 14:12:34,666] {scheduler_job.py:190} INFO - Processing /home/airflow/.local/lib/python3.6/site-packages/airflow/example_dags/example_branch_operator.py took 0.052 seconds
[2023-02-14 14:13:04,801] {scheduler_job.py:182} INFO - Started process (PID=1000) to work on /home/airflow/.local/lib/python3.6/site-packages/airflow/example_dags/example_branch_operator.py
[2023-02-14 14:13:04,802] {scheduler_job.py:633} INFO - Processing file /home/airflow/.local/lib/python3.6/site-packages/airflow/example_dags/example_branch_operator.py for tasks to queue
[2023-02-14 14:13:04,802] {logging_mixin.py:104} INFO - [2023-02-14 14:13:04,802] {dagbag.py:496} INFO - Filling up the DagBag from /home/airflow/.local/lib/python3.6/site-packages/airflow/example_dags/example_branch_operator.py
[2023-02-14 14:13:04,814] {scheduler_job.py:643} INFO - DAG(s) dict_keys(['example_branch_operator']) retrieved from /home/airflow/.local/lib/python3.6/site-packages/airflow/example_dags/example_branch_operator.py
[2023-02-14 14:13:04,831] {logging_mixin.py:104} INFO - [2023-02-14 14:13:04,830] {dag.py:1833} INFO - Sync 1 DAGs
[2023-02-14 14:13:04,844] {logging_mixin.py:104} INFO - [2023-02-14 14:13:04,844] {dag.py:2306} INFO - Setting next_dagrun for example_branch_operator to 2023-02-12 00:00:00+00:00
[2023-02-14 14:13:04,851] {scheduler_job.py:190} INFO - Processing /home/airflow/.local/lib/python3.6/site-packages/airflow/example_dags/example_branch_operator.py took 0.051 seconds
[2023-02-14 14:13:34,980] {scheduler_job.py:182} INFO - Started process (PID=1051) to work on /home/airflow/.local/lib/python3.6/site-packages/airflow/example_dags/example_branch_operator.py
[2023-02-14 14:13:34,980] {scheduler_job.py:633} INFO - Processing file /home/airflow/.local/lib/python3.6/site-packages/airflow/example_dags/example_branch_operator.py for tasks to queue
[2023-02-14 14:13:34,981] {logging_mixin.py:104} INFO - [2023-02-14 14:13:34,981] {dagbag.py:496} INFO - Filling up the DagBag from /home/airflow/.local/lib/python3.6/site-packages/airflow/example_dags/example_branch_operator.py
[2023-02-14 14:13:34,992] {scheduler_job.py:643} INFO - DAG(s) dict_keys(['example_branch_operator']) retrieved from /home/airflow/.local/lib/python3.6/site-packages/airflow/example_dags/example_branch_operator.py
[2023-02-14 14:13:35,008] {logging_mixin.py:104} INFO - [2023-02-14 14:13:35,008] {dag.py:1833} INFO - Sync 1 DAGs
[2023-02-14 14:13:35,022] {logging_mixin.py:104} INFO - [2023-02-14 14:13:35,022] {dag.py:2306} INFO - Setting next_dagrun for example_branch_operator to 2023-02-12 00:00:00+00:00
[2023-02-14 14:13:35,029] {scheduler_job.py:190} INFO - Processing /home/airflow/.local/lib/python3.6/site-packages/airflow/example_dags/example_branch_operator.py took 0.052 seconds
[2023-02-14 14:14:05,195] {scheduler_job.py:182} INFO - Started process (PID=1112) to work on /home/airflow/.local/lib/python3.6/site-packages/airflow/example_dags/example_branch_operator.py
[2023-02-14 14:14:05,196] {scheduler_job.py:633} INFO - Processing file /home/airflow/.local/lib/python3.6/site-packages/airflow/example_dags/example_branch_operator.py for tasks to queue
[2023-02-14 14:14:05,196] {logging_mixin.py:104} INFO - [2023-02-14 14:14:05,196] {dagbag.py:496} INFO - Filling up the DagBag from /home/airflow/.local/lib/python3.6/site-packages/airflow/example_dags/example_branch_operator.py
[2023-02-14 14:14:05,208] {scheduler_job.py:643} INFO - DAG(s) dict_keys(['example_branch_operator']) retrieved from /home/airflow/.local/lib/python3.6/site-packages/airflow/example_dags/example_branch_operator.py
[2023-02-14 14:14:05,224] {logging_mixin.py:104} INFO - [2023-02-14 14:14:05,224] {dag.py:1833} INFO - Sync 1 DAGs
[2023-02-14 14:14:05,238] {logging_mixin.py:104} INFO - [2023-02-14 14:14:05,238] {dag.py:2306} INFO - Setting next_dagrun for example_branch_operator to 2023-02-12 00:00:00+00:00
[2023-02-14 14:14:05,245] {scheduler_job.py:190} INFO - Processing /home/airflow/.local/lib/python3.6/site-packages/airflow/example_dags/example_branch_operator.py took 0.051 seconds
[2023-02-14 14:14:35,439] {scheduler_job.py:182} INFO - Started process (PID=1163) to work on /home/airflow/.local/lib/python3.6/site-packages/airflow/example_dags/example_branch_operator.py
[2023-02-14 14:14:35,439] {scheduler_job.py:633} INFO - Processing file /home/airflow/.local/lib/python3.6/site-packages/airflow/example_dags/example_branch_operator.py for tasks to queue
[2023-02-14 14:14:35,440] {logging_mixin.py:104} INFO - [2023-02-14 14:14:35,439] {dagbag.py:496} INFO - Filling up the DagBag from /home/airflow/.local/lib/python3.6/site-packages/airflow/example_dags/example_branch_operator.py
[2023-02-14 14:14:35,450] {scheduler_job.py:643} INFO - DAG(s) dict_keys(['example_branch_operator']) retrieved from /home/airflow/.local/lib/python3.6/site-packages/airflow/example_dags/example_branch_operator.py
[2023-02-14 14:14:35,466] {logging_mixin.py:104} INFO - [2023-02-14 14:14:35,466] {dag.py:1833} INFO - Sync 1 DAGs
[2023-02-14 14:14:35,478] {logging_mixin.py:104} INFO - [2023-02-14 14:14:35,478] {dag.py:2306} INFO - Setting next_dagrun for example_branch_operator to 2023-02-12 00:00:00+00:00
[2023-02-14 14:14:35,485] {scheduler_job.py:190} INFO - Processing /home/airflow/.local/lib/python3.6/site-packages/airflow/example_dags/example_branch_operator.py took 0.048 seconds
[2023-02-14 14:15:05,587] {scheduler_job.py:182} INFO - Started process (PID=1224) to work on /home/airflow/.local/lib/python3.6/site-packages/airflow/example_dags/example_branch_operator.py
[2023-02-14 14:15:05,587] {scheduler_job.py:633} INFO - Processing file /home/airflow/.local/lib/python3.6/site-packages/airflow/example_dags/example_branch_operator.py for tasks to queue
[2023-02-14 14:15:05,588] {logging_mixin.py:104} INFO - [2023-02-14 14:15:05,588] {dagbag.py:496} INFO - Filling up the DagBag from /home/airflow/.local/lib/python3.6/site-packages/airflow/example_dags/example_branch_operator.py
[2023-02-14 14:15:05,599] {scheduler_job.py:643} INFO - DAG(s) dict_keys(['example_branch_operator']) retrieved from /home/airflow/.local/lib/python3.6/site-packages/airflow/example_dags/example_branch_operator.py
[2023-02-14 14:15:05,618] {logging_mixin.py:104} INFO - [2023-02-14 14:15:05,618] {dag.py:1833} INFO - Sync 1 DAGs
[2023-02-14 14:15:05,633] {logging_mixin.py:104} INFO - [2023-02-14 14:15:05,633] {dag.py:2306} INFO - Setting next_dagrun for example_branch_operator to 2023-02-12 00:00:00+00:00
[2023-02-14 14:15:05,642] {scheduler_job.py:190} INFO - Processing /home/airflow/.local/lib/python3.6/site-packages/airflow/example_dags/example_branch_operator.py took 0.057 seconds
[2023-02-14 14:15:35,741] {scheduler_job.py:182} INFO - Started process (PID=1282) to work on /home/airflow/.local/lib/python3.6/site-packages/airflow/example_dags/example_branch_operator.py
[2023-02-14 14:15:35,742] {scheduler_job.py:633} INFO - Processing file /home/airflow/.local/lib/python3.6/site-packages/airflow/example_dags/example_branch_operator.py for tasks to queue
[2023-02-14 14:15:35,743] {logging_mixin.py:104} INFO - [2023-02-14 14:15:35,742] {dagbag.py:496} INFO - Filling up the DagBag from /home/airflow/.local/lib/python3.6/site-packages/airflow/example_dags/example_branch_operator.py
[2023-02-14 14:15:35,753] {scheduler_job.py:643} INFO - DAG(s) dict_keys(['example_branch_operator']) retrieved from /home/airflow/.local/lib/python3.6/site-packages/airflow/example_dags/example_branch_operator.py
[2023-02-14 14:15:35,772] {logging_mixin.py:104} INFO - [2023-02-14 14:15:35,772] {dag.py:1833} INFO - Sync 1 DAGs
[2023-02-14 14:15:35,785] {logging_mixin.py:104} INFO - [2023-02-14 14:15:35,785] {dag.py:2306} INFO - Setting next_dagrun for example_branch_operator to 2023-02-12 00:00:00+00:00
[2023-02-14 14:15:35,794] {scheduler_job.py:190} INFO - Processing /home/airflow/.local/lib/python3.6/site-packages/airflow/example_dags/example_branch_operator.py took 0.055 seconds
[2023-02-14 14:16:06,077] {scheduler_job.py:182} INFO - Started process (PID=1336) to work on /home/airflow/.local/lib/python3.6/site-packages/airflow/example_dags/example_branch_operator.py
[2023-02-14 14:16:06,078] {scheduler_job.py:633} INFO - Processing file /home/airflow/.local/lib/python3.6/site-packages/airflow/example_dags/example_branch_operator.py for tasks to queue
[2023-02-14 14:16:06,078] {logging_mixin.py:104} INFO - [2023-02-14 14:16:06,078] {dagbag.py:496} INFO - Filling up the DagBag from /home/airflow/.local/lib/python3.6/site-packages/airflow/example_dags/example_branch_operator.py
[2023-02-14 14:16:06,090] {scheduler_job.py:643} INFO - DAG(s) dict_keys(['example_branch_operator']) retrieved from /home/airflow/.local/lib/python3.6/site-packages/airflow/example_dags/example_branch_operator.py
[2023-02-14 14:16:06,108] {logging_mixin.py:104} INFO - [2023-02-14 14:16:06,107] {dag.py:1833} INFO - Sync 1 DAGs
[2023-02-14 14:16:06,124] {logging_mixin.py:104} INFO - [2023-02-14 14:16:06,124] {dag.py:2306} INFO - Setting next_dagrun for example_branch_operator to 2023-02-12 00:00:00+00:00
[2023-02-14 14:16:06,132] {scheduler_job.py:190} INFO - Processing /home/airflow/.local/lib/python3.6/site-packages/airflow/example_dags/example_branch_operator.py took 0.058 seconds
[2023-02-14 14:16:37,009] {scheduler_job.py:182} INFO - Started process (PID=1396) to work on /home/airflow/.local/lib/python3.6/site-packages/airflow/example_dags/example_branch_operator.py
[2023-02-14 14:16:37,010] {scheduler_job.py:633} INFO - Processing file /home/airflow/.local/lib/python3.6/site-packages/airflow/example_dags/example_branch_operator.py for tasks to queue
[2023-02-14 14:16:37,010] {logging_mixin.py:104} INFO - [2023-02-14 14:16:37,010] {dagbag.py:496} INFO - Filling up the DagBag from /home/airflow/.local/lib/python3.6/site-packages/airflow/example_dags/example_branch_operator.py
[2023-02-14 14:16:37,022] {scheduler_job.py:643} INFO - DAG(s) dict_keys(['example_branch_operator']) retrieved from /home/airflow/.local/lib/python3.6/site-packages/airflow/example_dags/example_branch_operator.py
[2023-02-14 14:16:37,038] {logging_mixin.py:104} INFO - [2023-02-14 14:16:37,038] {dag.py:1833} INFO - Sync 1 DAGs
[2023-02-14 14:16:37,053] {logging_mixin.py:104} INFO - [2023-02-14 14:16:37,053] {dag.py:2306} INFO - Setting next_dagrun for example_branch_operator to 2023-02-12 00:00:00+00:00
[2023-02-14 14:16:37,060] {scheduler_job.py:190} INFO - Processing /home/airflow/.local/lib/python3.6/site-packages/airflow/example_dags/example_branch_operator.py took 0.053 seconds
[2023-02-14 14:17:08,009] {scheduler_job.py:182} INFO - Started process (PID=1447) to work on /home/airflow/.local/lib/python3.6/site-packages/airflow/example_dags/example_branch_operator.py
[2023-02-14 14:17:08,012] {scheduler_job.py:633} INFO - Processing file /home/airflow/.local/lib/python3.6/site-packages/airflow/example_dags/example_branch_operator.py for tasks to queue
[2023-02-14 14:17:08,012] {logging_mixin.py:104} INFO - [2023-02-14 14:17:08,012] {dagbag.py:496} INFO - Filling up the DagBag from /home/airflow/.local/lib/python3.6/site-packages/airflow/example_dags/example_branch_operator.py
[2023-02-14 14:17:08,023] {scheduler_job.py:643} INFO - DAG(s) dict_keys(['example_branch_operator']) retrieved from /home/airflow/.local/lib/python3.6/site-packages/airflow/example_dags/example_branch_operator.py
[2023-02-14 14:17:08,039] {logging_mixin.py:104} INFO - [2023-02-14 14:17:08,039] {dag.py:1833} INFO - Sync 1 DAGs
[2023-02-14 14:17:08,054] {logging_mixin.py:104} INFO - [2023-02-14 14:17:08,054] {dag.py:2306} INFO - Setting next_dagrun for example_branch_operator to 2023-02-12 00:00:00+00:00
[2023-02-14 14:17:08,061] {scheduler_job.py:190} INFO - Processing /home/airflow/.local/lib/python3.6/site-packages/airflow/example_dags/example_branch_operator.py took 0.053 seconds
[2023-02-14 14:17:38,188] {scheduler_job.py:182} INFO - Started process (PID=1507) to work on /home/airflow/.local/lib/python3.6/site-packages/airflow/example_dags/example_branch_operator.py
[2023-02-14 14:17:38,188] {scheduler_job.py:633} INFO - Processing file /home/airflow/.local/lib/python3.6/site-packages/airflow/example_dags/example_branch_operator.py for tasks to queue
[2023-02-14 14:17:38,189] {logging_mixin.py:104} INFO - [2023-02-14 14:17:38,189] {dagbag.py:496} INFO - Filling up the DagBag from /home/airflow/.local/lib/python3.6/site-packages/airflow/example_dags/example_branch_operator.py
[2023-02-14 14:17:38,201] {scheduler_job.py:643} INFO - DAG(s) dict_keys(['example_branch_operator']) retrieved from /home/airflow/.local/lib/python3.6/site-packages/airflow/example_dags/example_branch_operator.py
[2023-02-14 14:17:38,221] {logging_mixin.py:104} INFO - [2023-02-14 14:17:38,221] {dag.py:1833} INFO - Sync 1 DAGs
[2023-02-14 14:17:38,238] {logging_mixin.py:104} INFO - [2023-02-14 14:17:38,237] {dag.py:2306} INFO - Setting next_dagrun for example_branch_operator to 2023-02-12 00:00:00+00:00
[2023-02-14 14:17:38,245] {scheduler_job.py:190} INFO - Processing /home/airflow/.local/lib/python3.6/site-packages/airflow/example_dags/example_branch_operator.py took 0.060 seconds
[2023-02-14 14:18:08,779] {scheduler_job.py:182} INFO - Started process (PID=1558) to work on /home/airflow/.local/lib/python3.6/site-packages/airflow/example_dags/example_branch_operator.py
[2023-02-14 14:18:08,780] {scheduler_job.py:633} INFO - Processing file /home/airflow/.local/lib/python3.6/site-packages/airflow/example_dags/example_branch_operator.py for tasks to queue
[2023-02-14 14:18:08,780] {logging_mixin.py:104} INFO - [2023-02-14 14:18:08,780] {dagbag.py:496} INFO - Filling up the DagBag from /home/airflow/.local/lib/python3.6/site-packages/airflow/example_dags/example_branch_operator.py
[2023-02-14 14:18:08,794] {scheduler_job.py:643} INFO - DAG(s) dict_keys(['example_branch_operator']) retrieved from /home/airflow/.local/lib/python3.6/site-packages/airflow/example_dags/example_branch_operator.py
[2023-02-14 14:18:08,814] {logging_mixin.py:104} INFO - [2023-02-14 14:18:08,814] {dag.py:1833} INFO - Sync 1 DAGs
[2023-02-14 14:18:08,832] {logging_mixin.py:104} INFO - [2023-02-14 14:18:08,832] {dag.py:2306} INFO - Setting next_dagrun for example_branch_operator to 2023-02-12 00:00:00+00:00
[2023-02-14 14:18:08,840] {scheduler_job.py:190} INFO - Processing /home/airflow/.local/lib/python3.6/site-packages/airflow/example_dags/example_branch_operator.py took 0.064 seconds
[2023-02-14 14:18:39,081] {scheduler_job.py:182} INFO - Started process (PID=1619) to work on /home/airflow/.local/lib/python3.6/site-packages/airflow/example_dags/example_branch_operator.py
[2023-02-14 14:18:39,083] {scheduler_job.py:633} INFO - Processing file /home/airflow/.local/lib/python3.6/site-packages/airflow/example_dags/example_branch_operator.py for tasks to queue
[2023-02-14 14:18:39,083] {logging_mixin.py:104} INFO - [2023-02-14 14:18:39,083] {dagbag.py:496} INFO - Filling up the DagBag from /home/airflow/.local/lib/python3.6/site-packages/airflow/example_dags/example_branch_operator.py
[2023-02-14 14:18:39,164] {scheduler_job.py:643} INFO - DAG(s) dict_keys(['example_branch_operator']) retrieved from /home/airflow/.local/lib/python3.6/site-packages/airflow/example_dags/example_branch_operator.py
[2023-02-14 14:18:39,184] {logging_mixin.py:104} INFO - [2023-02-14 14:18:39,184] {dag.py:1833} INFO - Sync 1 DAGs
[2023-02-14 14:18:39,201] {logging_mixin.py:104} INFO - [2023-02-14 14:18:39,201] {dag.py:2306} INFO - Setting next_dagrun for example_branch_operator to 2023-02-12 00:00:00+00:00
[2023-02-14 14:18:39,265] {scheduler_job.py:190} INFO - Processing /home/airflow/.local/lib/python3.6/site-packages/airflow/example_dags/example_branch_operator.py took 0.186 seconds
[2023-02-14 14:19:10,063] {scheduler_job.py:182} INFO - Started process (PID=1660) to work on /home/airflow/.local/lib/python3.6/site-packages/airflow/example_dags/example_branch_operator.py
[2023-02-14 14:19:10,064] {scheduler_job.py:633} INFO - Processing file /home/airflow/.local/lib/python3.6/site-packages/airflow/example_dags/example_branch_operator.py for tasks to queue
[2023-02-14 14:19:10,065] {logging_mixin.py:104} INFO - [2023-02-14 14:19:10,065] {dagbag.py:496} INFO - Filling up the DagBag from /home/airflow/.local/lib/python3.6/site-packages/airflow/example_dags/example_branch_operator.py
[2023-02-14 14:19:10,159] {scheduler_job.py:643} INFO - DAG(s) dict_keys(['example_branch_operator']) retrieved from /home/airflow/.local/lib/python3.6/site-packages/airflow/example_dags/example_branch_operator.py
[2023-02-14 14:19:10,357] {logging_mixin.py:104} INFO - [2023-02-14 14:19:10,357] {dag.py:1833} INFO - Sync 1 DAGs
[2023-02-14 14:19:10,462] {logging_mixin.py:104} INFO - [2023-02-14 14:19:10,461] {dag.py:2306} INFO - Setting next_dagrun for example_branch_operator to 2023-02-12 00:00:00+00:00
[2023-02-14 14:19:10,556] {scheduler_job.py:190} INFO - Processing /home/airflow/.local/lib/python3.6/site-packages/airflow/example_dags/example_branch_operator.py took 0.496 seconds
[2023-02-14 14:19:41,186] {scheduler_job.py:182} INFO - Started process (PID=1711) to work on /home/airflow/.local/lib/python3.6/site-packages/airflow/example_dags/example_branch_operator.py
[2023-02-14 14:19:41,187] {scheduler_job.py:633} INFO - Processing file /home/airflow/.local/lib/python3.6/site-packages/airflow/example_dags/example_branch_operator.py for tasks to queue
[2023-02-14 14:19:41,187] {logging_mixin.py:104} INFO - [2023-02-14 14:19:41,187] {dagbag.py:496} INFO - Filling up the DagBag from /home/airflow/.local/lib/python3.6/site-packages/airflow/example_dags/example_branch_operator.py
[2023-02-14 14:19:41,201] {scheduler_job.py:643} INFO - DAG(s) dict_keys(['example_branch_operator']) retrieved from /home/airflow/.local/lib/python3.6/site-packages/airflow/example_dags/example_branch_operator.py
[2023-02-14 14:19:41,287] {logging_mixin.py:104} INFO - [2023-02-14 14:19:41,287] {dag.py:1833} INFO - Sync 1 DAGs
[2023-02-14 14:19:41,369] {logging_mixin.py:104} INFO - [2023-02-14 14:19:41,369] {dag.py:2306} INFO - Setting next_dagrun for example_branch_operator to 2023-02-12 00:00:00+00:00
[2023-02-14 14:19:41,380] {scheduler_job.py:190} INFO - Processing /home/airflow/.local/lib/python3.6/site-packages/airflow/example_dags/example_branch_operator.py took 0.197 seconds
[2023-02-14 14:20:12,156] {scheduler_job.py:182} INFO - Started process (PID=1772) to work on /home/airflow/.local/lib/python3.6/site-packages/airflow/example_dags/example_branch_operator.py
[2023-02-14 14:20:12,157] {scheduler_job.py:633} INFO - Processing file /home/airflow/.local/lib/python3.6/site-packages/airflow/example_dags/example_branch_operator.py for tasks to queue
[2023-02-14 14:20:12,158] {logging_mixin.py:104} INFO - [2023-02-14 14:20:12,157] {dagbag.py:496} INFO - Filling up the DagBag from /home/airflow/.local/lib/python3.6/site-packages/airflow/example_dags/example_branch_operator.py
[2023-02-14 14:20:12,171] {scheduler_job.py:643} INFO - DAG(s) dict_keys(['example_branch_operator']) retrieved from /home/airflow/.local/lib/python3.6/site-packages/airflow/example_dags/example_branch_operator.py
[2023-02-14 14:20:12,259] {logging_mixin.py:104} INFO - [2023-02-14 14:20:12,259] {dag.py:1833} INFO - Sync 1 DAGs
[2023-02-14 14:20:12,281] {logging_mixin.py:104} INFO - [2023-02-14 14:20:12,281] {dag.py:2306} INFO - Setting next_dagrun for example_branch_operator to 2023-02-12 00:00:00+00:00
[2023-02-14 14:20:12,291] {scheduler_job.py:190} INFO - Processing /home/airflow/.local/lib/python3.6/site-packages/airflow/example_dags/example_branch_operator.py took 0.148 seconds
[2023-02-14 14:20:42,804] {scheduler_job.py:182} INFO - Started process (PID=1823) to work on /home/airflow/.local/lib/python3.6/site-packages/airflow/example_dags/example_branch_operator.py
[2023-02-14 14:20:42,804] {scheduler_job.py:633} INFO - Processing file /home/airflow/.local/lib/python3.6/site-packages/airflow/example_dags/example_branch_operator.py for tasks to queue
[2023-02-14 14:20:42,805] {logging_mixin.py:104} INFO - [2023-02-14 14:20:42,805] {dagbag.py:496} INFO - Filling up the DagBag from /home/airflow/.local/lib/python3.6/site-packages/airflow/example_dags/example_branch_operator.py
[2023-02-14 14:20:42,818] {scheduler_job.py:643} INFO - DAG(s) dict_keys(['example_branch_operator']) retrieved from /home/airflow/.local/lib/python3.6/site-packages/airflow/example_dags/example_branch_operator.py
[2023-02-14 14:20:42,850] {logging_mixin.py:104} INFO - [2023-02-14 14:20:42,849] {dag.py:1833} INFO - Sync 1 DAGs
[2023-02-14 14:20:42,869] {logging_mixin.py:104} INFO - [2023-02-14 14:20:42,869] {dag.py:2306} INFO - Setting next_dagrun for example_branch_operator to 2023-02-12 00:00:00+00:00
[2023-02-14 14:20:42,880] {scheduler_job.py:190} INFO - Processing /home/airflow/.local/lib/python3.6/site-packages/airflow/example_dags/example_branch_operator.py took 0.078 seconds
[2023-02-14 14:21:13,876] {scheduler_job.py:182} INFO - Started process (PID=1884) to work on /home/airflow/.local/lib/python3.6/site-packages/airflow/example_dags/example_branch_operator.py
[2023-02-14 14:21:13,877] {scheduler_job.py:633} INFO - Processing file /home/airflow/.local/lib/python3.6/site-packages/airflow/example_dags/example_branch_operator.py for tasks to queue
[2023-02-14 14:21:13,878] {logging_mixin.py:104} INFO - [2023-02-14 14:21:13,878] {dagbag.py:496} INFO - Filling up the DagBag from /home/airflow/.local/lib/python3.6/site-packages/airflow/example_dags/example_branch_operator.py
[2023-02-14 14:21:13,890] {scheduler_job.py:643} INFO - DAG(s) dict_keys(['example_branch_operator']) retrieved from /home/airflow/.local/lib/python3.6/site-packages/airflow/example_dags/example_branch_operator.py
[2023-02-14 14:21:13,908] {logging_mixin.py:104} INFO - [2023-02-14 14:21:13,908] {dag.py:1833} INFO - Sync 1 DAGs
[2023-02-14 14:21:13,922] {logging_mixin.py:104} INFO - [2023-02-14 14:21:13,922] {dag.py:2306} INFO - Setting next_dagrun for example_branch_operator to 2023-02-12 00:00:00+00:00
[2023-02-14 14:21:13,930] {scheduler_job.py:190} INFO - Processing /home/airflow/.local/lib/python3.6/site-packages/airflow/example_dags/example_branch_operator.py took 0.056 seconds
[2023-02-14 14:21:44,088] {scheduler_job.py:182} INFO - Started process (PID=1935) to work on /home/airflow/.local/lib/python3.6/site-packages/airflow/example_dags/example_branch_operator.py
[2023-02-14 14:21:44,089] {scheduler_job.py:633} INFO - Processing file /home/airflow/.local/lib/python3.6/site-packages/airflow/example_dags/example_branch_operator.py for tasks to queue
[2023-02-14 14:21:44,089] {logging_mixin.py:104} INFO - [2023-02-14 14:21:44,089] {dagbag.py:496} INFO - Filling up the DagBag from /home/airflow/.local/lib/python3.6/site-packages/airflow/example_dags/example_branch_operator.py
[2023-02-14 14:21:44,103] {scheduler_job.py:643} INFO - DAG(s) dict_keys(['example_branch_operator']) retrieved from /home/airflow/.local/lib/python3.6/site-packages/airflow/example_dags/example_branch_operator.py
[2023-02-14 14:21:44,119] {logging_mixin.py:104} INFO - [2023-02-14 14:21:44,119] {dag.py:1833} INFO - Sync 1 DAGs
[2023-02-14 14:21:44,132] {logging_mixin.py:104} INFO - [2023-02-14 14:21:44,132] {dag.py:2306} INFO - Setting next_dagrun for example_branch_operator to 2023-02-12 00:00:00+00:00
[2023-02-14 14:21:44,139] {scheduler_job.py:190} INFO - Processing /home/airflow/.local/lib/python3.6/site-packages/airflow/example_dags/example_branch_operator.py took 0.053 seconds
[2023-02-14 14:22:14,233] {scheduler_job.py:182} INFO - Started process (PID=1996) to work on /home/airflow/.local/lib/python3.6/site-packages/airflow/example_dags/example_branch_operator.py
[2023-02-14 14:22:14,234] {scheduler_job.py:633} INFO - Processing file /home/airflow/.local/lib/python3.6/site-packages/airflow/example_dags/example_branch_operator.py for tasks to queue
[2023-02-14 14:22:14,234] {logging_mixin.py:104} INFO - [2023-02-14 14:22:14,234] {dagbag.py:496} INFO - Filling up the DagBag from /home/airflow/.local/lib/python3.6/site-packages/airflow/example_dags/example_branch_operator.py
[2023-02-14 14:22:14,248] {scheduler_job.py:643} INFO - DAG(s) dict_keys(['example_branch_operator']) retrieved from /home/airflow/.local/lib/python3.6/site-packages/airflow/example_dags/example_branch_operator.py
[2023-02-14 14:22:14,268] {logging_mixin.py:104} INFO - [2023-02-14 14:22:14,268] {dag.py:1833} INFO - Sync 1 DAGs
[2023-02-14 14:22:14,286] {logging_mixin.py:104} INFO - [2023-02-14 14:22:14,286] {dag.py:2306} INFO - Setting next_dagrun for example_branch_operator to 2023-02-12 00:00:00+00:00
[2023-02-14 14:22:14,294] {scheduler_job.py:190} INFO - Processing /home/airflow/.local/lib/python3.6/site-packages/airflow/example_dags/example_branch_operator.py took 0.063 seconds
[2023-02-14 14:22:44,327] {scheduler_job.py:182} INFO - Started process (PID=2054) to work on /home/airflow/.local/lib/python3.6/site-packages/airflow/example_dags/example_branch_operator.py
[2023-02-14 14:22:44,328] {scheduler_job.py:633} INFO - Processing file /home/airflow/.local/lib/python3.6/site-packages/airflow/example_dags/example_branch_operator.py for tasks to queue
[2023-02-14 14:22:44,329] {logging_mixin.py:104} INFO - [2023-02-14 14:22:44,328] {dagbag.py:496} INFO - Filling up the DagBag from /home/airflow/.local/lib/python3.6/site-packages/airflow/example_dags/example_branch_operator.py
[2023-02-14 14:22:44,341] {scheduler_job.py:643} INFO - DAG(s) dict_keys(['example_branch_operator']) retrieved from /home/airflow/.local/lib/python3.6/site-packages/airflow/example_dags/example_branch_operator.py
[2023-02-14 14:22:44,359] {logging_mixin.py:104} INFO - [2023-02-14 14:22:44,359] {dag.py:1833} INFO - Sync 1 DAGs
[2023-02-14 14:22:44,373] {logging_mixin.py:104} INFO - [2023-02-14 14:22:44,373] {dag.py:2306} INFO - Setting next_dagrun for example_branch_operator to 2023-02-12 00:00:00+00:00
[2023-02-14 14:22:44,381] {scheduler_job.py:190} INFO - Processing /home/airflow/.local/lib/python3.6/site-packages/airflow/example_dags/example_branch_operator.py took 0.056 seconds
[2023-02-14 14:23:14,709] {scheduler_job.py:182} INFO - Started process (PID=2108) to work on /home/airflow/.local/lib/python3.6/site-packages/airflow/example_dags/example_branch_operator.py
[2023-02-14 14:23:14,710] {scheduler_job.py:633} INFO - Processing file /home/airflow/.local/lib/python3.6/site-packages/airflow/example_dags/example_branch_operator.py for tasks to queue
[2023-02-14 14:23:14,710] {logging_mixin.py:104} INFO - [2023-02-14 14:23:14,710] {dagbag.py:496} INFO - Filling up the DagBag from /home/airflow/.local/lib/python3.6/site-packages/airflow/example_dags/example_branch_operator.py
[2023-02-14 14:23:14,724] {scheduler_job.py:643} INFO - DAG(s) dict_keys(['example_branch_operator']) retrieved from /home/airflow/.local/lib/python3.6/site-packages/airflow/example_dags/example_branch_operator.py
[2023-02-14 14:23:14,773] {logging_mixin.py:104} INFO - [2023-02-14 14:23:14,772] {dag.py:1833} INFO - Sync 1 DAGs
[2023-02-14 14:23:14,789] {logging_mixin.py:104} INFO - [2023-02-14 14:23:14,788] {dag.py:2306} INFO - Setting next_dagrun for example_branch_operator to 2023-02-12 00:00:00+00:00
[2023-02-14 14:23:14,796] {scheduler_job.py:190} INFO - Processing /home/airflow/.local/lib/python3.6/site-packages/airflow/example_dags/example_branch_operator.py took 0.089 seconds
[2023-02-14 14:23:45,267] {scheduler_job.py:182} INFO - Started process (PID=2159) to work on /home/airflow/.local/lib/python3.6/site-packages/airflow/example_dags/example_branch_operator.py
[2023-02-14 14:23:45,267] {scheduler_job.py:633} INFO - Processing file /home/airflow/.local/lib/python3.6/site-packages/airflow/example_dags/example_branch_operator.py for tasks to queue
[2023-02-14 14:23:45,268] {logging_mixin.py:104} INFO - [2023-02-14 14:23:45,268] {dagbag.py:496} INFO - Filling up the DagBag from /home/airflow/.local/lib/python3.6/site-packages/airflow/example_dags/example_branch_operator.py
[2023-02-14 14:23:45,281] {scheduler_job.py:643} INFO - DAG(s) dict_keys(['example_branch_operator']) retrieved from /home/airflow/.local/lib/python3.6/site-packages/airflow/example_dags/example_branch_operator.py
[2023-02-14 14:23:45,298] {logging_mixin.py:104} INFO - [2023-02-14 14:23:45,298] {dag.py:1833} INFO - Sync 1 DAGs
[2023-02-14 14:23:45,312] {logging_mixin.py:104} INFO - [2023-02-14 14:23:45,311] {dag.py:2306} INFO - Setting next_dagrun for example_branch_operator to 2023-02-12 00:00:00+00:00
[2023-02-14 14:23:45,319] {scheduler_job.py:190} INFO - Processing /home/airflow/.local/lib/python3.6/site-packages/airflow/example_dags/example_branch_operator.py took 0.055 seconds
[2023-02-14 14:24:15,435] {scheduler_job.py:182} INFO - Started process (PID=2220) to work on /home/airflow/.local/lib/python3.6/site-packages/airflow/example_dags/example_branch_operator.py
[2023-02-14 14:24:15,436] {scheduler_job.py:633} INFO - Processing file /home/airflow/.local/lib/python3.6/site-packages/airflow/example_dags/example_branch_operator.py for tasks to queue
[2023-02-14 14:24:15,436] {logging_mixin.py:104} INFO - [2023-02-14 14:24:15,436] {dagbag.py:496} INFO - Filling up the DagBag from /home/airflow/.local/lib/python3.6/site-packages/airflow/example_dags/example_branch_operator.py
[2023-02-14 14:24:15,449] {scheduler_job.py:643} INFO - DAG(s) dict_keys(['example_branch_operator']) retrieved from /home/airflow/.local/lib/python3.6/site-packages/airflow/example_dags/example_branch_operator.py
[2023-02-14 14:24:15,469] {logging_mixin.py:104} INFO - [2023-02-14 14:24:15,469] {dag.py:1833} INFO - Sync 1 DAGs
[2023-02-14 14:24:15,487] {logging_mixin.py:104} INFO - [2023-02-14 14:24:15,487] {dag.py:2306} INFO - Setting next_dagrun for example_branch_operator to 2023-02-12 00:00:00+00:00
[2023-02-14 14:24:15,496] {scheduler_job.py:190} INFO - Processing /home/airflow/.local/lib/python3.6/site-packages/airflow/example_dags/example_branch_operator.py took 0.063 seconds
[2023-02-14 14:24:45,539] {scheduler_job.py:182} INFO - Started process (PID=2270) to work on /home/airflow/.local/lib/python3.6/site-packages/airflow/example_dags/example_branch_operator.py
[2023-02-14 14:24:45,540] {scheduler_job.py:633} INFO - Processing file /home/airflow/.local/lib/python3.6/site-packages/airflow/example_dags/example_branch_operator.py for tasks to queue
[2023-02-14 14:24:45,540] {logging_mixin.py:104} INFO - [2023-02-14 14:24:45,540] {dagbag.py:496} INFO - Filling up the DagBag from /home/airflow/.local/lib/python3.6/site-packages/airflow/example_dags/example_branch_operator.py
[2023-02-14 14:24:45,555] {scheduler_job.py:643} INFO - DAG(s) dict_keys(['example_branch_operator']) retrieved from /home/airflow/.local/lib/python3.6/site-packages/airflow/example_dags/example_branch_operator.py
[2023-02-14 14:24:45,574] {logging_mixin.py:104} INFO - [2023-02-14 14:24:45,574] {dag.py:1833} INFO - Sync 1 DAGs
[2023-02-14 14:24:45,590] {logging_mixin.py:104} INFO - [2023-02-14 14:24:45,590] {dag.py:2306} INFO - Setting next_dagrun for example_branch_operator to 2023-02-12 00:00:00+00:00
[2023-02-14 14:24:45,599] {scheduler_job.py:190} INFO - Processing /home/airflow/.local/lib/python3.6/site-packages/airflow/example_dags/example_branch_operator.py took 0.062 seconds
[2023-02-14 14:25:15,717] {scheduler_job.py:182} INFO - Started process (PID=2331) to work on /home/airflow/.local/lib/python3.6/site-packages/airflow/example_dags/example_branch_operator.py
[2023-02-14 14:25:15,718] {scheduler_job.py:633} INFO - Processing file /home/airflow/.local/lib/python3.6/site-packages/airflow/example_dags/example_branch_operator.py for tasks to queue
[2023-02-14 14:25:15,718] {logging_mixin.py:104} INFO - [2023-02-14 14:25:15,718] {dagbag.py:496} INFO - Filling up the DagBag from /home/airflow/.local/lib/python3.6/site-packages/airflow/example_dags/example_branch_operator.py
[2023-02-14 14:25:15,731] {scheduler_job.py:643} INFO - DAG(s) dict_keys(['example_branch_operator']) retrieved from /home/airflow/.local/lib/python3.6/site-packages/airflow/example_dags/example_branch_operator.py
[2023-02-14 14:25:15,748] {logging_mixin.py:104} INFO - [2023-02-14 14:25:15,748] {dag.py:1833} INFO - Sync 1 DAGs
[2023-02-14 14:25:15,762] {logging_mixin.py:104} INFO - [2023-02-14 14:25:15,762] {dag.py:2306} INFO - Setting next_dagrun for example_branch_operator to 2023-02-12 00:00:00+00:00
[2023-02-14 14:25:15,770] {scheduler_job.py:190} INFO - Processing /home/airflow/.local/lib/python3.6/site-packages/airflow/example_dags/example_branch_operator.py took 0.055 seconds
[2023-02-14 14:25:45,805] {scheduler_job.py:182} INFO - Started process (PID=2382) to work on /home/airflow/.local/lib/python3.6/site-packages/airflow/example_dags/example_branch_operator.py
[2023-02-14 14:25:45,806] {scheduler_job.py:633} INFO - Processing file /home/airflow/.local/lib/python3.6/site-packages/airflow/example_dags/example_branch_operator.py for tasks to queue
[2023-02-14 14:25:45,806] {logging_mixin.py:104} INFO - [2023-02-14 14:25:45,806] {dagbag.py:496} INFO - Filling up the DagBag from /home/airflow/.local/lib/python3.6/site-packages/airflow/example_dags/example_branch_operator.py
[2023-02-14 14:25:45,819] {scheduler_job.py:643} INFO - DAG(s) dict_keys(['example_branch_operator']) retrieved from /home/airflow/.local/lib/python3.6/site-packages/airflow/example_dags/example_branch_operator.py
[2023-02-14 14:25:45,836] {logging_mixin.py:104} INFO - [2023-02-14 14:25:45,836] {dag.py:1833} INFO - Sync 1 DAGs
[2023-02-14 14:25:45,850] {logging_mixin.py:104} INFO - [2023-02-14 14:25:45,849] {dag.py:2306} INFO - Setting next_dagrun for example_branch_operator to 2023-02-12 00:00:00+00:00
[2023-02-14 14:25:45,858] {scheduler_job.py:190} INFO - Processing /home/airflow/.local/lib/python3.6/site-packages/airflow/example_dags/example_branch_operator.py took 0.056 seconds
[2023-02-14 14:26:16,130] {scheduler_job.py:182} INFO - Started process (PID=2443) to work on /home/airflow/.local/lib/python3.6/site-packages/airflow/example_dags/example_branch_operator.py
[2023-02-14 14:26:16,132] {scheduler_job.py:633} INFO - Processing file /home/airflow/.local/lib/python3.6/site-packages/airflow/example_dags/example_branch_operator.py for tasks to queue
[2023-02-14 14:26:16,133] {logging_mixin.py:104} INFO - [2023-02-14 14:26:16,133] {dagbag.py:496} INFO - Filling up the DagBag from /home/airflow/.local/lib/python3.6/site-packages/airflow/example_dags/example_branch_operator.py
[2023-02-14 14:26:16,145] {scheduler_job.py:643} INFO - DAG(s) dict_keys(['example_branch_operator']) retrieved from /home/airflow/.local/lib/python3.6/site-packages/airflow/example_dags/example_branch_operator.py
[2023-02-14 14:26:16,166] {logging_mixin.py:104} INFO - [2023-02-14 14:26:16,166] {dag.py:1833} INFO - Sync 1 DAGs
[2023-02-14 14:26:16,183] {logging_mixin.py:104} INFO - [2023-02-14 14:26:16,183] {dag.py:2306} INFO - Setting next_dagrun for example_branch_operator to 2023-02-12 00:00:00+00:00
[2023-02-14 14:26:16,191] {scheduler_job.py:190} INFO - Processing /home/airflow/.local/lib/python3.6/site-packages/airflow/example_dags/example_branch_operator.py took 0.064 seconds
[2023-02-14 14:26:46,726] {scheduler_job.py:182} INFO - Started process (PID=2494) to work on /home/airflow/.local/lib/python3.6/site-packages/airflow/example_dags/example_branch_operator.py
[2023-02-14 14:26:46,727] {scheduler_job.py:633} INFO - Processing file /home/airflow/.local/lib/python3.6/site-packages/airflow/example_dags/example_branch_operator.py for tasks to queue
[2023-02-14 14:26:46,727] {logging_mixin.py:104} INFO - [2023-02-14 14:26:46,727] {dagbag.py:496} INFO - Filling up the DagBag from /home/airflow/.local/lib/python3.6/site-packages/airflow/example_dags/example_branch_operator.py
[2023-02-14 14:26:46,739] {scheduler_job.py:643} INFO - DAG(s) dict_keys(['example_branch_operator']) retrieved from /home/airflow/.local/lib/python3.6/site-packages/airflow/example_dags/example_branch_operator.py
[2023-02-14 14:26:46,758] {logging_mixin.py:104} INFO - [2023-02-14 14:26:46,758] {dag.py:1833} INFO - Sync 1 DAGs
[2023-02-14 14:26:46,772] {logging_mixin.py:104} INFO - [2023-02-14 14:26:46,772] {dag.py:2306} INFO - Setting next_dagrun for example_branch_operator to 2023-02-12 00:00:00+00:00
[2023-02-14 14:26:46,780] {scheduler_job.py:190} INFO - Processing /home/airflow/.local/lib/python3.6/site-packages/airflow/example_dags/example_branch_operator.py took 0.056 seconds
[2023-02-14 14:27:17,225] {scheduler_job.py:182} INFO - Started process (PID=2555) to work on /home/airflow/.local/lib/python3.6/site-packages/airflow/example_dags/example_branch_operator.py
[2023-02-14 14:27:17,226] {scheduler_job.py:633} INFO - Processing file /home/airflow/.local/lib/python3.6/site-packages/airflow/example_dags/example_branch_operator.py for tasks to queue
[2023-02-14 14:27:17,227] {logging_mixin.py:104} INFO - [2023-02-14 14:27:17,226] {dagbag.py:496} INFO - Filling up the DagBag from /home/airflow/.local/lib/python3.6/site-packages/airflow/example_dags/example_branch_operator.py
[2023-02-14 14:27:17,270] {scheduler_job.py:643} INFO - DAG(s) dict_keys(['example_branch_operator']) retrieved from /home/airflow/.local/lib/python3.6/site-packages/airflow/example_dags/example_branch_operator.py
[2023-02-14 14:27:17,293] {logging_mixin.py:104} INFO - [2023-02-14 14:27:17,293] {dag.py:1833} INFO - Sync 1 DAGs
[2023-02-14 14:27:17,366] {logging_mixin.py:104} INFO - [2023-02-14 14:27:17,366] {dag.py:2306} INFO - Setting next_dagrun for example_branch_operator to 2023-02-12 00:00:00+00:00
[2023-02-14 14:27:17,374] {scheduler_job.py:190} INFO - Processing /home/airflow/.local/lib/python3.6/site-packages/airflow/example_dags/example_branch_operator.py took 0.152 seconds
[2023-02-14 14:27:47,409] {scheduler_job.py:182} INFO - Started process (PID=2606) to work on /home/airflow/.local/lib/python3.6/site-packages/airflow/example_dags/example_branch_operator.py
[2023-02-14 14:27:47,410] {scheduler_job.py:633} INFO - Processing file /home/airflow/.local/lib/python3.6/site-packages/airflow/example_dags/example_branch_operator.py for tasks to queue
[2023-02-14 14:27:47,410] {logging_mixin.py:104} INFO - [2023-02-14 14:27:47,410] {dagbag.py:496} INFO - Filling up the DagBag from /home/airflow/.local/lib/python3.6/site-packages/airflow/example_dags/example_branch_operator.py
[2023-02-14 14:27:47,422] {scheduler_job.py:643} INFO - DAG(s) dict_keys(['example_branch_operator']) retrieved from /home/airflow/.local/lib/python3.6/site-packages/airflow/example_dags/example_branch_operator.py
[2023-02-14 14:27:47,437] {logging_mixin.py:104} INFO - [2023-02-14 14:27:47,437] {dag.py:1833} INFO - Sync 1 DAGs
[2023-02-14 14:27:47,452] {logging_mixin.py:104} INFO - [2023-02-14 14:27:47,452] {dag.py:2306} INFO - Setting next_dagrun for example_branch_operator to 2023-02-12 00:00:00+00:00
[2023-02-14 14:27:47,459] {scheduler_job.py:190} INFO - Processing /home/airflow/.local/lib/python3.6/site-packages/airflow/example_dags/example_branch_operator.py took 0.052 seconds
[2023-02-14 14:28:17,636] {scheduler_job.py:182} INFO - Started process (PID=2667) to work on /home/airflow/.local/lib/python3.6/site-packages/airflow/example_dags/example_branch_operator.py
[2023-02-14 14:28:17,637] {scheduler_job.py:633} INFO - Processing file /home/airflow/.local/lib/python3.6/site-packages/airflow/example_dags/example_branch_operator.py for tasks to queue
[2023-02-14 14:28:17,637] {logging_mixin.py:104} INFO - [2023-02-14 14:28:17,637] {dagbag.py:496} INFO - Filling up the DagBag from /home/airflow/.local/lib/python3.6/site-packages/airflow/example_dags/example_branch_operator.py
[2023-02-14 14:28:17,649] {scheduler_job.py:643} INFO - DAG(s) dict_keys(['example_branch_operator']) retrieved from /home/airflow/.local/lib/python3.6/site-packages/airflow/example_dags/example_branch_operator.py
[2023-02-14 14:28:17,669] {logging_mixin.py:104} INFO - [2023-02-14 14:28:17,669] {dag.py:1833} INFO - Sync 1 DAGs
[2023-02-14 14:28:17,685] {logging_mixin.py:104} INFO - [2023-02-14 14:28:17,684] {dag.py:2306} INFO - Setting next_dagrun for example_branch_operator to 2023-02-12 00:00:00+00:00
[2023-02-14 14:28:17,692] {scheduler_job.py:190} INFO - Processing /home/airflow/.local/lib/python3.6/site-packages/airflow/example_dags/example_branch_operator.py took 0.058 seconds
[2023-02-14 14:28:47,911] {scheduler_job.py:182} INFO - Started process (PID=2719) to work on /home/airflow/.local/lib/python3.6/site-packages/airflow/example_dags/example_branch_operator.py
[2023-02-14 14:28:47,912] {scheduler_job.py:633} INFO - Processing file /home/airflow/.local/lib/python3.6/site-packages/airflow/example_dags/example_branch_operator.py for tasks to queue
[2023-02-14 14:28:47,912] {logging_mixin.py:104} INFO - [2023-02-14 14:28:47,912] {dagbag.py:496} INFO - Filling up the DagBag from /home/airflow/.local/lib/python3.6/site-packages/airflow/example_dags/example_branch_operator.py
[2023-02-14 14:28:47,925] {scheduler_job.py:643} INFO - DAG(s) dict_keys(['example_branch_operator']) retrieved from /home/airflow/.local/lib/python3.6/site-packages/airflow/example_dags/example_branch_operator.py
[2023-02-14 14:28:47,942] {logging_mixin.py:104} INFO - [2023-02-14 14:28:47,942] {dag.py:1833} INFO - Sync 1 DAGs
[2023-02-14 14:28:47,955] {logging_mixin.py:104} INFO - [2023-02-14 14:28:47,955] {dag.py:2306} INFO - Setting next_dagrun for example_branch_operator to 2023-02-12 00:00:00+00:00
[2023-02-14 14:28:47,962] {scheduler_job.py:190} INFO - Processing /home/airflow/.local/lib/python3.6/site-packages/airflow/example_dags/example_branch_operator.py took 0.053 seconds
[2023-02-14 14:29:18,367] {scheduler_job.py:182} INFO - Started process (PID=2780) to work on /home/airflow/.local/lib/python3.6/site-packages/airflow/example_dags/example_branch_operator.py
[2023-02-14 14:29:18,368] {scheduler_job.py:633} INFO - Processing file /home/airflow/.local/lib/python3.6/site-packages/airflow/example_dags/example_branch_operator.py for tasks to queue
[2023-02-14 14:29:18,369] {logging_mixin.py:104} INFO - [2023-02-14 14:29:18,369] {dagbag.py:496} INFO - Filling up the DagBag from /home/airflow/.local/lib/python3.6/site-packages/airflow/example_dags/example_branch_operator.py
[2023-02-14 14:29:18,384] {scheduler_job.py:643} INFO - DAG(s) dict_keys(['example_branch_operator']) retrieved from /home/airflow/.local/lib/python3.6/site-packages/airflow/example_dags/example_branch_operator.py
[2023-02-14 14:29:18,406] {logging_mixin.py:104} INFO - [2023-02-14 14:29:18,406] {dag.py:1833} INFO - Sync 1 DAGs
[2023-02-14 14:29:18,426] {logging_mixin.py:104} INFO - [2023-02-14 14:29:18,426] {dag.py:2306} INFO - Setting next_dagrun for example_branch_operator to 2023-02-12 00:00:00+00:00
[2023-02-14 14:29:18,435] {scheduler_job.py:190} INFO - Processing /home/airflow/.local/lib/python3.6/site-packages/airflow/example_dags/example_branch_operator.py took 0.070 seconds
[2023-02-14 14:29:49,388] {scheduler_job.py:182} INFO - Started process (PID=2840) to work on /home/airflow/.local/lib/python3.6/site-packages/airflow/example_dags/example_branch_operator.py
[2023-02-14 14:29:49,388] {scheduler_job.py:633} INFO - Processing file /home/airflow/.local/lib/python3.6/site-packages/airflow/example_dags/example_branch_operator.py for tasks to queue
[2023-02-14 14:29:49,389] {logging_mixin.py:104} INFO - [2023-02-14 14:29:49,389] {dagbag.py:496} INFO - Filling up the DagBag from /home/airflow/.local/lib/python3.6/site-packages/airflow/example_dags/example_branch_operator.py
[2023-02-14 14:29:49,401] {scheduler_job.py:643} INFO - DAG(s) dict_keys(['example_branch_operator']) retrieved from /home/airflow/.local/lib/python3.6/site-packages/airflow/example_dags/example_branch_operator.py
[2023-02-14 14:29:49,417] {logging_mixin.py:104} INFO - [2023-02-14 14:29:49,417] {dag.py:1833} INFO - Sync 1 DAGs
[2023-02-14 14:29:49,431] {logging_mixin.py:104} INFO - [2023-02-14 14:29:49,431] {dag.py:2306} INFO - Setting next_dagrun for example_branch_operator to 2023-02-12 00:00:00+00:00
[2023-02-14 14:29:49,438] {scheduler_job.py:190} INFO - Processing /home/airflow/.local/lib/python3.6/site-packages/airflow/example_dags/example_branch_operator.py took 0.052 seconds
[2023-02-14 14:30:19,730] {scheduler_job.py:182} INFO - Started process (PID=2892) to work on /home/airflow/.local/lib/python3.6/site-packages/airflow/example_dags/example_branch_operator.py
[2023-02-14 14:30:19,730] {scheduler_job.py:633} INFO - Processing file /home/airflow/.local/lib/python3.6/site-packages/airflow/example_dags/example_branch_operator.py for tasks to queue
[2023-02-14 14:30:19,731] {logging_mixin.py:104} INFO - [2023-02-14 14:30:19,731] {dagbag.py:496} INFO - Filling up the DagBag from /home/airflow/.local/lib/python3.6/site-packages/airflow/example_dags/example_branch_operator.py
[2023-02-14 14:30:19,742] {scheduler_job.py:643} INFO - DAG(s) dict_keys(['example_branch_operator']) retrieved from /home/airflow/.local/lib/python3.6/site-packages/airflow/example_dags/example_branch_operator.py
[2023-02-14 14:30:19,758] {logging_mixin.py:104} INFO - [2023-02-14 14:30:19,758] {dag.py:1833} INFO - Sync 1 DAGs
[2023-02-14 14:30:19,772] {logging_mixin.py:104} INFO - [2023-02-14 14:30:19,772] {dag.py:2306} INFO - Setting next_dagrun for example_branch_operator to 2023-02-12 00:00:00+00:00
[2023-02-14 14:30:19,780] {scheduler_job.py:190} INFO - Processing /home/airflow/.local/lib/python3.6/site-packages/airflow/example_dags/example_branch_operator.py took 0.053 seconds
[2023-02-14 14:30:50,004] {scheduler_job.py:182} INFO - Started process (PID=2953) to work on /home/airflow/.local/lib/python3.6/site-packages/airflow/example_dags/example_branch_operator.py
[2023-02-14 14:30:50,005] {scheduler_job.py:633} INFO - Processing file /home/airflow/.local/lib/python3.6/site-packages/airflow/example_dags/example_branch_operator.py for tasks to queue
[2023-02-14 14:30:50,005] {logging_mixin.py:104} INFO - [2023-02-14 14:30:50,005] {dagbag.py:496} INFO - Filling up the DagBag from /home/airflow/.local/lib/python3.6/site-packages/airflow/example_dags/example_branch_operator.py
[2023-02-14 14:30:50,016] {scheduler_job.py:643} INFO - DAG(s) dict_keys(['example_branch_operator']) retrieved from /home/airflow/.local/lib/python3.6/site-packages/airflow/example_dags/example_branch_operator.py
[2023-02-14 14:30:50,034] {logging_mixin.py:104} INFO - [2023-02-14 14:30:50,033] {dag.py:1833} INFO - Sync 1 DAGs
[2023-02-14 14:30:50,047] {logging_mixin.py:104} INFO - [2023-02-14 14:30:50,047] {dag.py:2306} INFO - Setting next_dagrun for example_branch_operator to 2023-02-12 00:00:00+00:00
[2023-02-14 14:30:50,054] {scheduler_job.py:190} INFO - Processing /home/airflow/.local/lib/python3.6/site-packages/airflow/example_dags/example_branch_operator.py took 0.052 seconds
[2023-02-14 14:31:23,145] {scheduler_job.py:182} INFO - Started process (PID=3004) to work on /home/airflow/.local/lib/python3.6/site-packages/airflow/example_dags/example_branch_operator.py
[2023-02-14 14:31:23,146] {scheduler_job.py:633} INFO - Processing file /home/airflow/.local/lib/python3.6/site-packages/airflow/example_dags/example_branch_operator.py for tasks to queue
[2023-02-14 14:31:23,146] {logging_mixin.py:104} INFO - [2023-02-14 14:31:23,146] {dagbag.py:496} INFO - Filling up the DagBag from /home/airflow/.local/lib/python3.6/site-packages/airflow/example_dags/example_branch_operator.py
[2023-02-14 14:31:23,159] {scheduler_job.py:643} INFO - DAG(s) dict_keys(['example_branch_operator']) retrieved from /home/airflow/.local/lib/python3.6/site-packages/airflow/example_dags/example_branch_operator.py
[2023-02-14 14:31:23,177] {logging_mixin.py:104} INFO - [2023-02-14 14:31:23,177] {dag.py:1833} INFO - Sync 1 DAGs
[2023-02-14 14:31:23,193] {logging_mixin.py:104} INFO - [2023-02-14 14:31:23,193] {dag.py:2306} INFO - Setting next_dagrun for example_branch_operator to 2023-02-12 00:00:00+00:00
[2023-02-14 14:31:23,200] {scheduler_job.py:190} INFO - Processing /home/airflow/.local/lib/python3.6/site-packages/airflow/example_dags/example_branch_operator.py took 0.057 seconds
[2023-02-14 14:31:53,282] {scheduler_job.py:182} INFO - Started process (PID=3065) to work on /home/airflow/.local/lib/python3.6/site-packages/airflow/example_dags/example_branch_operator.py
[2023-02-14 14:31:53,283] {scheduler_job.py:633} INFO - Processing file /home/airflow/.local/lib/python3.6/site-packages/airflow/example_dags/example_branch_operator.py for tasks to queue
[2023-02-14 14:31:53,283] {logging_mixin.py:104} INFO - [2023-02-14 14:31:53,283] {dagbag.py:496} INFO - Filling up the DagBag from /home/airflow/.local/lib/python3.6/site-packages/airflow/example_dags/example_branch_operator.py
[2023-02-14 14:31:53,294] {scheduler_job.py:643} INFO - DAG(s) dict_keys(['example_branch_operator']) retrieved from /home/airflow/.local/lib/python3.6/site-packages/airflow/example_dags/example_branch_operator.py
[2023-02-14 14:31:53,310] {logging_mixin.py:104} INFO - [2023-02-14 14:31:53,310] {dag.py:1833} INFO - Sync 1 DAGs
[2023-02-14 14:31:53,324] {logging_mixin.py:104} INFO - [2023-02-14 14:31:53,324] {dag.py:2306} INFO - Setting next_dagrun for example_branch_operator to 2023-02-12 00:00:00+00:00
[2023-02-14 14:31:53,332] {scheduler_job.py:190} INFO - Processing /home/airflow/.local/lib/python3.6/site-packages/airflow/example_dags/example_branch_operator.py took 0.051 seconds
[2023-02-14 14:32:23,742] {scheduler_job.py:182} INFO - Started process (PID=3123) to work on /home/airflow/.local/lib/python3.6/site-packages/airflow/example_dags/example_branch_operator.py
[2023-02-14 14:32:23,742] {scheduler_job.py:633} INFO - Processing file /home/airflow/.local/lib/python3.6/site-packages/airflow/example_dags/example_branch_operator.py for tasks to queue
[2023-02-14 14:32:23,743] {logging_mixin.py:104} INFO - [2023-02-14 14:32:23,743] {dagbag.py:496} INFO - Filling up the DagBag from /home/airflow/.local/lib/python3.6/site-packages/airflow/example_dags/example_branch_operator.py
[2023-02-14 14:32:23,754] {scheduler_job.py:643} INFO - DAG(s) dict_keys(['example_branch_operator']) retrieved from /home/airflow/.local/lib/python3.6/site-packages/airflow/example_dags/example_branch_operator.py
[2023-02-14 14:32:23,771] {logging_mixin.py:104} INFO - [2023-02-14 14:32:23,771] {dag.py:1833} INFO - Sync 1 DAGs
[2023-02-14 14:32:23,785] {logging_mixin.py:104} INFO - [2023-02-14 14:32:23,785] {dag.py:2306} INFO - Setting next_dagrun for example_branch_operator to 2023-02-12 00:00:00+00:00
[2023-02-14 14:32:23,792] {scheduler_job.py:190} INFO - Processing /home/airflow/.local/lib/python3.6/site-packages/airflow/example_dags/example_branch_operator.py took 0.052 seconds
[2023-02-14 14:32:53,927] {scheduler_job.py:182} INFO - Started process (PID=3177) to work on /home/airflow/.local/lib/python3.6/site-packages/airflow/example_dags/example_branch_operator.py
[2023-02-14 14:32:53,928] {scheduler_job.py:633} INFO - Processing file /home/airflow/.local/lib/python3.6/site-packages/airflow/example_dags/example_branch_operator.py for tasks to queue
[2023-02-14 14:32:53,928] {logging_mixin.py:104} INFO - [2023-02-14 14:32:53,928] {dagbag.py:496} INFO - Filling up the DagBag from /home/airflow/.local/lib/python3.6/site-packages/airflow/example_dags/example_branch_operator.py
[2023-02-14 14:32:53,940] {scheduler_job.py:643} INFO - DAG(s) dict_keys(['example_branch_operator']) retrieved from /home/airflow/.local/lib/python3.6/site-packages/airflow/example_dags/example_branch_operator.py
[2023-02-14 14:32:53,958] {logging_mixin.py:104} INFO - [2023-02-14 14:32:53,957] {dag.py:1833} INFO - Sync 1 DAGs
[2023-02-14 14:32:53,975] {logging_mixin.py:104} INFO - [2023-02-14 14:32:53,975] {dag.py:2306} INFO - Setting next_dagrun for example_branch_operator to 2023-02-12 00:00:00+00:00
[2023-02-14 14:32:53,984] {scheduler_job.py:190} INFO - Processing /home/airflow/.local/lib/python3.6/site-packages/airflow/example_dags/example_branch_operator.py took 0.059 seconds
[2023-02-14 14:33:24,414] {scheduler_job.py:182} INFO - Started process (PID=3238) to work on /home/airflow/.local/lib/python3.6/site-packages/airflow/example_dags/example_branch_operator.py
[2023-02-14 14:33:24,415] {scheduler_job.py:633} INFO - Processing file /home/airflow/.local/lib/python3.6/site-packages/airflow/example_dags/example_branch_operator.py for tasks to queue
[2023-02-14 14:33:24,415] {logging_mixin.py:104} INFO - [2023-02-14 14:33:24,415] {dagbag.py:496} INFO - Filling up the DagBag from /home/airflow/.local/lib/python3.6/site-packages/airflow/example_dags/example_branch_operator.py
[2023-02-14 14:33:24,427] {scheduler_job.py:643} INFO - DAG(s) dict_keys(['example_branch_operator']) retrieved from /home/airflow/.local/lib/python3.6/site-packages/airflow/example_dags/example_branch_operator.py
[2023-02-14 14:33:24,443] {logging_mixin.py:104} INFO - [2023-02-14 14:33:24,443] {dag.py:1833} INFO - Sync 1 DAGs
[2023-02-14 14:33:24,461] {logging_mixin.py:104} INFO - [2023-02-14 14:33:24,461] {dag.py:2306} INFO - Setting next_dagrun for example_branch_operator to 2023-02-12 00:00:00+00:00
[2023-02-14 14:33:24,468] {scheduler_job.py:190} INFO - Processing /home/airflow/.local/lib/python3.6/site-packages/airflow/example_dags/example_branch_operator.py took 0.056 seconds
[2023-02-14 14:33:54,694] {scheduler_job.py:182} INFO - Started process (PID=3289) to work on /home/airflow/.local/lib/python3.6/site-packages/airflow/example_dags/example_branch_operator.py
[2023-02-14 14:33:54,695] {scheduler_job.py:633} INFO - Processing file /home/airflow/.local/lib/python3.6/site-packages/airflow/example_dags/example_branch_operator.py for tasks to queue
[2023-02-14 14:33:54,695] {logging_mixin.py:104} INFO - [2023-02-14 14:33:54,695] {dagbag.py:496} INFO - Filling up the DagBag from /home/airflow/.local/lib/python3.6/site-packages/airflow/example_dags/example_branch_operator.py
[2023-02-14 14:33:54,706] {scheduler_job.py:643} INFO - DAG(s) dict_keys(['example_branch_operator']) retrieved from /home/airflow/.local/lib/python3.6/site-packages/airflow/example_dags/example_branch_operator.py
[2023-02-14 14:33:54,722] {logging_mixin.py:104} INFO - [2023-02-14 14:33:54,722] {dag.py:1833} INFO - Sync 1 DAGs
[2023-02-14 14:33:54,736] {logging_mixin.py:104} INFO - [2023-02-14 14:33:54,736] {dag.py:2306} INFO - Setting next_dagrun for example_branch_operator to 2023-02-12 00:00:00+00:00
[2023-02-14 14:33:54,743] {scheduler_job.py:190} INFO - Processing /home/airflow/.local/lib/python3.6/site-packages/airflow/example_dags/example_branch_operator.py took 0.051 seconds
[2023-02-14 14:34:25,711] {scheduler_job.py:182} INFO - Started process (PID=3350) to work on /home/airflow/.local/lib/python3.6/site-packages/airflow/example_dags/example_branch_operator.py
[2023-02-14 14:34:25,711] {scheduler_job.py:633} INFO - Processing file /home/airflow/.local/lib/python3.6/site-packages/airflow/example_dags/example_branch_operator.py for tasks to queue
[2023-02-14 14:34:25,712] {logging_mixin.py:104} INFO - [2023-02-14 14:34:25,712] {dagbag.py:496} INFO - Filling up the DagBag from /home/airflow/.local/lib/python3.6/site-packages/airflow/example_dags/example_branch_operator.py
[2023-02-14 14:34:25,724] {scheduler_job.py:643} INFO - DAG(s) dict_keys(['example_branch_operator']) retrieved from /home/airflow/.local/lib/python3.6/site-packages/airflow/example_dags/example_branch_operator.py
[2023-02-14 14:34:25,742] {logging_mixin.py:104} INFO - [2023-02-14 14:34:25,742] {dag.py:1833} INFO - Sync 1 DAGs
[2023-02-14 14:34:25,767] {logging_mixin.py:104} INFO - [2023-02-14 14:34:25,767] {dag.py:2306} INFO - Setting next_dagrun for example_branch_operator to 2023-02-12 00:00:00+00:00
[2023-02-14 14:34:25,775] {scheduler_job.py:190} INFO - Processing /home/airflow/.local/lib/python3.6/site-packages/airflow/example_dags/example_branch_operator.py took 0.067 seconds
[2023-02-14 14:34:56,067] {scheduler_job.py:182} INFO - Started process (PID=3401) to work on /home/airflow/.local/lib/python3.6/site-packages/airflow/example_dags/example_branch_operator.py
[2023-02-14 14:34:56,068] {scheduler_job.py:633} INFO - Processing file /home/airflow/.local/lib/python3.6/site-packages/airflow/example_dags/example_branch_operator.py for tasks to queue
[2023-02-14 14:34:56,069] {logging_mixin.py:104} INFO - [2023-02-14 14:34:56,069] {dagbag.py:496} INFO - Filling up the DagBag from /home/airflow/.local/lib/python3.6/site-packages/airflow/example_dags/example_branch_operator.py
[2023-02-14 14:34:56,083] {scheduler_job.py:643} INFO - DAG(s) dict_keys(['example_branch_operator']) retrieved from /home/airflow/.local/lib/python3.6/site-packages/airflow/example_dags/example_branch_operator.py
[2023-02-14 14:34:56,105] {logging_mixin.py:104} INFO - [2023-02-14 14:34:56,105] {dag.py:1833} INFO - Sync 1 DAGs
[2023-02-14 14:34:56,163] {logging_mixin.py:104} INFO - [2023-02-14 14:34:56,163] {dag.py:2306} INFO - Setting next_dagrun for example_branch_operator to 2023-02-12 00:00:00+00:00
[2023-02-14 14:34:56,172] {scheduler_job.py:190} INFO - Processing /home/airflow/.local/lib/python3.6/site-packages/airflow/example_dags/example_branch_operator.py took 0.107 seconds
[2023-02-14 14:35:26,568] {scheduler_job.py:182} INFO - Started process (PID=3462) to work on /home/airflow/.local/lib/python3.6/site-packages/airflow/example_dags/example_branch_operator.py
[2023-02-14 14:35:26,570] {scheduler_job.py:633} INFO - Processing file /home/airflow/.local/lib/python3.6/site-packages/airflow/example_dags/example_branch_operator.py for tasks to queue
[2023-02-14 14:35:26,570] {logging_mixin.py:104} INFO - [2023-02-14 14:35:26,570] {dagbag.py:496} INFO - Filling up the DagBag from /home/airflow/.local/lib/python3.6/site-packages/airflow/example_dags/example_branch_operator.py
[2023-02-14 14:35:26,588] {scheduler_job.py:643} INFO - DAG(s) dict_keys(['example_branch_operator']) retrieved from /home/airflow/.local/lib/python3.6/site-packages/airflow/example_dags/example_branch_operator.py
[2023-02-14 14:35:26,616] {logging_mixin.py:104} INFO - [2023-02-14 14:35:26,615] {dag.py:1833} INFO - Sync 1 DAGs
[2023-02-14 14:35:26,671] {logging_mixin.py:104} INFO - [2023-02-14 14:35:26,670] {dag.py:2306} INFO - Setting next_dagrun for example_branch_operator to 2023-02-12 00:00:00+00:00
[2023-02-14 14:35:26,686] {scheduler_job.py:190} INFO - Processing /home/airflow/.local/lib/python3.6/site-packages/airflow/example_dags/example_branch_operator.py took 0.121 seconds
[2023-02-14 14:35:57,130] {scheduler_job.py:182} INFO - Started process (PID=3513) to work on /home/airflow/.local/lib/python3.6/site-packages/airflow/example_dags/example_branch_operator.py
[2023-02-14 14:35:57,131] {scheduler_job.py:633} INFO - Processing file /home/airflow/.local/lib/python3.6/site-packages/airflow/example_dags/example_branch_operator.py for tasks to queue
[2023-02-14 14:35:57,132] {logging_mixin.py:104} INFO - [2023-02-14 14:35:57,132] {dagbag.py:496} INFO - Filling up the DagBag from /home/airflow/.local/lib/python3.6/site-packages/airflow/example_dags/example_branch_operator.py
[2023-02-14 14:35:57,143] {scheduler_job.py:643} INFO - DAG(s) dict_keys(['example_branch_operator']) retrieved from /home/airflow/.local/lib/python3.6/site-packages/airflow/example_dags/example_branch_operator.py
[2023-02-14 14:35:57,159] {logging_mixin.py:104} INFO - [2023-02-14 14:35:57,159] {dag.py:1833} INFO - Sync 1 DAGs
[2023-02-14 14:35:57,176] {logging_mixin.py:104} INFO - [2023-02-14 14:35:57,176] {dag.py:2306} INFO - Setting next_dagrun for example_branch_operator to 2023-02-12 00:00:00+00:00
[2023-02-14 14:35:57,184] {scheduler_job.py:190} INFO - Processing /home/airflow/.local/lib/python3.6/site-packages/airflow/example_dags/example_branch_operator.py took 0.056 seconds
[2023-02-14 14:36:27,672] {scheduler_job.py:182} INFO - Started process (PID=3564) to work on /home/airflow/.local/lib/python3.6/site-packages/airflow/example_dags/example_branch_operator.py
[2023-02-14 14:36:27,672] {scheduler_job.py:633} INFO - Processing file /home/airflow/.local/lib/python3.6/site-packages/airflow/example_dags/example_branch_operator.py for tasks to queue
[2023-02-14 14:36:27,673] {logging_mixin.py:104} INFO - [2023-02-14 14:36:27,673] {dagbag.py:496} INFO - Filling up the DagBag from /home/airflow/.local/lib/python3.6/site-packages/airflow/example_dags/example_branch_operator.py
[2023-02-14 14:36:27,687] {scheduler_job.py:643} INFO - DAG(s) dict_keys(['example_branch_operator']) retrieved from /home/airflow/.local/lib/python3.6/site-packages/airflow/example_dags/example_branch_operator.py
[2023-02-14 14:36:27,709] {logging_mixin.py:104} INFO - [2023-02-14 14:36:27,709] {dag.py:1833} INFO - Sync 1 DAGs
[2023-02-14 14:36:27,726] {logging_mixin.py:104} INFO - [2023-02-14 14:36:27,725] {dag.py:2306} INFO - Setting next_dagrun for example_branch_operator to 2023-02-12 00:00:00+00:00
[2023-02-14 14:36:27,733] {scheduler_job.py:190} INFO - Processing /home/airflow/.local/lib/python3.6/site-packages/airflow/example_dags/example_branch_operator.py took 0.064 seconds
[2023-02-14 14:36:58,866] {scheduler_job.py:182} INFO - Started process (PID=3625) to work on /home/airflow/.local/lib/python3.6/site-packages/airflow/example_dags/example_branch_operator.py
[2023-02-14 14:36:58,867] {scheduler_job.py:633} INFO - Processing file /home/airflow/.local/lib/python3.6/site-packages/airflow/example_dags/example_branch_operator.py for tasks to queue
[2023-02-14 14:36:58,868] {logging_mixin.py:104} INFO - [2023-02-14 14:36:58,868] {dagbag.py:496} INFO - Filling up the DagBag from /home/airflow/.local/lib/python3.6/site-packages/airflow/example_dags/example_branch_operator.py
[2023-02-14 14:36:58,970] {scheduler_job.py:643} INFO - DAG(s) dict_keys(['example_branch_operator']) retrieved from /home/airflow/.local/lib/python3.6/site-packages/airflow/example_dags/example_branch_operator.py
[2023-02-14 14:36:59,071] {logging_mixin.py:104} INFO - [2023-02-14 14:36:59,071] {dag.py:1833} INFO - Sync 1 DAGs
[2023-02-14 14:36:59,156] {logging_mixin.py:104} INFO - [2023-02-14 14:36:59,156] {dag.py:2306} INFO - Setting next_dagrun for example_branch_operator to 2023-02-12 00:00:00+00:00
[2023-02-14 14:36:59,167] {scheduler_job.py:190} INFO - Processing /home/airflow/.local/lib/python3.6/site-packages/airflow/example_dags/example_branch_operator.py took 0.303 seconds
[2023-02-14 14:37:29,633] {scheduler_job.py:182} INFO - Started process (PID=3676) to work on /home/airflow/.local/lib/python3.6/site-packages/airflow/example_dags/example_branch_operator.py
[2023-02-14 14:37:29,634] {scheduler_job.py:633} INFO - Processing file /home/airflow/.local/lib/python3.6/site-packages/airflow/example_dags/example_branch_operator.py for tasks to queue
[2023-02-14 14:37:29,635] {logging_mixin.py:104} INFO - [2023-02-14 14:37:29,635] {dagbag.py:496} INFO - Filling up the DagBag from /home/airflow/.local/lib/python3.6/site-packages/airflow/example_dags/example_branch_operator.py
[2023-02-14 14:37:29,669] {scheduler_job.py:643} INFO - DAG(s) dict_keys(['example_branch_operator']) retrieved from /home/airflow/.local/lib/python3.6/site-packages/airflow/example_dags/example_branch_operator.py
[2023-02-14 14:37:29,694] {logging_mixin.py:104} INFO - [2023-02-14 14:37:29,694] {dag.py:1833} INFO - Sync 1 DAGs
[2023-02-14 14:37:29,714] {logging_mixin.py:104} INFO - [2023-02-14 14:37:29,714] {dag.py:2306} INFO - Setting next_dagrun for example_branch_operator to 2023-02-12 00:00:00+00:00
[2023-02-14 14:37:29,762] {scheduler_job.py:190} INFO - Processing /home/airflow/.local/lib/python3.6/site-packages/airflow/example_dags/example_branch_operator.py took 0.131 seconds
[2023-02-14 14:38:00,294] {scheduler_job.py:182} INFO - Started process (PID=3737) to work on /home/airflow/.local/lib/python3.6/site-packages/airflow/example_dags/example_branch_operator.py
[2023-02-14 14:38:00,295] {scheduler_job.py:633} INFO - Processing file /home/airflow/.local/lib/python3.6/site-packages/airflow/example_dags/example_branch_operator.py for tasks to queue
[2023-02-14 14:38:00,295] {logging_mixin.py:104} INFO - [2023-02-14 14:38:00,295] {dagbag.py:496} INFO - Filling up the DagBag from /home/airflow/.local/lib/python3.6/site-packages/airflow/example_dags/example_branch_operator.py
[2023-02-14 14:38:00,308] {scheduler_job.py:643} INFO - DAG(s) dict_keys(['example_branch_operator']) retrieved from /home/airflow/.local/lib/python3.6/site-packages/airflow/example_dags/example_branch_operator.py
[2023-02-14 14:38:00,326] {logging_mixin.py:104} INFO - [2023-02-14 14:38:00,326] {dag.py:1833} INFO - Sync 1 DAGs
[2023-02-14 14:38:00,341] {logging_mixin.py:104} INFO - [2023-02-14 14:38:00,341] {dag.py:2306} INFO - Setting next_dagrun for example_branch_operator to 2023-02-12 00:00:00+00:00
[2023-02-14 14:38:00,349] {scheduler_job.py:190} INFO - Processing /home/airflow/.local/lib/python3.6/site-packages/airflow/example_dags/example_branch_operator.py took 0.057 seconds
[2023-02-14 14:38:31,391] {scheduler_job.py:182} INFO - Started process (PID=3788) to work on /home/airflow/.local/lib/python3.6/site-packages/airflow/example_dags/example_branch_operator.py
[2023-02-14 14:38:31,392] {scheduler_job.py:633} INFO - Processing file /home/airflow/.local/lib/python3.6/site-packages/airflow/example_dags/example_branch_operator.py for tasks to queue
[2023-02-14 14:38:31,393] {logging_mixin.py:104} INFO - [2023-02-14 14:38:31,392] {dagbag.py:496} INFO - Filling up the DagBag from /home/airflow/.local/lib/python3.6/site-packages/airflow/example_dags/example_branch_operator.py
[2023-02-14 14:38:31,410] {scheduler_job.py:643} INFO - DAG(s) dict_keys(['example_branch_operator']) retrieved from /home/airflow/.local/lib/python3.6/site-packages/airflow/example_dags/example_branch_operator.py
[2023-02-14 14:38:31,479] {logging_mixin.py:104} INFO - [2023-02-14 14:38:31,479] {dag.py:1833} INFO - Sync 1 DAGs
[2023-02-14 14:38:31,501] {logging_mixin.py:104} INFO - [2023-02-14 14:38:31,501] {dag.py:2306} INFO - Setting next_dagrun for example_branch_operator to 2023-02-12 00:00:00+00:00
[2023-02-14 14:38:31,514] {scheduler_job.py:190} INFO - Processing /home/airflow/.local/lib/python3.6/site-packages/airflow/example_dags/example_branch_operator.py took 0.125 seconds
[2023-02-14 14:39:02,030] {scheduler_job.py:182} INFO - Started process (PID=3849) to work on /home/airflow/.local/lib/python3.6/site-packages/airflow/example_dags/example_branch_operator.py
[2023-02-14 14:39:02,031] {scheduler_job.py:633} INFO - Processing file /home/airflow/.local/lib/python3.6/site-packages/airflow/example_dags/example_branch_operator.py for tasks to queue
[2023-02-14 14:39:02,032] {logging_mixin.py:104} INFO - [2023-02-14 14:39:02,032] {dagbag.py:496} INFO - Filling up the DagBag from /home/airflow/.local/lib/python3.6/site-packages/airflow/example_dags/example_branch_operator.py
[2023-02-14 14:39:02,065] {scheduler_job.py:643} INFO - DAG(s) dict_keys(['example_branch_operator']) retrieved from /home/airflow/.local/lib/python3.6/site-packages/airflow/example_dags/example_branch_operator.py
[2023-02-14 14:39:02,093] {logging_mixin.py:104} INFO - [2023-02-14 14:39:02,093] {dag.py:1833} INFO - Sync 1 DAGs
[2023-02-14 14:39:02,115] {logging_mixin.py:104} INFO - [2023-02-14 14:39:02,115] {dag.py:2306} INFO - Setting next_dagrun for example_branch_operator to 2023-02-12 00:00:00+00:00
[2023-02-14 14:39:02,126] {scheduler_job.py:190} INFO - Processing /home/airflow/.local/lib/python3.6/site-packages/airflow/example_dags/example_branch_operator.py took 0.099 seconds
[2023-02-14 14:39:32,258] {scheduler_job.py:182} INFO - Started process (PID=3900) to work on /home/airflow/.local/lib/python3.6/site-packages/airflow/example_dags/example_branch_operator.py
[2023-02-14 14:39:32,259] {scheduler_job.py:633} INFO - Processing file /home/airflow/.local/lib/python3.6/site-packages/airflow/example_dags/example_branch_operator.py for tasks to queue
[2023-02-14 14:39:32,260] {logging_mixin.py:104} INFO - [2023-02-14 14:39:32,260] {dagbag.py:496} INFO - Filling up the DagBag from /home/airflow/.local/lib/python3.6/site-packages/airflow/example_dags/example_branch_operator.py
[2023-02-14 14:39:32,273] {scheduler_job.py:643} INFO - DAG(s) dict_keys(['example_branch_operator']) retrieved from /home/airflow/.local/lib/python3.6/site-packages/airflow/example_dags/example_branch_operator.py
[2023-02-14 14:39:32,295] {logging_mixin.py:104} INFO - [2023-02-14 14:39:32,295] {dag.py:1833} INFO - Sync 1 DAGs
[2023-02-14 14:39:32,312] {logging_mixin.py:104} INFO - [2023-02-14 14:39:32,312] {dag.py:2306} INFO - Setting next_dagrun for example_branch_operator to 2023-02-12 00:00:00+00:00
[2023-02-14 14:39:32,320] {scheduler_job.py:190} INFO - Processing /home/airflow/.local/lib/python3.6/site-packages/airflow/example_dags/example_branch_operator.py took 0.064 seconds
[2023-02-14 14:40:02,663] {scheduler_job.py:182} INFO - Started process (PID=3961) to work on /home/airflow/.local/lib/python3.6/site-packages/airflow/example_dags/example_branch_operator.py
[2023-02-14 14:40:02,664] {scheduler_job.py:633} INFO - Processing file /home/airflow/.local/lib/python3.6/site-packages/airflow/example_dags/example_branch_operator.py for tasks to queue
[2023-02-14 14:40:02,664] {logging_mixin.py:104} INFO - [2023-02-14 14:40:02,664] {dagbag.py:496} INFO - Filling up the DagBag from /home/airflow/.local/lib/python3.6/site-packages/airflow/example_dags/example_branch_operator.py
[2023-02-14 14:40:02,678] {scheduler_job.py:643} INFO - DAG(s) dict_keys(['example_branch_operator']) retrieved from /home/airflow/.local/lib/python3.6/site-packages/airflow/example_dags/example_branch_operator.py
[2023-02-14 14:40:02,698] {logging_mixin.py:104} INFO - [2023-02-14 14:40:02,698] {dag.py:1833} INFO - Sync 1 DAGs
[2023-02-14 14:40:02,715] {logging_mixin.py:104} INFO - [2023-02-14 14:40:02,715] {dag.py:2306} INFO - Setting next_dagrun for example_branch_operator to 2023-02-12 00:00:00+00:00
[2023-02-14 14:40:02,725] {scheduler_job.py:190} INFO - Processing /home/airflow/.local/lib/python3.6/site-packages/airflow/example_dags/example_branch_operator.py took 0.065 seconds
[2023-02-14 14:40:32,920] {scheduler_job.py:182} INFO - Started process (PID=4012) to work on /home/airflow/.local/lib/python3.6/site-packages/airflow/example_dags/example_branch_operator.py
[2023-02-14 14:40:32,920] {scheduler_job.py:633} INFO - Processing file /home/airflow/.local/lib/python3.6/site-packages/airflow/example_dags/example_branch_operator.py for tasks to queue
[2023-02-14 14:40:32,921] {logging_mixin.py:104} INFO - [2023-02-14 14:40:32,921] {dagbag.py:496} INFO - Filling up the DagBag from /home/airflow/.local/lib/python3.6/site-packages/airflow/example_dags/example_branch_operator.py
[2023-02-14 14:40:32,931] {scheduler_job.py:643} INFO - DAG(s) dict_keys(['example_branch_operator']) retrieved from /home/airflow/.local/lib/python3.6/site-packages/airflow/example_dags/example_branch_operator.py
[2023-02-14 14:40:32,947] {logging_mixin.py:104} INFO - [2023-02-14 14:40:32,947] {dag.py:1833} INFO - Sync 1 DAGs
[2023-02-14 14:40:32,961] {logging_mixin.py:104} INFO - [2023-02-14 14:40:32,961] {dag.py:2306} INFO - Setting next_dagrun for example_branch_operator to 2023-02-12 00:00:00+00:00
[2023-02-14 14:40:32,968] {scheduler_job.py:190} INFO - Processing /home/airflow/.local/lib/python3.6/site-packages/airflow/example_dags/example_branch_operator.py took 0.050 seconds
[2023-02-14 14:41:03,217] {scheduler_job.py:182} INFO - Started process (PID=4073) to work on /home/airflow/.local/lib/python3.6/site-packages/airflow/example_dags/example_branch_operator.py
[2023-02-14 14:41:03,219] {scheduler_job.py:633} INFO - Processing file /home/airflow/.local/lib/python3.6/site-packages/airflow/example_dags/example_branch_operator.py for tasks to queue
[2023-02-14 14:41:03,219] {logging_mixin.py:104} INFO - [2023-02-14 14:41:03,219] {dagbag.py:496} INFO - Filling up the DagBag from /home/airflow/.local/lib/python3.6/site-packages/airflow/example_dags/example_branch_operator.py
[2023-02-14 14:41:03,236] {scheduler_job.py:643} INFO - DAG(s) dict_keys(['example_branch_operator']) retrieved from /home/airflow/.local/lib/python3.6/site-packages/airflow/example_dags/example_branch_operator.py
[2023-02-14 14:41:03,263] {logging_mixin.py:104} INFO - [2023-02-14 14:41:03,263] {dag.py:1833} INFO - Sync 1 DAGs
[2023-02-14 14:41:03,284] {logging_mixin.py:104} INFO - [2023-02-14 14:41:03,284] {dag.py:2306} INFO - Setting next_dagrun for example_branch_operator to 2023-02-12 00:00:00+00:00
[2023-02-14 14:41:03,295] {scheduler_job.py:190} INFO - Processing /home/airflow/.local/lib/python3.6/site-packages/airflow/example_dags/example_branch_operator.py took 0.082 seconds
[2023-02-14 14:41:33,634] {scheduler_job.py:182} INFO - Started process (PID=4124) to work on /home/airflow/.local/lib/python3.6/site-packages/airflow/example_dags/example_branch_operator.py
[2023-02-14 14:41:33,635] {scheduler_job.py:633} INFO - Processing file /home/airflow/.local/lib/python3.6/site-packages/airflow/example_dags/example_branch_operator.py for tasks to queue
[2023-02-14 14:41:33,635] {logging_mixin.py:104} INFO - [2023-02-14 14:41:33,635] {dagbag.py:496} INFO - Filling up the DagBag from /home/airflow/.local/lib/python3.6/site-packages/airflow/example_dags/example_branch_operator.py
[2023-02-14 14:41:33,647] {scheduler_job.py:643} INFO - DAG(s) dict_keys(['example_branch_operator']) retrieved from /home/airflow/.local/lib/python3.6/site-packages/airflow/example_dags/example_branch_operator.py
[2023-02-14 14:41:33,670] {logging_mixin.py:104} INFO - [2023-02-14 14:41:33,670] {dag.py:1833} INFO - Sync 1 DAGs
[2023-02-14 14:41:33,689] {logging_mixin.py:104} INFO - [2023-02-14 14:41:33,689] {dag.py:2306} INFO - Setting next_dagrun for example_branch_operator to 2023-02-12 00:00:00+00:00
[2023-02-14 14:41:33,699] {scheduler_job.py:190} INFO - Processing /home/airflow/.local/lib/python3.6/site-packages/airflow/example_dags/example_branch_operator.py took 0.067 seconds
[2023-02-14 14:42:03,992] {scheduler_job.py:182} INFO - Started process (PID=4185) to work on /home/airflow/.local/lib/python3.6/site-packages/airflow/example_dags/example_branch_operator.py
[2023-02-14 14:42:03,993] {scheduler_job.py:633} INFO - Processing file /home/airflow/.local/lib/python3.6/site-packages/airflow/example_dags/example_branch_operator.py for tasks to queue
[2023-02-14 14:42:03,994] {logging_mixin.py:104} INFO - [2023-02-14 14:42:03,993] {dagbag.py:496} INFO - Filling up the DagBag from /home/airflow/.local/lib/python3.6/site-packages/airflow/example_dags/example_branch_operator.py
[2023-02-14 14:42:04,006] {scheduler_job.py:643} INFO - DAG(s) dict_keys(['example_branch_operator']) retrieved from /home/airflow/.local/lib/python3.6/site-packages/airflow/example_dags/example_branch_operator.py
[2023-02-14 14:42:04,024] {logging_mixin.py:104} INFO - [2023-02-14 14:42:04,024] {dag.py:1833} INFO - Sync 1 DAGs
[2023-02-14 14:42:04,038] {logging_mixin.py:104} INFO - [2023-02-14 14:42:04,037] {dag.py:2306} INFO - Setting next_dagrun for example_branch_operator to 2023-02-12 00:00:00+00:00
[2023-02-14 14:42:04,045] {scheduler_job.py:190} INFO - Processing /home/airflow/.local/lib/python3.6/site-packages/airflow/example_dags/example_branch_operator.py took 0.054 seconds
[2023-02-14 14:42:34,776] {scheduler_job.py:182} INFO - Started process (PID=4236) to work on /home/airflow/.local/lib/python3.6/site-packages/airflow/example_dags/example_branch_operator.py
[2023-02-14 14:42:34,777] {scheduler_job.py:633} INFO - Processing file /home/airflow/.local/lib/python3.6/site-packages/airflow/example_dags/example_branch_operator.py for tasks to queue
[2023-02-14 14:42:34,778] {logging_mixin.py:104} INFO - [2023-02-14 14:42:34,777] {dagbag.py:496} INFO - Filling up the DagBag from /home/airflow/.local/lib/python3.6/site-packages/airflow/example_dags/example_branch_operator.py
[2023-02-14 14:42:34,793] {scheduler_job.py:643} INFO - DAG(s) dict_keys(['example_branch_operator']) retrieved from /home/airflow/.local/lib/python3.6/site-packages/airflow/example_dags/example_branch_operator.py
[2023-02-14 14:42:34,816] {logging_mixin.py:104} INFO - [2023-02-14 14:42:34,816] {dag.py:1833} INFO - Sync 1 DAGs
[2023-02-14 14:42:34,834] {logging_mixin.py:104} INFO - [2023-02-14 14:42:34,834] {dag.py:2306} INFO - Setting next_dagrun for example_branch_operator to 2023-02-12 00:00:00+00:00
[2023-02-14 14:42:34,844] {scheduler_job.py:190} INFO - Processing /home/airflow/.local/lib/python3.6/site-packages/airflow/example_dags/example_branch_operator.py took 0.071 seconds
[2023-02-14 14:43:05,406] {scheduler_job.py:182} INFO - Started process (PID=4297) to work on /home/airflow/.local/lib/python3.6/site-packages/airflow/example_dags/example_branch_operator.py
[2023-02-14 14:43:05,407] {scheduler_job.py:633} INFO - Processing file /home/airflow/.local/lib/python3.6/site-packages/airflow/example_dags/example_branch_operator.py for tasks to queue
[2023-02-14 14:43:05,408] {logging_mixin.py:104} INFO - [2023-02-14 14:43:05,408] {dagbag.py:496} INFO - Filling up the DagBag from /home/airflow/.local/lib/python3.6/site-packages/airflow/example_dags/example_branch_operator.py
[2023-02-14 14:43:05,423] {scheduler_job.py:643} INFO - DAG(s) dict_keys(['example_branch_operator']) retrieved from /home/airflow/.local/lib/python3.6/site-packages/airflow/example_dags/example_branch_operator.py
[2023-02-14 14:43:05,479] {logging_mixin.py:104} INFO - [2023-02-14 14:43:05,478] {dag.py:1833} INFO - Sync 1 DAGs
[2023-02-14 14:43:05,498] {logging_mixin.py:104} INFO - [2023-02-14 14:43:05,497] {dag.py:2306} INFO - Setting next_dagrun for example_branch_operator to 2023-02-12 00:00:00+00:00
[2023-02-14 14:43:05,589] {scheduler_job.py:190} INFO - Processing /home/airflow/.local/lib/python3.6/site-packages/airflow/example_dags/example_branch_operator.py took 0.185 seconds
[2023-02-14 14:43:35,774] {scheduler_job.py:182} INFO - Started process (PID=4348) to work on /home/airflow/.local/lib/python3.6/site-packages/airflow/example_dags/example_branch_operator.py
[2023-02-14 14:43:35,774] {scheduler_job.py:633} INFO - Processing file /home/airflow/.local/lib/python3.6/site-packages/airflow/example_dags/example_branch_operator.py for tasks to queue
[2023-02-14 14:43:35,775] {logging_mixin.py:104} INFO - [2023-02-14 14:43:35,775] {dagbag.py:496} INFO - Filling up the DagBag from /home/airflow/.local/lib/python3.6/site-packages/airflow/example_dags/example_branch_operator.py
[2023-02-14 14:43:35,787] {scheduler_job.py:643} INFO - DAG(s) dict_keys(['example_branch_operator']) retrieved from /home/airflow/.local/lib/python3.6/site-packages/airflow/example_dags/example_branch_operator.py
[2023-02-14 14:43:35,808] {logging_mixin.py:104} INFO - [2023-02-14 14:43:35,808] {dag.py:1833} INFO - Sync 1 DAGs
[2023-02-14 14:43:35,824] {logging_mixin.py:104} INFO - [2023-02-14 14:43:35,824] {dag.py:2306} INFO - Setting next_dagrun for example_branch_operator to 2023-02-12 00:00:00+00:00
[2023-02-14 14:43:35,833] {scheduler_job.py:190} INFO - Processing /home/airflow/.local/lib/python3.6/site-packages/airflow/example_dags/example_branch_operator.py took 0.062 seconds
[2023-02-14 14:44:06,482] {scheduler_job.py:182} INFO - Started process (PID=4409) to work on /home/airflow/.local/lib/python3.6/site-packages/airflow/example_dags/example_branch_operator.py
[2023-02-14 14:44:06,482] {scheduler_job.py:633} INFO - Processing file /home/airflow/.local/lib/python3.6/site-packages/airflow/example_dags/example_branch_operator.py for tasks to queue
[2023-02-14 14:44:06,483] {logging_mixin.py:104} INFO - [2023-02-14 14:44:06,483] {dagbag.py:496} INFO - Filling up the DagBag from /home/airflow/.local/lib/python3.6/site-packages/airflow/example_dags/example_branch_operator.py
[2023-02-14 14:44:06,497] {scheduler_job.py:643} INFO - DAG(s) dict_keys(['example_branch_operator']) retrieved from /home/airflow/.local/lib/python3.6/site-packages/airflow/example_dags/example_branch_operator.py
[2023-02-14 14:44:06,573] {logging_mixin.py:104} INFO - [2023-02-14 14:44:06,573] {dag.py:1833} INFO - Sync 1 DAGs
[2023-02-14 14:44:06,590] {logging_mixin.py:104} INFO - [2023-02-14 14:44:06,590] {dag.py:2306} INFO - Setting next_dagrun for example_branch_operator to 2023-02-12 00:00:00+00:00
[2023-02-14 14:44:06,599] {scheduler_job.py:190} INFO - Processing /home/airflow/.local/lib/python3.6/site-packages/airflow/example_dags/example_branch_operator.py took 0.120 seconds
[2023-02-14 14:44:37,292] {scheduler_job.py:182} INFO - Started process (PID=4460) to work on /home/airflow/.local/lib/python3.6/site-packages/airflow/example_dags/example_branch_operator.py
[2023-02-14 14:44:37,293] {scheduler_job.py:633} INFO - Processing file /home/airflow/.local/lib/python3.6/site-packages/airflow/example_dags/example_branch_operator.py for tasks to queue
[2023-02-14 14:44:37,294] {logging_mixin.py:104} INFO - [2023-02-14 14:44:37,293] {dagbag.py:496} INFO - Filling up the DagBag from /home/airflow/.local/lib/python3.6/site-packages/airflow/example_dags/example_branch_operator.py
[2023-02-14 14:44:37,307] {scheduler_job.py:643} INFO - DAG(s) dict_keys(['example_branch_operator']) retrieved from /home/airflow/.local/lib/python3.6/site-packages/airflow/example_dags/example_branch_operator.py
[2023-02-14 14:44:37,327] {logging_mixin.py:104} INFO - [2023-02-14 14:44:37,327] {dag.py:1833} INFO - Sync 1 DAGs
[2023-02-14 14:44:37,365] {logging_mixin.py:104} INFO - [2023-02-14 14:44:37,365] {dag.py:2306} INFO - Setting next_dagrun for example_branch_operator to 2023-02-12 00:00:00+00:00
[2023-02-14 14:44:37,373] {scheduler_job.py:190} INFO - Processing /home/airflow/.local/lib/python3.6/site-packages/airflow/example_dags/example_branch_operator.py took 0.083 seconds
[2023-02-14 14:45:08,189] {scheduler_job.py:182} INFO - Started process (PID=4521) to work on /home/airflow/.local/lib/python3.6/site-packages/airflow/example_dags/example_branch_operator.py
[2023-02-14 14:45:08,190] {scheduler_job.py:633} INFO - Processing file /home/airflow/.local/lib/python3.6/site-packages/airflow/example_dags/example_branch_operator.py for tasks to queue
[2023-02-14 14:45:08,190] {logging_mixin.py:104} INFO - [2023-02-14 14:45:08,190] {dagbag.py:496} INFO - Filling up the DagBag from /home/airflow/.local/lib/python3.6/site-packages/airflow/example_dags/example_branch_operator.py
[2023-02-14 14:45:08,203] {scheduler_job.py:643} INFO - DAG(s) dict_keys(['example_branch_operator']) retrieved from /home/airflow/.local/lib/python3.6/site-packages/airflow/example_dags/example_branch_operator.py
[2023-02-14 14:45:08,229] {logging_mixin.py:104} INFO - [2023-02-14 14:45:08,229] {dag.py:1833} INFO - Sync 1 DAGs
[2023-02-14 14:45:08,253] {logging_mixin.py:104} INFO - [2023-02-14 14:45:08,252] {dag.py:2306} INFO - Setting next_dagrun for example_branch_operator to 2023-02-12 00:00:00+00:00
[2023-02-14 14:45:08,266] {scheduler_job.py:190} INFO - Processing /home/airflow/.local/lib/python3.6/site-packages/airflow/example_dags/example_branch_operator.py took 0.079 seconds
[2023-02-14 14:45:38,575] {scheduler_job.py:182} INFO - Started process (PID=4572) to work on /home/airflow/.local/lib/python3.6/site-packages/airflow/example_dags/example_branch_operator.py
[2023-02-14 14:45:38,576] {scheduler_job.py:633} INFO - Processing file /home/airflow/.local/lib/python3.6/site-packages/airflow/example_dags/example_branch_operator.py for tasks to queue
[2023-02-14 14:45:38,577] {logging_mixin.py:104} INFO - [2023-02-14 14:45:38,577] {dagbag.py:496} INFO - Filling up the DagBag from /home/airflow/.local/lib/python3.6/site-packages/airflow/example_dags/example_branch_operator.py
[2023-02-14 14:45:38,594] {scheduler_job.py:643} INFO - DAG(s) dict_keys(['example_branch_operator']) retrieved from /home/airflow/.local/lib/python3.6/site-packages/airflow/example_dags/example_branch_operator.py
[2023-02-14 14:45:38,619] {logging_mixin.py:104} INFO - [2023-02-14 14:45:38,619] {dag.py:1833} INFO - Sync 1 DAGs
[2023-02-14 14:45:38,637] {logging_mixin.py:104} INFO - [2023-02-14 14:45:38,637] {dag.py:2306} INFO - Setting next_dagrun for example_branch_operator to 2023-02-12 00:00:00+00:00
[2023-02-14 14:45:38,648] {scheduler_job.py:190} INFO - Processing /home/airflow/.local/lib/python3.6/site-packages/airflow/example_dags/example_branch_operator.py took 0.076 seconds
[2023-02-14 14:46:09,467] {scheduler_job.py:182} INFO - Started process (PID=4622) to work on /home/airflow/.local/lib/python3.6/site-packages/airflow/example_dags/example_branch_operator.py
[2023-02-14 14:46:09,469] {scheduler_job.py:633} INFO - Processing file /home/airflow/.local/lib/python3.6/site-packages/airflow/example_dags/example_branch_operator.py for tasks to queue
[2023-02-14 14:46:09,469] {logging_mixin.py:104} INFO - [2023-02-14 14:46:09,469] {dagbag.py:496} INFO - Filling up the DagBag from /home/airflow/.local/lib/python3.6/site-packages/airflow/example_dags/example_branch_operator.py
[2023-02-14 14:46:09,484] {scheduler_job.py:643} INFO - DAG(s) dict_keys(['example_branch_operator']) retrieved from /home/airflow/.local/lib/python3.6/site-packages/airflow/example_dags/example_branch_operator.py
[2023-02-14 14:46:09,560] {logging_mixin.py:104} INFO - [2023-02-14 14:46:09,559] {dag.py:1833} INFO - Sync 1 DAGs
[2023-02-14 14:46:09,578] {logging_mixin.py:104} INFO - [2023-02-14 14:46:09,578] {dag.py:2306} INFO - Setting next_dagrun for example_branch_operator to 2023-02-12 00:00:00+00:00
[2023-02-14 14:46:09,593] {scheduler_job.py:190} INFO - Processing /home/airflow/.local/lib/python3.6/site-packages/airflow/example_dags/example_branch_operator.py took 0.128 seconds
[2023-02-14 14:46:39,900] {scheduler_job.py:182} INFO - Started process (PID=4673) to work on /home/airflow/.local/lib/python3.6/site-packages/airflow/example_dags/example_branch_operator.py
[2023-02-14 14:46:39,901] {scheduler_job.py:633} INFO - Processing file /home/airflow/.local/lib/python3.6/site-packages/airflow/example_dags/example_branch_operator.py for tasks to queue
[2023-02-14 14:46:39,901] {logging_mixin.py:104} INFO - [2023-02-14 14:46:39,901] {dagbag.py:496} INFO - Filling up the DagBag from /home/airflow/.local/lib/python3.6/site-packages/airflow/example_dags/example_branch_operator.py
[2023-02-14 14:46:39,917] {scheduler_job.py:643} INFO - DAG(s) dict_keys(['example_branch_operator']) retrieved from /home/airflow/.local/lib/python3.6/site-packages/airflow/example_dags/example_branch_operator.py
[2023-02-14 14:46:39,950] {logging_mixin.py:104} INFO - [2023-02-14 14:46:39,950] {dag.py:1833} INFO - Sync 1 DAGs
[2023-02-14 14:46:39,976] {logging_mixin.py:104} INFO - [2023-02-14 14:46:39,976] {dag.py:2306} INFO - Setting next_dagrun for example_branch_operator to 2023-02-12 00:00:00+00:00
[2023-02-14 14:46:39,989] {scheduler_job.py:190} INFO - Processing /home/airflow/.local/lib/python3.6/site-packages/airflow/example_dags/example_branch_operator.py took 0.092 seconds
[2023-02-14 14:47:10,996] {scheduler_job.py:182} INFO - Started process (PID=4735) to work on /home/airflow/.local/lib/python3.6/site-packages/airflow/example_dags/example_branch_operator.py
[2023-02-14 14:47:10,997] {scheduler_job.py:633} INFO - Processing file /home/airflow/.local/lib/python3.6/site-packages/airflow/example_dags/example_branch_operator.py for tasks to queue
[2023-02-14 14:47:10,997] {logging_mixin.py:104} INFO - [2023-02-14 14:47:10,997] {dagbag.py:496} INFO - Filling up the DagBag from /home/airflow/.local/lib/python3.6/site-packages/airflow/example_dags/example_branch_operator.py
[2023-02-14 14:47:11,010] {scheduler_job.py:643} INFO - DAG(s) dict_keys(['example_branch_operator']) retrieved from /home/airflow/.local/lib/python3.6/site-packages/airflow/example_dags/example_branch_operator.py
[2023-02-14 14:47:11,029] {logging_mixin.py:104} INFO - [2023-02-14 14:47:11,028] {dag.py:1833} INFO - Sync 1 DAGs
[2023-02-14 14:47:11,045] {logging_mixin.py:104} INFO - [2023-02-14 14:47:11,044] {dag.py:2306} INFO - Setting next_dagrun for example_branch_operator to 2023-02-12 00:00:00+00:00
[2023-02-14 14:47:11,053] {scheduler_job.py:190} INFO - Processing /home/airflow/.local/lib/python3.6/site-packages/airflow/example_dags/example_branch_operator.py took 0.060 seconds
