[2023-02-14 14:09:24,208] {scheduler_job.py:182} INFO - Started process (PID=455) to work on /home/airflow/.local/lib/python3.6/site-packages/airflow/example_dags/example_trigger_target_dag.py
[2023-02-14 14:09:24,208] {scheduler_job.py:633} INFO - Processing file /home/airflow/.local/lib/python3.6/site-packages/airflow/example_dags/example_trigger_target_dag.py for tasks to queue
[2023-02-14 14:09:24,209] {logging_mixin.py:104} INFO - [2023-02-14 14:09:24,209] {dagbag.py:496} INFO - Filling up the DagBag from /home/airflow/.local/lib/python3.6/site-packages/airflow/example_dags/example_trigger_target_dag.py
[2023-02-14 14:09:24,220] {scheduler_job.py:643} INFO - DAG(s) dict_keys(['example_trigger_target_dag']) retrieved from /home/airflow/.local/lib/python3.6/site-packages/airflow/example_dags/example_trigger_target_dag.py
[2023-02-14 14:09:26,403] {logging_mixin.py:104} INFO - [2023-02-14 14:09:26,402] {dag.py:1833} INFO - Sync 1 DAGs
[2023-02-14 14:09:26,411] {logging_mixin.py:104} INFO - [2023-02-14 14:09:26,410] {dag.py:1852} INFO - Creating ORM DAG for example_trigger_target_dag
[2023-02-14 14:09:26,414] {logging_mixin.py:104} INFO - [2023-02-14 14:09:26,414] {dag.py:2306} INFO - Setting next_dagrun for example_trigger_target_dag to None
[2023-02-14 14:09:26,422] {scheduler_job.py:190} INFO - Processing /home/airflow/.local/lib/python3.6/site-packages/airflow/example_dags/example_trigger_target_dag.py took 2.217 seconds
[2023-02-14 14:09:56,894] {scheduler_job.py:182} INFO - Started process (PID=644) to work on /home/airflow/.local/lib/python3.6/site-packages/airflow/example_dags/example_trigger_target_dag.py
[2023-02-14 14:09:56,895] {scheduler_job.py:633} INFO - Processing file /home/airflow/.local/lib/python3.6/site-packages/airflow/example_dags/example_trigger_target_dag.py for tasks to queue
[2023-02-14 14:09:56,895] {logging_mixin.py:104} INFO - [2023-02-14 14:09:56,895] {dagbag.py:496} INFO - Filling up the DagBag from /home/airflow/.local/lib/python3.6/site-packages/airflow/example_dags/example_trigger_target_dag.py
[2023-02-14 14:09:56,906] {scheduler_job.py:643} INFO - DAG(s) dict_keys(['example_trigger_target_dag']) retrieved from /home/airflow/.local/lib/python3.6/site-packages/airflow/example_dags/example_trigger_target_dag.py
[2023-02-14 14:09:56,921] {logging_mixin.py:104} INFO - [2023-02-14 14:09:56,921] {dag.py:1833} INFO - Sync 1 DAGs
[2023-02-14 14:09:56,932] {logging_mixin.py:104} INFO - [2023-02-14 14:09:56,932] {dag.py:2306} INFO - Setting next_dagrun for example_trigger_target_dag to None
[2023-02-14 14:09:56,939] {scheduler_job.py:190} INFO - Processing /home/airflow/.local/lib/python3.6/site-packages/airflow/example_dags/example_trigger_target_dag.py took 0.047 seconds
[2023-02-14 14:10:27,180] {scheduler_job.py:182} INFO - Started process (PID=704) to work on /home/airflow/.local/lib/python3.6/site-packages/airflow/example_dags/example_trigger_target_dag.py
[2023-02-14 14:10:27,181] {scheduler_job.py:633} INFO - Processing file /home/airflow/.local/lib/python3.6/site-packages/airflow/example_dags/example_trigger_target_dag.py for tasks to queue
[2023-02-14 14:10:27,181] {logging_mixin.py:104} INFO - [2023-02-14 14:10:27,181] {dagbag.py:496} INFO - Filling up the DagBag from /home/airflow/.local/lib/python3.6/site-packages/airflow/example_dags/example_trigger_target_dag.py
[2023-02-14 14:10:27,191] {scheduler_job.py:643} INFO - DAG(s) dict_keys(['example_trigger_target_dag']) retrieved from /home/airflow/.local/lib/python3.6/site-packages/airflow/example_dags/example_trigger_target_dag.py
[2023-02-14 14:10:27,207] {logging_mixin.py:104} INFO - [2023-02-14 14:10:27,207] {dag.py:1833} INFO - Sync 1 DAGs
[2023-02-14 14:10:27,219] {logging_mixin.py:104} INFO - [2023-02-14 14:10:27,219] {dag.py:2306} INFO - Setting next_dagrun for example_trigger_target_dag to None
[2023-02-14 14:10:27,226] {scheduler_job.py:190} INFO - Processing /home/airflow/.local/lib/python3.6/site-packages/airflow/example_dags/example_trigger_target_dag.py took 0.048 seconds
[2023-02-14 14:10:57,467] {scheduler_job.py:182} INFO - Started process (PID=756) to work on /home/airflow/.local/lib/python3.6/site-packages/airflow/example_dags/example_trigger_target_dag.py
[2023-02-14 14:10:57,468] {scheduler_job.py:633} INFO - Processing file /home/airflow/.local/lib/python3.6/site-packages/airflow/example_dags/example_trigger_target_dag.py for tasks to queue
[2023-02-14 14:10:57,468] {logging_mixin.py:104} INFO - [2023-02-14 14:10:57,468] {dagbag.py:496} INFO - Filling up the DagBag from /home/airflow/.local/lib/python3.6/site-packages/airflow/example_dags/example_trigger_target_dag.py
[2023-02-14 14:10:57,479] {scheduler_job.py:643} INFO - DAG(s) dict_keys(['example_trigger_target_dag']) retrieved from /home/airflow/.local/lib/python3.6/site-packages/airflow/example_dags/example_trigger_target_dag.py
[2023-02-14 14:10:57,498] {logging_mixin.py:104} INFO - [2023-02-14 14:10:57,498] {dag.py:1833} INFO - Sync 1 DAGs
[2023-02-14 14:10:57,511] {logging_mixin.py:104} INFO - [2023-02-14 14:10:57,511] {dag.py:2306} INFO - Setting next_dagrun for example_trigger_target_dag to None
[2023-02-14 14:10:57,517] {scheduler_job.py:190} INFO - Processing /home/airflow/.local/lib/python3.6/site-packages/airflow/example_dags/example_trigger_target_dag.py took 0.053 seconds
[2023-02-14 14:11:27,887] {scheduler_job.py:182} INFO - Started process (PID=817) to work on /home/airflow/.local/lib/python3.6/site-packages/airflow/example_dags/example_trigger_target_dag.py
[2023-02-14 14:11:27,887] {scheduler_job.py:633} INFO - Processing file /home/airflow/.local/lib/python3.6/site-packages/airflow/example_dags/example_trigger_target_dag.py for tasks to queue
[2023-02-14 14:11:27,888] {logging_mixin.py:104} INFO - [2023-02-14 14:11:27,888] {dagbag.py:496} INFO - Filling up the DagBag from /home/airflow/.local/lib/python3.6/site-packages/airflow/example_dags/example_trigger_target_dag.py
[2023-02-14 14:11:27,899] {scheduler_job.py:643} INFO - DAG(s) dict_keys(['example_trigger_target_dag']) retrieved from /home/airflow/.local/lib/python3.6/site-packages/airflow/example_dags/example_trigger_target_dag.py
[2023-02-14 14:11:27,916] {logging_mixin.py:104} INFO - [2023-02-14 14:11:27,916] {dag.py:1833} INFO - Sync 1 DAGs
[2023-02-14 14:11:27,930] {logging_mixin.py:104} INFO - [2023-02-14 14:11:27,930] {dag.py:2306} INFO - Setting next_dagrun for example_trigger_target_dag to None
[2023-02-14 14:11:27,937] {scheduler_job.py:190} INFO - Processing /home/airflow/.local/lib/python3.6/site-packages/airflow/example_dags/example_trigger_target_dag.py took 0.053 seconds
[2023-02-14 14:11:58,092] {scheduler_job.py:182} INFO - Started process (PID=868) to work on /home/airflow/.local/lib/python3.6/site-packages/airflow/example_dags/example_trigger_target_dag.py
[2023-02-14 14:11:58,093] {scheduler_job.py:633} INFO - Processing file /home/airflow/.local/lib/python3.6/site-packages/airflow/example_dags/example_trigger_target_dag.py for tasks to queue
[2023-02-14 14:11:58,093] {logging_mixin.py:104} INFO - [2023-02-14 14:11:58,093] {dagbag.py:496} INFO - Filling up the DagBag from /home/airflow/.local/lib/python3.6/site-packages/airflow/example_dags/example_trigger_target_dag.py
[2023-02-14 14:11:58,103] {scheduler_job.py:643} INFO - DAG(s) dict_keys(['example_trigger_target_dag']) retrieved from /home/airflow/.local/lib/python3.6/site-packages/airflow/example_dags/example_trigger_target_dag.py
[2023-02-14 14:11:58,118] {logging_mixin.py:104} INFO - [2023-02-14 14:11:58,118] {dag.py:1833} INFO - Sync 1 DAGs
[2023-02-14 14:11:58,130] {logging_mixin.py:104} INFO - [2023-02-14 14:11:58,130] {dag.py:2306} INFO - Setting next_dagrun for example_trigger_target_dag to None
[2023-02-14 14:11:58,137] {scheduler_job.py:190} INFO - Processing /home/airflow/.local/lib/python3.6/site-packages/airflow/example_dags/example_trigger_target_dag.py took 0.047 seconds
[2023-02-14 14:12:28,342] {scheduler_job.py:182} INFO - Started process (PID=929) to work on /home/airflow/.local/lib/python3.6/site-packages/airflow/example_dags/example_trigger_target_dag.py
[2023-02-14 14:12:28,342] {scheduler_job.py:633} INFO - Processing file /home/airflow/.local/lib/python3.6/site-packages/airflow/example_dags/example_trigger_target_dag.py for tasks to queue
[2023-02-14 14:12:28,343] {logging_mixin.py:104} INFO - [2023-02-14 14:12:28,343] {dagbag.py:496} INFO - Filling up the DagBag from /home/airflow/.local/lib/python3.6/site-packages/airflow/example_dags/example_trigger_target_dag.py
[2023-02-14 14:12:28,354] {scheduler_job.py:643} INFO - DAG(s) dict_keys(['example_trigger_target_dag']) retrieved from /home/airflow/.local/lib/python3.6/site-packages/airflow/example_dags/example_trigger_target_dag.py
[2023-02-14 14:12:28,371] {logging_mixin.py:104} INFO - [2023-02-14 14:12:28,371] {dag.py:1833} INFO - Sync 1 DAGs
[2023-02-14 14:12:28,383] {logging_mixin.py:104} INFO - [2023-02-14 14:12:28,383] {dag.py:2306} INFO - Setting next_dagrun for example_trigger_target_dag to None
[2023-02-14 14:12:28,390] {scheduler_job.py:190} INFO - Processing /home/airflow/.local/lib/python3.6/site-packages/airflow/example_dags/example_trigger_target_dag.py took 0.051 seconds
[2023-02-14 14:12:58,557] {scheduler_job.py:182} INFO - Started process (PID=980) to work on /home/airflow/.local/lib/python3.6/site-packages/airflow/example_dags/example_trigger_target_dag.py
[2023-02-14 14:12:58,558] {scheduler_job.py:633} INFO - Processing file /home/airflow/.local/lib/python3.6/site-packages/airflow/example_dags/example_trigger_target_dag.py for tasks to queue
[2023-02-14 14:12:58,558] {logging_mixin.py:104} INFO - [2023-02-14 14:12:58,558] {dagbag.py:496} INFO - Filling up the DagBag from /home/airflow/.local/lib/python3.6/site-packages/airflow/example_dags/example_trigger_target_dag.py
[2023-02-14 14:12:58,569] {scheduler_job.py:643} INFO - DAG(s) dict_keys(['example_trigger_target_dag']) retrieved from /home/airflow/.local/lib/python3.6/site-packages/airflow/example_dags/example_trigger_target_dag.py
[2023-02-14 14:12:58,585] {logging_mixin.py:104} INFO - [2023-02-14 14:12:58,585] {dag.py:1833} INFO - Sync 1 DAGs
[2023-02-14 14:12:58,600] {logging_mixin.py:104} INFO - [2023-02-14 14:12:58,599] {dag.py:2306} INFO - Setting next_dagrun for example_trigger_target_dag to None
[2023-02-14 14:12:58,608] {scheduler_job.py:190} INFO - Processing /home/airflow/.local/lib/python3.6/site-packages/airflow/example_dags/example_trigger_target_dag.py took 0.053 seconds
[2023-02-14 14:13:28,658] {scheduler_job.py:182} INFO - Started process (PID=1041) to work on /home/airflow/.local/lib/python3.6/site-packages/airflow/example_dags/example_trigger_target_dag.py
[2023-02-14 14:13:28,658] {scheduler_job.py:633} INFO - Processing file /home/airflow/.local/lib/python3.6/site-packages/airflow/example_dags/example_trigger_target_dag.py for tasks to queue
[2023-02-14 14:13:28,659] {logging_mixin.py:104} INFO - [2023-02-14 14:13:28,659] {dagbag.py:496} INFO - Filling up the DagBag from /home/airflow/.local/lib/python3.6/site-packages/airflow/example_dags/example_trigger_target_dag.py
[2023-02-14 14:13:28,673] {scheduler_job.py:643} INFO - DAG(s) dict_keys(['example_trigger_target_dag']) retrieved from /home/airflow/.local/lib/python3.6/site-packages/airflow/example_dags/example_trigger_target_dag.py
[2023-02-14 14:13:28,693] {logging_mixin.py:104} INFO - [2023-02-14 14:13:28,693] {dag.py:1833} INFO - Sync 1 DAGs
[2023-02-14 14:13:28,707] {logging_mixin.py:104} INFO - [2023-02-14 14:13:28,707] {dag.py:2306} INFO - Setting next_dagrun for example_trigger_target_dag to None
[2023-02-14 14:13:28,715] {scheduler_job.py:190} INFO - Processing /home/airflow/.local/lib/python3.6/site-packages/airflow/example_dags/example_trigger_target_dag.py took 0.059 seconds
[2023-02-14 14:13:58,866] {scheduler_job.py:182} INFO - Started process (PID=1092) to work on /home/airflow/.local/lib/python3.6/site-packages/airflow/example_dags/example_trigger_target_dag.py
[2023-02-14 14:13:58,867] {scheduler_job.py:633} INFO - Processing file /home/airflow/.local/lib/python3.6/site-packages/airflow/example_dags/example_trigger_target_dag.py for tasks to queue
[2023-02-14 14:13:58,867] {logging_mixin.py:104} INFO - [2023-02-14 14:13:58,867] {dagbag.py:496} INFO - Filling up the DagBag from /home/airflow/.local/lib/python3.6/site-packages/airflow/example_dags/example_trigger_target_dag.py
[2023-02-14 14:13:58,878] {scheduler_job.py:643} INFO - DAG(s) dict_keys(['example_trigger_target_dag']) retrieved from /home/airflow/.local/lib/python3.6/site-packages/airflow/example_dags/example_trigger_target_dag.py
[2023-02-14 14:13:58,896] {logging_mixin.py:104} INFO - [2023-02-14 14:13:58,896] {dag.py:1833} INFO - Sync 1 DAGs
[2023-02-14 14:13:58,908] {logging_mixin.py:104} INFO - [2023-02-14 14:13:58,908] {dag.py:2306} INFO - Setting next_dagrun for example_trigger_target_dag to None
[2023-02-14 14:13:58,915] {scheduler_job.py:190} INFO - Processing /home/airflow/.local/lib/python3.6/site-packages/airflow/example_dags/example_trigger_target_dag.py took 0.052 seconds
[2023-02-14 14:14:29,113] {scheduler_job.py:182} INFO - Started process (PID=1153) to work on /home/airflow/.local/lib/python3.6/site-packages/airflow/example_dags/example_trigger_target_dag.py
[2023-02-14 14:14:29,114] {scheduler_job.py:633} INFO - Processing file /home/airflow/.local/lib/python3.6/site-packages/airflow/example_dags/example_trigger_target_dag.py for tasks to queue
[2023-02-14 14:14:29,114] {logging_mixin.py:104} INFO - [2023-02-14 14:14:29,114] {dagbag.py:496} INFO - Filling up the DagBag from /home/airflow/.local/lib/python3.6/site-packages/airflow/example_dags/example_trigger_target_dag.py
[2023-02-14 14:14:29,124] {scheduler_job.py:643} INFO - DAG(s) dict_keys(['example_trigger_target_dag']) retrieved from /home/airflow/.local/lib/python3.6/site-packages/airflow/example_dags/example_trigger_target_dag.py
[2023-02-14 14:14:29,139] {logging_mixin.py:104} INFO - [2023-02-14 14:14:29,139] {dag.py:1833} INFO - Sync 1 DAGs
[2023-02-14 14:14:29,150] {logging_mixin.py:104} INFO - [2023-02-14 14:14:29,150] {dag.py:2306} INFO - Setting next_dagrun for example_trigger_target_dag to None
[2023-02-14 14:14:29,157] {scheduler_job.py:190} INFO - Processing /home/airflow/.local/lib/python3.6/site-packages/airflow/example_dags/example_trigger_target_dag.py took 0.045 seconds
[2023-02-14 14:14:59,218] {scheduler_job.py:182} INFO - Started process (PID=1203) to work on /home/airflow/.local/lib/python3.6/site-packages/airflow/example_dags/example_trigger_target_dag.py
[2023-02-14 14:14:59,219] {scheduler_job.py:633} INFO - Processing file /home/airflow/.local/lib/python3.6/site-packages/airflow/example_dags/example_trigger_target_dag.py for tasks to queue
[2023-02-14 14:14:59,220] {logging_mixin.py:104} INFO - [2023-02-14 14:14:59,219] {dagbag.py:496} INFO - Filling up the DagBag from /home/airflow/.local/lib/python3.6/site-packages/airflow/example_dags/example_trigger_target_dag.py
[2023-02-14 14:14:59,230] {scheduler_job.py:643} INFO - DAG(s) dict_keys(['example_trigger_target_dag']) retrieved from /home/airflow/.local/lib/python3.6/site-packages/airflow/example_dags/example_trigger_target_dag.py
[2023-02-14 14:14:59,244] {logging_mixin.py:104} INFO - [2023-02-14 14:14:59,244] {dag.py:1833} INFO - Sync 1 DAGs
[2023-02-14 14:14:59,254] {logging_mixin.py:104} INFO - [2023-02-14 14:14:59,254] {dag.py:2306} INFO - Setting next_dagrun for example_trigger_target_dag to None
[2023-02-14 14:14:59,260] {scheduler_job.py:190} INFO - Processing /home/airflow/.local/lib/python3.6/site-packages/airflow/example_dags/example_trigger_target_dag.py took 0.044 seconds
