[2023-02-14 14:09:19,668] {scheduler_job.py:182} INFO - Started process (PID=387) to work on /home/airflow/.local/lib/python3.6/site-packages/airflow/example_dags/example_subdag_operator.py
[2023-02-14 14:09:19,669] {scheduler_job.py:633} INFO - Processing file /home/airflow/.local/lib/python3.6/site-packages/airflow/example_dags/example_subdag_operator.py for tasks to queue
[2023-02-14 14:09:19,670] {logging_mixin.py:104} INFO - [2023-02-14 14:09:19,670] {dagbag.py:496} INFO - Filling up the DagBag from /home/airflow/.local/lib/python3.6/site-packages/airflow/example_dags/example_subdag_operator.py
[2023-02-14 14:09:19,695] {scheduler_job.py:643} INFO - DAG(s) dict_keys(['example_subdag_operator.section-1', 'example_subdag_operator.section-2', 'example_subdag_operator']) retrieved from /home/airflow/.local/lib/python3.6/site-packages/airflow/example_dags/example_subdag_operator.py
[2023-02-14 14:09:21,982] {logging_mixin.py:104} INFO - [2023-02-14 14:09:21,982] {dag.py:1833} INFO - Sync 3 DAGs
[2023-02-14 14:09:21,990] {logging_mixin.py:104} INFO - [2023-02-14 14:09:21,989] {dag.py:1852} INFO - Creating ORM DAG for example_subdag_operator
[2023-02-14 14:09:21,991] {logging_mixin.py:104} INFO - [2023-02-14 14:09:21,990] {dag.py:1852} INFO - Creating ORM DAG for example_subdag_operator.section-1
[2023-02-14 14:09:21,991] {logging_mixin.py:104} INFO - [2023-02-14 14:09:21,991] {dag.py:1852} INFO - Creating ORM DAG for example_subdag_operator.section-2
[2023-02-14 14:09:21,994] {logging_mixin.py:104} INFO - [2023-02-14 14:09:21,994] {dag.py:2306} INFO - Setting next_dagrun for example_subdag_operator to 2023-02-12 00:00:00+00:00
[2023-02-14 14:09:21,994] {logging_mixin.py:104} INFO - [2023-02-14 14:09:21,994] {dag.py:2306} INFO - Setting next_dagrun for example_subdag_operator.section-1 to None
[2023-02-14 14:09:21,995] {logging_mixin.py:104} INFO - [2023-02-14 14:09:21,995] {dag.py:2306} INFO - Setting next_dagrun for example_subdag_operator.section-2 to None
[2023-02-14 14:09:22,001] {logging_mixin.py:104} INFO - [2023-02-14 14:09:22,001] {dag.py:1833} INFO - Sync 2 DAGs
[2023-02-14 14:09:22,006] {logging_mixin.py:104} INFO - [2023-02-14 14:09:22,006] {dag.py:2306} INFO - Setting next_dagrun for example_subdag_operator.section-1 to None
[2023-02-14 14:09:22,007] {logging_mixin.py:104} INFO - [2023-02-14 14:09:22,007] {dag.py:2306} INFO - Setting next_dagrun for example_subdag_operator.section-2 to None
[2023-02-14 14:09:22,011] {scheduler_job.py:190} INFO - Processing /home/airflow/.local/lib/python3.6/site-packages/airflow/example_dags/example_subdag_operator.py took 2.345 seconds
[2023-02-14 14:09:52,752] {scheduler_job.py:182} INFO - Started process (PID=640) to work on /home/airflow/.local/lib/python3.6/site-packages/airflow/example_dags/example_subdag_operator.py
[2023-02-14 14:09:52,753] {scheduler_job.py:633} INFO - Processing file /home/airflow/.local/lib/python3.6/site-packages/airflow/example_dags/example_subdag_operator.py for tasks to queue
[2023-02-14 14:09:52,753] {logging_mixin.py:104} INFO - [2023-02-14 14:09:52,753] {dagbag.py:496} INFO - Filling up the DagBag from /home/airflow/.local/lib/python3.6/site-packages/airflow/example_dags/example_subdag_operator.py
[2023-02-14 14:09:52,778] {scheduler_job.py:643} INFO - DAG(s) dict_keys(['example_subdag_operator.section-1', 'example_subdag_operator.section-2', 'example_subdag_operator']) retrieved from /home/airflow/.local/lib/python3.6/site-packages/airflow/example_dags/example_subdag_operator.py
[2023-02-14 14:09:52,787] {logging_mixin.py:104} INFO - [2023-02-14 14:09:52,787] {dag.py:1833} INFO - Sync 3 DAGs
[2023-02-14 14:09:52,799] {logging_mixin.py:104} INFO - [2023-02-14 14:09:52,799] {dag.py:2306} INFO - Setting next_dagrun for example_subdag_operator to 2023-02-12 00:00:00+00:00
[2023-02-14 14:09:52,799] {logging_mixin.py:104} INFO - [2023-02-14 14:09:52,799] {dag.py:2306} INFO - Setting next_dagrun for example_subdag_operator.section-1 to None
[2023-02-14 14:09:52,800] {logging_mixin.py:104} INFO - [2023-02-14 14:09:52,800] {dag.py:2306} INFO - Setting next_dagrun for example_subdag_operator.section-2 to None
[2023-02-14 14:09:52,805] {logging_mixin.py:104} INFO - [2023-02-14 14:09:52,805] {dag.py:1833} INFO - Sync 2 DAGs
[2023-02-14 14:09:52,810] {logging_mixin.py:104} INFO - [2023-02-14 14:09:52,810] {dag.py:2306} INFO - Setting next_dagrun for example_subdag_operator.section-1 to None
[2023-02-14 14:09:52,811] {logging_mixin.py:104} INFO - [2023-02-14 14:09:52,811] {dag.py:2306} INFO - Setting next_dagrun for example_subdag_operator.section-2 to None
[2023-02-14 14:09:52,815] {scheduler_job.py:190} INFO - Processing /home/airflow/.local/lib/python3.6/site-packages/airflow/example_dags/example_subdag_operator.py took 0.065 seconds
[2023-02-14 14:10:23,044] {scheduler_job.py:182} INFO - Started process (PID=691) to work on /home/airflow/.local/lib/python3.6/site-packages/airflow/example_dags/example_subdag_operator.py
[2023-02-14 14:10:23,044] {scheduler_job.py:633} INFO - Processing file /home/airflow/.local/lib/python3.6/site-packages/airflow/example_dags/example_subdag_operator.py for tasks to queue
[2023-02-14 14:10:23,045] {logging_mixin.py:104} INFO - [2023-02-14 14:10:23,045] {dagbag.py:496} INFO - Filling up the DagBag from /home/airflow/.local/lib/python3.6/site-packages/airflow/example_dags/example_subdag_operator.py
[2023-02-14 14:10:23,068] {scheduler_job.py:643} INFO - DAG(s) dict_keys(['example_subdag_operator.section-1', 'example_subdag_operator.section-2', 'example_subdag_operator']) retrieved from /home/airflow/.local/lib/python3.6/site-packages/airflow/example_dags/example_subdag_operator.py
[2023-02-14 14:10:23,078] {logging_mixin.py:104} INFO - [2023-02-14 14:10:23,078] {dag.py:1833} INFO - Sync 3 DAGs
[2023-02-14 14:10:23,091] {logging_mixin.py:104} INFO - [2023-02-14 14:10:23,091] {dag.py:2306} INFO - Setting next_dagrun for example_subdag_operator to 2023-02-12 00:00:00+00:00
[2023-02-14 14:10:23,092] {logging_mixin.py:104} INFO - [2023-02-14 14:10:23,092] {dag.py:2306} INFO - Setting next_dagrun for example_subdag_operator.section-1 to None
[2023-02-14 14:10:23,092] {logging_mixin.py:104} INFO - [2023-02-14 14:10:23,092] {dag.py:2306} INFO - Setting next_dagrun for example_subdag_operator.section-2 to None
[2023-02-14 14:10:23,098] {logging_mixin.py:104} INFO - [2023-02-14 14:10:23,098] {dag.py:1833} INFO - Sync 2 DAGs
[2023-02-14 14:10:23,104] {logging_mixin.py:104} INFO - [2023-02-14 14:10:23,104] {dag.py:2306} INFO - Setting next_dagrun for example_subdag_operator.section-1 to None
[2023-02-14 14:10:23,104] {logging_mixin.py:104} INFO - [2023-02-14 14:10:23,104] {dag.py:2306} INFO - Setting next_dagrun for example_subdag_operator.section-2 to None
[2023-02-14 14:10:23,109] {scheduler_job.py:190} INFO - Processing /home/airflow/.local/lib/python3.6/site-packages/airflow/example_dags/example_subdag_operator.py took 0.067 seconds
[2023-02-14 14:10:53,330] {scheduler_job.py:182} INFO - Started process (PID=752) to work on /home/airflow/.local/lib/python3.6/site-packages/airflow/example_dags/example_subdag_operator.py
[2023-02-14 14:10:53,331] {scheduler_job.py:633} INFO - Processing file /home/airflow/.local/lib/python3.6/site-packages/airflow/example_dags/example_subdag_operator.py for tasks to queue
[2023-02-14 14:10:53,331] {logging_mixin.py:104} INFO - [2023-02-14 14:10:53,331] {dagbag.py:496} INFO - Filling up the DagBag from /home/airflow/.local/lib/python3.6/site-packages/airflow/example_dags/example_subdag_operator.py
[2023-02-14 14:10:53,353] {scheduler_job.py:643} INFO - DAG(s) dict_keys(['example_subdag_operator.section-1', 'example_subdag_operator.section-2', 'example_subdag_operator']) retrieved from /home/airflow/.local/lib/python3.6/site-packages/airflow/example_dags/example_subdag_operator.py
[2023-02-14 14:10:53,363] {logging_mixin.py:104} INFO - [2023-02-14 14:10:53,363] {dag.py:1833} INFO - Sync 3 DAGs
[2023-02-14 14:10:53,375] {logging_mixin.py:104} INFO - [2023-02-14 14:10:53,375] {dag.py:2306} INFO - Setting next_dagrun for example_subdag_operator to 2023-02-12 00:00:00+00:00
[2023-02-14 14:10:53,376] {logging_mixin.py:104} INFO - [2023-02-14 14:10:53,376] {dag.py:2306} INFO - Setting next_dagrun for example_subdag_operator.section-1 to None
[2023-02-14 14:10:53,376] {logging_mixin.py:104} INFO - [2023-02-14 14:10:53,376] {dag.py:2306} INFO - Setting next_dagrun for example_subdag_operator.section-2 to None
[2023-02-14 14:10:53,381] {logging_mixin.py:104} INFO - [2023-02-14 14:10:53,381] {dag.py:1833} INFO - Sync 2 DAGs
[2023-02-14 14:10:53,387] {logging_mixin.py:104} INFO - [2023-02-14 14:10:53,387] {dag.py:2306} INFO - Setting next_dagrun for example_subdag_operator.section-1 to None
[2023-02-14 14:10:53,387] {logging_mixin.py:104} INFO - [2023-02-14 14:10:53,387] {dag.py:2306} INFO - Setting next_dagrun for example_subdag_operator.section-2 to None
[2023-02-14 14:10:53,392] {scheduler_job.py:190} INFO - Processing /home/airflow/.local/lib/python3.6/site-packages/airflow/example_dags/example_subdag_operator.py took 0.064 seconds
[2023-02-14 14:11:23,678] {scheduler_job.py:182} INFO - Started process (PID=803) to work on /home/airflow/.local/lib/python3.6/site-packages/airflow/example_dags/example_subdag_operator.py
[2023-02-14 14:11:23,679] {scheduler_job.py:633} INFO - Processing file /home/airflow/.local/lib/python3.6/site-packages/airflow/example_dags/example_subdag_operator.py for tasks to queue
[2023-02-14 14:11:23,680] {logging_mixin.py:104} INFO - [2023-02-14 14:11:23,679] {dagbag.py:496} INFO - Filling up the DagBag from /home/airflow/.local/lib/python3.6/site-packages/airflow/example_dags/example_subdag_operator.py
[2023-02-14 14:11:23,705] {scheduler_job.py:643} INFO - DAG(s) dict_keys(['example_subdag_operator.section-1', 'example_subdag_operator.section-2', 'example_subdag_operator']) retrieved from /home/airflow/.local/lib/python3.6/site-packages/airflow/example_dags/example_subdag_operator.py
[2023-02-14 14:11:23,714] {logging_mixin.py:104} INFO - [2023-02-14 14:11:23,713] {dag.py:1833} INFO - Sync 3 DAGs
[2023-02-14 14:11:23,726] {logging_mixin.py:104} INFO - [2023-02-14 14:11:23,726] {dag.py:2306} INFO - Setting next_dagrun for example_subdag_operator to 2023-02-12 00:00:00+00:00
[2023-02-14 14:11:23,727] {logging_mixin.py:104} INFO - [2023-02-14 14:11:23,727] {dag.py:2306} INFO - Setting next_dagrun for example_subdag_operator.section-1 to None
[2023-02-14 14:11:23,727] {logging_mixin.py:104} INFO - [2023-02-14 14:11:23,727] {dag.py:2306} INFO - Setting next_dagrun for example_subdag_operator.section-2 to None
[2023-02-14 14:11:23,733] {logging_mixin.py:104} INFO - [2023-02-14 14:11:23,733] {dag.py:1833} INFO - Sync 2 DAGs
[2023-02-14 14:11:23,738] {logging_mixin.py:104} INFO - [2023-02-14 14:11:23,738] {dag.py:2306} INFO - Setting next_dagrun for example_subdag_operator.section-1 to None
[2023-02-14 14:11:23,739] {logging_mixin.py:104} INFO - [2023-02-14 14:11:23,738] {dag.py:2306} INFO - Setting next_dagrun for example_subdag_operator.section-2 to None
[2023-02-14 14:11:23,743] {scheduler_job.py:190} INFO - Processing /home/airflow/.local/lib/python3.6/site-packages/airflow/example_dags/example_subdag_operator.py took 0.067 seconds
[2023-02-14 14:11:53,791] {scheduler_job.py:182} INFO - Started process (PID=864) to work on /home/airflow/.local/lib/python3.6/site-packages/airflow/example_dags/example_subdag_operator.py
[2023-02-14 14:11:53,791] {scheduler_job.py:633} INFO - Processing file /home/airflow/.local/lib/python3.6/site-packages/airflow/example_dags/example_subdag_operator.py for tasks to queue
[2023-02-14 14:11:53,792] {logging_mixin.py:104} INFO - [2023-02-14 14:11:53,792] {dagbag.py:496} INFO - Filling up the DagBag from /home/airflow/.local/lib/python3.6/site-packages/airflow/example_dags/example_subdag_operator.py
[2023-02-14 14:11:53,813] {scheduler_job.py:643} INFO - DAG(s) dict_keys(['example_subdag_operator.section-1', 'example_subdag_operator.section-2', 'example_subdag_operator']) retrieved from /home/airflow/.local/lib/python3.6/site-packages/airflow/example_dags/example_subdag_operator.py
[2023-02-14 14:11:53,821] {logging_mixin.py:104} INFO - [2023-02-14 14:11:53,821] {dag.py:1833} INFO - Sync 3 DAGs
[2023-02-14 14:11:53,832] {logging_mixin.py:104} INFO - [2023-02-14 14:11:53,832] {dag.py:2306} INFO - Setting next_dagrun for example_subdag_operator to 2023-02-12 00:00:00+00:00
[2023-02-14 14:11:53,832] {logging_mixin.py:104} INFO - [2023-02-14 14:11:53,832] {dag.py:2306} INFO - Setting next_dagrun for example_subdag_operator.section-1 to None
[2023-02-14 14:11:53,832] {logging_mixin.py:104} INFO - [2023-02-14 14:11:53,832] {dag.py:2306} INFO - Setting next_dagrun for example_subdag_operator.section-2 to None
[2023-02-14 14:11:53,837] {logging_mixin.py:104} INFO - [2023-02-14 14:11:53,837] {dag.py:1833} INFO - Sync 2 DAGs
[2023-02-14 14:11:53,842] {logging_mixin.py:104} INFO - [2023-02-14 14:11:53,842] {dag.py:2306} INFO - Setting next_dagrun for example_subdag_operator.section-1 to None
[2023-02-14 14:11:53,843] {logging_mixin.py:104} INFO - [2023-02-14 14:11:53,843] {dag.py:2306} INFO - Setting next_dagrun for example_subdag_operator.section-2 to None
[2023-02-14 14:11:53,846] {scheduler_job.py:190} INFO - Processing /home/airflow/.local/lib/python3.6/site-packages/airflow/example_dags/example_subdag_operator.py took 0.058 seconds
[2023-02-14 14:12:24,202] {scheduler_job.py:182} INFO - Started process (PID=915) to work on /home/airflow/.local/lib/python3.6/site-packages/airflow/example_dags/example_subdag_operator.py
[2023-02-14 14:12:24,203] {scheduler_job.py:633} INFO - Processing file /home/airflow/.local/lib/python3.6/site-packages/airflow/example_dags/example_subdag_operator.py for tasks to queue
[2023-02-14 14:12:24,204] {logging_mixin.py:104} INFO - [2023-02-14 14:12:24,203] {dagbag.py:496} INFO - Filling up the DagBag from /home/airflow/.local/lib/python3.6/site-packages/airflow/example_dags/example_subdag_operator.py
[2023-02-14 14:12:24,228] {scheduler_job.py:643} INFO - DAG(s) dict_keys(['example_subdag_operator.section-1', 'example_subdag_operator.section-2', 'example_subdag_operator']) retrieved from /home/airflow/.local/lib/python3.6/site-packages/airflow/example_dags/example_subdag_operator.py
[2023-02-14 14:12:24,237] {logging_mixin.py:104} INFO - [2023-02-14 14:12:24,237] {dag.py:1833} INFO - Sync 3 DAGs
[2023-02-14 14:12:24,251] {logging_mixin.py:104} INFO - [2023-02-14 14:12:24,251] {dag.py:2306} INFO - Setting next_dagrun for example_subdag_operator to 2023-02-12 00:00:00+00:00
[2023-02-14 14:12:24,252] {logging_mixin.py:104} INFO - [2023-02-14 14:12:24,252] {dag.py:2306} INFO - Setting next_dagrun for example_subdag_operator.section-1 to None
[2023-02-14 14:12:24,252] {logging_mixin.py:104} INFO - [2023-02-14 14:12:24,252] {dag.py:2306} INFO - Setting next_dagrun for example_subdag_operator.section-2 to None
[2023-02-14 14:12:24,257] {logging_mixin.py:104} INFO - [2023-02-14 14:12:24,257] {dag.py:1833} INFO - Sync 2 DAGs
[2023-02-14 14:12:24,262] {logging_mixin.py:104} INFO - [2023-02-14 14:12:24,262] {dag.py:2306} INFO - Setting next_dagrun for example_subdag_operator.section-1 to None
[2023-02-14 14:12:24,263] {logging_mixin.py:104} INFO - [2023-02-14 14:12:24,263] {dag.py:2306} INFO - Setting next_dagrun for example_subdag_operator.section-2 to None
[2023-02-14 14:12:24,267] {scheduler_job.py:190} INFO - Processing /home/airflow/.local/lib/python3.6/site-packages/airflow/example_dags/example_subdag_operator.py took 0.067 seconds
[2023-02-14 14:12:54,373] {scheduler_job.py:182} INFO - Started process (PID=976) to work on /home/airflow/.local/lib/python3.6/site-packages/airflow/example_dags/example_subdag_operator.py
[2023-02-14 14:12:54,374] {scheduler_job.py:633} INFO - Processing file /home/airflow/.local/lib/python3.6/site-packages/airflow/example_dags/example_subdag_operator.py for tasks to queue
[2023-02-14 14:12:54,374] {logging_mixin.py:104} INFO - [2023-02-14 14:12:54,374] {dagbag.py:496} INFO - Filling up the DagBag from /home/airflow/.local/lib/python3.6/site-packages/airflow/example_dags/example_subdag_operator.py
[2023-02-14 14:12:54,397] {scheduler_job.py:643} INFO - DAG(s) dict_keys(['example_subdag_operator.section-1', 'example_subdag_operator.section-2', 'example_subdag_operator']) retrieved from /home/airflow/.local/lib/python3.6/site-packages/airflow/example_dags/example_subdag_operator.py
[2023-02-14 14:12:54,406] {logging_mixin.py:104} INFO - [2023-02-14 14:12:54,406] {dag.py:1833} INFO - Sync 3 DAGs
[2023-02-14 14:12:54,464] {logging_mixin.py:104} INFO - [2023-02-14 14:12:54,463] {dag.py:2306} INFO - Setting next_dagrun for example_subdag_operator to 2023-02-12 00:00:00+00:00
[2023-02-14 14:12:54,464] {logging_mixin.py:104} INFO - [2023-02-14 14:12:54,464] {dag.py:2306} INFO - Setting next_dagrun for example_subdag_operator.section-1 to None
[2023-02-14 14:12:54,464] {logging_mixin.py:104} INFO - [2023-02-14 14:12:54,464] {dag.py:2306} INFO - Setting next_dagrun for example_subdag_operator.section-2 to None
[2023-02-14 14:12:54,469] {logging_mixin.py:104} INFO - [2023-02-14 14:12:54,469] {dag.py:1833} INFO - Sync 2 DAGs
[2023-02-14 14:12:54,474] {logging_mixin.py:104} INFO - [2023-02-14 14:12:54,474] {dag.py:2306} INFO - Setting next_dagrun for example_subdag_operator.section-1 to None
[2023-02-14 14:12:54,475] {logging_mixin.py:104} INFO - [2023-02-14 14:12:54,475] {dag.py:2306} INFO - Setting next_dagrun for example_subdag_operator.section-2 to None
[2023-02-14 14:12:54,479] {scheduler_job.py:190} INFO - Processing /home/airflow/.local/lib/python3.6/site-packages/airflow/example_dags/example_subdag_operator.py took 0.108 seconds
[2023-02-14 14:13:24,526] {scheduler_job.py:182} INFO - Started process (PID=1027) to work on /home/airflow/.local/lib/python3.6/site-packages/airflow/example_dags/example_subdag_operator.py
[2023-02-14 14:13:24,527] {scheduler_job.py:633} INFO - Processing file /home/airflow/.local/lib/python3.6/site-packages/airflow/example_dags/example_subdag_operator.py for tasks to queue
[2023-02-14 14:13:24,527] {logging_mixin.py:104} INFO - [2023-02-14 14:13:24,527] {dagbag.py:496} INFO - Filling up the DagBag from /home/airflow/.local/lib/python3.6/site-packages/airflow/example_dags/example_subdag_operator.py
[2023-02-14 14:13:24,553] {scheduler_job.py:643} INFO - DAG(s) dict_keys(['example_subdag_operator.section-1', 'example_subdag_operator.section-2', 'example_subdag_operator']) retrieved from /home/airflow/.local/lib/python3.6/site-packages/airflow/example_dags/example_subdag_operator.py
[2023-02-14 14:13:24,562] {logging_mixin.py:104} INFO - [2023-02-14 14:13:24,562] {dag.py:1833} INFO - Sync 3 DAGs
[2023-02-14 14:13:24,573] {logging_mixin.py:104} INFO - [2023-02-14 14:13:24,573] {dag.py:2306} INFO - Setting next_dagrun for example_subdag_operator to 2023-02-12 00:00:00+00:00
[2023-02-14 14:13:24,573] {logging_mixin.py:104} INFO - [2023-02-14 14:13:24,573] {dag.py:2306} INFO - Setting next_dagrun for example_subdag_operator.section-1 to None
[2023-02-14 14:13:24,574] {logging_mixin.py:104} INFO - [2023-02-14 14:13:24,574] {dag.py:2306} INFO - Setting next_dagrun for example_subdag_operator.section-2 to None
[2023-02-14 14:13:24,579] {logging_mixin.py:104} INFO - [2023-02-14 14:13:24,579] {dag.py:1833} INFO - Sync 2 DAGs
[2023-02-14 14:13:24,584] {logging_mixin.py:104} INFO - [2023-02-14 14:13:24,584] {dag.py:2306} INFO - Setting next_dagrun for example_subdag_operator.section-1 to None
[2023-02-14 14:13:24,584] {logging_mixin.py:104} INFO - [2023-02-14 14:13:24,584] {dag.py:2306} INFO - Setting next_dagrun for example_subdag_operator.section-2 to None
[2023-02-14 14:13:24,588] {scheduler_job.py:190} INFO - Processing /home/airflow/.local/lib/python3.6/site-packages/airflow/example_dags/example_subdag_operator.py took 0.065 seconds
[2023-02-14 14:13:54,771] {scheduler_job.py:182} INFO - Started process (PID=1088) to work on /home/airflow/.local/lib/python3.6/site-packages/airflow/example_dags/example_subdag_operator.py
[2023-02-14 14:13:54,772] {scheduler_job.py:633} INFO - Processing file /home/airflow/.local/lib/python3.6/site-packages/airflow/example_dags/example_subdag_operator.py for tasks to queue
[2023-02-14 14:13:54,772] {logging_mixin.py:104} INFO - [2023-02-14 14:13:54,772] {dagbag.py:496} INFO - Filling up the DagBag from /home/airflow/.local/lib/python3.6/site-packages/airflow/example_dags/example_subdag_operator.py
[2023-02-14 14:13:54,794] {scheduler_job.py:643} INFO - DAG(s) dict_keys(['example_subdag_operator.section-1', 'example_subdag_operator.section-2', 'example_subdag_operator']) retrieved from /home/airflow/.local/lib/python3.6/site-packages/airflow/example_dags/example_subdag_operator.py
[2023-02-14 14:13:54,803] {logging_mixin.py:104} INFO - [2023-02-14 14:13:54,803] {dag.py:1833} INFO - Sync 3 DAGs
[2023-02-14 14:13:54,818] {logging_mixin.py:104} INFO - [2023-02-14 14:13:54,818] {dag.py:2306} INFO - Setting next_dagrun for example_subdag_operator to 2023-02-12 00:00:00+00:00
[2023-02-14 14:13:54,819] {logging_mixin.py:104} INFO - [2023-02-14 14:13:54,819] {dag.py:2306} INFO - Setting next_dagrun for example_subdag_operator.section-1 to None
[2023-02-14 14:13:54,819] {logging_mixin.py:104} INFO - [2023-02-14 14:13:54,819] {dag.py:2306} INFO - Setting next_dagrun for example_subdag_operator.section-2 to None
[2023-02-14 14:13:54,825] {logging_mixin.py:104} INFO - [2023-02-14 14:13:54,825] {dag.py:1833} INFO - Sync 2 DAGs
[2023-02-14 14:13:54,831] {logging_mixin.py:104} INFO - [2023-02-14 14:13:54,831] {dag.py:2306} INFO - Setting next_dagrun for example_subdag_operator.section-1 to None
[2023-02-14 14:13:54,831] {logging_mixin.py:104} INFO - [2023-02-14 14:13:54,831] {dag.py:2306} INFO - Setting next_dagrun for example_subdag_operator.section-2 to None
[2023-02-14 14:13:54,835] {scheduler_job.py:190} INFO - Processing /home/airflow/.local/lib/python3.6/site-packages/airflow/example_dags/example_subdag_operator.py took 0.066 seconds
[2023-02-14 14:14:25,025] {scheduler_job.py:182} INFO - Started process (PID=1149) to work on /home/airflow/.local/lib/python3.6/site-packages/airflow/example_dags/example_subdag_operator.py
[2023-02-14 14:14:25,026] {scheduler_job.py:633} INFO - Processing file /home/airflow/.local/lib/python3.6/site-packages/airflow/example_dags/example_subdag_operator.py for tasks to queue
[2023-02-14 14:14:25,026] {logging_mixin.py:104} INFO - [2023-02-14 14:14:25,026] {dagbag.py:496} INFO - Filling up the DagBag from /home/airflow/.local/lib/python3.6/site-packages/airflow/example_dags/example_subdag_operator.py
[2023-02-14 14:14:25,050] {scheduler_job.py:643} INFO - DAG(s) dict_keys(['example_subdag_operator.section-1', 'example_subdag_operator.section-2', 'example_subdag_operator']) retrieved from /home/airflow/.local/lib/python3.6/site-packages/airflow/example_dags/example_subdag_operator.py
[2023-02-14 14:14:25,059] {logging_mixin.py:104} INFO - [2023-02-14 14:14:25,059] {dag.py:1833} INFO - Sync 3 DAGs
[2023-02-14 14:14:25,070] {logging_mixin.py:104} INFO - [2023-02-14 14:14:25,070] {dag.py:2306} INFO - Setting next_dagrun for example_subdag_operator to 2023-02-12 00:00:00+00:00
[2023-02-14 14:14:25,071] {logging_mixin.py:104} INFO - [2023-02-14 14:14:25,071] {dag.py:2306} INFO - Setting next_dagrun for example_subdag_operator.section-1 to None
[2023-02-14 14:14:25,071] {logging_mixin.py:104} INFO - [2023-02-14 14:14:25,071] {dag.py:2306} INFO - Setting next_dagrun for example_subdag_operator.section-2 to None
[2023-02-14 14:14:25,076] {logging_mixin.py:104} INFO - [2023-02-14 14:14:25,076] {dag.py:1833} INFO - Sync 2 DAGs
[2023-02-14 14:14:25,084] {logging_mixin.py:104} INFO - [2023-02-14 14:14:25,084] {dag.py:2306} INFO - Setting next_dagrun for example_subdag_operator.section-1 to None
[2023-02-14 14:14:25,084] {logging_mixin.py:104} INFO - [2023-02-14 14:14:25,084] {dag.py:2306} INFO - Setting next_dagrun for example_subdag_operator.section-2 to None
[2023-02-14 14:14:25,089] {scheduler_job.py:190} INFO - Processing /home/airflow/.local/lib/python3.6/site-packages/airflow/example_dags/example_subdag_operator.py took 0.066 seconds
[2023-02-14 14:14:55,132] {scheduler_job.py:182} INFO - Started process (PID=1200) to work on /home/airflow/.local/lib/python3.6/site-packages/airflow/example_dags/example_subdag_operator.py
[2023-02-14 14:14:55,133] {scheduler_job.py:633} INFO - Processing file /home/airflow/.local/lib/python3.6/site-packages/airflow/example_dags/example_subdag_operator.py for tasks to queue
[2023-02-14 14:14:55,133] {logging_mixin.py:104} INFO - [2023-02-14 14:14:55,133] {dagbag.py:496} INFO - Filling up the DagBag from /home/airflow/.local/lib/python3.6/site-packages/airflow/example_dags/example_subdag_operator.py
[2023-02-14 14:14:55,155] {scheduler_job.py:643} INFO - DAG(s) dict_keys(['example_subdag_operator.section-1', 'example_subdag_operator.section-2', 'example_subdag_operator']) retrieved from /home/airflow/.local/lib/python3.6/site-packages/airflow/example_dags/example_subdag_operator.py
[2023-02-14 14:14:55,164] {logging_mixin.py:104} INFO - [2023-02-14 14:14:55,164] {dag.py:1833} INFO - Sync 3 DAGs
[2023-02-14 14:14:55,176] {logging_mixin.py:104} INFO - [2023-02-14 14:14:55,176] {dag.py:2306} INFO - Setting next_dagrun for example_subdag_operator to 2023-02-12 00:00:00+00:00
[2023-02-14 14:14:55,177] {logging_mixin.py:104} INFO - [2023-02-14 14:14:55,176] {dag.py:2306} INFO - Setting next_dagrun for example_subdag_operator.section-1 to None
[2023-02-14 14:14:55,177] {logging_mixin.py:104} INFO - [2023-02-14 14:14:55,177] {dag.py:2306} INFO - Setting next_dagrun for example_subdag_operator.section-2 to None
[2023-02-14 14:14:55,182] {logging_mixin.py:104} INFO - [2023-02-14 14:14:55,182] {dag.py:1833} INFO - Sync 2 DAGs
[2023-02-14 14:14:55,190] {logging_mixin.py:104} INFO - [2023-02-14 14:14:55,190] {dag.py:2306} INFO - Setting next_dagrun for example_subdag_operator.section-1 to None
[2023-02-14 14:14:55,190] {logging_mixin.py:104} INFO - [2023-02-14 14:14:55,190] {dag.py:2306} INFO - Setting next_dagrun for example_subdag_operator.section-2 to None
[2023-02-14 14:14:55,195] {scheduler_job.py:190} INFO - Processing /home/airflow/.local/lib/python3.6/site-packages/airflow/example_dags/example_subdag_operator.py took 0.065 seconds
