[2023-02-14 14:09:20,211] {scheduler_job.py:182} INFO - Started process (PID=403) to work on /home/airflow/.local/lib/python3.6/site-packages/airflow/example_dags/example_task_group.py
[2023-02-14 14:09:20,211] {scheduler_job.py:633} INFO - Processing file /home/airflow/.local/lib/python3.6/site-packages/airflow/example_dags/example_task_group.py for tasks to queue
[2023-02-14 14:09:20,212] {logging_mixin.py:104} INFO - [2023-02-14 14:09:20,212] {dagbag.py:496} INFO - Filling up the DagBag from /home/airflow/.local/lib/python3.6/site-packages/airflow/example_dags/example_task_group.py
[2023-02-14 14:09:20,224] {scheduler_job.py:643} INFO - DAG(s) dict_keys(['example_task_group']) retrieved from /home/airflow/.local/lib/python3.6/site-packages/airflow/example_dags/example_task_group.py
[2023-02-14 14:09:22,471] {logging_mixin.py:104} INFO - [2023-02-14 14:09:22,471] {dag.py:1833} INFO - Sync 1 DAGs
[2023-02-14 14:09:22,479] {logging_mixin.py:104} INFO - [2023-02-14 14:09:22,478] {dag.py:1852} INFO - Creating ORM DAG for example_task_group
[2023-02-14 14:09:22,482] {logging_mixin.py:104} INFO - [2023-02-14 14:09:22,482] {dag.py:2306} INFO - Setting next_dagrun for example_task_group to 2023-02-12 00:00:00+00:00
[2023-02-14 14:09:22,490] {scheduler_job.py:190} INFO - Processing /home/airflow/.local/lib/python3.6/site-packages/airflow/example_dags/example_task_group.py took 2.282 seconds
[2023-02-14 14:09:52,756] {scheduler_job.py:182} INFO - Started process (PID=641) to work on /home/airflow/.local/lib/python3.6/site-packages/airflow/example_dags/example_task_group.py
[2023-02-14 14:09:52,757] {scheduler_job.py:633} INFO - Processing file /home/airflow/.local/lib/python3.6/site-packages/airflow/example_dags/example_task_group.py for tasks to queue
[2023-02-14 14:09:52,757] {logging_mixin.py:104} INFO - [2023-02-14 14:09:52,757] {dagbag.py:496} INFO - Filling up the DagBag from /home/airflow/.local/lib/python3.6/site-packages/airflow/example_dags/example_task_group.py
[2023-02-14 14:09:52,769] {scheduler_job.py:643} INFO - DAG(s) dict_keys(['example_task_group']) retrieved from /home/airflow/.local/lib/python3.6/site-packages/airflow/example_dags/example_task_group.py
[2023-02-14 14:09:52,787] {logging_mixin.py:104} INFO - [2023-02-14 14:09:52,786] {dag.py:1833} INFO - Sync 1 DAGs
[2023-02-14 14:09:52,798] {logging_mixin.py:104} INFO - [2023-02-14 14:09:52,798] {dag.py:2306} INFO - Setting next_dagrun for example_task_group to 2023-02-12 00:00:00+00:00
[2023-02-14 14:09:52,806] {scheduler_job.py:190} INFO - Processing /home/airflow/.local/lib/python3.6/site-packages/airflow/example_dags/example_task_group.py took 0.052 seconds
[2023-02-14 14:10:23,047] {scheduler_job.py:182} INFO - Started process (PID=692) to work on /home/airflow/.local/lib/python3.6/site-packages/airflow/example_dags/example_task_group.py
[2023-02-14 14:10:23,048] {scheduler_job.py:633} INFO - Processing file /home/airflow/.local/lib/python3.6/site-packages/airflow/example_dags/example_task_group.py for tasks to queue
[2023-02-14 14:10:23,048] {logging_mixin.py:104} INFO - [2023-02-14 14:10:23,048] {dagbag.py:496} INFO - Filling up the DagBag from /home/airflow/.local/lib/python3.6/site-packages/airflow/example_dags/example_task_group.py
[2023-02-14 14:10:23,059] {scheduler_job.py:643} INFO - DAG(s) dict_keys(['example_task_group']) retrieved from /home/airflow/.local/lib/python3.6/site-packages/airflow/example_dags/example_task_group.py
[2023-02-14 14:10:23,076] {logging_mixin.py:104} INFO - [2023-02-14 14:10:23,076] {dag.py:1833} INFO - Sync 1 DAGs
[2023-02-14 14:10:23,088] {logging_mixin.py:104} INFO - [2023-02-14 14:10:23,088] {dag.py:2306} INFO - Setting next_dagrun for example_task_group to 2023-02-12 00:00:00+00:00
[2023-02-14 14:10:23,096] {scheduler_job.py:190} INFO - Processing /home/airflow/.local/lib/python3.6/site-packages/airflow/example_dags/example_task_group.py took 0.050 seconds
[2023-02-14 14:10:53,333] {scheduler_job.py:182} INFO - Started process (PID=753) to work on /home/airflow/.local/lib/python3.6/site-packages/airflow/example_dags/example_task_group.py
[2023-02-14 14:10:53,334] {scheduler_job.py:633} INFO - Processing file /home/airflow/.local/lib/python3.6/site-packages/airflow/example_dags/example_task_group.py for tasks to queue
[2023-02-14 14:10:53,335] {logging_mixin.py:104} INFO - [2023-02-14 14:10:53,335] {dagbag.py:496} INFO - Filling up the DagBag from /home/airflow/.local/lib/python3.6/site-packages/airflow/example_dags/example_task_group.py
[2023-02-14 14:10:53,346] {scheduler_job.py:643} INFO - DAG(s) dict_keys(['example_task_group']) retrieved from /home/airflow/.local/lib/python3.6/site-packages/airflow/example_dags/example_task_group.py
[2023-02-14 14:10:53,363] {logging_mixin.py:104} INFO - [2023-02-14 14:10:53,363] {dag.py:1833} INFO - Sync 1 DAGs
[2023-02-14 14:10:53,375] {logging_mixin.py:104} INFO - [2023-02-14 14:10:53,375] {dag.py:2306} INFO - Setting next_dagrun for example_task_group to 2023-02-12 00:00:00+00:00
[2023-02-14 14:10:53,382] {scheduler_job.py:190} INFO - Processing /home/airflow/.local/lib/python3.6/site-packages/airflow/example_dags/example_task_group.py took 0.051 seconds
[2023-02-14 14:11:23,681] {scheduler_job.py:182} INFO - Started process (PID=804) to work on /home/airflow/.local/lib/python3.6/site-packages/airflow/example_dags/example_task_group.py
[2023-02-14 14:11:23,682] {scheduler_job.py:633} INFO - Processing file /home/airflow/.local/lib/python3.6/site-packages/airflow/example_dags/example_task_group.py for tasks to queue
[2023-02-14 14:11:23,682] {logging_mixin.py:104} INFO - [2023-02-14 14:11:23,682] {dagbag.py:496} INFO - Filling up the DagBag from /home/airflow/.local/lib/python3.6/site-packages/airflow/example_dags/example_task_group.py
[2023-02-14 14:11:23,692] {scheduler_job.py:643} INFO - DAG(s) dict_keys(['example_task_group']) retrieved from /home/airflow/.local/lib/python3.6/site-packages/airflow/example_dags/example_task_group.py
[2023-02-14 14:11:23,708] {logging_mixin.py:104} INFO - [2023-02-14 14:11:23,708] {dag.py:1833} INFO - Sync 1 DAGs
[2023-02-14 14:11:23,719] {logging_mixin.py:104} INFO - [2023-02-14 14:11:23,719] {dag.py:2306} INFO - Setting next_dagrun for example_task_group to 2023-02-12 00:00:00+00:00
[2023-02-14 14:11:23,727] {scheduler_job.py:190} INFO - Processing /home/airflow/.local/lib/python3.6/site-packages/airflow/example_dags/example_task_group.py took 0.047 seconds
[2023-02-14 14:11:53,794] {scheduler_job.py:182} INFO - Started process (PID=865) to work on /home/airflow/.local/lib/python3.6/site-packages/airflow/example_dags/example_task_group.py
[2023-02-14 14:11:53,795] {scheduler_job.py:633} INFO - Processing file /home/airflow/.local/lib/python3.6/site-packages/airflow/example_dags/example_task_group.py for tasks to queue
[2023-02-14 14:11:53,795] {logging_mixin.py:104} INFO - [2023-02-14 14:11:53,795] {dagbag.py:496} INFO - Filling up the DagBag from /home/airflow/.local/lib/python3.6/site-packages/airflow/example_dags/example_task_group.py
[2023-02-14 14:11:53,805] {scheduler_job.py:643} INFO - DAG(s) dict_keys(['example_task_group']) retrieved from /home/airflow/.local/lib/python3.6/site-packages/airflow/example_dags/example_task_group.py
[2023-02-14 14:11:53,820] {logging_mixin.py:104} INFO - [2023-02-14 14:11:53,820] {dag.py:1833} INFO - Sync 1 DAGs
[2023-02-14 14:11:53,831] {logging_mixin.py:104} INFO - [2023-02-14 14:11:53,831] {dag.py:2306} INFO - Setting next_dagrun for example_task_group to 2023-02-12 00:00:00+00:00
[2023-02-14 14:11:53,838] {scheduler_job.py:190} INFO - Processing /home/airflow/.local/lib/python3.6/site-packages/airflow/example_dags/example_task_group.py took 0.045 seconds
[2023-02-14 14:12:24,207] {scheduler_job.py:182} INFO - Started process (PID=916) to work on /home/airflow/.local/lib/python3.6/site-packages/airflow/example_dags/example_task_group.py
[2023-02-14 14:12:24,207] {scheduler_job.py:633} INFO - Processing file /home/airflow/.local/lib/python3.6/site-packages/airflow/example_dags/example_task_group.py for tasks to queue
[2023-02-14 14:12:24,208] {logging_mixin.py:104} INFO - [2023-02-14 14:12:24,208] {dagbag.py:496} INFO - Filling up the DagBag from /home/airflow/.local/lib/python3.6/site-packages/airflow/example_dags/example_task_group.py
[2023-02-14 14:12:24,220] {scheduler_job.py:643} INFO - DAG(s) dict_keys(['example_task_group']) retrieved from /home/airflow/.local/lib/python3.6/site-packages/airflow/example_dags/example_task_group.py
[2023-02-14 14:12:24,237] {logging_mixin.py:104} INFO - [2023-02-14 14:12:24,237] {dag.py:1833} INFO - Sync 1 DAGs
[2023-02-14 14:12:24,250] {logging_mixin.py:104} INFO - [2023-02-14 14:12:24,250] {dag.py:2306} INFO - Setting next_dagrun for example_task_group to 2023-02-12 00:00:00+00:00
[2023-02-14 14:12:24,257] {scheduler_job.py:190} INFO - Processing /home/airflow/.local/lib/python3.6/site-packages/airflow/example_dags/example_task_group.py took 0.053 seconds
[2023-02-14 14:12:54,371] {scheduler_job.py:182} INFO - Started process (PID=977) to work on /home/airflow/.local/lib/python3.6/site-packages/airflow/example_dags/example_task_group.py
[2023-02-14 14:12:54,371] {scheduler_job.py:633} INFO - Processing file /home/airflow/.local/lib/python3.6/site-packages/airflow/example_dags/example_task_group.py for tasks to queue
[2023-02-14 14:12:54,372] {logging_mixin.py:104} INFO - [2023-02-14 14:12:54,372] {dagbag.py:496} INFO - Filling up the DagBag from /home/airflow/.local/lib/python3.6/site-packages/airflow/example_dags/example_task_group.py
[2023-02-14 14:12:54,384] {scheduler_job.py:643} INFO - DAG(s) dict_keys(['example_task_group']) retrieved from /home/airflow/.local/lib/python3.6/site-packages/airflow/example_dags/example_task_group.py
[2023-02-14 14:12:54,400] {logging_mixin.py:104} INFO - [2023-02-14 14:12:54,400] {dag.py:1833} INFO - Sync 1 DAGs
[2023-02-14 14:12:54,458] {logging_mixin.py:104} INFO - [2023-02-14 14:12:54,458] {dag.py:2306} INFO - Setting next_dagrun for example_task_group to 2023-02-12 00:00:00+00:00
[2023-02-14 14:12:54,465] {scheduler_job.py:190} INFO - Processing /home/airflow/.local/lib/python3.6/site-packages/airflow/example_dags/example_task_group.py took 0.097 seconds
[2023-02-14 14:13:24,529] {scheduler_job.py:182} INFO - Started process (PID=1028) to work on /home/airflow/.local/lib/python3.6/site-packages/airflow/example_dags/example_task_group.py
[2023-02-14 14:13:24,530] {scheduler_job.py:633} INFO - Processing file /home/airflow/.local/lib/python3.6/site-packages/airflow/example_dags/example_task_group.py for tasks to queue
[2023-02-14 14:13:24,530] {logging_mixin.py:104} INFO - [2023-02-14 14:13:24,530] {dagbag.py:496} INFO - Filling up the DagBag from /home/airflow/.local/lib/python3.6/site-packages/airflow/example_dags/example_task_group.py
[2023-02-14 14:13:24,543] {scheduler_job.py:643} INFO - DAG(s) dict_keys(['example_task_group']) retrieved from /home/airflow/.local/lib/python3.6/site-packages/airflow/example_dags/example_task_group.py
[2023-02-14 14:13:24,561] {logging_mixin.py:104} INFO - [2023-02-14 14:13:24,561] {dag.py:1833} INFO - Sync 1 DAGs
[2023-02-14 14:13:24,572] {logging_mixin.py:104} INFO - [2023-02-14 14:13:24,572] {dag.py:2306} INFO - Setting next_dagrun for example_task_group to 2023-02-12 00:00:00+00:00
[2023-02-14 14:13:24,579] {scheduler_job.py:190} INFO - Processing /home/airflow/.local/lib/python3.6/site-packages/airflow/example_dags/example_task_group.py took 0.052 seconds
[2023-02-14 14:13:54,777] {scheduler_job.py:182} INFO - Started process (PID=1089) to work on /home/airflow/.local/lib/python3.6/site-packages/airflow/example_dags/example_task_group.py
[2023-02-14 14:13:54,778] {scheduler_job.py:633} INFO - Processing file /home/airflow/.local/lib/python3.6/site-packages/airflow/example_dags/example_task_group.py for tasks to queue
[2023-02-14 14:13:54,778] {logging_mixin.py:104} INFO - [2023-02-14 14:13:54,778] {dagbag.py:496} INFO - Filling up the DagBag from /home/airflow/.local/lib/python3.6/site-packages/airflow/example_dags/example_task_group.py
[2023-02-14 14:13:54,790] {scheduler_job.py:643} INFO - DAG(s) dict_keys(['example_task_group']) retrieved from /home/airflow/.local/lib/python3.6/site-packages/airflow/example_dags/example_task_group.py
[2023-02-14 14:13:54,807] {logging_mixin.py:104} INFO - [2023-02-14 14:13:54,807] {dag.py:1833} INFO - Sync 1 DAGs
[2023-02-14 14:13:54,820] {logging_mixin.py:104} INFO - [2023-02-14 14:13:54,820] {dag.py:2306} INFO - Setting next_dagrun for example_task_group to 2023-02-12 00:00:00+00:00
[2023-02-14 14:13:54,827] {scheduler_job.py:190} INFO - Processing /home/airflow/.local/lib/python3.6/site-packages/airflow/example_dags/example_task_group.py took 0.053 seconds
[2023-02-14 14:14:25,030] {scheduler_job.py:182} INFO - Started process (PID=1150) to work on /home/airflow/.local/lib/python3.6/site-packages/airflow/example_dags/example_task_group.py
[2023-02-14 14:14:25,030] {scheduler_job.py:633} INFO - Processing file /home/airflow/.local/lib/python3.6/site-packages/airflow/example_dags/example_task_group.py for tasks to queue
[2023-02-14 14:14:25,031] {logging_mixin.py:104} INFO - [2023-02-14 14:14:25,031] {dagbag.py:496} INFO - Filling up the DagBag from /home/airflow/.local/lib/python3.6/site-packages/airflow/example_dags/example_task_group.py
[2023-02-14 14:14:25,042] {scheduler_job.py:643} INFO - DAG(s) dict_keys(['example_task_group']) retrieved from /home/airflow/.local/lib/python3.6/site-packages/airflow/example_dags/example_task_group.py
[2023-02-14 14:14:25,059] {logging_mixin.py:104} INFO - [2023-02-14 14:14:25,059] {dag.py:1833} INFO - Sync 1 DAGs
[2023-02-14 14:14:25,070] {logging_mixin.py:104} INFO - [2023-02-14 14:14:25,070] {dag.py:2306} INFO - Setting next_dagrun for example_task_group to 2023-02-12 00:00:00+00:00
[2023-02-14 14:14:25,077] {scheduler_job.py:190} INFO - Processing /home/airflow/.local/lib/python3.6/site-packages/airflow/example_dags/example_task_group.py took 0.050 seconds
[2023-02-14 14:14:55,136] {scheduler_job.py:182} INFO - Started process (PID=1201) to work on /home/airflow/.local/lib/python3.6/site-packages/airflow/example_dags/example_task_group.py
[2023-02-14 14:14:55,137] {scheduler_job.py:633} INFO - Processing file /home/airflow/.local/lib/python3.6/site-packages/airflow/example_dags/example_task_group.py for tasks to queue
[2023-02-14 14:14:55,137] {logging_mixin.py:104} INFO - [2023-02-14 14:14:55,137] {dagbag.py:496} INFO - Filling up the DagBag from /home/airflow/.local/lib/python3.6/site-packages/airflow/example_dags/example_task_group.py
[2023-02-14 14:14:55,147] {scheduler_job.py:643} INFO - DAG(s) dict_keys(['example_task_group']) retrieved from /home/airflow/.local/lib/python3.6/site-packages/airflow/example_dags/example_task_group.py
[2023-02-14 14:14:55,163] {logging_mixin.py:104} INFO - [2023-02-14 14:14:55,163] {dag.py:1833} INFO - Sync 1 DAGs
[2023-02-14 14:14:55,174] {logging_mixin.py:104} INFO - [2023-02-14 14:14:55,174] {dag.py:2306} INFO - Setting next_dagrun for example_task_group to 2023-02-12 00:00:00+00:00
[2023-02-14 14:14:55,181] {scheduler_job.py:190} INFO - Processing /home/airflow/.local/lib/python3.6/site-packages/airflow/example_dags/example_task_group.py took 0.047 seconds
