[2023-02-14 14:08:54,380] {scheduler_job.py:182} INFO - Started process (PID=97) to work on /home/airflow/.local/lib/python3.6/site-packages/airflow/example_dags/example_branch_labels.py
[2023-02-14 14:08:54,380] {scheduler_job.py:633} INFO - Processing file /home/airflow/.local/lib/python3.6/site-packages/airflow/example_dags/example_branch_labels.py for tasks to queue
[2023-02-14 14:08:54,381] {logging_mixin.py:104} INFO - [2023-02-14 14:08:54,381] {dagbag.py:496} INFO - Filling up the DagBag from /home/airflow/.local/lib/python3.6/site-packages/airflow/example_dags/example_branch_labels.py
[2023-02-14 14:08:54,390] {scheduler_job.py:643} INFO - DAG(s) dict_keys(['example_branch_labels']) retrieved from /home/airflow/.local/lib/python3.6/site-packages/airflow/example_dags/example_branch_labels.py
[2023-02-14 14:08:57,405] {logging_mixin.py:104} INFO - [2023-02-14 14:08:57,405] {dag.py:1833} INFO - Sync 1 DAGs
[2023-02-14 14:08:57,458] {logging_mixin.py:104} INFO - [2023-02-14 14:08:57,457] {dag.py:1852} INFO - Creating ORM DAG for example_branch_labels
[2023-02-14 14:08:57,465] {logging_mixin.py:104} INFO - [2023-02-14 14:08:57,465] {dag.py:2306} INFO - Setting next_dagrun for example_branch_labels to 2023-02-12 00:00:00+00:00
[2023-02-14 14:08:57,474] {scheduler_job.py:190} INFO - Processing /home/airflow/.local/lib/python3.6/site-packages/airflow/example_dags/example_branch_labels.py took 3.096 seconds
[2023-02-14 14:09:33,248] {scheduler_job.py:182} INFO - Started process (PID=605) to work on /home/airflow/.local/lib/python3.6/site-packages/airflow/example_dags/example_branch_labels.py
[2023-02-14 14:09:33,249] {scheduler_job.py:633} INFO - Processing file /home/airflow/.local/lib/python3.6/site-packages/airflow/example_dags/example_branch_labels.py for tasks to queue
[2023-02-14 14:09:33,249] {logging_mixin.py:104} INFO - [2023-02-14 14:09:33,249] {dagbag.py:496} INFO - Filling up the DagBag from /home/airflow/.local/lib/python3.6/site-packages/airflow/example_dags/example_branch_labels.py
[2023-02-14 14:09:33,258] {scheduler_job.py:643} INFO - DAG(s) dict_keys(['example_branch_labels']) retrieved from /home/airflow/.local/lib/python3.6/site-packages/airflow/example_dags/example_branch_labels.py
[2023-02-14 14:09:33,274] {logging_mixin.py:104} INFO - [2023-02-14 14:09:33,274] {dag.py:1833} INFO - Sync 1 DAGs
[2023-02-14 14:09:33,289] {logging_mixin.py:104} INFO - [2023-02-14 14:09:33,288] {dag.py:2306} INFO - Setting next_dagrun for example_branch_labels to 2023-02-12 00:00:00+00:00
[2023-02-14 14:09:33,295] {scheduler_job.py:190} INFO - Processing /home/airflow/.local/lib/python3.6/site-packages/airflow/example_dags/example_branch_labels.py took 0.048 seconds
[2023-02-14 14:10:03,406] {scheduler_job.py:182} INFO - Started process (PID=664) to work on /home/airflow/.local/lib/python3.6/site-packages/airflow/example_dags/example_branch_labels.py
[2023-02-14 14:10:03,407] {scheduler_job.py:633} INFO - Processing file /home/airflow/.local/lib/python3.6/site-packages/airflow/example_dags/example_branch_labels.py for tasks to queue
[2023-02-14 14:10:03,407] {logging_mixin.py:104} INFO - [2023-02-14 14:10:03,407] {dagbag.py:496} INFO - Filling up the DagBag from /home/airflow/.local/lib/python3.6/site-packages/airflow/example_dags/example_branch_labels.py
[2023-02-14 14:10:03,417] {scheduler_job.py:643} INFO - DAG(s) dict_keys(['example_branch_labels']) retrieved from /home/airflow/.local/lib/python3.6/site-packages/airflow/example_dags/example_branch_labels.py
[2023-02-14 14:10:03,433] {logging_mixin.py:104} INFO - [2023-02-14 14:10:03,433] {dag.py:1833} INFO - Sync 1 DAGs
[2023-02-14 14:10:03,447] {logging_mixin.py:104} INFO - [2023-02-14 14:10:03,447] {dag.py:2306} INFO - Setting next_dagrun for example_branch_labels to 2023-02-12 00:00:00+00:00
[2023-02-14 14:10:03,453] {scheduler_job.py:190} INFO - Processing /home/airflow/.local/lib/python3.6/site-packages/airflow/example_dags/example_branch_labels.py took 0.049 seconds
[2023-02-14 14:10:33,471] {scheduler_job.py:182} INFO - Started process (PID=715) to work on /home/airflow/.local/lib/python3.6/site-packages/airflow/example_dags/example_branch_labels.py
[2023-02-14 14:10:33,472] {scheduler_job.py:633} INFO - Processing file /home/airflow/.local/lib/python3.6/site-packages/airflow/example_dags/example_branch_labels.py for tasks to queue
[2023-02-14 14:10:33,473] {logging_mixin.py:104} INFO - [2023-02-14 14:10:33,473] {dagbag.py:496} INFO - Filling up the DagBag from /home/airflow/.local/lib/python3.6/site-packages/airflow/example_dags/example_branch_labels.py
[2023-02-14 14:10:33,482] {scheduler_job.py:643} INFO - DAG(s) dict_keys(['example_branch_labels']) retrieved from /home/airflow/.local/lib/python3.6/site-packages/airflow/example_dags/example_branch_labels.py
[2023-02-14 14:10:33,501] {logging_mixin.py:104} INFO - [2023-02-14 14:10:33,501] {dag.py:1833} INFO - Sync 1 DAGs
[2023-02-14 14:10:33,517] {logging_mixin.py:104} INFO - [2023-02-14 14:10:33,517] {dag.py:2306} INFO - Setting next_dagrun for example_branch_labels to 2023-02-12 00:00:00+00:00
[2023-02-14 14:10:33,523] {scheduler_job.py:190} INFO - Processing /home/airflow/.local/lib/python3.6/site-packages/airflow/example_dags/example_branch_labels.py took 0.054 seconds
[2023-02-14 14:11:03,759] {scheduler_job.py:182} INFO - Started process (PID=775) to work on /home/airflow/.local/lib/python3.6/site-packages/airflow/example_dags/example_branch_labels.py
[2023-02-14 14:11:03,760] {scheduler_job.py:633} INFO - Processing file /home/airflow/.local/lib/python3.6/site-packages/airflow/example_dags/example_branch_labels.py for tasks to queue
[2023-02-14 14:11:03,761] {logging_mixin.py:104} INFO - [2023-02-14 14:11:03,761] {dagbag.py:496} INFO - Filling up the DagBag from /home/airflow/.local/lib/python3.6/site-packages/airflow/example_dags/example_branch_labels.py
[2023-02-14 14:11:03,770] {scheduler_job.py:643} INFO - DAG(s) dict_keys(['example_branch_labels']) retrieved from /home/airflow/.local/lib/python3.6/site-packages/airflow/example_dags/example_branch_labels.py
[2023-02-14 14:11:03,786] {logging_mixin.py:104} INFO - [2023-02-14 14:11:03,786] {dag.py:1833} INFO - Sync 1 DAGs
[2023-02-14 14:11:03,801] {logging_mixin.py:104} INFO - [2023-02-14 14:11:03,801] {dag.py:2306} INFO - Setting next_dagrun for example_branch_labels to 2023-02-12 00:00:00+00:00
[2023-02-14 14:11:03,808] {scheduler_job.py:190} INFO - Processing /home/airflow/.local/lib/python3.6/site-packages/airflow/example_dags/example_branch_labels.py took 0.051 seconds
[2023-02-14 14:11:34,147] {scheduler_job.py:182} INFO - Started process (PID=826) to work on /home/airflow/.local/lib/python3.6/site-packages/airflow/example_dags/example_branch_labels.py
[2023-02-14 14:11:34,148] {scheduler_job.py:633} INFO - Processing file /home/airflow/.local/lib/python3.6/site-packages/airflow/example_dags/example_branch_labels.py for tasks to queue
[2023-02-14 14:11:34,149] {logging_mixin.py:104} INFO - [2023-02-14 14:11:34,149] {dagbag.py:496} INFO - Filling up the DagBag from /home/airflow/.local/lib/python3.6/site-packages/airflow/example_dags/example_branch_labels.py
[2023-02-14 14:11:34,158] {scheduler_job.py:643} INFO - DAG(s) dict_keys(['example_branch_labels']) retrieved from /home/airflow/.local/lib/python3.6/site-packages/airflow/example_dags/example_branch_labels.py
[2023-02-14 14:11:34,174] {logging_mixin.py:104} INFO - [2023-02-14 14:11:34,174] {dag.py:1833} INFO - Sync 1 DAGs
[2023-02-14 14:11:34,188] {logging_mixin.py:104} INFO - [2023-02-14 14:11:34,188] {dag.py:2306} INFO - Setting next_dagrun for example_branch_labels to 2023-02-12 00:00:00+00:00
[2023-02-14 14:11:34,194] {scheduler_job.py:190} INFO - Processing /home/airflow/.local/lib/python3.6/site-packages/airflow/example_dags/example_branch_labels.py took 0.049 seconds
[2023-02-14 14:12:04,357] {scheduler_job.py:182} INFO - Started process (PID=887) to work on /home/airflow/.local/lib/python3.6/site-packages/airflow/example_dags/example_branch_labels.py
[2023-02-14 14:12:04,358] {scheduler_job.py:633} INFO - Processing file /home/airflow/.local/lib/python3.6/site-packages/airflow/example_dags/example_branch_labels.py for tasks to queue
[2023-02-14 14:12:04,358] {logging_mixin.py:104} INFO - [2023-02-14 14:12:04,358] {dagbag.py:496} INFO - Filling up the DagBag from /home/airflow/.local/lib/python3.6/site-packages/airflow/example_dags/example_branch_labels.py
[2023-02-14 14:12:04,370] {scheduler_job.py:643} INFO - DAG(s) dict_keys(['example_branch_labels']) retrieved from /home/airflow/.local/lib/python3.6/site-packages/airflow/example_dags/example_branch_labels.py
[2023-02-14 14:12:04,464] {logging_mixin.py:104} INFO - [2023-02-14 14:12:04,463] {dag.py:1833} INFO - Sync 1 DAGs
[2023-02-14 14:12:04,478] {logging_mixin.py:104} INFO - [2023-02-14 14:12:04,478] {dag.py:2306} INFO - Setting next_dagrun for example_branch_labels to 2023-02-12 00:00:00+00:00
[2023-02-14 14:12:04,483] {scheduler_job.py:190} INFO - Processing /home/airflow/.local/lib/python3.6/site-packages/airflow/example_dags/example_branch_labels.py took 0.129 seconds
[2023-02-14 14:12:34,613] {scheduler_job.py:182} INFO - Started process (PID=938) to work on /home/airflow/.local/lib/python3.6/site-packages/airflow/example_dags/example_branch_labels.py
[2023-02-14 14:12:34,614] {scheduler_job.py:633} INFO - Processing file /home/airflow/.local/lib/python3.6/site-packages/airflow/example_dags/example_branch_labels.py for tasks to queue
[2023-02-14 14:12:34,614] {logging_mixin.py:104} INFO - [2023-02-14 14:12:34,614] {dagbag.py:496} INFO - Filling up the DagBag from /home/airflow/.local/lib/python3.6/site-packages/airflow/example_dags/example_branch_labels.py
[2023-02-14 14:12:34,623] {scheduler_job.py:643} INFO - DAG(s) dict_keys(['example_branch_labels']) retrieved from /home/airflow/.local/lib/python3.6/site-packages/airflow/example_dags/example_branch_labels.py
[2023-02-14 14:12:34,639] {logging_mixin.py:104} INFO - [2023-02-14 14:12:34,639] {dag.py:1833} INFO - Sync 1 DAGs
[2023-02-14 14:12:34,652] {logging_mixin.py:104} INFO - [2023-02-14 14:12:34,652] {dag.py:2306} INFO - Setting next_dagrun for example_branch_labels to 2023-02-12 00:00:00+00:00
[2023-02-14 14:12:34,658] {scheduler_job.py:190} INFO - Processing /home/airflow/.local/lib/python3.6/site-packages/airflow/example_dags/example_branch_labels.py took 0.047 seconds
[2023-02-14 14:13:04,799] {scheduler_job.py:182} INFO - Started process (PID=999) to work on /home/airflow/.local/lib/python3.6/site-packages/airflow/example_dags/example_branch_labels.py
[2023-02-14 14:13:04,800] {scheduler_job.py:633} INFO - Processing file /home/airflow/.local/lib/python3.6/site-packages/airflow/example_dags/example_branch_labels.py for tasks to queue
[2023-02-14 14:13:04,800] {logging_mixin.py:104} INFO - [2023-02-14 14:13:04,800] {dagbag.py:496} INFO - Filling up the DagBag from /home/airflow/.local/lib/python3.6/site-packages/airflow/example_dags/example_branch_labels.py
[2023-02-14 14:13:04,808] {scheduler_job.py:643} INFO - DAG(s) dict_keys(['example_branch_labels']) retrieved from /home/airflow/.local/lib/python3.6/site-packages/airflow/example_dags/example_branch_labels.py
[2023-02-14 14:13:04,826] {logging_mixin.py:104} INFO - [2023-02-14 14:13:04,826] {dag.py:1833} INFO - Sync 1 DAGs
[2023-02-14 14:13:04,839] {logging_mixin.py:104} INFO - [2023-02-14 14:13:04,839] {dag.py:2306} INFO - Setting next_dagrun for example_branch_labels to 2023-02-12 00:00:00+00:00
[2023-02-14 14:13:04,845] {scheduler_job.py:190} INFO - Processing /home/airflow/.local/lib/python3.6/site-packages/airflow/example_dags/example_branch_labels.py took 0.048 seconds
[2023-02-14 14:13:34,977] {scheduler_job.py:182} INFO - Started process (PID=1050) to work on /home/airflow/.local/lib/python3.6/site-packages/airflow/example_dags/example_branch_labels.py
[2023-02-14 14:13:34,977] {scheduler_job.py:633} INFO - Processing file /home/airflow/.local/lib/python3.6/site-packages/airflow/example_dags/example_branch_labels.py for tasks to queue
[2023-02-14 14:13:34,978] {logging_mixin.py:104} INFO - [2023-02-14 14:13:34,978] {dagbag.py:496} INFO - Filling up the DagBag from /home/airflow/.local/lib/python3.6/site-packages/airflow/example_dags/example_branch_labels.py
[2023-02-14 14:13:34,986] {scheduler_job.py:643} INFO - DAG(s) dict_keys(['example_branch_labels']) retrieved from /home/airflow/.local/lib/python3.6/site-packages/airflow/example_dags/example_branch_labels.py
[2023-02-14 14:13:35,002] {logging_mixin.py:104} INFO - [2023-02-14 14:13:35,002] {dag.py:1833} INFO - Sync 1 DAGs
[2023-02-14 14:13:35,015] {logging_mixin.py:104} INFO - [2023-02-14 14:13:35,015] {dag.py:2306} INFO - Setting next_dagrun for example_branch_labels to 2023-02-12 00:00:00+00:00
[2023-02-14 14:13:35,020] {scheduler_job.py:190} INFO - Processing /home/airflow/.local/lib/python3.6/site-packages/airflow/example_dags/example_branch_labels.py took 0.046 seconds
[2023-02-14 14:14:05,193] {scheduler_job.py:182} INFO - Started process (PID=1111) to work on /home/airflow/.local/lib/python3.6/site-packages/airflow/example_dags/example_branch_labels.py
[2023-02-14 14:14:05,193] {scheduler_job.py:633} INFO - Processing file /home/airflow/.local/lib/python3.6/site-packages/airflow/example_dags/example_branch_labels.py for tasks to queue
[2023-02-14 14:14:05,194] {logging_mixin.py:104} INFO - [2023-02-14 14:14:05,194] {dagbag.py:496} INFO - Filling up the DagBag from /home/airflow/.local/lib/python3.6/site-packages/airflow/example_dags/example_branch_labels.py
[2023-02-14 14:14:05,203] {scheduler_job.py:643} INFO - DAG(s) dict_keys(['example_branch_labels']) retrieved from /home/airflow/.local/lib/python3.6/site-packages/airflow/example_dags/example_branch_labels.py
[2023-02-14 14:14:05,220] {logging_mixin.py:104} INFO - [2023-02-14 14:14:05,220] {dag.py:1833} INFO - Sync 1 DAGs
[2023-02-14 14:14:05,234] {logging_mixin.py:104} INFO - [2023-02-14 14:14:05,234] {dag.py:2306} INFO - Setting next_dagrun for example_branch_labels to 2023-02-12 00:00:00+00:00
[2023-02-14 14:14:05,239] {scheduler_job.py:190} INFO - Processing /home/airflow/.local/lib/python3.6/site-packages/airflow/example_dags/example_branch_labels.py took 0.049 seconds
[2023-02-14 14:14:35,384] {scheduler_job.py:182} INFO - Started process (PID=1162) to work on /home/airflow/.local/lib/python3.6/site-packages/airflow/example_dags/example_branch_labels.py
[2023-02-14 14:14:35,385] {scheduler_job.py:633} INFO - Processing file /home/airflow/.local/lib/python3.6/site-packages/airflow/example_dags/example_branch_labels.py for tasks to queue
[2023-02-14 14:14:35,385] {logging_mixin.py:104} INFO - [2023-02-14 14:14:35,385] {dagbag.py:496} INFO - Filling up the DagBag from /home/airflow/.local/lib/python3.6/site-packages/airflow/example_dags/example_branch_labels.py
[2023-02-14 14:14:35,394] {scheduler_job.py:643} INFO - DAG(s) dict_keys(['example_branch_labels']) retrieved from /home/airflow/.local/lib/python3.6/site-packages/airflow/example_dags/example_branch_labels.py
[2023-02-14 14:14:35,410] {logging_mixin.py:104} INFO - [2023-02-14 14:14:35,410] {dag.py:1833} INFO - Sync 1 DAGs
[2023-02-14 14:14:35,423] {logging_mixin.py:104} INFO - [2023-02-14 14:14:35,423] {dag.py:2306} INFO - Setting next_dagrun for example_branch_labels to 2023-02-12 00:00:00+00:00
[2023-02-14 14:14:35,429] {scheduler_job.py:190} INFO - Processing /home/airflow/.local/lib/python3.6/site-packages/airflow/example_dags/example_branch_labels.py took 0.047 seconds
[2023-02-14 14:15:05,530] {scheduler_job.py:182} INFO - Started process (PID=1223) to work on /home/airflow/.local/lib/python3.6/site-packages/airflow/example_dags/example_branch_labels.py
[2023-02-14 14:15:05,530] {scheduler_job.py:633} INFO - Processing file /home/airflow/.local/lib/python3.6/site-packages/airflow/example_dags/example_branch_labels.py for tasks to queue
[2023-02-14 14:15:05,531] {logging_mixin.py:104} INFO - [2023-02-14 14:15:05,531] {dagbag.py:496} INFO - Filling up the DagBag from /home/airflow/.local/lib/python3.6/site-packages/airflow/example_dags/example_branch_labels.py
[2023-02-14 14:15:05,539] {scheduler_job.py:643} INFO - DAG(s) dict_keys(['example_branch_labels']) retrieved from /home/airflow/.local/lib/python3.6/site-packages/airflow/example_dags/example_branch_labels.py
[2023-02-14 14:15:05,554] {logging_mixin.py:104} INFO - [2023-02-14 14:15:05,554] {dag.py:1833} INFO - Sync 1 DAGs
[2023-02-14 14:15:05,568] {logging_mixin.py:104} INFO - [2023-02-14 14:15:05,568] {dag.py:2306} INFO - Setting next_dagrun for example_branch_labels to 2023-02-12 00:00:00+00:00
[2023-02-14 14:15:05,574] {scheduler_job.py:190} INFO - Processing /home/airflow/.local/lib/python3.6/site-packages/airflow/example_dags/example_branch_labels.py took 0.046 seconds
