[2023-02-14 14:08:47,757] {scheduler_job.py:182} INFO - Started process (PID=63) to work on /home/airflow/.local/lib/python3.6/site-packages/airflow/example_dags/example_branch_datetime_operator.py
[2023-02-14 14:08:47,758] {scheduler_job.py:633} INFO - Processing file /home/airflow/.local/lib/python3.6/site-packages/airflow/example_dags/example_branch_datetime_operator.py for tasks to queue
[2023-02-14 14:08:47,758] {logging_mixin.py:104} INFO - [2023-02-14 14:08:47,758] {dagbag.py:496} INFO - Filling up the DagBag from /home/airflow/.local/lib/python3.6/site-packages/airflow/example_dags/example_branch_datetime_operator.py
[2023-02-14 14:08:47,776] {scheduler_job.py:643} INFO - DAG(s) dict_keys(['example_branch_datetime_operator_2']) retrieved from /home/airflow/.local/lib/python3.6/site-packages/airflow/example_dags/example_branch_datetime_operator.py
[2023-02-14 14:08:54,321] {logging_mixin.py:104} INFO - [2023-02-14 14:08:54,321] {dag.py:1833} INFO - Sync 1 DAGs
[2023-02-14 14:08:54,330] {logging_mixin.py:104} INFO - [2023-02-14 14:08:54,329] {dag.py:1852} INFO - Creating ORM DAG for example_branch_datetime_operator_2
[2023-02-14 14:08:54,336] {logging_mixin.py:104} INFO - [2023-02-14 14:08:54,336] {dag.py:2306} INFO - Setting next_dagrun for example_branch_datetime_operator_2 to 2023-02-12 00:00:00+00:00
[2023-02-14 14:08:54,347] {scheduler_job.py:190} INFO - Processing /home/airflow/.local/lib/python3.6/site-packages/airflow/example_dags/example_branch_datetime_operator.py took 6.638 seconds
[2023-02-14 14:09:33,115] {scheduler_job.py:182} INFO - Started process (PID=603) to work on /home/airflow/.local/lib/python3.6/site-packages/airflow/example_dags/example_branch_datetime_operator.py
[2023-02-14 14:09:33,116] {scheduler_job.py:633} INFO - Processing file /home/airflow/.local/lib/python3.6/site-packages/airflow/example_dags/example_branch_datetime_operator.py for tasks to queue
[2023-02-14 14:09:33,116] {logging_mixin.py:104} INFO - [2023-02-14 14:09:33,116] {dagbag.py:496} INFO - Filling up the DagBag from /home/airflow/.local/lib/python3.6/site-packages/airflow/example_dags/example_branch_datetime_operator.py
[2023-02-14 14:09:33,126] {scheduler_job.py:643} INFO - DAG(s) dict_keys(['example_branch_datetime_operator_2']) retrieved from /home/airflow/.local/lib/python3.6/site-packages/airflow/example_dags/example_branch_datetime_operator.py
[2023-02-14 14:09:33,144] {logging_mixin.py:104} INFO - [2023-02-14 14:09:33,144] {dag.py:1833} INFO - Sync 1 DAGs
[2023-02-14 14:09:33,159] {logging_mixin.py:104} INFO - [2023-02-14 14:09:33,159] {dag.py:2306} INFO - Setting next_dagrun for example_branch_datetime_operator_2 to 2023-02-12 00:00:00+00:00
[2023-02-14 14:09:33,166] {scheduler_job.py:190} INFO - Processing /home/airflow/.local/lib/python3.6/site-packages/airflow/example_dags/example_branch_datetime_operator.py took 0.053 seconds
[2023-02-14 14:10:03,256] {scheduler_job.py:182} INFO - Started process (PID=660) to work on /home/airflow/.local/lib/python3.6/site-packages/airflow/example_dags/example_branch_datetime_operator.py
[2023-02-14 14:10:03,257] {scheduler_job.py:633} INFO - Processing file /home/airflow/.local/lib/python3.6/site-packages/airflow/example_dags/example_branch_datetime_operator.py for tasks to queue
[2023-02-14 14:10:03,257] {logging_mixin.py:104} INFO - [2023-02-14 14:10:03,257] {dagbag.py:496} INFO - Filling up the DagBag from /home/airflow/.local/lib/python3.6/site-packages/airflow/example_dags/example_branch_datetime_operator.py
[2023-02-14 14:10:03,266] {scheduler_job.py:643} INFO - DAG(s) dict_keys(['example_branch_datetime_operator_2']) retrieved from /home/airflow/.local/lib/python3.6/site-packages/airflow/example_dags/example_branch_datetime_operator.py
[2023-02-14 14:10:03,282] {logging_mixin.py:104} INFO - [2023-02-14 14:10:03,282] {dag.py:1833} INFO - Sync 1 DAGs
[2023-02-14 14:10:03,297] {logging_mixin.py:104} INFO - [2023-02-14 14:10:03,297] {dag.py:2306} INFO - Setting next_dagrun for example_branch_datetime_operator_2 to 2023-02-12 00:00:00+00:00
[2023-02-14 14:10:03,304] {scheduler_job.py:190} INFO - Processing /home/airflow/.local/lib/python3.6/site-packages/airflow/example_dags/example_branch_datetime_operator.py took 0.050 seconds
[2023-02-14 14:10:33,326] {scheduler_job.py:182} INFO - Started process (PID=712) to work on /home/airflow/.local/lib/python3.6/site-packages/airflow/example_dags/example_branch_datetime_operator.py
[2023-02-14 14:10:33,327] {scheduler_job.py:633} INFO - Processing file /home/airflow/.local/lib/python3.6/site-packages/airflow/example_dags/example_branch_datetime_operator.py for tasks to queue
[2023-02-14 14:10:33,327] {logging_mixin.py:104} INFO - [2023-02-14 14:10:33,327] {dagbag.py:496} INFO - Filling up the DagBag from /home/airflow/.local/lib/python3.6/site-packages/airflow/example_dags/example_branch_datetime_operator.py
[2023-02-14 14:10:33,338] {scheduler_job.py:643} INFO - DAG(s) dict_keys(['example_branch_datetime_operator_2']) retrieved from /home/airflow/.local/lib/python3.6/site-packages/airflow/example_dags/example_branch_datetime_operator.py
[2023-02-14 14:10:33,355] {logging_mixin.py:104} INFO - [2023-02-14 14:10:33,355] {dag.py:1833} INFO - Sync 1 DAGs
[2023-02-14 14:10:33,372] {logging_mixin.py:104} INFO - [2023-02-14 14:10:33,372] {dag.py:2306} INFO - Setting next_dagrun for example_branch_datetime_operator_2 to 2023-02-12 00:00:00+00:00
[2023-02-14 14:10:33,380] {scheduler_job.py:190} INFO - Processing /home/airflow/.local/lib/python3.6/site-packages/airflow/example_dags/example_branch_datetime_operator.py took 0.056 seconds
[2023-02-14 14:11:03,638] {scheduler_job.py:182} INFO - Started process (PID=773) to work on /home/airflow/.local/lib/python3.6/site-packages/airflow/example_dags/example_branch_datetime_operator.py
[2023-02-14 14:11:03,639] {scheduler_job.py:633} INFO - Processing file /home/airflow/.local/lib/python3.6/site-packages/airflow/example_dags/example_branch_datetime_operator.py for tasks to queue
[2023-02-14 14:11:03,640] {logging_mixin.py:104} INFO - [2023-02-14 14:11:03,640] {dagbag.py:496} INFO - Filling up the DagBag from /home/airflow/.local/lib/python3.6/site-packages/airflow/example_dags/example_branch_datetime_operator.py
[2023-02-14 14:11:03,648] {scheduler_job.py:643} INFO - DAG(s) dict_keys(['example_branch_datetime_operator_2']) retrieved from /home/airflow/.local/lib/python3.6/site-packages/airflow/example_dags/example_branch_datetime_operator.py
[2023-02-14 14:11:03,664] {logging_mixin.py:104} INFO - [2023-02-14 14:11:03,664] {dag.py:1833} INFO - Sync 1 DAGs
[2023-02-14 14:11:03,679] {logging_mixin.py:104} INFO - [2023-02-14 14:11:03,679] {dag.py:2306} INFO - Setting next_dagrun for example_branch_datetime_operator_2 to 2023-02-12 00:00:00+00:00
[2023-02-14 14:11:03,686] {scheduler_job.py:190} INFO - Processing /home/airflow/.local/lib/python3.6/site-packages/airflow/example_dags/example_branch_datetime_operator.py took 0.051 seconds
[2023-02-14 14:11:34,027] {scheduler_job.py:182} INFO - Started process (PID=824) to work on /home/airflow/.local/lib/python3.6/site-packages/airflow/example_dags/example_branch_datetime_operator.py
[2023-02-14 14:11:34,028] {scheduler_job.py:633} INFO - Processing file /home/airflow/.local/lib/python3.6/site-packages/airflow/example_dags/example_branch_datetime_operator.py for tasks to queue
[2023-02-14 14:11:34,028] {logging_mixin.py:104} INFO - [2023-02-14 14:11:34,028] {dagbag.py:496} INFO - Filling up the DagBag from /home/airflow/.local/lib/python3.6/site-packages/airflow/example_dags/example_branch_datetime_operator.py
[2023-02-14 14:11:34,037] {scheduler_job.py:643} INFO - DAG(s) dict_keys(['example_branch_datetime_operator_2']) retrieved from /home/airflow/.local/lib/python3.6/site-packages/airflow/example_dags/example_branch_datetime_operator.py
[2023-02-14 14:11:34,050] {logging_mixin.py:104} INFO - [2023-02-14 14:11:34,050] {dag.py:1833} INFO - Sync 1 DAGs
[2023-02-14 14:11:34,064] {logging_mixin.py:104} INFO - [2023-02-14 14:11:34,064] {dag.py:2306} INFO - Setting next_dagrun for example_branch_datetime_operator_2 to 2023-02-12 00:00:00+00:00
[2023-02-14 14:11:34,072] {scheduler_job.py:190} INFO - Processing /home/airflow/.local/lib/python3.6/site-packages/airflow/example_dags/example_branch_datetime_operator.py took 0.047 seconds
[2023-02-14 14:12:04,236] {scheduler_job.py:182} INFO - Started process (PID=885) to work on /home/airflow/.local/lib/python3.6/site-packages/airflow/example_dags/example_branch_datetime_operator.py
[2023-02-14 14:12:04,237] {scheduler_job.py:633} INFO - Processing file /home/airflow/.local/lib/python3.6/site-packages/airflow/example_dags/example_branch_datetime_operator.py for tasks to queue
[2023-02-14 14:12:04,237] {logging_mixin.py:104} INFO - [2023-02-14 14:12:04,237] {dagbag.py:496} INFO - Filling up the DagBag from /home/airflow/.local/lib/python3.6/site-packages/airflow/example_dags/example_branch_datetime_operator.py
[2023-02-14 14:12:04,246] {scheduler_job.py:643} INFO - DAG(s) dict_keys(['example_branch_datetime_operator_2']) retrieved from /home/airflow/.local/lib/python3.6/site-packages/airflow/example_dags/example_branch_datetime_operator.py
[2023-02-14 14:12:04,262] {logging_mixin.py:104} INFO - [2023-02-14 14:12:04,262] {dag.py:1833} INFO - Sync 1 DAGs
[2023-02-14 14:12:04,276] {logging_mixin.py:104} INFO - [2023-02-14 14:12:04,276] {dag.py:2306} INFO - Setting next_dagrun for example_branch_datetime_operator_2 to 2023-02-12 00:00:00+00:00
[2023-02-14 14:12:04,284] {scheduler_job.py:190} INFO - Processing /home/airflow/.local/lib/python3.6/site-packages/airflow/example_dags/example_branch_datetime_operator.py took 0.050 seconds
[2023-02-14 14:12:34,495] {scheduler_job.py:182} INFO - Started process (PID=936) to work on /home/airflow/.local/lib/python3.6/site-packages/airflow/example_dags/example_branch_datetime_operator.py
[2023-02-14 14:12:34,495] {scheduler_job.py:633} INFO - Processing file /home/airflow/.local/lib/python3.6/site-packages/airflow/example_dags/example_branch_datetime_operator.py for tasks to queue
[2023-02-14 14:12:34,496] {logging_mixin.py:104} INFO - [2023-02-14 14:12:34,496] {dagbag.py:496} INFO - Filling up the DagBag from /home/airflow/.local/lib/python3.6/site-packages/airflow/example_dags/example_branch_datetime_operator.py
[2023-02-14 14:12:34,505] {scheduler_job.py:643} INFO - DAG(s) dict_keys(['example_branch_datetime_operator_2']) retrieved from /home/airflow/.local/lib/python3.6/site-packages/airflow/example_dags/example_branch_datetime_operator.py
[2023-02-14 14:12:34,520] {logging_mixin.py:104} INFO - [2023-02-14 14:12:34,520] {dag.py:1833} INFO - Sync 1 DAGs
[2023-02-14 14:12:34,535] {logging_mixin.py:104} INFO - [2023-02-14 14:12:34,535] {dag.py:2306} INFO - Setting next_dagrun for example_branch_datetime_operator_2 to 2023-02-12 00:00:00+00:00
[2023-02-14 14:12:34,543] {scheduler_job.py:190} INFO - Processing /home/airflow/.local/lib/python3.6/site-packages/airflow/example_dags/example_branch_datetime_operator.py took 0.050 seconds
[2023-02-14 14:13:04,692] {scheduler_job.py:182} INFO - Started process (PID=997) to work on /home/airflow/.local/lib/python3.6/site-packages/airflow/example_dags/example_branch_datetime_operator.py
[2023-02-14 14:13:04,692] {scheduler_job.py:633} INFO - Processing file /home/airflow/.local/lib/python3.6/site-packages/airflow/example_dags/example_branch_datetime_operator.py for tasks to queue
[2023-02-14 14:13:04,692] {logging_mixin.py:104} INFO - [2023-02-14 14:13:04,692] {dagbag.py:496} INFO - Filling up the DagBag from /home/airflow/.local/lib/python3.6/site-packages/airflow/example_dags/example_branch_datetime_operator.py
[2023-02-14 14:13:04,701] {scheduler_job.py:643} INFO - DAG(s) dict_keys(['example_branch_datetime_operator_2']) retrieved from /home/airflow/.local/lib/python3.6/site-packages/airflow/example_dags/example_branch_datetime_operator.py
[2023-02-14 14:13:04,715] {logging_mixin.py:104} INFO - [2023-02-14 14:13:04,715] {dag.py:1833} INFO - Sync 1 DAGs
[2023-02-14 14:13:04,728] {logging_mixin.py:104} INFO - [2023-02-14 14:13:04,728] {dag.py:2306} INFO - Setting next_dagrun for example_branch_datetime_operator_2 to 2023-02-12 00:00:00+00:00
[2023-02-14 14:13:04,734] {scheduler_job.py:190} INFO - Processing /home/airflow/.local/lib/python3.6/site-packages/airflow/example_dags/example_branch_datetime_operator.py took 0.045 seconds
[2023-02-14 14:13:34,861] {scheduler_job.py:182} INFO - Started process (PID=1048) to work on /home/airflow/.local/lib/python3.6/site-packages/airflow/example_dags/example_branch_datetime_operator.py
[2023-02-14 14:13:34,861] {scheduler_job.py:633} INFO - Processing file /home/airflow/.local/lib/python3.6/site-packages/airflow/example_dags/example_branch_datetime_operator.py for tasks to queue
[2023-02-14 14:13:34,861] {logging_mixin.py:104} INFO - [2023-02-14 14:13:34,861] {dagbag.py:496} INFO - Filling up the DagBag from /home/airflow/.local/lib/python3.6/site-packages/airflow/example_dags/example_branch_datetime_operator.py
[2023-02-14 14:13:34,870] {scheduler_job.py:643} INFO - DAG(s) dict_keys(['example_branch_datetime_operator_2']) retrieved from /home/airflow/.local/lib/python3.6/site-packages/airflow/example_dags/example_branch_datetime_operator.py
[2023-02-14 14:13:34,885] {logging_mixin.py:104} INFO - [2023-02-14 14:13:34,885] {dag.py:1833} INFO - Sync 1 DAGs
[2023-02-14 14:13:34,899] {logging_mixin.py:104} INFO - [2023-02-14 14:13:34,899] {dag.py:2306} INFO - Setting next_dagrun for example_branch_datetime_operator_2 to 2023-02-12 00:00:00+00:00
[2023-02-14 14:13:34,905] {scheduler_job.py:190} INFO - Processing /home/airflow/.local/lib/python3.6/site-packages/airflow/example_dags/example_branch_datetime_operator.py took 0.047 seconds
[2023-02-14 14:14:05,079] {scheduler_job.py:182} INFO - Started process (PID=1109) to work on /home/airflow/.local/lib/python3.6/site-packages/airflow/example_dags/example_branch_datetime_operator.py
[2023-02-14 14:14:05,079] {scheduler_job.py:633} INFO - Processing file /home/airflow/.local/lib/python3.6/site-packages/airflow/example_dags/example_branch_datetime_operator.py for tasks to queue
[2023-02-14 14:14:05,080] {logging_mixin.py:104} INFO - [2023-02-14 14:14:05,080] {dagbag.py:496} INFO - Filling up the DagBag from /home/airflow/.local/lib/python3.6/site-packages/airflow/example_dags/example_branch_datetime_operator.py
[2023-02-14 14:14:05,090] {scheduler_job.py:643} INFO - DAG(s) dict_keys(['example_branch_datetime_operator_2']) retrieved from /home/airflow/.local/lib/python3.6/site-packages/airflow/example_dags/example_branch_datetime_operator.py
[2023-02-14 14:14:05,104] {logging_mixin.py:104} INFO - [2023-02-14 14:14:05,104] {dag.py:1833} INFO - Sync 1 DAGs
[2023-02-14 14:14:05,118] {logging_mixin.py:104} INFO - [2023-02-14 14:14:05,118] {dag.py:2306} INFO - Setting next_dagrun for example_branch_datetime_operator_2 to 2023-02-12 00:00:00+00:00
[2023-02-14 14:14:05,125] {scheduler_job.py:190} INFO - Processing /home/airflow/.local/lib/python3.6/site-packages/airflow/example_dags/example_branch_datetime_operator.py took 0.048 seconds
[2023-02-14 14:14:35,324] {scheduler_job.py:182} INFO - Started process (PID=1160) to work on /home/airflow/.local/lib/python3.6/site-packages/airflow/example_dags/example_branch_datetime_operator.py
[2023-02-14 14:14:35,325] {scheduler_job.py:633} INFO - Processing file /home/airflow/.local/lib/python3.6/site-packages/airflow/example_dags/example_branch_datetime_operator.py for tasks to queue
[2023-02-14 14:14:35,325] {logging_mixin.py:104} INFO - [2023-02-14 14:14:35,325] {dagbag.py:496} INFO - Filling up the DagBag from /home/airflow/.local/lib/python3.6/site-packages/airflow/example_dags/example_branch_datetime_operator.py
[2023-02-14 14:14:35,334] {scheduler_job.py:643} INFO - DAG(s) dict_keys(['example_branch_datetime_operator_2']) retrieved from /home/airflow/.local/lib/python3.6/site-packages/airflow/example_dags/example_branch_datetime_operator.py
[2023-02-14 14:14:35,349] {logging_mixin.py:104} INFO - [2023-02-14 14:14:35,349] {dag.py:1833} INFO - Sync 1 DAGs
[2023-02-14 14:14:35,363] {logging_mixin.py:104} INFO - [2023-02-14 14:14:35,363] {dag.py:2306} INFO - Setting next_dagrun for example_branch_datetime_operator_2 to 2023-02-12 00:00:00+00:00
[2023-02-14 14:14:35,369] {scheduler_job.py:190} INFO - Processing /home/airflow/.local/lib/python3.6/site-packages/airflow/example_dags/example_branch_datetime_operator.py took 0.047 seconds
[2023-02-14 14:15:05,468] {scheduler_job.py:182} INFO - Started process (PID=1221) to work on /home/airflow/.local/lib/python3.6/site-packages/airflow/example_dags/example_branch_datetime_operator.py
[2023-02-14 14:15:05,468] {scheduler_job.py:633} INFO - Processing file /home/airflow/.local/lib/python3.6/site-packages/airflow/example_dags/example_branch_datetime_operator.py for tasks to queue
[2023-02-14 14:15:05,469] {logging_mixin.py:104} INFO - [2023-02-14 14:15:05,469] {dagbag.py:496} INFO - Filling up the DagBag from /home/airflow/.local/lib/python3.6/site-packages/airflow/example_dags/example_branch_datetime_operator.py
[2023-02-14 14:15:05,479] {scheduler_job.py:643} INFO - DAG(s) dict_keys(['example_branch_datetime_operator_2']) retrieved from /home/airflow/.local/lib/python3.6/site-packages/airflow/example_dags/example_branch_datetime_operator.py
[2023-02-14 14:15:05,494] {logging_mixin.py:104} INFO - [2023-02-14 14:15:05,494] {dag.py:1833} INFO - Sync 1 DAGs
[2023-02-14 14:15:05,508] {logging_mixin.py:104} INFO - [2023-02-14 14:15:05,508] {dag.py:2306} INFO - Setting next_dagrun for example_branch_datetime_operator_2 to 2023-02-12 00:00:00+00:00
[2023-02-14 14:15:05,515] {scheduler_job.py:190} INFO - Processing /home/airflow/.local/lib/python3.6/site-packages/airflow/example_dags/example_branch_datetime_operator.py took 0.049 seconds
