[2023-02-14 14:09:17,438] {scheduler_job.py:182} INFO - Started process (PID=353) to work on /home/airflow/.local/lib/python3.6/site-packages/airflow/example_dags/example_short_circuit_operator.py
[2023-02-14 14:09:17,438] {scheduler_job.py:633} INFO - Processing file /home/airflow/.local/lib/python3.6/site-packages/airflow/example_dags/example_short_circuit_operator.py for tasks to queue
[2023-02-14 14:09:17,439] {logging_mixin.py:104} INFO - [2023-02-14 14:09:17,439] {dagbag.py:496} INFO - Filling up the DagBag from /home/airflow/.local/lib/python3.6/site-packages/airflow/example_dags/example_short_circuit_operator.py
[2023-02-14 14:09:17,451] {scheduler_job.py:643} INFO - DAG(s) dict_keys(['example_short_circuit_operator']) retrieved from /home/airflow/.local/lib/python3.6/site-packages/airflow/example_dags/example_short_circuit_operator.py
[2023-02-14 14:09:19,615] {logging_mixin.py:104} INFO - [2023-02-14 14:09:19,615] {dag.py:1833} INFO - Sync 1 DAGs
[2023-02-14 14:09:19,624] {logging_mixin.py:104} INFO - [2023-02-14 14:09:19,623] {dag.py:1852} INFO - Creating ORM DAG for example_short_circuit_operator
[2023-02-14 14:09:19,629] {logging_mixin.py:104} INFO - [2023-02-14 14:09:19,629] {dag.py:2306} INFO - Setting next_dagrun for example_short_circuit_operator to 2023-02-12 00:00:00+00:00
[2023-02-14 14:09:19,637] {scheduler_job.py:190} INFO - Processing /home/airflow/.local/lib/python3.6/site-packages/airflow/example_dags/example_short_circuit_operator.py took 2.202 seconds
[2023-02-14 14:09:49,686] {scheduler_job.py:182} INFO - Started process (PID=628) to work on /home/airflow/.local/lib/python3.6/site-packages/airflow/example_dags/example_short_circuit_operator.py
[2023-02-14 14:09:49,687] {scheduler_job.py:633} INFO - Processing file /home/airflow/.local/lib/python3.6/site-packages/airflow/example_dags/example_short_circuit_operator.py for tasks to queue
[2023-02-14 14:09:49,687] {logging_mixin.py:104} INFO - [2023-02-14 14:09:49,687] {dagbag.py:496} INFO - Filling up the DagBag from /home/airflow/.local/lib/python3.6/site-packages/airflow/example_dags/example_short_circuit_operator.py
[2023-02-14 14:09:49,697] {scheduler_job.py:643} INFO - DAG(s) dict_keys(['example_short_circuit_operator']) retrieved from /home/airflow/.local/lib/python3.6/site-packages/airflow/example_dags/example_short_circuit_operator.py
[2023-02-14 14:09:49,713] {logging_mixin.py:104} INFO - [2023-02-14 14:09:49,713] {dag.py:1833} INFO - Sync 1 DAGs
[2023-02-14 14:09:49,726] {logging_mixin.py:104} INFO - [2023-02-14 14:09:49,726] {dag.py:2306} INFO - Setting next_dagrun for example_short_circuit_operator to 2023-02-12 00:00:00+00:00
[2023-02-14 14:09:49,733] {scheduler_job.py:190} INFO - Processing /home/airflow/.local/lib/python3.6/site-packages/airflow/example_dags/example_short_circuit_operator.py took 0.049 seconds
[2023-02-14 14:10:19,973] {scheduler_job.py:182} INFO - Started process (PID=689) to work on /home/airflow/.local/lib/python3.6/site-packages/airflow/example_dags/example_short_circuit_operator.py
[2023-02-14 14:10:19,973] {scheduler_job.py:633} INFO - Processing file /home/airflow/.local/lib/python3.6/site-packages/airflow/example_dags/example_short_circuit_operator.py for tasks to queue
[2023-02-14 14:10:19,974] {logging_mixin.py:104} INFO - [2023-02-14 14:10:19,974] {dagbag.py:496} INFO - Filling up the DagBag from /home/airflow/.local/lib/python3.6/site-packages/airflow/example_dags/example_short_circuit_operator.py
[2023-02-14 14:10:19,984] {scheduler_job.py:643} INFO - DAG(s) dict_keys(['example_short_circuit_operator']) retrieved from /home/airflow/.local/lib/python3.6/site-packages/airflow/example_dags/example_short_circuit_operator.py
[2023-02-14 14:10:19,999] {logging_mixin.py:104} INFO - [2023-02-14 14:10:19,999] {dag.py:1833} INFO - Sync 1 DAGs
[2023-02-14 14:10:20,010] {logging_mixin.py:104} INFO - [2023-02-14 14:10:20,010] {dag.py:2306} INFO - Setting next_dagrun for example_short_circuit_operator to 2023-02-12 00:00:00+00:00
[2023-02-14 14:10:20,016] {scheduler_job.py:190} INFO - Processing /home/airflow/.local/lib/python3.6/site-packages/airflow/example_dags/example_short_circuit_operator.py took 0.045 seconds
[2023-02-14 14:10:50,235] {scheduler_job.py:182} INFO - Started process (PID=740) to work on /home/airflow/.local/lib/python3.6/site-packages/airflow/example_dags/example_short_circuit_operator.py
[2023-02-14 14:10:50,236] {scheduler_job.py:633} INFO - Processing file /home/airflow/.local/lib/python3.6/site-packages/airflow/example_dags/example_short_circuit_operator.py for tasks to queue
[2023-02-14 14:10:50,236] {logging_mixin.py:104} INFO - [2023-02-14 14:10:50,236] {dagbag.py:496} INFO - Filling up the DagBag from /home/airflow/.local/lib/python3.6/site-packages/airflow/example_dags/example_short_circuit_operator.py
[2023-02-14 14:10:50,247] {scheduler_job.py:643} INFO - DAG(s) dict_keys(['example_short_circuit_operator']) retrieved from /home/airflow/.local/lib/python3.6/site-packages/airflow/example_dags/example_short_circuit_operator.py
[2023-02-14 14:10:50,284] {logging_mixin.py:104} INFO - [2023-02-14 14:10:50,283] {dag.py:1833} INFO - Sync 1 DAGs
[2023-02-14 14:10:50,296] {logging_mixin.py:104} INFO - [2023-02-14 14:10:50,296] {dag.py:2306} INFO - Setting next_dagrun for example_short_circuit_operator to 2023-02-12 00:00:00+00:00
[2023-02-14 14:10:50,304] {scheduler_job.py:190} INFO - Processing /home/airflow/.local/lib/python3.6/site-packages/airflow/example_dags/example_short_circuit_operator.py took 0.071 seconds
[2023-02-14 14:11:20,615] {scheduler_job.py:182} INFO - Started process (PID=801) to work on /home/airflow/.local/lib/python3.6/site-packages/airflow/example_dags/example_short_circuit_operator.py
[2023-02-14 14:11:20,615] {scheduler_job.py:633} INFO - Processing file /home/airflow/.local/lib/python3.6/site-packages/airflow/example_dags/example_short_circuit_operator.py for tasks to queue
[2023-02-14 14:11:20,616] {logging_mixin.py:104} INFO - [2023-02-14 14:11:20,616] {dagbag.py:496} INFO - Filling up the DagBag from /home/airflow/.local/lib/python3.6/site-packages/airflow/example_dags/example_short_circuit_operator.py
[2023-02-14 14:11:20,625] {scheduler_job.py:643} INFO - DAG(s) dict_keys(['example_short_circuit_operator']) retrieved from /home/airflow/.local/lib/python3.6/site-packages/airflow/example_dags/example_short_circuit_operator.py
[2023-02-14 14:11:20,641] {logging_mixin.py:104} INFO - [2023-02-14 14:11:20,641] {dag.py:1833} INFO - Sync 1 DAGs
[2023-02-14 14:11:20,652] {logging_mixin.py:104} INFO - [2023-02-14 14:11:20,652] {dag.py:2306} INFO - Setting next_dagrun for example_short_circuit_operator to 2023-02-12 00:00:00+00:00
[2023-02-14 14:11:20,658] {scheduler_job.py:190} INFO - Processing /home/airflow/.local/lib/python3.6/site-packages/airflow/example_dags/example_short_circuit_operator.py took 0.046 seconds
[2023-02-14 14:11:50,720] {scheduler_job.py:182} INFO - Started process (PID=861) to work on /home/airflow/.local/lib/python3.6/site-packages/airflow/example_dags/example_short_circuit_operator.py
[2023-02-14 14:11:50,721] {scheduler_job.py:633} INFO - Processing file /home/airflow/.local/lib/python3.6/site-packages/airflow/example_dags/example_short_circuit_operator.py for tasks to queue
[2023-02-14 14:11:50,721] {logging_mixin.py:104} INFO - [2023-02-14 14:11:50,721] {dagbag.py:496} INFO - Filling up the DagBag from /home/airflow/.local/lib/python3.6/site-packages/airflow/example_dags/example_short_circuit_operator.py
[2023-02-14 14:11:50,730] {scheduler_job.py:643} INFO - DAG(s) dict_keys(['example_short_circuit_operator']) retrieved from /home/airflow/.local/lib/python3.6/site-packages/airflow/example_dags/example_short_circuit_operator.py
[2023-02-14 14:11:50,746] {logging_mixin.py:104} INFO - [2023-02-14 14:11:50,745] {dag.py:1833} INFO - Sync 1 DAGs
[2023-02-14 14:11:50,756] {logging_mixin.py:104} INFO - [2023-02-14 14:11:50,756] {dag.py:2306} INFO - Setting next_dagrun for example_short_circuit_operator to 2023-02-12 00:00:00+00:00
[2023-02-14 14:11:50,763] {scheduler_job.py:190} INFO - Processing /home/airflow/.local/lib/python3.6/site-packages/airflow/example_dags/example_short_circuit_operator.py took 0.045 seconds
[2023-02-14 14:12:21,126] {scheduler_job.py:182} INFO - Started process (PID=913) to work on /home/airflow/.local/lib/python3.6/site-packages/airflow/example_dags/example_short_circuit_operator.py
[2023-02-14 14:12:21,127] {scheduler_job.py:633} INFO - Processing file /home/airflow/.local/lib/python3.6/site-packages/airflow/example_dags/example_short_circuit_operator.py for tasks to queue
[2023-02-14 14:12:21,128] {logging_mixin.py:104} INFO - [2023-02-14 14:12:21,127] {dagbag.py:496} INFO - Filling up the DagBag from /home/airflow/.local/lib/python3.6/site-packages/airflow/example_dags/example_short_circuit_operator.py
[2023-02-14 14:12:21,137] {scheduler_job.py:643} INFO - DAG(s) dict_keys(['example_short_circuit_operator']) retrieved from /home/airflow/.local/lib/python3.6/site-packages/airflow/example_dags/example_short_circuit_operator.py
[2023-02-14 14:12:21,152] {logging_mixin.py:104} INFO - [2023-02-14 14:12:21,152] {dag.py:1833} INFO - Sync 1 DAGs
[2023-02-14 14:12:21,162] {logging_mixin.py:104} INFO - [2023-02-14 14:12:21,162] {dag.py:2306} INFO - Setting next_dagrun for example_short_circuit_operator to 2023-02-12 00:00:00+00:00
[2023-02-14 14:12:21,169] {scheduler_job.py:190} INFO - Processing /home/airflow/.local/lib/python3.6/site-packages/airflow/example_dags/example_short_circuit_operator.py took 0.045 seconds
[2023-02-14 14:12:51,237] {scheduler_job.py:182} INFO - Started process (PID=974) to work on /home/airflow/.local/lib/python3.6/site-packages/airflow/example_dags/example_short_circuit_operator.py
[2023-02-14 14:12:51,237] {scheduler_job.py:633} INFO - Processing file /home/airflow/.local/lib/python3.6/site-packages/airflow/example_dags/example_short_circuit_operator.py for tasks to queue
[2023-02-14 14:12:51,238] {logging_mixin.py:104} INFO - [2023-02-14 14:12:51,238] {dagbag.py:496} INFO - Filling up the DagBag from /home/airflow/.local/lib/python3.6/site-packages/airflow/example_dags/example_short_circuit_operator.py
[2023-02-14 14:12:51,248] {scheduler_job.py:643} INFO - DAG(s) dict_keys(['example_short_circuit_operator']) retrieved from /home/airflow/.local/lib/python3.6/site-packages/airflow/example_dags/example_short_circuit_operator.py
[2023-02-14 14:12:51,265] {logging_mixin.py:104} INFO - [2023-02-14 14:12:51,265] {dag.py:1833} INFO - Sync 1 DAGs
[2023-02-14 14:12:51,278] {logging_mixin.py:104} INFO - [2023-02-14 14:12:51,278] {dag.py:2306} INFO - Setting next_dagrun for example_short_circuit_operator to 2023-02-12 00:00:00+00:00
[2023-02-14 14:12:51,285] {scheduler_job.py:190} INFO - Processing /home/airflow/.local/lib/python3.6/site-packages/airflow/example_dags/example_short_circuit_operator.py took 0.051 seconds
[2023-02-14 14:13:21,461] {scheduler_job.py:182} INFO - Started process (PID=1025) to work on /home/airflow/.local/lib/python3.6/site-packages/airflow/example_dags/example_short_circuit_operator.py
[2023-02-14 14:13:21,462] {scheduler_job.py:633} INFO - Processing file /home/airflow/.local/lib/python3.6/site-packages/airflow/example_dags/example_short_circuit_operator.py for tasks to queue
[2023-02-14 14:13:21,462] {logging_mixin.py:104} INFO - [2023-02-14 14:13:21,462] {dagbag.py:496} INFO - Filling up the DagBag from /home/airflow/.local/lib/python3.6/site-packages/airflow/example_dags/example_short_circuit_operator.py
[2023-02-14 14:13:21,472] {scheduler_job.py:643} INFO - DAG(s) dict_keys(['example_short_circuit_operator']) retrieved from /home/airflow/.local/lib/python3.6/site-packages/airflow/example_dags/example_short_circuit_operator.py
[2023-02-14 14:13:21,488] {logging_mixin.py:104} INFO - [2023-02-14 14:13:21,488] {dag.py:1833} INFO - Sync 1 DAGs
[2023-02-14 14:13:21,500] {logging_mixin.py:104} INFO - [2023-02-14 14:13:21,500] {dag.py:2306} INFO - Setting next_dagrun for example_short_circuit_operator to 2023-02-12 00:00:00+00:00
[2023-02-14 14:13:21,507] {scheduler_job.py:190} INFO - Processing /home/airflow/.local/lib/python3.6/site-packages/airflow/example_dags/example_short_circuit_operator.py took 0.048 seconds
[2023-02-14 14:13:51,705] {scheduler_job.py:182} INFO - Started process (PID=1086) to work on /home/airflow/.local/lib/python3.6/site-packages/airflow/example_dags/example_short_circuit_operator.py
[2023-02-14 14:13:51,706] {scheduler_job.py:633} INFO - Processing file /home/airflow/.local/lib/python3.6/site-packages/airflow/example_dags/example_short_circuit_operator.py for tasks to queue
[2023-02-14 14:13:51,706] {logging_mixin.py:104} INFO - [2023-02-14 14:13:51,706] {dagbag.py:496} INFO - Filling up the DagBag from /home/airflow/.local/lib/python3.6/site-packages/airflow/example_dags/example_short_circuit_operator.py
[2023-02-14 14:13:51,716] {scheduler_job.py:643} INFO - DAG(s) dict_keys(['example_short_circuit_operator']) retrieved from /home/airflow/.local/lib/python3.6/site-packages/airflow/example_dags/example_short_circuit_operator.py
[2023-02-14 14:13:51,732] {logging_mixin.py:104} INFO - [2023-02-14 14:13:51,732] {dag.py:1833} INFO - Sync 1 DAGs
[2023-02-14 14:13:51,745] {logging_mixin.py:104} INFO - [2023-02-14 14:13:51,745] {dag.py:2306} INFO - Setting next_dagrun for example_short_circuit_operator to 2023-02-12 00:00:00+00:00
[2023-02-14 14:13:51,752] {scheduler_job.py:190} INFO - Processing /home/airflow/.local/lib/python3.6/site-packages/airflow/example_dags/example_short_circuit_operator.py took 0.049 seconds
[2023-02-14 14:14:21,956] {scheduler_job.py:182} INFO - Started process (PID=1137) to work on /home/airflow/.local/lib/python3.6/site-packages/airflow/example_dags/example_short_circuit_operator.py
[2023-02-14 14:14:21,957] {scheduler_job.py:633} INFO - Processing file /home/airflow/.local/lib/python3.6/site-packages/airflow/example_dags/example_short_circuit_operator.py for tasks to queue
[2023-02-14 14:14:21,958] {logging_mixin.py:104} INFO - [2023-02-14 14:14:21,958] {dagbag.py:496} INFO - Filling up the DagBag from /home/airflow/.local/lib/python3.6/site-packages/airflow/example_dags/example_short_circuit_operator.py
[2023-02-14 14:14:21,968] {scheduler_job.py:643} INFO - DAG(s) dict_keys(['example_short_circuit_operator']) retrieved from /home/airflow/.local/lib/python3.6/site-packages/airflow/example_dags/example_short_circuit_operator.py
[2023-02-14 14:14:21,985] {logging_mixin.py:104} INFO - [2023-02-14 14:14:21,985] {dag.py:1833} INFO - Sync 1 DAGs
[2023-02-14 14:14:21,997] {logging_mixin.py:104} INFO - [2023-02-14 14:14:21,997] {dag.py:2306} INFO - Setting next_dagrun for example_short_circuit_operator to 2023-02-12 00:00:00+00:00
[2023-02-14 14:14:22,004] {scheduler_job.py:190} INFO - Processing /home/airflow/.local/lib/python3.6/site-packages/airflow/example_dags/example_short_circuit_operator.py took 0.050 seconds
[2023-02-14 14:14:52,064] {scheduler_job.py:182} INFO - Started process (PID=1198) to work on /home/airflow/.local/lib/python3.6/site-packages/airflow/example_dags/example_short_circuit_operator.py
[2023-02-14 14:14:52,064] {scheduler_job.py:633} INFO - Processing file /home/airflow/.local/lib/python3.6/site-packages/airflow/example_dags/example_short_circuit_operator.py for tasks to queue
[2023-02-14 14:14:52,065] {logging_mixin.py:104} INFO - [2023-02-14 14:14:52,065] {dagbag.py:496} INFO - Filling up the DagBag from /home/airflow/.local/lib/python3.6/site-packages/airflow/example_dags/example_short_circuit_operator.py
[2023-02-14 14:14:52,074] {scheduler_job.py:643} INFO - DAG(s) dict_keys(['example_short_circuit_operator']) retrieved from /home/airflow/.local/lib/python3.6/site-packages/airflow/example_dags/example_short_circuit_operator.py
[2023-02-14 14:14:52,090] {logging_mixin.py:104} INFO - [2023-02-14 14:14:52,090] {dag.py:1833} INFO - Sync 1 DAGs
[2023-02-14 14:14:52,101] {logging_mixin.py:104} INFO - [2023-02-14 14:14:52,101] {dag.py:2306} INFO - Setting next_dagrun for example_short_circuit_operator to 2023-02-12 00:00:00+00:00
[2023-02-14 14:14:52,107] {scheduler_job.py:190} INFO - Processing /home/airflow/.local/lib/python3.6/site-packages/airflow/example_dags/example_short_circuit_operator.py took 0.045 seconds
