[2023-02-14 14:08:57,771] {scheduler_job.py:182} INFO - Started process (PID=131) to work on /home/airflow/.local/lib/python3.6/site-packages/airflow/example_dags/example_branch_python_dop_operator_3.py
[2023-02-14 14:08:57,773] {scheduler_job.py:633} INFO - Processing file /home/airflow/.local/lib/python3.6/site-packages/airflow/example_dags/example_branch_python_dop_operator_3.py for tasks to queue
[2023-02-14 14:08:57,773] {logging_mixin.py:104} INFO - [2023-02-14 14:08:57,773] {dagbag.py:496} INFO - Filling up the DagBag from /home/airflow/.local/lib/python3.6/site-packages/airflow/example_dags/example_branch_python_dop_operator_3.py
[2023-02-14 14:08:57,789] {scheduler_job.py:643} INFO - DAG(s) dict_keys(['example_branch_dop_operator_v3']) retrieved from /home/airflow/.local/lib/python3.6/site-packages/airflow/example_dags/example_branch_python_dop_operator_3.py
[2023-02-14 14:09:02,788] {logging_mixin.py:104} INFO - [2023-02-14 14:09:02,788] {dag.py:1833} INFO - Sync 1 DAGs
[2023-02-14 14:09:02,858] {logging_mixin.py:104} INFO - [2023-02-14 14:09:02,857] {dag.py:1852} INFO - Creating ORM DAG for example_branch_dop_operator_v3
[2023-02-14 14:09:02,871] {logging_mixin.py:104} INFO - [2023-02-14 14:09:02,871] {dag.py:2306} INFO - Setting next_dagrun for example_branch_dop_operator_v3 to 2023-02-12 00:00:00+00:00
[2023-02-14 14:09:02,880] {scheduler_job.py:190} INFO - Processing /home/airflow/.local/lib/python3.6/site-packages/airflow/example_dags/example_branch_python_dop_operator_3.py took 5.112 seconds
[2023-02-14 14:09:33,378] {scheduler_job.py:182} INFO - Started process (PID=607) to work on /home/airflow/.local/lib/python3.6/site-packages/airflow/example_dags/example_branch_python_dop_operator_3.py
[2023-02-14 14:09:33,379] {scheduler_job.py:633} INFO - Processing file /home/airflow/.local/lib/python3.6/site-packages/airflow/example_dags/example_branch_python_dop_operator_3.py for tasks to queue
[2023-02-14 14:09:33,380] {logging_mixin.py:104} INFO - [2023-02-14 14:09:33,379] {dagbag.py:496} INFO - Filling up the DagBag from /home/airflow/.local/lib/python3.6/site-packages/airflow/example_dags/example_branch_python_dop_operator_3.py
[2023-02-14 14:09:33,463] {scheduler_job.py:643} INFO - DAG(s) dict_keys(['example_branch_dop_operator_v3']) retrieved from /home/airflow/.local/lib/python3.6/site-packages/airflow/example_dags/example_branch_python_dop_operator_3.py
[2023-02-14 14:09:33,480] {logging_mixin.py:104} INFO - [2023-02-14 14:09:33,480] {dag.py:1833} INFO - Sync 1 DAGs
[2023-02-14 14:09:33,503] {logging_mixin.py:104} INFO - [2023-02-14 14:09:33,503] {dag.py:2306} INFO - Setting next_dagrun for example_branch_dop_operator_v3 to 2023-02-12 00:00:00+00:00
[2023-02-14 14:09:33,511] {scheduler_job.py:190} INFO - Processing /home/airflow/.local/lib/python3.6/site-packages/airflow/example_dags/example_branch_python_dop_operator_3.py took 0.135 seconds
[2023-02-14 14:10:03,595] {scheduler_job.py:182} INFO - Started process (PID=667) to work on /home/airflow/.local/lib/python3.6/site-packages/airflow/example_dags/example_branch_python_dop_operator_3.py
[2023-02-14 14:10:03,595] {scheduler_job.py:633} INFO - Processing file /home/airflow/.local/lib/python3.6/site-packages/airflow/example_dags/example_branch_python_dop_operator_3.py for tasks to queue
[2023-02-14 14:10:03,596] {logging_mixin.py:104} INFO - [2023-02-14 14:10:03,596] {dagbag.py:496} INFO - Filling up the DagBag from /home/airflow/.local/lib/python3.6/site-packages/airflow/example_dags/example_branch_python_dop_operator_3.py
[2023-02-14 14:10:03,608] {scheduler_job.py:643} INFO - DAG(s) dict_keys(['example_branch_dop_operator_v3']) retrieved from /home/airflow/.local/lib/python3.6/site-packages/airflow/example_dags/example_branch_python_dop_operator_3.py
[2023-02-14 14:10:03,652] {logging_mixin.py:104} INFO - [2023-02-14 14:10:03,652] {dag.py:1833} INFO - Sync 1 DAGs
[2023-02-14 14:10:03,672] {logging_mixin.py:104} INFO - [2023-02-14 14:10:03,672] {dag.py:2306} INFO - Setting next_dagrun for example_branch_dop_operator_v3 to 2023-02-12 00:00:00+00:00
[2023-02-14 14:10:03,681] {scheduler_job.py:190} INFO - Processing /home/airflow/.local/lib/python3.6/site-packages/airflow/example_dags/example_branch_python_dop_operator_3.py took 0.089 seconds
[2023-02-14 14:10:33,847] {scheduler_job.py:182} INFO - Started process (PID=718) to work on /home/airflow/.local/lib/python3.6/site-packages/airflow/example_dags/example_branch_python_dop_operator_3.py
[2023-02-14 14:10:33,848] {scheduler_job.py:633} INFO - Processing file /home/airflow/.local/lib/python3.6/site-packages/airflow/example_dags/example_branch_python_dop_operator_3.py for tasks to queue
[2023-02-14 14:10:33,849] {logging_mixin.py:104} INFO - [2023-02-14 14:10:33,848] {dagbag.py:496} INFO - Filling up the DagBag from /home/airflow/.local/lib/python3.6/site-packages/airflow/example_dags/example_branch_python_dop_operator_3.py
[2023-02-14 14:10:33,859] {scheduler_job.py:643} INFO - DAG(s) dict_keys(['example_branch_dop_operator_v3']) retrieved from /home/airflow/.local/lib/python3.6/site-packages/airflow/example_dags/example_branch_python_dop_operator_3.py
[2023-02-14 14:10:33,877] {logging_mixin.py:104} INFO - [2023-02-14 14:10:33,877] {dag.py:1833} INFO - Sync 1 DAGs
[2023-02-14 14:10:33,896] {logging_mixin.py:104} INFO - [2023-02-14 14:10:33,896] {dag.py:2306} INFO - Setting next_dagrun for example_branch_dop_operator_v3 to 2023-02-12 00:00:00+00:00
[2023-02-14 14:10:33,903] {scheduler_job.py:190} INFO - Processing /home/airflow/.local/lib/python3.6/site-packages/airflow/example_dags/example_branch_python_dop_operator_3.py took 0.058 seconds
[2023-02-14 14:11:03,921] {scheduler_job.py:182} INFO - Started process (PID=779) to work on /home/airflow/.local/lib/python3.6/site-packages/airflow/example_dags/example_branch_python_dop_operator_3.py
[2023-02-14 14:11:03,922] {scheduler_job.py:633} INFO - Processing file /home/airflow/.local/lib/python3.6/site-packages/airflow/example_dags/example_branch_python_dop_operator_3.py for tasks to queue
[2023-02-14 14:11:03,923] {logging_mixin.py:104} INFO - [2023-02-14 14:11:03,923] {dagbag.py:496} INFO - Filling up the DagBag from /home/airflow/.local/lib/python3.6/site-packages/airflow/example_dags/example_branch_python_dop_operator_3.py
[2023-02-14 14:11:03,933] {scheduler_job.py:643} INFO - DAG(s) dict_keys(['example_branch_dop_operator_v3']) retrieved from /home/airflow/.local/lib/python3.6/site-packages/airflow/example_dags/example_branch_python_dop_operator_3.py
[2023-02-14 14:11:03,950] {logging_mixin.py:104} INFO - [2023-02-14 14:11:03,950] {dag.py:1833} INFO - Sync 1 DAGs
[2023-02-14 14:11:03,969] {logging_mixin.py:104} INFO - [2023-02-14 14:11:03,969] {dag.py:2306} INFO - Setting next_dagrun for example_branch_dop_operator_v3 to 2023-02-12 00:00:00+00:00
[2023-02-14 14:11:03,976] {scheduler_job.py:190} INFO - Processing /home/airflow/.local/lib/python3.6/site-packages/airflow/example_dags/example_branch_python_dop_operator_3.py took 0.057 seconds
[2023-02-14 14:11:34,208] {scheduler_job.py:182} INFO - Started process (PID=828) to work on /home/airflow/.local/lib/python3.6/site-packages/airflow/example_dags/example_branch_python_dop_operator_3.py
[2023-02-14 14:11:34,208] {scheduler_job.py:633} INFO - Processing file /home/airflow/.local/lib/python3.6/site-packages/airflow/example_dags/example_branch_python_dop_operator_3.py for tasks to queue
[2023-02-14 14:11:34,209] {logging_mixin.py:104} INFO - [2023-02-14 14:11:34,209] {dagbag.py:496} INFO - Filling up the DagBag from /home/airflow/.local/lib/python3.6/site-packages/airflow/example_dags/example_branch_python_dop_operator_3.py
[2023-02-14 14:11:34,219] {scheduler_job.py:643} INFO - DAG(s) dict_keys(['example_branch_dop_operator_v3']) retrieved from /home/airflow/.local/lib/python3.6/site-packages/airflow/example_dags/example_branch_python_dop_operator_3.py
[2023-02-14 14:11:34,236] {logging_mixin.py:104} INFO - [2023-02-14 14:11:34,235] {dag.py:1833} INFO - Sync 1 DAGs
[2023-02-14 14:11:34,255] {logging_mixin.py:104} INFO - [2023-02-14 14:11:34,255] {dag.py:2306} INFO - Setting next_dagrun for example_branch_dop_operator_v3 to 2023-02-12 00:00:00+00:00
[2023-02-14 14:11:34,264] {scheduler_job.py:190} INFO - Processing /home/airflow/.local/lib/python3.6/site-packages/airflow/example_dags/example_branch_python_dop_operator_3.py took 0.058 seconds
[2023-02-14 14:12:04,496] {scheduler_job.py:182} INFO - Started process (PID=889) to work on /home/airflow/.local/lib/python3.6/site-packages/airflow/example_dags/example_branch_python_dop_operator_3.py
[2023-02-14 14:12:04,496] {scheduler_job.py:633} INFO - Processing file /home/airflow/.local/lib/python3.6/site-packages/airflow/example_dags/example_branch_python_dop_operator_3.py for tasks to queue
[2023-02-14 14:12:04,497] {logging_mixin.py:104} INFO - [2023-02-14 14:12:04,496] {dagbag.py:496} INFO - Filling up the DagBag from /home/airflow/.local/lib/python3.6/site-packages/airflow/example_dags/example_branch_python_dop_operator_3.py
[2023-02-14 14:12:04,506] {scheduler_job.py:643} INFO - DAG(s) dict_keys(['example_branch_dop_operator_v3']) retrieved from /home/airflow/.local/lib/python3.6/site-packages/airflow/example_dags/example_branch_python_dop_operator_3.py
[2023-02-14 14:12:04,521] {logging_mixin.py:104} INFO - [2023-02-14 14:12:04,520] {dag.py:1833} INFO - Sync 1 DAGs
[2023-02-14 14:12:04,539] {logging_mixin.py:104} INFO - [2023-02-14 14:12:04,539] {dag.py:2306} INFO - Setting next_dagrun for example_branch_dop_operator_v3 to 2023-02-12 00:00:00+00:00
[2023-02-14 14:12:04,545] {scheduler_job.py:190} INFO - Processing /home/airflow/.local/lib/python3.6/site-packages/airflow/example_dags/example_branch_python_dop_operator_3.py took 0.052 seconds
[2023-02-14 14:12:34,670] {scheduler_job.py:182} INFO - Started process (PID=940) to work on /home/airflow/.local/lib/python3.6/site-packages/airflow/example_dags/example_branch_python_dop_operator_3.py
[2023-02-14 14:12:34,671] {scheduler_job.py:633} INFO - Processing file /home/airflow/.local/lib/python3.6/site-packages/airflow/example_dags/example_branch_python_dop_operator_3.py for tasks to queue
[2023-02-14 14:12:34,671] {logging_mixin.py:104} INFO - [2023-02-14 14:12:34,671] {dagbag.py:496} INFO - Filling up the DagBag from /home/airflow/.local/lib/python3.6/site-packages/airflow/example_dags/example_branch_python_dop_operator_3.py
[2023-02-14 14:12:34,681] {scheduler_job.py:643} INFO - DAG(s) dict_keys(['example_branch_dop_operator_v3']) retrieved from /home/airflow/.local/lib/python3.6/site-packages/airflow/example_dags/example_branch_python_dop_operator_3.py
[2023-02-14 14:12:34,697] {logging_mixin.py:104} INFO - [2023-02-14 14:12:34,696] {dag.py:1833} INFO - Sync 1 DAGs
[2023-02-14 14:12:34,715] {logging_mixin.py:104} INFO - [2023-02-14 14:12:34,715] {dag.py:2306} INFO - Setting next_dagrun for example_branch_dop_operator_v3 to 2023-02-12 00:00:00+00:00
[2023-02-14 14:12:34,723] {scheduler_job.py:190} INFO - Processing /home/airflow/.local/lib/python3.6/site-packages/airflow/example_dags/example_branch_python_dop_operator_3.py took 0.054 seconds
[2023-02-14 14:13:04,866] {scheduler_job.py:182} INFO - Started process (PID=1001) to work on /home/airflow/.local/lib/python3.6/site-packages/airflow/example_dags/example_branch_python_dop_operator_3.py
[2023-02-14 14:13:04,867] {scheduler_job.py:633} INFO - Processing file /home/airflow/.local/lib/python3.6/site-packages/airflow/example_dags/example_branch_python_dop_operator_3.py for tasks to queue
[2023-02-14 14:13:04,868] {logging_mixin.py:104} INFO - [2023-02-14 14:13:04,867] {dagbag.py:496} INFO - Filling up the DagBag from /home/airflow/.local/lib/python3.6/site-packages/airflow/example_dags/example_branch_python_dop_operator_3.py
[2023-02-14 14:13:04,878] {scheduler_job.py:643} INFO - DAG(s) dict_keys(['example_branch_dop_operator_v3']) retrieved from /home/airflow/.local/lib/python3.6/site-packages/airflow/example_dags/example_branch_python_dop_operator_3.py
[2023-02-14 14:13:04,895] {logging_mixin.py:104} INFO - [2023-02-14 14:13:04,895] {dag.py:1833} INFO - Sync 1 DAGs
[2023-02-14 14:13:04,914] {logging_mixin.py:104} INFO - [2023-02-14 14:13:04,913] {dag.py:2306} INFO - Setting next_dagrun for example_branch_dop_operator_v3 to 2023-02-12 00:00:00+00:00
[2023-02-14 14:13:04,920] {scheduler_job.py:190} INFO - Processing /home/airflow/.local/lib/python3.6/site-packages/airflow/example_dags/example_branch_python_dop_operator_3.py took 0.056 seconds
[2023-02-14 14:13:35,032] {scheduler_job.py:182} INFO - Started process (PID=1052) to work on /home/airflow/.local/lib/python3.6/site-packages/airflow/example_dags/example_branch_python_dop_operator_3.py
[2023-02-14 14:13:35,033] {scheduler_job.py:633} INFO - Processing file /home/airflow/.local/lib/python3.6/site-packages/airflow/example_dags/example_branch_python_dop_operator_3.py for tasks to queue
[2023-02-14 14:13:35,033] {logging_mixin.py:104} INFO - [2023-02-14 14:13:35,033] {dagbag.py:496} INFO - Filling up the DagBag from /home/airflow/.local/lib/python3.6/site-packages/airflow/example_dags/example_branch_python_dop_operator_3.py
[2023-02-14 14:13:35,043] {scheduler_job.py:643} INFO - DAG(s) dict_keys(['example_branch_dop_operator_v3']) retrieved from /home/airflow/.local/lib/python3.6/site-packages/airflow/example_dags/example_branch_python_dop_operator_3.py
[2023-02-14 14:13:35,057] {logging_mixin.py:104} INFO - [2023-02-14 14:13:35,057] {dag.py:1833} INFO - Sync 1 DAGs
[2023-02-14 14:13:35,076] {logging_mixin.py:104} INFO - [2023-02-14 14:13:35,076] {dag.py:2306} INFO - Setting next_dagrun for example_branch_dop_operator_v3 to 2023-02-12 00:00:00+00:00
[2023-02-14 14:13:35,083] {scheduler_job.py:190} INFO - Processing /home/airflow/.local/lib/python3.6/site-packages/airflow/example_dags/example_branch_python_dop_operator_3.py took 0.052 seconds
[2023-02-14 14:14:05,257] {scheduler_job.py:182} INFO - Started process (PID=1114) to work on /home/airflow/.local/lib/python3.6/site-packages/airflow/example_dags/example_branch_python_dop_operator_3.py
[2023-02-14 14:14:05,258] {scheduler_job.py:633} INFO - Processing file /home/airflow/.local/lib/python3.6/site-packages/airflow/example_dags/example_branch_python_dop_operator_3.py for tasks to queue
[2023-02-14 14:14:05,258] {logging_mixin.py:104} INFO - [2023-02-14 14:14:05,258] {dagbag.py:496} INFO - Filling up the DagBag from /home/airflow/.local/lib/python3.6/site-packages/airflow/example_dags/example_branch_python_dop_operator_3.py
[2023-02-14 14:14:05,268] {scheduler_job.py:643} INFO - DAG(s) dict_keys(['example_branch_dop_operator_v3']) retrieved from /home/airflow/.local/lib/python3.6/site-packages/airflow/example_dags/example_branch_python_dop_operator_3.py
[2023-02-14 14:14:05,283] {logging_mixin.py:104} INFO - [2023-02-14 14:14:05,283] {dag.py:1833} INFO - Sync 1 DAGs
[2023-02-14 14:14:05,301] {logging_mixin.py:104} INFO - [2023-02-14 14:14:05,300] {dag.py:2306} INFO - Setting next_dagrun for example_branch_dop_operator_v3 to 2023-02-12 00:00:00+00:00
[2023-02-14 14:14:05,307] {scheduler_job.py:190} INFO - Processing /home/airflow/.local/lib/python3.6/site-packages/airflow/example_dags/example_branch_python_dop_operator_3.py took 0.052 seconds
[2023-02-14 14:14:35,520] {scheduler_job.py:182} INFO - Started process (PID=1165) to work on /home/airflow/.local/lib/python3.6/site-packages/airflow/example_dags/example_branch_python_dop_operator_3.py
[2023-02-14 14:14:35,521] {scheduler_job.py:633} INFO - Processing file /home/airflow/.local/lib/python3.6/site-packages/airflow/example_dags/example_branch_python_dop_operator_3.py for tasks to queue
[2023-02-14 14:14:35,521] {logging_mixin.py:104} INFO - [2023-02-14 14:14:35,521] {dagbag.py:496} INFO - Filling up the DagBag from /home/airflow/.local/lib/python3.6/site-packages/airflow/example_dags/example_branch_python_dop_operator_3.py
[2023-02-14 14:14:35,531] {scheduler_job.py:643} INFO - DAG(s) dict_keys(['example_branch_dop_operator_v3']) retrieved from /home/airflow/.local/lib/python3.6/site-packages/airflow/example_dags/example_branch_python_dop_operator_3.py
[2023-02-14 14:14:35,546] {logging_mixin.py:104} INFO - [2023-02-14 14:14:35,546] {dag.py:1833} INFO - Sync 1 DAGs
[2023-02-14 14:14:35,563] {logging_mixin.py:104} INFO - [2023-02-14 14:14:35,563] {dag.py:2306} INFO - Setting next_dagrun for example_branch_dop_operator_v3 to 2023-02-12 00:00:00+00:00
[2023-02-14 14:14:35,569] {scheduler_job.py:190} INFO - Processing /home/airflow/.local/lib/python3.6/site-packages/airflow/example_dags/example_branch_python_dop_operator_3.py took 0.051 seconds
[2023-02-14 14:15:05,654] {scheduler_job.py:182} INFO - Started process (PID=1225) to work on /home/airflow/.local/lib/python3.6/site-packages/airflow/example_dags/example_branch_python_dop_operator_3.py
[2023-02-14 14:15:05,655] {scheduler_job.py:633} INFO - Processing file /home/airflow/.local/lib/python3.6/site-packages/airflow/example_dags/example_branch_python_dop_operator_3.py for tasks to queue
[2023-02-14 14:15:05,655] {logging_mixin.py:104} INFO - [2023-02-14 14:15:05,655] {dagbag.py:496} INFO - Filling up the DagBag from /home/airflow/.local/lib/python3.6/site-packages/airflow/example_dags/example_branch_python_dop_operator_3.py
[2023-02-14 14:15:05,667] {scheduler_job.py:643} INFO - DAG(s) dict_keys(['example_branch_dop_operator_v3']) retrieved from /home/airflow/.local/lib/python3.6/site-packages/airflow/example_dags/example_branch_python_dop_operator_3.py
[2023-02-14 14:15:05,687] {logging_mixin.py:104} INFO - [2023-02-14 14:15:05,687] {dag.py:1833} INFO - Sync 1 DAGs
[2023-02-14 14:15:05,709] {logging_mixin.py:104} INFO - [2023-02-14 14:15:05,709] {dag.py:2306} INFO - Setting next_dagrun for example_branch_dop_operator_v3 to 2023-02-12 00:00:00+00:00
[2023-02-14 14:15:05,716] {scheduler_job.py:190} INFO - Processing /home/airflow/.local/lib/python3.6/site-packages/airflow/example_dags/example_branch_python_dop_operator_3.py took 0.064 seconds
