[2023-02-14 14:09:26,448] {scheduler_job.py:182} INFO - Started process (PID=489) to work on /home/airflow/.local/lib/python3.6/site-packages/airflow/example_dags/example_xcomargs.py
[2023-02-14 14:09:26,449] {scheduler_job.py:633} INFO - Processing file /home/airflow/.local/lib/python3.6/site-packages/airflow/example_dags/example_xcomargs.py for tasks to queue
[2023-02-14 14:09:26,449] {logging_mixin.py:104} INFO - [2023-02-14 14:09:26,449] {dagbag.py:496} INFO - Filling up the DagBag from /home/airflow/.local/lib/python3.6/site-packages/airflow/example_dags/example_xcomargs.py
[2023-02-14 14:09:26,466] {scheduler_job.py:643} INFO - DAG(s) dict_keys(['example_xcom_args', 'example_xcom_args_with_operators']) retrieved from /home/airflow/.local/lib/python3.6/site-packages/airflow/example_dags/example_xcomargs.py
[2023-02-14 14:09:28,642] {logging_mixin.py:104} INFO - [2023-02-14 14:09:28,641] {dag.py:1833} INFO - Sync 2 DAGs
[2023-02-14 14:09:28,650] {logging_mixin.py:104} INFO - [2023-02-14 14:09:28,649] {dag.py:1852} INFO - Creating ORM DAG for example_xcom_args
[2023-02-14 14:09:28,651] {logging_mixin.py:104} INFO - [2023-02-14 14:09:28,650] {dag.py:1852} INFO - Creating ORM DAG for example_xcom_args_with_operators
[2023-02-14 14:09:28,654] {logging_mixin.py:104} INFO - [2023-02-14 14:09:28,654] {dag.py:2306} INFO - Setting next_dagrun for example_xcom_args to None
[2023-02-14 14:09:28,654] {logging_mixin.py:104} INFO - [2023-02-14 14:09:28,654] {dag.py:2306} INFO - Setting next_dagrun for example_xcom_args_with_operators to None
[2023-02-14 14:09:28,664] {scheduler_job.py:190} INFO - Processing /home/airflow/.local/lib/python3.6/site-packages/airflow/example_dags/example_xcomargs.py took 2.218 seconds
[2023-02-14 14:09:58,960] {scheduler_job.py:182} INFO - Started process (PID=646) to work on /home/airflow/.local/lib/python3.6/site-packages/airflow/example_dags/example_xcomargs.py
[2023-02-14 14:09:58,961] {scheduler_job.py:633} INFO - Processing file /home/airflow/.local/lib/python3.6/site-packages/airflow/example_dags/example_xcomargs.py for tasks to queue
[2023-02-14 14:09:58,961] {logging_mixin.py:104} INFO - [2023-02-14 14:09:58,961] {dagbag.py:496} INFO - Filling up the DagBag from /home/airflow/.local/lib/python3.6/site-packages/airflow/example_dags/example_xcomargs.py
[2023-02-14 14:09:58,978] {scheduler_job.py:643} INFO - DAG(s) dict_keys(['example_xcom_args', 'example_xcom_args_with_operators']) retrieved from /home/airflow/.local/lib/python3.6/site-packages/airflow/example_dags/example_xcomargs.py
[2023-02-14 14:09:59,147] {logging_mixin.py:104} INFO - [2023-02-14 14:09:59,147] {dag.py:1833} INFO - Sync 2 DAGs
[2023-02-14 14:09:59,158] {logging_mixin.py:104} INFO - [2023-02-14 14:09:59,158] {dag.py:2306} INFO - Setting next_dagrun for example_xcom_args to None
[2023-02-14 14:09:59,159] {logging_mixin.py:104} INFO - [2023-02-14 14:09:59,159] {dag.py:2306} INFO - Setting next_dagrun for example_xcom_args_with_operators to None
[2023-02-14 14:09:59,166] {scheduler_job.py:190} INFO - Processing /home/airflow/.local/lib/python3.6/site-packages/airflow/example_dags/example_xcomargs.py took 0.209 seconds
[2023-02-14 14:10:29,192] {scheduler_job.py:182} INFO - Started process (PID=707) to work on /home/airflow/.local/lib/python3.6/site-packages/airflow/example_dags/example_xcomargs.py
[2023-02-14 14:10:29,192] {scheduler_job.py:633} INFO - Processing file /home/airflow/.local/lib/python3.6/site-packages/airflow/example_dags/example_xcomargs.py for tasks to queue
[2023-02-14 14:10:29,193] {logging_mixin.py:104} INFO - [2023-02-14 14:10:29,193] {dagbag.py:496} INFO - Filling up the DagBag from /home/airflow/.local/lib/python3.6/site-packages/airflow/example_dags/example_xcomargs.py
[2023-02-14 14:10:29,209] {scheduler_job.py:643} INFO - DAG(s) dict_keys(['example_xcom_args', 'example_xcom_args_with_operators']) retrieved from /home/airflow/.local/lib/python3.6/site-packages/airflow/example_dags/example_xcomargs.py
[2023-02-14 14:10:29,381] {logging_mixin.py:104} INFO - [2023-02-14 14:10:29,381] {dag.py:1833} INFO - Sync 2 DAGs
[2023-02-14 14:10:29,392] {logging_mixin.py:104} INFO - [2023-02-14 14:10:29,392] {dag.py:2306} INFO - Setting next_dagrun for example_xcom_args to None
[2023-02-14 14:10:29,392] {logging_mixin.py:104} INFO - [2023-02-14 14:10:29,392] {dag.py:2306} INFO - Setting next_dagrun for example_xcom_args_with_operators to None
[2023-02-14 14:10:29,401] {scheduler_job.py:190} INFO - Processing /home/airflow/.local/lib/python3.6/site-packages/airflow/example_dags/example_xcomargs.py took 0.211 seconds
[2023-02-14 14:10:59,480] {scheduler_job.py:182} INFO - Started process (PID=758) to work on /home/airflow/.local/lib/python3.6/site-packages/airflow/example_dags/example_xcomargs.py
[2023-02-14 14:10:59,481] {scheduler_job.py:633} INFO - Processing file /home/airflow/.local/lib/python3.6/site-packages/airflow/example_dags/example_xcomargs.py for tasks to queue
[2023-02-14 14:10:59,481] {logging_mixin.py:104} INFO - [2023-02-14 14:10:59,481] {dagbag.py:496} INFO - Filling up the DagBag from /home/airflow/.local/lib/python3.6/site-packages/airflow/example_dags/example_xcomargs.py
[2023-02-14 14:10:59,495] {scheduler_job.py:643} INFO - DAG(s) dict_keys(['example_xcom_args', 'example_xcom_args_with_operators']) retrieved from /home/airflow/.local/lib/python3.6/site-packages/airflow/example_dags/example_xcomargs.py
[2023-02-14 14:10:59,664] {logging_mixin.py:104} INFO - [2023-02-14 14:10:59,664] {dag.py:1833} INFO - Sync 2 DAGs
[2023-02-14 14:10:59,675] {logging_mixin.py:104} INFO - [2023-02-14 14:10:59,675] {dag.py:2306} INFO - Setting next_dagrun for example_xcom_args to None
[2023-02-14 14:10:59,675] {logging_mixin.py:104} INFO - [2023-02-14 14:10:59,675] {dag.py:2306} INFO - Setting next_dagrun for example_xcom_args_with_operators to None
[2023-02-14 14:10:59,684] {scheduler_job.py:190} INFO - Processing /home/airflow/.local/lib/python3.6/site-packages/airflow/example_dags/example_xcomargs.py took 0.206 seconds
[2023-02-14 14:11:29,899] {scheduler_job.py:182} INFO - Started process (PID=819) to work on /home/airflow/.local/lib/python3.6/site-packages/airflow/example_dags/example_xcomargs.py
[2023-02-14 14:11:29,899] {scheduler_job.py:633} INFO - Processing file /home/airflow/.local/lib/python3.6/site-packages/airflow/example_dags/example_xcomargs.py for tasks to queue
[2023-02-14 14:11:29,900] {logging_mixin.py:104} INFO - [2023-02-14 14:11:29,900] {dagbag.py:496} INFO - Filling up the DagBag from /home/airflow/.local/lib/python3.6/site-packages/airflow/example_dags/example_xcomargs.py
[2023-02-14 14:11:29,914] {scheduler_job.py:643} INFO - DAG(s) dict_keys(['example_xcom_args', 'example_xcom_args_with_operators']) retrieved from /home/airflow/.local/lib/python3.6/site-packages/airflow/example_dags/example_xcomargs.py
[2023-02-14 14:11:30,082] {logging_mixin.py:104} INFO - [2023-02-14 14:11:30,082] {dag.py:1833} INFO - Sync 2 DAGs
[2023-02-14 14:11:30,093] {logging_mixin.py:104} INFO - [2023-02-14 14:11:30,093] {dag.py:2306} INFO - Setting next_dagrun for example_xcom_args to None
[2023-02-14 14:11:30,093] {logging_mixin.py:104} INFO - [2023-02-14 14:11:30,093] {dag.py:2306} INFO - Setting next_dagrun for example_xcom_args_with_operators to None
[2023-02-14 14:11:30,102] {scheduler_job.py:190} INFO - Processing /home/airflow/.local/lib/python3.6/site-packages/airflow/example_dags/example_xcomargs.py took 0.205 seconds
[2023-02-14 14:12:00,154] {scheduler_job.py:182} INFO - Started process (PID=871) to work on /home/airflow/.local/lib/python3.6/site-packages/airflow/example_dags/example_xcomargs.py
[2023-02-14 14:12:00,154] {scheduler_job.py:633} INFO - Processing file /home/airflow/.local/lib/python3.6/site-packages/airflow/example_dags/example_xcomargs.py for tasks to queue
[2023-02-14 14:12:00,155] {logging_mixin.py:104} INFO - [2023-02-14 14:12:00,155] {dagbag.py:496} INFO - Filling up the DagBag from /home/airflow/.local/lib/python3.6/site-packages/airflow/example_dags/example_xcomargs.py
[2023-02-14 14:12:00,171] {scheduler_job.py:643} INFO - DAG(s) dict_keys(['example_xcom_args', 'example_xcom_args_with_operators']) retrieved from /home/airflow/.local/lib/python3.6/site-packages/airflow/example_dags/example_xcomargs.py
[2023-02-14 14:12:00,354] {logging_mixin.py:104} INFO - [2023-02-14 14:12:00,354] {dag.py:1833} INFO - Sync 2 DAGs
[2023-02-14 14:12:00,366] {logging_mixin.py:104} INFO - [2023-02-14 14:12:00,366] {dag.py:2306} INFO - Setting next_dagrun for example_xcom_args to None
[2023-02-14 14:12:00,366] {logging_mixin.py:104} INFO - [2023-02-14 14:12:00,366] {dag.py:2306} INFO - Setting next_dagrun for example_xcom_args_with_operators to None
[2023-02-14 14:12:00,374] {scheduler_job.py:190} INFO - Processing /home/airflow/.local/lib/python3.6/site-packages/airflow/example_dags/example_xcomargs.py took 0.222 seconds
[2023-02-14 14:12:30,421] {scheduler_job.py:182} INFO - Started process (PID=932) to work on /home/airflow/.local/lib/python3.6/site-packages/airflow/example_dags/example_xcomargs.py
[2023-02-14 14:12:30,421] {scheduler_job.py:633} INFO - Processing file /home/airflow/.local/lib/python3.6/site-packages/airflow/example_dags/example_xcomargs.py for tasks to queue
[2023-02-14 14:12:30,422] {logging_mixin.py:104} INFO - [2023-02-14 14:12:30,422] {dagbag.py:496} INFO - Filling up the DagBag from /home/airflow/.local/lib/python3.6/site-packages/airflow/example_dags/example_xcomargs.py
[2023-02-14 14:12:30,437] {scheduler_job.py:643} INFO - DAG(s) dict_keys(['example_xcom_args', 'example_xcom_args_with_operators']) retrieved from /home/airflow/.local/lib/python3.6/site-packages/airflow/example_dags/example_xcomargs.py
[2023-02-14 14:12:30,608] {logging_mixin.py:104} INFO - [2023-02-14 14:12:30,608] {dag.py:1833} INFO - Sync 2 DAGs
[2023-02-14 14:12:30,619] {logging_mixin.py:104} INFO - [2023-02-14 14:12:30,619] {dag.py:2306} INFO - Setting next_dagrun for example_xcom_args to None
[2023-02-14 14:12:30,620] {logging_mixin.py:104} INFO - [2023-02-14 14:12:30,620] {dag.py:2306} INFO - Setting next_dagrun for example_xcom_args_with_operators to None
[2023-02-14 14:12:30,628] {scheduler_job.py:190} INFO - Processing /home/airflow/.local/lib/python3.6/site-packages/airflow/example_dags/example_xcomargs.py took 0.209 seconds
[2023-02-14 14:13:01,577] {scheduler_job.py:182} INFO - Started process (PID=990) to work on /home/airflow/.local/lib/python3.6/site-packages/airflow/example_dags/example_xcomargs.py
[2023-02-14 14:13:01,578] {scheduler_job.py:633} INFO - Processing file /home/airflow/.local/lib/python3.6/site-packages/airflow/example_dags/example_xcomargs.py for tasks to queue
[2023-02-14 14:13:01,578] {logging_mixin.py:104} INFO - [2023-02-14 14:13:01,578] {dagbag.py:496} INFO - Filling up the DagBag from /home/airflow/.local/lib/python3.6/site-packages/airflow/example_dags/example_xcomargs.py
[2023-02-14 14:13:01,594] {scheduler_job.py:643} INFO - DAG(s) dict_keys(['example_xcom_args', 'example_xcom_args_with_operators']) retrieved from /home/airflow/.local/lib/python3.6/site-packages/airflow/example_dags/example_xcomargs.py
[2023-02-14 14:13:01,756] {logging_mixin.py:104} INFO - [2023-02-14 14:13:01,755] {dag.py:1833} INFO - Sync 2 DAGs
[2023-02-14 14:13:01,766] {logging_mixin.py:104} INFO - [2023-02-14 14:13:01,766] {dag.py:2306} INFO - Setting next_dagrun for example_xcom_args to None
[2023-02-14 14:13:01,767] {logging_mixin.py:104} INFO - [2023-02-14 14:13:01,767] {dag.py:2306} INFO - Setting next_dagrun for example_xcom_args_with_operators to None
[2023-02-14 14:13:01,775] {scheduler_job.py:190} INFO - Processing /home/airflow/.local/lib/python3.6/site-packages/airflow/example_dags/example_xcomargs.py took 0.200 seconds
[2023-02-14 14:13:31,860] {scheduler_job.py:182} INFO - Started process (PID=1044) to work on /home/airflow/.local/lib/python3.6/site-packages/airflow/example_dags/example_xcomargs.py
[2023-02-14 14:13:31,861] {scheduler_job.py:633} INFO - Processing file /home/airflow/.local/lib/python3.6/site-packages/airflow/example_dags/example_xcomargs.py for tasks to queue
[2023-02-14 14:13:31,861] {logging_mixin.py:104} INFO - [2023-02-14 14:13:31,861] {dagbag.py:496} INFO - Filling up the DagBag from /home/airflow/.local/lib/python3.6/site-packages/airflow/example_dags/example_xcomargs.py
[2023-02-14 14:13:31,877] {scheduler_job.py:643} INFO - DAG(s) dict_keys(['example_xcom_args', 'example_xcom_args_with_operators']) retrieved from /home/airflow/.local/lib/python3.6/site-packages/airflow/example_dags/example_xcomargs.py
[2023-02-14 14:13:32,038] {logging_mixin.py:104} INFO - [2023-02-14 14:13:32,038] {dag.py:1833} INFO - Sync 2 DAGs
[2023-02-14 14:13:32,048] {logging_mixin.py:104} INFO - [2023-02-14 14:13:32,047] {dag.py:2306} INFO - Setting next_dagrun for example_xcom_args to None
[2023-02-14 14:13:32,048] {logging_mixin.py:104} INFO - [2023-02-14 14:13:32,048] {dag.py:2306} INFO - Setting next_dagrun for example_xcom_args_with_operators to None
[2023-02-14 14:13:32,056] {scheduler_job.py:190} INFO - Processing /home/airflow/.local/lib/python3.6/site-packages/airflow/example_dags/example_xcomargs.py took 0.198 seconds
[2023-02-14 14:14:03,000] {scheduler_job.py:182} INFO - Started process (PID=1105) to work on /home/airflow/.local/lib/python3.6/site-packages/airflow/example_dags/example_xcomargs.py
[2023-02-14 14:14:03,001] {scheduler_job.py:633} INFO - Processing file /home/airflow/.local/lib/python3.6/site-packages/airflow/example_dags/example_xcomargs.py for tasks to queue
[2023-02-14 14:14:03,002] {logging_mixin.py:104} INFO - [2023-02-14 14:14:03,001] {dagbag.py:496} INFO - Filling up the DagBag from /home/airflow/.local/lib/python3.6/site-packages/airflow/example_dags/example_xcomargs.py
[2023-02-14 14:14:03,017] {scheduler_job.py:643} INFO - DAG(s) dict_keys(['example_xcom_args', 'example_xcom_args_with_operators']) retrieved from /home/airflow/.local/lib/python3.6/site-packages/airflow/example_dags/example_xcomargs.py
[2023-02-14 14:14:03,187] {logging_mixin.py:104} INFO - [2023-02-14 14:14:03,187] {dag.py:1833} INFO - Sync 2 DAGs
[2023-02-14 14:14:03,199] {logging_mixin.py:104} INFO - [2023-02-14 14:14:03,199] {dag.py:2306} INFO - Setting next_dagrun for example_xcom_args to None
[2023-02-14 14:14:03,199] {logging_mixin.py:104} INFO - [2023-02-14 14:14:03,199] {dag.py:2306} INFO - Setting next_dagrun for example_xcom_args_with_operators to None
[2023-02-14 14:14:03,208] {scheduler_job.py:190} INFO - Processing /home/airflow/.local/lib/python3.6/site-packages/airflow/example_dags/example_xcomargs.py took 0.210 seconds
[2023-02-14 14:14:33,250] {scheduler_job.py:182} INFO - Started process (PID=1156) to work on /home/airflow/.local/lib/python3.6/site-packages/airflow/example_dags/example_xcomargs.py
[2023-02-14 14:14:33,250] {scheduler_job.py:633} INFO - Processing file /home/airflow/.local/lib/python3.6/site-packages/airflow/example_dags/example_xcomargs.py for tasks to queue
[2023-02-14 14:14:33,251] {logging_mixin.py:104} INFO - [2023-02-14 14:14:33,250] {dagbag.py:496} INFO - Filling up the DagBag from /home/airflow/.local/lib/python3.6/site-packages/airflow/example_dags/example_xcomargs.py
[2023-02-14 14:14:33,265] {scheduler_job.py:643} INFO - DAG(s) dict_keys(['example_xcom_args', 'example_xcom_args_with_operators']) retrieved from /home/airflow/.local/lib/python3.6/site-packages/airflow/example_dags/example_xcomargs.py
[2023-02-14 14:14:33,439] {logging_mixin.py:104} INFO - [2023-02-14 14:14:33,438] {dag.py:1833} INFO - Sync 2 DAGs
[2023-02-14 14:14:33,449] {logging_mixin.py:104} INFO - [2023-02-14 14:14:33,449] {dag.py:2306} INFO - Setting next_dagrun for example_xcom_args to None
[2023-02-14 14:14:33,450] {logging_mixin.py:104} INFO - [2023-02-14 14:14:33,450] {dag.py:2306} INFO - Setting next_dagrun for example_xcom_args_with_operators to None
[2023-02-14 14:14:33,457] {scheduler_job.py:190} INFO - Processing /home/airflow/.local/lib/python3.6/site-packages/airflow/example_dags/example_xcomargs.py took 0.210 seconds
[2023-02-14 14:15:04,344] {scheduler_job.py:182} INFO - Started process (PID=1218) to work on /home/airflow/.local/lib/python3.6/site-packages/airflow/example_dags/example_xcomargs.py
[2023-02-14 14:15:04,345] {scheduler_job.py:633} INFO - Processing file /home/airflow/.local/lib/python3.6/site-packages/airflow/example_dags/example_xcomargs.py for tasks to queue
[2023-02-14 14:15:04,345] {logging_mixin.py:104} INFO - [2023-02-14 14:15:04,345] {dagbag.py:496} INFO - Filling up the DagBag from /home/airflow/.local/lib/python3.6/site-packages/airflow/example_dags/example_xcomargs.py
[2023-02-14 14:15:04,363] {scheduler_job.py:643} INFO - DAG(s) dict_keys(['example_xcom_args', 'example_xcom_args_with_operators']) retrieved from /home/airflow/.local/lib/python3.6/site-packages/airflow/example_dags/example_xcomargs.py
[2023-02-14 14:15:04,543] {logging_mixin.py:104} INFO - [2023-02-14 14:15:04,542] {dag.py:1833} INFO - Sync 2 DAGs
[2023-02-14 14:15:04,554] {logging_mixin.py:104} INFO - [2023-02-14 14:15:04,553] {dag.py:2306} INFO - Setting next_dagrun for example_xcom_args to None
[2023-02-14 14:15:04,554] {logging_mixin.py:104} INFO - [2023-02-14 14:15:04,554] {dag.py:2306} INFO - Setting next_dagrun for example_xcom_args_with_operators to None
[2023-02-14 14:15:04,563] {scheduler_job.py:190} INFO - Processing /home/airflow/.local/lib/python3.6/site-packages/airflow/example_dags/example_xcomargs.py took 0.221 seconds
