[2023-02-14 14:09:08,157] {scheduler_job.py:182} INFO - Started process (PID=207) to work on /home/airflow/.local/lib/python3.6/site-packages/airflow/example_dags/example_external_task_marker_dag.py
[2023-02-14 14:09:08,158] {scheduler_job.py:633} INFO - Processing file /home/airflow/.local/lib/python3.6/site-packages/airflow/example_dags/example_external_task_marker_dag.py for tasks to queue
[2023-02-14 14:09:08,159] {logging_mixin.py:104} INFO - [2023-02-14 14:09:08,159] {dagbag.py:496} INFO - Filling up the DagBag from /home/airflow/.local/lib/python3.6/site-packages/airflow/example_dags/example_external_task_marker_dag.py
[2023-02-14 14:09:08,171] {scheduler_job.py:643} INFO - DAG(s) dict_keys(['example_external_task_marker_parent', 'example_external_task_marker_child']) retrieved from /home/airflow/.local/lib/python3.6/site-packages/airflow/example_dags/example_external_task_marker_dag.py
[2023-02-14 14:09:10,829] {logging_mixin.py:104} INFO - [2023-02-14 14:09:10,829] {dag.py:1833} INFO - Sync 2 DAGs
[2023-02-14 14:09:10,838] {logging_mixin.py:104} INFO - [2023-02-14 14:09:10,837] {dag.py:1852} INFO - Creating ORM DAG for example_external_task_marker_child
[2023-02-14 14:09:10,838] {logging_mixin.py:104} INFO - [2023-02-14 14:09:10,838] {dag.py:1852} INFO - Creating ORM DAG for example_external_task_marker_parent
[2023-02-14 14:09:10,841] {logging_mixin.py:104} INFO - [2023-02-14 14:09:10,841] {dag.py:2306} INFO - Setting next_dagrun for example_external_task_marker_child to None
[2023-02-14 14:09:10,842] {logging_mixin.py:104} INFO - [2023-02-14 14:09:10,842] {dag.py:2306} INFO - Setting next_dagrun for example_external_task_marker_parent to None
[2023-02-14 14:09:10,850] {scheduler_job.py:190} INFO - Processing /home/airflow/.local/lib/python3.6/site-packages/airflow/example_dags/example_external_task_marker_dag.py took 2.746 seconds
[2023-02-14 14:09:41,469] {scheduler_job.py:182} INFO - Started process (PID=620) to work on /home/airflow/.local/lib/python3.6/site-packages/airflow/example_dags/example_external_task_marker_dag.py
[2023-02-14 14:09:41,470] {scheduler_job.py:633} INFO - Processing file /home/airflow/.local/lib/python3.6/site-packages/airflow/example_dags/example_external_task_marker_dag.py for tasks to queue
[2023-02-14 14:09:41,470] {logging_mixin.py:104} INFO - [2023-02-14 14:09:41,470] {dagbag.py:496} INFO - Filling up the DagBag from /home/airflow/.local/lib/python3.6/site-packages/airflow/example_dags/example_external_task_marker_dag.py
[2023-02-14 14:09:41,480] {scheduler_job.py:643} INFO - DAG(s) dict_keys(['example_external_task_marker_parent', 'example_external_task_marker_child']) retrieved from /home/airflow/.local/lib/python3.6/site-packages/airflow/example_dags/example_external_task_marker_dag.py
[2023-02-14 14:09:41,500] {logging_mixin.py:104} INFO - [2023-02-14 14:09:41,500] {dag.py:1833} INFO - Sync 2 DAGs
[2023-02-14 14:09:41,513] {logging_mixin.py:104} INFO - [2023-02-14 14:09:41,513] {dag.py:2306} INFO - Setting next_dagrun for example_external_task_marker_child to None
[2023-02-14 14:09:41,514] {logging_mixin.py:104} INFO - [2023-02-14 14:09:41,513] {dag.py:2306} INFO - Setting next_dagrun for example_external_task_marker_parent to None
[2023-02-14 14:09:41,521] {scheduler_job.py:190} INFO - Processing /home/airflow/.local/lib/python3.6/site-packages/airflow/example_dags/example_external_task_marker_dag.py took 0.055 seconds
[2023-02-14 14:10:11,790] {scheduler_job.py:182} INFO - Started process (PID=671) to work on /home/airflow/.local/lib/python3.6/site-packages/airflow/example_dags/example_external_task_marker_dag.py
[2023-02-14 14:10:11,791] {scheduler_job.py:633} INFO - Processing file /home/airflow/.local/lib/python3.6/site-packages/airflow/example_dags/example_external_task_marker_dag.py for tasks to queue
[2023-02-14 14:10:11,791] {logging_mixin.py:104} INFO - [2023-02-14 14:10:11,791] {dagbag.py:496} INFO - Filling up the DagBag from /home/airflow/.local/lib/python3.6/site-packages/airflow/example_dags/example_external_task_marker_dag.py
[2023-02-14 14:10:11,801] {scheduler_job.py:643} INFO - DAG(s) dict_keys(['example_external_task_marker_parent', 'example_external_task_marker_child']) retrieved from /home/airflow/.local/lib/python3.6/site-packages/airflow/example_dags/example_external_task_marker_dag.py
[2023-02-14 14:10:11,821] {logging_mixin.py:104} INFO - [2023-02-14 14:10:11,821] {dag.py:1833} INFO - Sync 2 DAGs
[2023-02-14 14:10:11,834] {logging_mixin.py:104} INFO - [2023-02-14 14:10:11,834] {dag.py:2306} INFO - Setting next_dagrun for example_external_task_marker_child to None
[2023-02-14 14:10:11,835] {logging_mixin.py:104} INFO - [2023-02-14 14:10:11,835] {dag.py:2306} INFO - Setting next_dagrun for example_external_task_marker_parent to None
[2023-02-14 14:10:11,842] {scheduler_job.py:190} INFO - Processing /home/airflow/.local/lib/python3.6/site-packages/airflow/example_dags/example_external_task_marker_dag.py took 0.054 seconds
[2023-02-14 14:10:42,014] {scheduler_job.py:182} INFO - Started process (PID=732) to work on /home/airflow/.local/lib/python3.6/site-packages/airflow/example_dags/example_external_task_marker_dag.py
[2023-02-14 14:10:42,014] {scheduler_job.py:633} INFO - Processing file /home/airflow/.local/lib/python3.6/site-packages/airflow/example_dags/example_external_task_marker_dag.py for tasks to queue
[2023-02-14 14:10:42,015] {logging_mixin.py:104} INFO - [2023-02-14 14:10:42,015] {dagbag.py:496} INFO - Filling up the DagBag from /home/airflow/.local/lib/python3.6/site-packages/airflow/example_dags/example_external_task_marker_dag.py
[2023-02-14 14:10:42,024] {scheduler_job.py:643} INFO - DAG(s) dict_keys(['example_external_task_marker_parent', 'example_external_task_marker_child']) retrieved from /home/airflow/.local/lib/python3.6/site-packages/airflow/example_dags/example_external_task_marker_dag.py
[2023-02-14 14:10:42,044] {logging_mixin.py:104} INFO - [2023-02-14 14:10:42,044] {dag.py:1833} INFO - Sync 2 DAGs
[2023-02-14 14:10:42,058] {logging_mixin.py:104} INFO - [2023-02-14 14:10:42,058] {dag.py:2306} INFO - Setting next_dagrun for example_external_task_marker_child to None
[2023-02-14 14:10:42,059] {logging_mixin.py:104} INFO - [2023-02-14 14:10:42,059] {dag.py:2306} INFO - Setting next_dagrun for example_external_task_marker_parent to None
[2023-02-14 14:10:42,066] {scheduler_job.py:190} INFO - Processing /home/airflow/.local/lib/python3.6/site-packages/airflow/example_dags/example_external_task_marker_dag.py took 0.054 seconds
[2023-02-14 14:11:12,346] {scheduler_job.py:182} INFO - Started process (PID=783) to work on /home/airflow/.local/lib/python3.6/site-packages/airflow/example_dags/example_external_task_marker_dag.py
[2023-02-14 14:11:12,348] {scheduler_job.py:633} INFO - Processing file /home/airflow/.local/lib/python3.6/site-packages/airflow/example_dags/example_external_task_marker_dag.py for tasks to queue
[2023-02-14 14:11:12,348] {logging_mixin.py:104} INFO - [2023-02-14 14:11:12,348] {dagbag.py:496} INFO - Filling up the DagBag from /home/airflow/.local/lib/python3.6/site-packages/airflow/example_dags/example_external_task_marker_dag.py
[2023-02-14 14:11:12,360] {scheduler_job.py:643} INFO - DAG(s) dict_keys(['example_external_task_marker_parent', 'example_external_task_marker_child']) retrieved from /home/airflow/.local/lib/python3.6/site-packages/airflow/example_dags/example_external_task_marker_dag.py
[2023-02-14 14:11:12,634] {logging_mixin.py:104} INFO - [2023-02-14 14:11:12,634] {dag.py:1833} INFO - Sync 2 DAGs
[2023-02-14 14:11:12,649] {logging_mixin.py:104} INFO - [2023-02-14 14:11:12,649] {dag.py:2306} INFO - Setting next_dagrun for example_external_task_marker_child to None
[2023-02-14 14:11:12,650] {logging_mixin.py:104} INFO - [2023-02-14 14:11:12,650] {dag.py:2306} INFO - Setting next_dagrun for example_external_task_marker_parent to None
[2023-02-14 14:11:12,663] {scheduler_job.py:190} INFO - Processing /home/airflow/.local/lib/python3.6/site-packages/airflow/example_dags/example_external_task_marker_dag.py took 0.319 seconds
[2023-02-14 14:11:43,527] {scheduler_job.py:182} INFO - Started process (PID=845) to work on /home/airflow/.local/lib/python3.6/site-packages/airflow/example_dags/example_external_task_marker_dag.py
[2023-02-14 14:11:43,528] {scheduler_job.py:633} INFO - Processing file /home/airflow/.local/lib/python3.6/site-packages/airflow/example_dags/example_external_task_marker_dag.py for tasks to queue
[2023-02-14 14:11:43,528] {logging_mixin.py:104} INFO - [2023-02-14 14:11:43,528] {dagbag.py:496} INFO - Filling up the DagBag from /home/airflow/.local/lib/python3.6/site-packages/airflow/example_dags/example_external_task_marker_dag.py
[2023-02-14 14:11:43,536] {scheduler_job.py:643} INFO - DAG(s) dict_keys(['example_external_task_marker_parent', 'example_external_task_marker_child']) retrieved from /home/airflow/.local/lib/python3.6/site-packages/airflow/example_dags/example_external_task_marker_dag.py
[2023-02-14 14:11:43,698] {logging_mixin.py:104} INFO - [2023-02-14 14:11:43,698] {dag.py:1833} INFO - Sync 2 DAGs
[2023-02-14 14:11:43,709] {logging_mixin.py:104} INFO - [2023-02-14 14:11:43,709] {dag.py:2306} INFO - Setting next_dagrun for example_external_task_marker_child to None
[2023-02-14 14:11:43,710] {logging_mixin.py:104} INFO - [2023-02-14 14:11:43,710] {dag.py:2306} INFO - Setting next_dagrun for example_external_task_marker_parent to None
[2023-02-14 14:11:43,719] {scheduler_job.py:190} INFO - Processing /home/airflow/.local/lib/python3.6/site-packages/airflow/example_dags/example_external_task_marker_dag.py took 0.194 seconds
[2023-02-14 14:12:13,884] {scheduler_job.py:182} INFO - Started process (PID=896) to work on /home/airflow/.local/lib/python3.6/site-packages/airflow/example_dags/example_external_task_marker_dag.py
[2023-02-14 14:12:13,885] {scheduler_job.py:633} INFO - Processing file /home/airflow/.local/lib/python3.6/site-packages/airflow/example_dags/example_external_task_marker_dag.py for tasks to queue
[2023-02-14 14:12:13,885] {logging_mixin.py:104} INFO - [2023-02-14 14:12:13,885] {dagbag.py:496} INFO - Filling up the DagBag from /home/airflow/.local/lib/python3.6/site-packages/airflow/example_dags/example_external_task_marker_dag.py
[2023-02-14 14:12:13,894] {scheduler_job.py:643} INFO - DAG(s) dict_keys(['example_external_task_marker_parent', 'example_external_task_marker_child']) retrieved from /home/airflow/.local/lib/python3.6/site-packages/airflow/example_dags/example_external_task_marker_dag.py
[2023-02-14 14:12:13,914] {logging_mixin.py:104} INFO - [2023-02-14 14:12:13,913] {dag.py:1833} INFO - Sync 2 DAGs
[2023-02-14 14:12:13,926] {logging_mixin.py:104} INFO - [2023-02-14 14:12:13,926] {dag.py:2306} INFO - Setting next_dagrun for example_external_task_marker_child to None
[2023-02-14 14:12:13,927] {logging_mixin.py:104} INFO - [2023-02-14 14:12:13,926] {dag.py:2306} INFO - Setting next_dagrun for example_external_task_marker_parent to None
[2023-02-14 14:12:13,934] {scheduler_job.py:190} INFO - Processing /home/airflow/.local/lib/python3.6/site-packages/airflow/example_dags/example_external_task_marker_dag.py took 0.052 seconds
[2023-02-14 14:12:44,024] {scheduler_job.py:182} INFO - Started process (PID=957) to work on /home/airflow/.local/lib/python3.6/site-packages/airflow/example_dags/example_external_task_marker_dag.py
[2023-02-14 14:12:44,024] {scheduler_job.py:633} INFO - Processing file /home/airflow/.local/lib/python3.6/site-packages/airflow/example_dags/example_external_task_marker_dag.py for tasks to queue
[2023-02-14 14:12:44,025] {logging_mixin.py:104} INFO - [2023-02-14 14:12:44,025] {dagbag.py:496} INFO - Filling up the DagBag from /home/airflow/.local/lib/python3.6/site-packages/airflow/example_dags/example_external_task_marker_dag.py
[2023-02-14 14:12:44,034] {scheduler_job.py:643} INFO - DAG(s) dict_keys(['example_external_task_marker_parent', 'example_external_task_marker_child']) retrieved from /home/airflow/.local/lib/python3.6/site-packages/airflow/example_dags/example_external_task_marker_dag.py
[2023-02-14 14:12:44,203] {logging_mixin.py:104} INFO - [2023-02-14 14:12:44,203] {dag.py:1833} INFO - Sync 2 DAGs
[2023-02-14 14:12:44,213] {logging_mixin.py:104} INFO - [2023-02-14 14:12:44,213] {dag.py:2306} INFO - Setting next_dagrun for example_external_task_marker_child to None
[2023-02-14 14:12:44,214] {logging_mixin.py:104} INFO - [2023-02-14 14:12:44,214] {dag.py:2306} INFO - Setting next_dagrun for example_external_task_marker_parent to None
[2023-02-14 14:12:44,221] {scheduler_job.py:190} INFO - Processing /home/airflow/.local/lib/python3.6/site-packages/airflow/example_dags/example_external_task_marker_dag.py took 0.200 seconds
[2023-02-14 14:13:14,247] {scheduler_job.py:182} INFO - Started process (PID=1018) to work on /home/airflow/.local/lib/python3.6/site-packages/airflow/example_dags/example_external_task_marker_dag.py
[2023-02-14 14:13:14,248] {scheduler_job.py:633} INFO - Processing file /home/airflow/.local/lib/python3.6/site-packages/airflow/example_dags/example_external_task_marker_dag.py for tasks to queue
[2023-02-14 14:13:14,248] {logging_mixin.py:104} INFO - [2023-02-14 14:13:14,248] {dagbag.py:496} INFO - Filling up the DagBag from /home/airflow/.local/lib/python3.6/site-packages/airflow/example_dags/example_external_task_marker_dag.py
[2023-02-14 14:13:14,257] {scheduler_job.py:643} INFO - DAG(s) dict_keys(['example_external_task_marker_parent', 'example_external_task_marker_child']) retrieved from /home/airflow/.local/lib/python3.6/site-packages/airflow/example_dags/example_external_task_marker_dag.py
[2023-02-14 14:13:14,277] {logging_mixin.py:104} INFO - [2023-02-14 14:13:14,277] {dag.py:1833} INFO - Sync 2 DAGs
[2023-02-14 14:13:14,289] {logging_mixin.py:104} INFO - [2023-02-14 14:13:14,289] {dag.py:2306} INFO - Setting next_dagrun for example_external_task_marker_child to None
[2023-02-14 14:13:14,290] {logging_mixin.py:104} INFO - [2023-02-14 14:13:14,290] {dag.py:2306} INFO - Setting next_dagrun for example_external_task_marker_parent to None
[2023-02-14 14:13:14,298] {scheduler_job.py:190} INFO - Processing /home/airflow/.local/lib/python3.6/site-packages/airflow/example_dags/example_external_task_marker_dag.py took 0.053 seconds
[2023-02-14 14:13:44,437] {scheduler_job.py:182} INFO - Started process (PID=1069) to work on /home/airflow/.local/lib/python3.6/site-packages/airflow/example_dags/example_external_task_marker_dag.py
[2023-02-14 14:13:44,438] {scheduler_job.py:633} INFO - Processing file /home/airflow/.local/lib/python3.6/site-packages/airflow/example_dags/example_external_task_marker_dag.py for tasks to queue
[2023-02-14 14:13:44,439] {logging_mixin.py:104} INFO - [2023-02-14 14:13:44,438] {dagbag.py:496} INFO - Filling up the DagBag from /home/airflow/.local/lib/python3.6/site-packages/airflow/example_dags/example_external_task_marker_dag.py
[2023-02-14 14:13:44,447] {scheduler_job.py:643} INFO - DAG(s) dict_keys(['example_external_task_marker_parent', 'example_external_task_marker_child']) retrieved from /home/airflow/.local/lib/python3.6/site-packages/airflow/example_dags/example_external_task_marker_dag.py
[2023-02-14 14:13:44,607] {logging_mixin.py:104} INFO - [2023-02-14 14:13:44,607] {dag.py:1833} INFO - Sync 2 DAGs
[2023-02-14 14:13:44,618] {logging_mixin.py:104} INFO - [2023-02-14 14:13:44,618] {dag.py:2306} INFO - Setting next_dagrun for example_external_task_marker_child to None
[2023-02-14 14:13:44,618] {logging_mixin.py:104} INFO - [2023-02-14 14:13:44,618] {dag.py:2306} INFO - Setting next_dagrun for example_external_task_marker_parent to None
[2023-02-14 14:13:44,626] {scheduler_job.py:190} INFO - Processing /home/airflow/.local/lib/python3.6/site-packages/airflow/example_dags/example_external_task_marker_dag.py took 0.191 seconds
[2023-02-14 14:14:14,645] {scheduler_job.py:182} INFO - Started process (PID=1130) to work on /home/airflow/.local/lib/python3.6/site-packages/airflow/example_dags/example_external_task_marker_dag.py
[2023-02-14 14:14:14,646] {scheduler_job.py:633} INFO - Processing file /home/airflow/.local/lib/python3.6/site-packages/airflow/example_dags/example_external_task_marker_dag.py for tasks to queue
[2023-02-14 14:14:14,646] {logging_mixin.py:104} INFO - [2023-02-14 14:14:14,646] {dagbag.py:496} INFO - Filling up the DagBag from /home/airflow/.local/lib/python3.6/site-packages/airflow/example_dags/example_external_task_marker_dag.py
[2023-02-14 14:14:14,655] {scheduler_job.py:643} INFO - DAG(s) dict_keys(['example_external_task_marker_parent', 'example_external_task_marker_child']) retrieved from /home/airflow/.local/lib/python3.6/site-packages/airflow/example_dags/example_external_task_marker_dag.py
[2023-02-14 14:14:14,824] {logging_mixin.py:104} INFO - [2023-02-14 14:14:14,824] {dag.py:1833} INFO - Sync 2 DAGs
[2023-02-14 14:14:14,836] {logging_mixin.py:104} INFO - [2023-02-14 14:14:14,836] {dag.py:2306} INFO - Setting next_dagrun for example_external_task_marker_child to None
[2023-02-14 14:14:14,836] {logging_mixin.py:104} INFO - [2023-02-14 14:14:14,836] {dag.py:2306} INFO - Setting next_dagrun for example_external_task_marker_parent to None
[2023-02-14 14:14:14,844] {scheduler_job.py:190} INFO - Processing /home/airflow/.local/lib/python3.6/site-packages/airflow/example_dags/example_external_task_marker_dag.py took 0.201 seconds
[2023-02-14 14:14:44,894] {scheduler_job.py:182} INFO - Started process (PID=1181) to work on /home/airflow/.local/lib/python3.6/site-packages/airflow/example_dags/example_external_task_marker_dag.py
[2023-02-14 14:14:44,895] {scheduler_job.py:633} INFO - Processing file /home/airflow/.local/lib/python3.6/site-packages/airflow/example_dags/example_external_task_marker_dag.py for tasks to queue
[2023-02-14 14:14:44,896] {logging_mixin.py:104} INFO - [2023-02-14 14:14:44,896] {dagbag.py:496} INFO - Filling up the DagBag from /home/airflow/.local/lib/python3.6/site-packages/airflow/example_dags/example_external_task_marker_dag.py
[2023-02-14 14:14:44,905] {scheduler_job.py:643} INFO - DAG(s) dict_keys(['example_external_task_marker_parent', 'example_external_task_marker_child']) retrieved from /home/airflow/.local/lib/python3.6/site-packages/airflow/example_dags/example_external_task_marker_dag.py
[2023-02-14 14:14:44,926] {logging_mixin.py:104} INFO - [2023-02-14 14:14:44,926] {dag.py:1833} INFO - Sync 2 DAGs
[2023-02-14 14:14:44,939] {logging_mixin.py:104} INFO - [2023-02-14 14:14:44,938] {dag.py:2306} INFO - Setting next_dagrun for example_external_task_marker_child to None
[2023-02-14 14:14:44,939] {logging_mixin.py:104} INFO - [2023-02-14 14:14:44,939] {dag.py:2306} INFO - Setting next_dagrun for example_external_task_marker_parent to None
[2023-02-14 14:14:44,946] {scheduler_job.py:190} INFO - Processing /home/airflow/.local/lib/python3.6/site-packages/airflow/example_dags/example_external_task_marker_dag.py took 0.054 seconds
