[2023-02-14 14:09:24,717] {scheduler_job.py:182} INFO - Started process (PID=471) to work on /home/airflow/.local/lib/python3.6/site-packages/airflow/example_dags/example_xcom.py
[2023-02-14 14:09:24,717] {scheduler_job.py:633} INFO - Processing file /home/airflow/.local/lib/python3.6/site-packages/airflow/example_dags/example_xcom.py for tasks to queue
[2023-02-14 14:09:24,718] {logging_mixin.py:104} INFO - [2023-02-14 14:09:24,718] {dagbag.py:496} INFO - Filling up the DagBag from /home/airflow/.local/lib/python3.6/site-packages/airflow/example_dags/example_xcom.py
[2023-02-14 14:09:24,728] {scheduler_job.py:643} INFO - DAG(s) dict_keys(['example_xcom']) retrieved from /home/airflow/.local/lib/python3.6/site-packages/airflow/example_dags/example_xcom.py
[2023-02-14 14:09:26,874] {logging_mixin.py:104} INFO - [2023-02-14 14:09:26,874] {dag.py:1833} INFO - Sync 1 DAGs
[2023-02-14 14:09:26,886] {logging_mixin.py:104} INFO - [2023-02-14 14:09:26,885] {dag.py:1852} INFO - Creating ORM DAG for example_xcom
[2023-02-14 14:09:26,892] {logging_mixin.py:104} INFO - [2023-02-14 14:09:26,892] {dag.py:2306} INFO - Setting next_dagrun for example_xcom to 2023-02-12 00:00:00+00:00
[2023-02-14 14:09:26,902] {scheduler_job.py:190} INFO - Processing /home/airflow/.local/lib/python3.6/site-packages/airflow/example_dags/example_xcom.py took 2.188 seconds
[2023-02-14 14:09:56,952] {scheduler_job.py:182} INFO - Started process (PID=645) to work on /home/airflow/.local/lib/python3.6/site-packages/airflow/example_dags/example_xcom.py
[2023-02-14 14:09:56,952] {scheduler_job.py:633} INFO - Processing file /home/airflow/.local/lib/python3.6/site-packages/airflow/example_dags/example_xcom.py for tasks to queue
[2023-02-14 14:09:56,953] {logging_mixin.py:104} INFO - [2023-02-14 14:09:56,953] {dagbag.py:496} INFO - Filling up the DagBag from /home/airflow/.local/lib/python3.6/site-packages/airflow/example_dags/example_xcom.py
[2023-02-14 14:09:56,962] {scheduler_job.py:643} INFO - DAG(s) dict_keys(['example_xcom']) retrieved from /home/airflow/.local/lib/python3.6/site-packages/airflow/example_dags/example_xcom.py
[2023-02-14 14:09:56,977] {logging_mixin.py:104} INFO - [2023-02-14 14:09:56,977] {dag.py:1833} INFO - Sync 1 DAGs
[2023-02-14 14:09:56,988] {logging_mixin.py:104} INFO - [2023-02-14 14:09:56,988] {dag.py:2306} INFO - Setting next_dagrun for example_xcom to 2023-02-12 00:00:00+00:00
[2023-02-14 14:09:56,994] {scheduler_job.py:190} INFO - Processing /home/airflow/.local/lib/python3.6/site-packages/airflow/example_dags/example_xcom.py took 0.045 seconds
[2023-02-14 14:10:27,184] {scheduler_job.py:182} INFO - Started process (PID=705) to work on /home/airflow/.local/lib/python3.6/site-packages/airflow/example_dags/example_xcom.py
[2023-02-14 14:10:27,184] {scheduler_job.py:633} INFO - Processing file /home/airflow/.local/lib/python3.6/site-packages/airflow/example_dags/example_xcom.py for tasks to queue
[2023-02-14 14:10:27,185] {logging_mixin.py:104} INFO - [2023-02-14 14:10:27,185] {dagbag.py:496} INFO - Filling up the DagBag from /home/airflow/.local/lib/python3.6/site-packages/airflow/example_dags/example_xcom.py
[2023-02-14 14:10:27,194] {scheduler_job.py:643} INFO - DAG(s) dict_keys(['example_xcom']) retrieved from /home/airflow/.local/lib/python3.6/site-packages/airflow/example_dags/example_xcom.py
[2023-02-14 14:10:27,209] {logging_mixin.py:104} INFO - [2023-02-14 14:10:27,209] {dag.py:1833} INFO - Sync 1 DAGs
[2023-02-14 14:10:27,221] {logging_mixin.py:104} INFO - [2023-02-14 14:10:27,221] {dag.py:2306} INFO - Setting next_dagrun for example_xcom to 2023-02-12 00:00:00+00:00
[2023-02-14 14:10:27,228] {scheduler_job.py:190} INFO - Processing /home/airflow/.local/lib/python3.6/site-packages/airflow/example_dags/example_xcom.py took 0.047 seconds
[2023-02-14 14:10:57,471] {scheduler_job.py:182} INFO - Started process (PID=757) to work on /home/airflow/.local/lib/python3.6/site-packages/airflow/example_dags/example_xcom.py
[2023-02-14 14:10:57,472] {scheduler_job.py:633} INFO - Processing file /home/airflow/.local/lib/python3.6/site-packages/airflow/example_dags/example_xcom.py for tasks to queue
[2023-02-14 14:10:57,472] {logging_mixin.py:104} INFO - [2023-02-14 14:10:57,472] {dagbag.py:496} INFO - Filling up the DagBag from /home/airflow/.local/lib/python3.6/site-packages/airflow/example_dags/example_xcom.py
[2023-02-14 14:10:57,482] {scheduler_job.py:643} INFO - DAG(s) dict_keys(['example_xcom']) retrieved from /home/airflow/.local/lib/python3.6/site-packages/airflow/example_dags/example_xcom.py
[2023-02-14 14:10:57,498] {logging_mixin.py:104} INFO - [2023-02-14 14:10:57,498] {dag.py:1833} INFO - Sync 1 DAGs
[2023-02-14 14:10:57,510] {logging_mixin.py:104} INFO - [2023-02-14 14:10:57,510] {dag.py:2306} INFO - Setting next_dagrun for example_xcom to 2023-02-12 00:00:00+00:00
[2023-02-14 14:10:57,517] {scheduler_job.py:190} INFO - Processing /home/airflow/.local/lib/python3.6/site-packages/airflow/example_dags/example_xcom.py took 0.048 seconds
[2023-02-14 14:11:27,891] {scheduler_job.py:182} INFO - Started process (PID=818) to work on /home/airflow/.local/lib/python3.6/site-packages/airflow/example_dags/example_xcom.py
[2023-02-14 14:11:27,892] {scheduler_job.py:633} INFO - Processing file /home/airflow/.local/lib/python3.6/site-packages/airflow/example_dags/example_xcom.py for tasks to queue
[2023-02-14 14:11:27,892] {logging_mixin.py:104} INFO - [2023-02-14 14:11:27,892] {dagbag.py:496} INFO - Filling up the DagBag from /home/airflow/.local/lib/python3.6/site-packages/airflow/example_dags/example_xcom.py
[2023-02-14 14:11:27,901] {scheduler_job.py:643} INFO - DAG(s) dict_keys(['example_xcom']) retrieved from /home/airflow/.local/lib/python3.6/site-packages/airflow/example_dags/example_xcom.py
[2023-02-14 14:11:27,919] {logging_mixin.py:104} INFO - [2023-02-14 14:11:27,919] {dag.py:1833} INFO - Sync 1 DAGs
[2023-02-14 14:11:27,932] {logging_mixin.py:104} INFO - [2023-02-14 14:11:27,932] {dag.py:2306} INFO - Setting next_dagrun for example_xcom to 2023-02-12 00:00:00+00:00
[2023-02-14 14:11:27,938] {scheduler_job.py:190} INFO - Processing /home/airflow/.local/lib/python3.6/site-packages/airflow/example_dags/example_xcom.py took 0.049 seconds
[2023-02-14 14:11:58,096] {scheduler_job.py:182} INFO - Started process (PID=869) to work on /home/airflow/.local/lib/python3.6/site-packages/airflow/example_dags/example_xcom.py
[2023-02-14 14:11:58,097] {scheduler_job.py:633} INFO - Processing file /home/airflow/.local/lib/python3.6/site-packages/airflow/example_dags/example_xcom.py for tasks to queue
[2023-02-14 14:11:58,097] {logging_mixin.py:104} INFO - [2023-02-14 14:11:58,097] {dagbag.py:496} INFO - Filling up the DagBag from /home/airflow/.local/lib/python3.6/site-packages/airflow/example_dags/example_xcom.py
[2023-02-14 14:11:58,106] {scheduler_job.py:643} INFO - DAG(s) dict_keys(['example_xcom']) retrieved from /home/airflow/.local/lib/python3.6/site-packages/airflow/example_dags/example_xcom.py
[2023-02-14 14:11:58,120] {logging_mixin.py:104} INFO - [2023-02-14 14:11:58,120] {dag.py:1833} INFO - Sync 1 DAGs
[2023-02-14 14:11:58,132] {logging_mixin.py:104} INFO - [2023-02-14 14:11:58,132] {dag.py:2306} INFO - Setting next_dagrun for example_xcom to 2023-02-12 00:00:00+00:00
[2023-02-14 14:11:58,139] {scheduler_job.py:190} INFO - Processing /home/airflow/.local/lib/python3.6/site-packages/airflow/example_dags/example_xcom.py took 0.045 seconds
[2023-02-14 14:12:28,345] {scheduler_job.py:182} INFO - Started process (PID=930) to work on /home/airflow/.local/lib/python3.6/site-packages/airflow/example_dags/example_xcom.py
[2023-02-14 14:12:28,346] {scheduler_job.py:633} INFO - Processing file /home/airflow/.local/lib/python3.6/site-packages/airflow/example_dags/example_xcom.py for tasks to queue
[2023-02-14 14:12:28,346] {logging_mixin.py:104} INFO - [2023-02-14 14:12:28,346] {dagbag.py:496} INFO - Filling up the DagBag from /home/airflow/.local/lib/python3.6/site-packages/airflow/example_dags/example_xcom.py
[2023-02-14 14:12:28,355] {scheduler_job.py:643} INFO - DAG(s) dict_keys(['example_xcom']) retrieved from /home/airflow/.local/lib/python3.6/site-packages/airflow/example_dags/example_xcom.py
[2023-02-14 14:12:28,371] {logging_mixin.py:104} INFO - [2023-02-14 14:12:28,371] {dag.py:1833} INFO - Sync 1 DAGs
[2023-02-14 14:12:28,383] {logging_mixin.py:104} INFO - [2023-02-14 14:12:28,383] {dag.py:2306} INFO - Setting next_dagrun for example_xcom to 2023-02-12 00:00:00+00:00
[2023-02-14 14:12:28,391] {scheduler_job.py:190} INFO - Processing /home/airflow/.local/lib/python3.6/site-packages/airflow/example_dags/example_xcom.py took 0.048 seconds
[2023-02-14 14:12:58,562] {scheduler_job.py:182} INFO - Started process (PID=981) to work on /home/airflow/.local/lib/python3.6/site-packages/airflow/example_dags/example_xcom.py
[2023-02-14 14:12:58,562] {scheduler_job.py:633} INFO - Processing file /home/airflow/.local/lib/python3.6/site-packages/airflow/example_dags/example_xcom.py for tasks to queue
[2023-02-14 14:12:58,563] {logging_mixin.py:104} INFO - [2023-02-14 14:12:58,563] {dagbag.py:496} INFO - Filling up the DagBag from /home/airflow/.local/lib/python3.6/site-packages/airflow/example_dags/example_xcom.py
[2023-02-14 14:12:58,572] {scheduler_job.py:643} INFO - DAG(s) dict_keys(['example_xcom']) retrieved from /home/airflow/.local/lib/python3.6/site-packages/airflow/example_dags/example_xcom.py
[2023-02-14 14:12:58,588] {logging_mixin.py:104} INFO - [2023-02-14 14:12:58,588] {dag.py:1833} INFO - Sync 1 DAGs
[2023-02-14 14:12:58,602] {logging_mixin.py:104} INFO - [2023-02-14 14:12:58,602] {dag.py:2306} INFO - Setting next_dagrun for example_xcom to 2023-02-12 00:00:00+00:00
[2023-02-14 14:12:58,610] {scheduler_job.py:190} INFO - Processing /home/airflow/.local/lib/python3.6/site-packages/airflow/example_dags/example_xcom.py took 0.051 seconds
[2023-02-14 14:13:28,692] {scheduler_job.py:182} INFO - Started process (PID=1042) to work on /home/airflow/.local/lib/python3.6/site-packages/airflow/example_dags/example_xcom.py
[2023-02-14 14:13:28,693] {scheduler_job.py:633} INFO - Processing file /home/airflow/.local/lib/python3.6/site-packages/airflow/example_dags/example_xcom.py for tasks to queue
[2023-02-14 14:13:28,694] {logging_mixin.py:104} INFO - [2023-02-14 14:13:28,694] {dagbag.py:496} INFO - Filling up the DagBag from /home/airflow/.local/lib/python3.6/site-packages/airflow/example_dags/example_xcom.py
[2023-02-14 14:13:28,704] {scheduler_job.py:643} INFO - DAG(s) dict_keys(['example_xcom']) retrieved from /home/airflow/.local/lib/python3.6/site-packages/airflow/example_dags/example_xcom.py
[2023-02-14 14:13:28,722] {logging_mixin.py:104} INFO - [2023-02-14 14:13:28,722] {dag.py:1833} INFO - Sync 1 DAGs
[2023-02-14 14:13:28,733] {logging_mixin.py:104} INFO - [2023-02-14 14:13:28,733] {dag.py:2306} INFO - Setting next_dagrun for example_xcom to 2023-02-12 00:00:00+00:00
[2023-02-14 14:13:28,740] {scheduler_job.py:190} INFO - Processing /home/airflow/.local/lib/python3.6/site-packages/airflow/example_dags/example_xcom.py took 0.050 seconds
[2023-02-14 14:13:58,929] {scheduler_job.py:182} INFO - Started process (PID=1093) to work on /home/airflow/.local/lib/python3.6/site-packages/airflow/example_dags/example_xcom.py
[2023-02-14 14:13:58,930] {scheduler_job.py:633} INFO - Processing file /home/airflow/.local/lib/python3.6/site-packages/airflow/example_dags/example_xcom.py for tasks to queue
[2023-02-14 14:13:58,930] {logging_mixin.py:104} INFO - [2023-02-14 14:13:58,930] {dagbag.py:496} INFO - Filling up the DagBag from /home/airflow/.local/lib/python3.6/site-packages/airflow/example_dags/example_xcom.py
[2023-02-14 14:13:58,938] {scheduler_job.py:643} INFO - DAG(s) dict_keys(['example_xcom']) retrieved from /home/airflow/.local/lib/python3.6/site-packages/airflow/example_dags/example_xcom.py
[2023-02-14 14:13:58,953] {logging_mixin.py:104} INFO - [2023-02-14 14:13:58,953] {dag.py:1833} INFO - Sync 1 DAGs
[2023-02-14 14:13:58,967] {logging_mixin.py:104} INFO - [2023-02-14 14:13:58,966] {dag.py:2306} INFO - Setting next_dagrun for example_xcom to 2023-02-12 00:00:00+00:00
[2023-02-14 14:13:58,973] {scheduler_job.py:190} INFO - Processing /home/airflow/.local/lib/python3.6/site-packages/airflow/example_dags/example_xcom.py took 0.047 seconds
[2023-02-14 14:14:29,172] {scheduler_job.py:182} INFO - Started process (PID=1154) to work on /home/airflow/.local/lib/python3.6/site-packages/airflow/example_dags/example_xcom.py
[2023-02-14 14:14:29,173] {scheduler_job.py:633} INFO - Processing file /home/airflow/.local/lib/python3.6/site-packages/airflow/example_dags/example_xcom.py for tasks to queue
[2023-02-14 14:14:29,173] {logging_mixin.py:104} INFO - [2023-02-14 14:14:29,173] {dagbag.py:496} INFO - Filling up the DagBag from /home/airflow/.local/lib/python3.6/site-packages/airflow/example_dags/example_xcom.py
[2023-02-14 14:14:29,182] {scheduler_job.py:643} INFO - DAG(s) dict_keys(['example_xcom']) retrieved from /home/airflow/.local/lib/python3.6/site-packages/airflow/example_dags/example_xcom.py
[2023-02-14 14:14:29,197] {logging_mixin.py:104} INFO - [2023-02-14 14:14:29,197] {dag.py:1833} INFO - Sync 1 DAGs
[2023-02-14 14:14:29,209] {logging_mixin.py:104} INFO - [2023-02-14 14:14:29,209] {dag.py:2306} INFO - Setting next_dagrun for example_xcom to 2023-02-12 00:00:00+00:00
[2023-02-14 14:14:29,216] {scheduler_job.py:190} INFO - Processing /home/airflow/.local/lib/python3.6/site-packages/airflow/example_dags/example_xcom.py took 0.046 seconds
[2023-02-14 14:14:59,259] {scheduler_job.py:182} INFO - Started process (PID=1204) to work on /home/airflow/.local/lib/python3.6/site-packages/airflow/example_dags/example_xcom.py
[2023-02-14 14:14:59,259] {scheduler_job.py:633} INFO - Processing file /home/airflow/.local/lib/python3.6/site-packages/airflow/example_dags/example_xcom.py for tasks to queue
[2023-02-14 14:14:59,260] {logging_mixin.py:104} INFO - [2023-02-14 14:14:59,260] {dagbag.py:496} INFO - Filling up the DagBag from /home/airflow/.local/lib/python3.6/site-packages/airflow/example_dags/example_xcom.py
[2023-02-14 14:14:59,268] {scheduler_job.py:643} INFO - DAG(s) dict_keys(['example_xcom']) retrieved from /home/airflow/.local/lib/python3.6/site-packages/airflow/example_dags/example_xcom.py
[2023-02-14 14:14:59,282] {logging_mixin.py:104} INFO - [2023-02-14 14:14:59,282] {dag.py:1833} INFO - Sync 1 DAGs
[2023-02-14 14:14:59,293] {logging_mixin.py:104} INFO - [2023-02-14 14:14:59,293] {dag.py:2306} INFO - Setting next_dagrun for example_xcom to 2023-02-12 00:00:00+00:00
[2023-02-14 14:14:59,300] {scheduler_job.py:190} INFO - Processing /home/airflow/.local/lib/python3.6/site-packages/airflow/example_dags/example_xcom.py took 0.043 seconds
