[2023-02-14 14:09:22,515] {scheduler_job.py:182} INFO - Started process (PID=437) to work on /home/airflow/.local/lib/python3.6/site-packages/airflow/example_dags/example_trigger_controller_dag.py
[2023-02-14 14:09:22,515] {scheduler_job.py:633} INFO - Processing file /home/airflow/.local/lib/python3.6/site-packages/airflow/example_dags/example_trigger_controller_dag.py for tasks to queue
[2023-02-14 14:09:22,516] {logging_mixin.py:104} INFO - [2023-02-14 14:09:22,515] {dagbag.py:496} INFO - Filling up the DagBag from /home/airflow/.local/lib/python3.6/site-packages/airflow/example_dags/example_trigger_controller_dag.py
[2023-02-14 14:09:22,525] {scheduler_job.py:643} INFO - DAG(s) dict_keys(['example_trigger_controller_dag']) retrieved from /home/airflow/.local/lib/python3.6/site-packages/airflow/example_dags/example_trigger_controller_dag.py
[2023-02-14 14:09:24,666] {logging_mixin.py:104} INFO - [2023-02-14 14:09:24,666] {dag.py:1833} INFO - Sync 1 DAGs
[2023-02-14 14:09:24,676] {logging_mixin.py:104} INFO - [2023-02-14 14:09:24,675] {dag.py:1852} INFO - Creating ORM DAG for example_trigger_controller_dag
[2023-02-14 14:09:24,681] {logging_mixin.py:104} INFO - [2023-02-14 14:09:24,681] {dag.py:2306} INFO - Setting next_dagrun for example_trigger_controller_dag to 2023-02-12 00:00:00+00:00
[2023-02-14 14:09:24,689] {scheduler_job.py:190} INFO - Processing /home/airflow/.local/lib/python3.6/site-packages/airflow/example_dags/example_trigger_controller_dag.py took 2.177 seconds
[2023-02-14 14:09:54,829] {scheduler_job.py:182} INFO - Started process (PID=643) to work on /home/airflow/.local/lib/python3.6/site-packages/airflow/example_dags/example_trigger_controller_dag.py
[2023-02-14 14:09:54,830] {scheduler_job.py:633} INFO - Processing file /home/airflow/.local/lib/python3.6/site-packages/airflow/example_dags/example_trigger_controller_dag.py for tasks to queue
[2023-02-14 14:09:54,830] {logging_mixin.py:104} INFO - [2023-02-14 14:09:54,830] {dagbag.py:496} INFO - Filling up the DagBag from /home/airflow/.local/lib/python3.6/site-packages/airflow/example_dags/example_trigger_controller_dag.py
[2023-02-14 14:09:54,839] {scheduler_job.py:643} INFO - DAG(s) dict_keys(['example_trigger_controller_dag']) retrieved from /home/airflow/.local/lib/python3.6/site-packages/airflow/example_dags/example_trigger_controller_dag.py
[2023-02-14 14:09:54,856] {logging_mixin.py:104} INFO - [2023-02-14 14:09:54,856] {dag.py:1833} INFO - Sync 1 DAGs
[2023-02-14 14:09:54,869] {logging_mixin.py:104} INFO - [2023-02-14 14:09:54,869] {dag.py:2306} INFO - Setting next_dagrun for example_trigger_controller_dag to 2023-02-12 00:00:00+00:00
[2023-02-14 14:09:54,876] {scheduler_job.py:190} INFO - Processing /home/airflow/.local/lib/python3.6/site-packages/airflow/example_dags/example_trigger_controller_dag.py took 0.050 seconds
[2023-02-14 14:10:25,119] {scheduler_job.py:182} INFO - Started process (PID=694) to work on /home/airflow/.local/lib/python3.6/site-packages/airflow/example_dags/example_trigger_controller_dag.py
[2023-02-14 14:10:25,119] {scheduler_job.py:633} INFO - Processing file /home/airflow/.local/lib/python3.6/site-packages/airflow/example_dags/example_trigger_controller_dag.py for tasks to queue
[2023-02-14 14:10:25,120] {logging_mixin.py:104} INFO - [2023-02-14 14:10:25,120] {dagbag.py:496} INFO - Filling up the DagBag from /home/airflow/.local/lib/python3.6/site-packages/airflow/example_dags/example_trigger_controller_dag.py
[2023-02-14 14:10:25,128] {scheduler_job.py:643} INFO - DAG(s) dict_keys(['example_trigger_controller_dag']) retrieved from /home/airflow/.local/lib/python3.6/site-packages/airflow/example_dags/example_trigger_controller_dag.py
[2023-02-14 14:10:25,144] {logging_mixin.py:104} INFO - [2023-02-14 14:10:25,144] {dag.py:1833} INFO - Sync 1 DAGs
[2023-02-14 14:10:25,156] {logging_mixin.py:104} INFO - [2023-02-14 14:10:25,156] {dag.py:2306} INFO - Setting next_dagrun for example_trigger_controller_dag to 2023-02-12 00:00:00+00:00
[2023-02-14 14:10:25,163] {scheduler_job.py:190} INFO - Processing /home/airflow/.local/lib/python3.6/site-packages/airflow/example_dags/example_trigger_controller_dag.py took 0.046 seconds
[2023-02-14 14:10:55,405] {scheduler_job.py:182} INFO - Started process (PID=755) to work on /home/airflow/.local/lib/python3.6/site-packages/airflow/example_dags/example_trigger_controller_dag.py
[2023-02-14 14:10:55,406] {scheduler_job.py:633} INFO - Processing file /home/airflow/.local/lib/python3.6/site-packages/airflow/example_dags/example_trigger_controller_dag.py for tasks to queue
[2023-02-14 14:10:55,406] {logging_mixin.py:104} INFO - [2023-02-14 14:10:55,406] {dagbag.py:496} INFO - Filling up the DagBag from /home/airflow/.local/lib/python3.6/site-packages/airflow/example_dags/example_trigger_controller_dag.py
[2023-02-14 14:10:55,414] {scheduler_job.py:643} INFO - DAG(s) dict_keys(['example_trigger_controller_dag']) retrieved from /home/airflow/.local/lib/python3.6/site-packages/airflow/example_dags/example_trigger_controller_dag.py
[2023-02-14 14:10:55,429] {logging_mixin.py:104} INFO - [2023-02-14 14:10:55,429] {dag.py:1833} INFO - Sync 1 DAGs
[2023-02-14 14:10:55,441] {logging_mixin.py:104} INFO - [2023-02-14 14:10:55,441] {dag.py:2306} INFO - Setting next_dagrun for example_trigger_controller_dag to 2023-02-12 00:00:00+00:00
[2023-02-14 14:10:55,448] {scheduler_job.py:190} INFO - Processing /home/airflow/.local/lib/python3.6/site-packages/airflow/example_dags/example_trigger_controller_dag.py took 0.045 seconds
[2023-02-14 14:11:25,748] {scheduler_job.py:182} INFO - Started process (PID=806) to work on /home/airflow/.local/lib/python3.6/site-packages/airflow/example_dags/example_trigger_controller_dag.py
[2023-02-14 14:11:25,748] {scheduler_job.py:633} INFO - Processing file /home/airflow/.local/lib/python3.6/site-packages/airflow/example_dags/example_trigger_controller_dag.py for tasks to queue
[2023-02-14 14:11:25,749] {logging_mixin.py:104} INFO - [2023-02-14 14:11:25,749] {dagbag.py:496} INFO - Filling up the DagBag from /home/airflow/.local/lib/python3.6/site-packages/airflow/example_dags/example_trigger_controller_dag.py
[2023-02-14 14:11:25,757] {scheduler_job.py:643} INFO - DAG(s) dict_keys(['example_trigger_controller_dag']) retrieved from /home/airflow/.local/lib/python3.6/site-packages/airflow/example_dags/example_trigger_controller_dag.py
[2023-02-14 14:11:25,774] {logging_mixin.py:104} INFO - [2023-02-14 14:11:25,773] {dag.py:1833} INFO - Sync 1 DAGs
[2023-02-14 14:11:25,785] {logging_mixin.py:104} INFO - [2023-02-14 14:11:25,785] {dag.py:2306} INFO - Setting next_dagrun for example_trigger_controller_dag to 2023-02-12 00:00:00+00:00
[2023-02-14 14:11:25,792] {scheduler_job.py:190} INFO - Processing /home/airflow/.local/lib/python3.6/site-packages/airflow/example_dags/example_trigger_controller_dag.py took 0.046 seconds
[2023-02-14 14:11:55,856] {scheduler_job.py:182} INFO - Started process (PID=866) to work on /home/airflow/.local/lib/python3.6/site-packages/airflow/example_dags/example_trigger_controller_dag.py
[2023-02-14 14:11:55,856] {scheduler_job.py:633} INFO - Processing file /home/airflow/.local/lib/python3.6/site-packages/airflow/example_dags/example_trigger_controller_dag.py for tasks to queue
[2023-02-14 14:11:55,857] {logging_mixin.py:104} INFO - [2023-02-14 14:11:55,857] {dagbag.py:496} INFO - Filling up the DagBag from /home/airflow/.local/lib/python3.6/site-packages/airflow/example_dags/example_trigger_controller_dag.py
[2023-02-14 14:11:55,865] {scheduler_job.py:643} INFO - DAG(s) dict_keys(['example_trigger_controller_dag']) retrieved from /home/airflow/.local/lib/python3.6/site-packages/airflow/example_dags/example_trigger_controller_dag.py
[2023-02-14 14:11:55,881] {logging_mixin.py:104} INFO - [2023-02-14 14:11:55,881] {dag.py:1833} INFO - Sync 1 DAGs
[2023-02-14 14:11:55,892] {logging_mixin.py:104} INFO - [2023-02-14 14:11:55,892] {dag.py:2306} INFO - Setting next_dagrun for example_trigger_controller_dag to 2023-02-12 00:00:00+00:00
[2023-02-14 14:11:55,899] {scheduler_job.py:190} INFO - Processing /home/airflow/.local/lib/python3.6/site-packages/airflow/example_dags/example_trigger_controller_dag.py took 0.045 seconds
[2023-02-14 14:12:26,281] {scheduler_job.py:182} INFO - Started process (PID=926) to work on /home/airflow/.local/lib/python3.6/site-packages/airflow/example_dags/example_trigger_controller_dag.py
[2023-02-14 14:12:26,281] {scheduler_job.py:633} INFO - Processing file /home/airflow/.local/lib/python3.6/site-packages/airflow/example_dags/example_trigger_controller_dag.py for tasks to queue
[2023-02-14 14:12:26,282] {logging_mixin.py:104} INFO - [2023-02-14 14:12:26,282] {dagbag.py:496} INFO - Filling up the DagBag from /home/airflow/.local/lib/python3.6/site-packages/airflow/example_dags/example_trigger_controller_dag.py
[2023-02-14 14:12:26,290] {scheduler_job.py:643} INFO - DAG(s) dict_keys(['example_trigger_controller_dag']) retrieved from /home/airflow/.local/lib/python3.6/site-packages/airflow/example_dags/example_trigger_controller_dag.py
[2023-02-14 14:12:26,306] {logging_mixin.py:104} INFO - [2023-02-14 14:12:26,306] {dag.py:1833} INFO - Sync 1 DAGs
[2023-02-14 14:12:26,317] {logging_mixin.py:104} INFO - [2023-02-14 14:12:26,317] {dag.py:2306} INFO - Setting next_dagrun for example_trigger_controller_dag to 2023-02-12 00:00:00+00:00
[2023-02-14 14:12:26,324] {scheduler_job.py:190} INFO - Processing /home/airflow/.local/lib/python3.6/site-packages/airflow/example_dags/example_trigger_controller_dag.py took 0.046 seconds
[2023-02-14 14:12:56,489] {scheduler_job.py:182} INFO - Started process (PID=978) to work on /home/airflow/.local/lib/python3.6/site-packages/airflow/example_dags/example_trigger_controller_dag.py
[2023-02-14 14:12:56,490] {scheduler_job.py:633} INFO - Processing file /home/airflow/.local/lib/python3.6/site-packages/airflow/example_dags/example_trigger_controller_dag.py for tasks to queue
[2023-02-14 14:12:56,490] {logging_mixin.py:104} INFO - [2023-02-14 14:12:56,490] {dagbag.py:496} INFO - Filling up the DagBag from /home/airflow/.local/lib/python3.6/site-packages/airflow/example_dags/example_trigger_controller_dag.py
[2023-02-14 14:12:56,498] {scheduler_job.py:643} INFO - DAG(s) dict_keys(['example_trigger_controller_dag']) retrieved from /home/airflow/.local/lib/python3.6/site-packages/airflow/example_dags/example_trigger_controller_dag.py
[2023-02-14 14:12:56,514] {logging_mixin.py:104} INFO - [2023-02-14 14:12:56,514] {dag.py:1833} INFO - Sync 1 DAGs
[2023-02-14 14:12:56,527] {logging_mixin.py:104} INFO - [2023-02-14 14:12:56,527] {dag.py:2306} INFO - Setting next_dagrun for example_trigger_controller_dag to 2023-02-12 00:00:00+00:00
[2023-02-14 14:12:56,535] {scheduler_job.py:190} INFO - Processing /home/airflow/.local/lib/python3.6/site-packages/airflow/example_dags/example_trigger_controller_dag.py took 0.047 seconds
[2023-02-14 14:13:26,597] {scheduler_job.py:182} INFO - Started process (PID=1039) to work on /home/airflow/.local/lib/python3.6/site-packages/airflow/example_dags/example_trigger_controller_dag.py
[2023-02-14 14:13:26,597] {scheduler_job.py:633} INFO - Processing file /home/airflow/.local/lib/python3.6/site-packages/airflow/example_dags/example_trigger_controller_dag.py for tasks to queue
[2023-02-14 14:13:26,598] {logging_mixin.py:104} INFO - [2023-02-14 14:13:26,598] {dagbag.py:496} INFO - Filling up the DagBag from /home/airflow/.local/lib/python3.6/site-packages/airflow/example_dags/example_trigger_controller_dag.py
[2023-02-14 14:13:26,606] {scheduler_job.py:643} INFO - DAG(s) dict_keys(['example_trigger_controller_dag']) retrieved from /home/airflow/.local/lib/python3.6/site-packages/airflow/example_dags/example_trigger_controller_dag.py
[2023-02-14 14:13:26,623] {logging_mixin.py:104} INFO - [2023-02-14 14:13:26,622] {dag.py:1833} INFO - Sync 1 DAGs
[2023-02-14 14:13:26,634] {logging_mixin.py:104} INFO - [2023-02-14 14:13:26,634] {dag.py:2306} INFO - Setting next_dagrun for example_trigger_controller_dag to 2023-02-12 00:00:00+00:00
[2023-02-14 14:13:26,641] {scheduler_job.py:190} INFO - Processing /home/airflow/.local/lib/python3.6/site-packages/airflow/example_dags/example_trigger_controller_dag.py took 0.047 seconds
[2023-02-14 14:13:56,846] {scheduler_job.py:182} INFO - Started process (PID=1090) to work on /home/airflow/.local/lib/python3.6/site-packages/airflow/example_dags/example_trigger_controller_dag.py
[2023-02-14 14:13:56,846] {scheduler_job.py:633} INFO - Processing file /home/airflow/.local/lib/python3.6/site-packages/airflow/example_dags/example_trigger_controller_dag.py for tasks to queue
[2023-02-14 14:13:56,847] {logging_mixin.py:104} INFO - [2023-02-14 14:13:56,847] {dagbag.py:496} INFO - Filling up the DagBag from /home/airflow/.local/lib/python3.6/site-packages/airflow/example_dags/example_trigger_controller_dag.py
[2023-02-14 14:13:56,854] {scheduler_job.py:643} INFO - DAG(s) dict_keys(['example_trigger_controller_dag']) retrieved from /home/airflow/.local/lib/python3.6/site-packages/airflow/example_dags/example_trigger_controller_dag.py
[2023-02-14 14:13:56,869] {logging_mixin.py:104} INFO - [2023-02-14 14:13:56,869] {dag.py:1833} INFO - Sync 1 DAGs
[2023-02-14 14:13:56,880] {logging_mixin.py:104} INFO - [2023-02-14 14:13:56,880] {dag.py:2306} INFO - Setting next_dagrun for example_trigger_controller_dag to 2023-02-12 00:00:00+00:00
[2023-02-14 14:13:56,887] {scheduler_job.py:190} INFO - Processing /home/airflow/.local/lib/python3.6/site-packages/airflow/example_dags/example_trigger_controller_dag.py took 0.043 seconds
[2023-02-14 14:14:27,096] {scheduler_job.py:182} INFO - Started process (PID=1151) to work on /home/airflow/.local/lib/python3.6/site-packages/airflow/example_dags/example_trigger_controller_dag.py
[2023-02-14 14:14:27,097] {scheduler_job.py:633} INFO - Processing file /home/airflow/.local/lib/python3.6/site-packages/airflow/example_dags/example_trigger_controller_dag.py for tasks to queue
[2023-02-14 14:14:27,097] {logging_mixin.py:104} INFO - [2023-02-14 14:14:27,097] {dagbag.py:496} INFO - Filling up the DagBag from /home/airflow/.local/lib/python3.6/site-packages/airflow/example_dags/example_trigger_controller_dag.py
[2023-02-14 14:14:27,104] {scheduler_job.py:643} INFO - DAG(s) dict_keys(['example_trigger_controller_dag']) retrieved from /home/airflow/.local/lib/python3.6/site-packages/airflow/example_dags/example_trigger_controller_dag.py
[2023-02-14 14:14:27,119] {logging_mixin.py:104} INFO - [2023-02-14 14:14:27,119] {dag.py:1833} INFO - Sync 1 DAGs
[2023-02-14 14:14:27,130] {logging_mixin.py:104} INFO - [2023-02-14 14:14:27,130] {dag.py:2306} INFO - Setting next_dagrun for example_trigger_controller_dag to 2023-02-12 00:00:00+00:00
[2023-02-14 14:14:27,137] {scheduler_job.py:190} INFO - Processing /home/airflow/.local/lib/python3.6/site-packages/airflow/example_dags/example_trigger_controller_dag.py took 0.043 seconds
[2023-02-14 14:14:57,199] {scheduler_job.py:182} INFO - Started process (PID=1202) to work on /home/airflow/.local/lib/python3.6/site-packages/airflow/example_dags/example_trigger_controller_dag.py
[2023-02-14 14:14:57,200] {scheduler_job.py:633} INFO - Processing file /home/airflow/.local/lib/python3.6/site-packages/airflow/example_dags/example_trigger_controller_dag.py for tasks to queue
[2023-02-14 14:14:57,200] {logging_mixin.py:104} INFO - [2023-02-14 14:14:57,200] {dagbag.py:496} INFO - Filling up the DagBag from /home/airflow/.local/lib/python3.6/site-packages/airflow/example_dags/example_trigger_controller_dag.py
[2023-02-14 14:14:57,208] {scheduler_job.py:643} INFO - DAG(s) dict_keys(['example_trigger_controller_dag']) retrieved from /home/airflow/.local/lib/python3.6/site-packages/airflow/example_dags/example_trigger_controller_dag.py
[2023-02-14 14:14:57,223] {logging_mixin.py:104} INFO - [2023-02-14 14:14:57,223] {dag.py:1833} INFO - Sync 1 DAGs
[2023-02-14 14:14:57,234] {logging_mixin.py:104} INFO - [2023-02-14 14:14:57,234] {dag.py:2306} INFO - Setting next_dagrun for example_trigger_controller_dag to 2023-02-12 00:00:00+00:00
[2023-02-14 14:14:57,242] {scheduler_job.py:190} INFO - Processing /home/airflow/.local/lib/python3.6/site-packages/airflow/example_dags/example_trigger_controller_dag.py took 0.045 seconds
