[2023-02-14 14:08:47,757] {scheduler_job.py:182} INFO - Started process (PID=62) to work on /home/airflow/.local/lib/python3.6/site-packages/airflow/example_dags/example_bash_operator.py
[2023-02-14 14:08:47,758] {scheduler_job.py:633} INFO - Processing file /home/airflow/.local/lib/python3.6/site-packages/airflow/example_dags/example_bash_operator.py for tasks to queue
[2023-02-14 14:08:47,758] {logging_mixin.py:104} INFO - [2023-02-14 14:08:47,758] {dagbag.py:496} INFO - Filling up the DagBag from /home/airflow/.local/lib/python3.6/site-packages/airflow/example_dags/example_bash_operator.py
[2023-02-14 14:08:47,776] {scheduler_job.py:643} INFO - DAG(s) dict_keys(['example_bash_operator']) retrieved from /home/airflow/.local/lib/python3.6/site-packages/airflow/example_dags/example_bash_operator.py
[2023-02-14 14:08:54,326] {logging_mixin.py:104} INFO - [2023-02-14 14:08:54,326] {dag.py:1833} INFO - Sync 1 DAGs
[2023-02-14 14:08:54,334] {logging_mixin.py:104} INFO - [2023-02-14 14:08:54,333] {dag.py:1852} INFO - Creating ORM DAG for example_bash_operator
[2023-02-14 14:08:54,341] {logging_mixin.py:104} INFO - [2023-02-14 14:08:54,340] {dag.py:2306} INFO - Setting next_dagrun for example_bash_operator to 2023-02-12 00:00:00+00:00
[2023-02-14 14:08:54,350] {scheduler_job.py:190} INFO - Processing /home/airflow/.local/lib/python3.6/site-packages/airflow/example_dags/example_bash_operator.py took 6.645 seconds
[2023-02-14 14:09:33,046] {scheduler_job.py:182} INFO - Started process (PID=602) to work on /home/airflow/.local/lib/python3.6/site-packages/airflow/example_dags/example_bash_operator.py
[2023-02-14 14:09:33,046] {scheduler_job.py:633} INFO - Processing file /home/airflow/.local/lib/python3.6/site-packages/airflow/example_dags/example_bash_operator.py for tasks to queue
[2023-02-14 14:09:33,047] {logging_mixin.py:104} INFO - [2023-02-14 14:09:33,047] {dagbag.py:496} INFO - Filling up the DagBag from /home/airflow/.local/lib/python3.6/site-packages/airflow/example_dags/example_bash_operator.py
[2023-02-14 14:09:33,059] {scheduler_job.py:643} INFO - DAG(s) dict_keys(['example_bash_operator']) retrieved from /home/airflow/.local/lib/python3.6/site-packages/airflow/example_dags/example_bash_operator.py
[2023-02-14 14:09:33,080] {logging_mixin.py:104} INFO - [2023-02-14 14:09:33,079] {dag.py:1833} INFO - Sync 1 DAGs
[2023-02-14 14:09:33,095] {logging_mixin.py:104} INFO - [2023-02-14 14:09:33,095] {dag.py:2306} INFO - Setting next_dagrun for example_bash_operator to 2023-02-12 00:00:00+00:00
[2023-02-14 14:09:33,103] {scheduler_job.py:190} INFO - Processing /home/airflow/.local/lib/python3.6/site-packages/airflow/example_dags/example_bash_operator.py took 0.060 seconds
[2023-02-14 14:10:03,254] {scheduler_job.py:182} INFO - Started process (PID=659) to work on /home/airflow/.local/lib/python3.6/site-packages/airflow/example_dags/example_bash_operator.py
[2023-02-14 14:10:03,254] {scheduler_job.py:633} INFO - Processing file /home/airflow/.local/lib/python3.6/site-packages/airflow/example_dags/example_bash_operator.py for tasks to queue
[2023-02-14 14:10:03,255] {logging_mixin.py:104} INFO - [2023-02-14 14:10:03,255] {dagbag.py:496} INFO - Filling up the DagBag from /home/airflow/.local/lib/python3.6/site-packages/airflow/example_dags/example_bash_operator.py
[2023-02-14 14:10:03,266] {scheduler_job.py:643} INFO - DAG(s) dict_keys(['example_bash_operator']) retrieved from /home/airflow/.local/lib/python3.6/site-packages/airflow/example_dags/example_bash_operator.py
[2023-02-14 14:10:03,283] {logging_mixin.py:104} INFO - [2023-02-14 14:10:03,283] {dag.py:1833} INFO - Sync 1 DAGs
[2023-02-14 14:10:03,297] {logging_mixin.py:104} INFO - [2023-02-14 14:10:03,297] {dag.py:2306} INFO - Setting next_dagrun for example_bash_operator to 2023-02-12 00:00:00+00:00
[2023-02-14 14:10:03,304] {scheduler_job.py:190} INFO - Processing /home/airflow/.local/lib/python3.6/site-packages/airflow/example_dags/example_bash_operator.py took 0.053 seconds
[2023-02-14 14:10:33,322] {scheduler_job.py:182} INFO - Started process (PID=711) to work on /home/airflow/.local/lib/python3.6/site-packages/airflow/example_dags/example_bash_operator.py
[2023-02-14 14:10:33,323] {scheduler_job.py:633} INFO - Processing file /home/airflow/.local/lib/python3.6/site-packages/airflow/example_dags/example_bash_operator.py for tasks to queue
[2023-02-14 14:10:33,323] {logging_mixin.py:104} INFO - [2023-02-14 14:10:33,323] {dagbag.py:496} INFO - Filling up the DagBag from /home/airflow/.local/lib/python3.6/site-packages/airflow/example_dags/example_bash_operator.py
[2023-02-14 14:10:33,334] {scheduler_job.py:643} INFO - DAG(s) dict_keys(['example_bash_operator']) retrieved from /home/airflow/.local/lib/python3.6/site-packages/airflow/example_dags/example_bash_operator.py
[2023-02-14 14:10:33,352] {logging_mixin.py:104} INFO - [2023-02-14 14:10:33,351] {dag.py:1833} INFO - Sync 1 DAGs
[2023-02-14 14:10:33,367] {logging_mixin.py:104} INFO - [2023-02-14 14:10:33,367] {dag.py:2306} INFO - Setting next_dagrun for example_bash_operator to 2023-02-12 00:00:00+00:00
[2023-02-14 14:10:33,374] {scheduler_job.py:190} INFO - Processing /home/airflow/.local/lib/python3.6/site-packages/airflow/example_dags/example_bash_operator.py took 0.054 seconds
[2023-02-14 14:11:03,634] {scheduler_job.py:182} INFO - Started process (PID=772) to work on /home/airflow/.local/lib/python3.6/site-packages/airflow/example_dags/example_bash_operator.py
[2023-02-14 14:11:03,635] {scheduler_job.py:633} INFO - Processing file /home/airflow/.local/lib/python3.6/site-packages/airflow/example_dags/example_bash_operator.py for tasks to queue
[2023-02-14 14:11:03,636] {logging_mixin.py:104} INFO - [2023-02-14 14:11:03,636] {dagbag.py:496} INFO - Filling up the DagBag from /home/airflow/.local/lib/python3.6/site-packages/airflow/example_dags/example_bash_operator.py
[2023-02-14 14:11:03,647] {scheduler_job.py:643} INFO - DAG(s) dict_keys(['example_bash_operator']) retrieved from /home/airflow/.local/lib/python3.6/site-packages/airflow/example_dags/example_bash_operator.py
[2023-02-14 14:11:03,663] {logging_mixin.py:104} INFO - [2023-02-14 14:11:03,663] {dag.py:1833} INFO - Sync 1 DAGs
[2023-02-14 14:11:03,680] {logging_mixin.py:104} INFO - [2023-02-14 14:11:03,680] {dag.py:2306} INFO - Setting next_dagrun for example_bash_operator to 2023-02-12 00:00:00+00:00
[2023-02-14 14:11:03,688] {scheduler_job.py:190} INFO - Processing /home/airflow/.local/lib/python3.6/site-packages/airflow/example_dags/example_bash_operator.py took 0.056 seconds
[2023-02-14 14:11:34,024] {scheduler_job.py:182} INFO - Started process (PID=823) to work on /home/airflow/.local/lib/python3.6/site-packages/airflow/example_dags/example_bash_operator.py
[2023-02-14 14:11:34,024] {scheduler_job.py:633} INFO - Processing file /home/airflow/.local/lib/python3.6/site-packages/airflow/example_dags/example_bash_operator.py for tasks to queue
[2023-02-14 14:11:34,025] {logging_mixin.py:104} INFO - [2023-02-14 14:11:34,025] {dagbag.py:496} INFO - Filling up the DagBag from /home/airflow/.local/lib/python3.6/site-packages/airflow/example_dags/example_bash_operator.py
[2023-02-14 14:11:34,035] {scheduler_job.py:643} INFO - DAG(s) dict_keys(['example_bash_operator']) retrieved from /home/airflow/.local/lib/python3.6/site-packages/airflow/example_dags/example_bash_operator.py
[2023-02-14 14:11:34,051] {logging_mixin.py:104} INFO - [2023-02-14 14:11:34,051] {dag.py:1833} INFO - Sync 1 DAGs
[2023-02-14 14:11:34,064] {logging_mixin.py:104} INFO - [2023-02-14 14:11:34,064] {dag.py:2306} INFO - Setting next_dagrun for example_bash_operator to 2023-02-12 00:00:00+00:00
[2023-02-14 14:11:34,072] {scheduler_job.py:190} INFO - Processing /home/airflow/.local/lib/python3.6/site-packages/airflow/example_dags/example_bash_operator.py took 0.050 seconds
[2023-02-14 14:12:04,232] {scheduler_job.py:182} INFO - Started process (PID=884) to work on /home/airflow/.local/lib/python3.6/site-packages/airflow/example_dags/example_bash_operator.py
[2023-02-14 14:12:04,233] {scheduler_job.py:633} INFO - Processing file /home/airflow/.local/lib/python3.6/site-packages/airflow/example_dags/example_bash_operator.py for tasks to queue
[2023-02-14 14:12:04,233] {logging_mixin.py:104} INFO - [2023-02-14 14:12:04,233] {dagbag.py:496} INFO - Filling up the DagBag from /home/airflow/.local/lib/python3.6/site-packages/airflow/example_dags/example_bash_operator.py
[2023-02-14 14:12:04,245] {scheduler_job.py:643} INFO - DAG(s) dict_keys(['example_bash_operator']) retrieved from /home/airflow/.local/lib/python3.6/site-packages/airflow/example_dags/example_bash_operator.py
[2023-02-14 14:12:04,262] {logging_mixin.py:104} INFO - [2023-02-14 14:12:04,262] {dag.py:1833} INFO - Sync 1 DAGs
[2023-02-14 14:12:04,277] {logging_mixin.py:104} INFO - [2023-02-14 14:12:04,277] {dag.py:2306} INFO - Setting next_dagrun for example_bash_operator to 2023-02-12 00:00:00+00:00
[2023-02-14 14:12:04,284] {scheduler_job.py:190} INFO - Processing /home/airflow/.local/lib/python3.6/site-packages/airflow/example_dags/example_bash_operator.py took 0.054 seconds
[2023-02-14 14:12:34,491] {scheduler_job.py:182} INFO - Started process (PID=935) to work on /home/airflow/.local/lib/python3.6/site-packages/airflow/example_dags/example_bash_operator.py
[2023-02-14 14:12:34,492] {scheduler_job.py:633} INFO - Processing file /home/airflow/.local/lib/python3.6/site-packages/airflow/example_dags/example_bash_operator.py for tasks to queue
[2023-02-14 14:12:34,492] {logging_mixin.py:104} INFO - [2023-02-14 14:12:34,492] {dagbag.py:496} INFO - Filling up the DagBag from /home/airflow/.local/lib/python3.6/site-packages/airflow/example_dags/example_bash_operator.py
[2023-02-14 14:12:34,504] {scheduler_job.py:643} INFO - DAG(s) dict_keys(['example_bash_operator']) retrieved from /home/airflow/.local/lib/python3.6/site-packages/airflow/example_dags/example_bash_operator.py
[2023-02-14 14:12:34,521] {logging_mixin.py:104} INFO - [2023-02-14 14:12:34,521] {dag.py:1833} INFO - Sync 1 DAGs
[2023-02-14 14:12:34,538] {logging_mixin.py:104} INFO - [2023-02-14 14:12:34,537] {dag.py:2306} INFO - Setting next_dagrun for example_bash_operator to 2023-02-12 00:00:00+00:00
[2023-02-14 14:12:34,545] {scheduler_job.py:190} INFO - Processing /home/airflow/.local/lib/python3.6/site-packages/airflow/example_dags/example_bash_operator.py took 0.056 seconds
[2023-02-14 14:13:04,688] {scheduler_job.py:182} INFO - Started process (PID=996) to work on /home/airflow/.local/lib/python3.6/site-packages/airflow/example_dags/example_bash_operator.py
[2023-02-14 14:13:04,688] {scheduler_job.py:633} INFO - Processing file /home/airflow/.local/lib/python3.6/site-packages/airflow/example_dags/example_bash_operator.py for tasks to queue
[2023-02-14 14:13:04,689] {logging_mixin.py:104} INFO - [2023-02-14 14:13:04,689] {dagbag.py:496} INFO - Filling up the DagBag from /home/airflow/.local/lib/python3.6/site-packages/airflow/example_dags/example_bash_operator.py
[2023-02-14 14:13:04,700] {scheduler_job.py:643} INFO - DAG(s) dict_keys(['example_bash_operator']) retrieved from /home/airflow/.local/lib/python3.6/site-packages/airflow/example_dags/example_bash_operator.py
[2023-02-14 14:13:04,715] {logging_mixin.py:104} INFO - [2023-02-14 14:13:04,715] {dag.py:1833} INFO - Sync 1 DAGs
[2023-02-14 14:13:04,728] {logging_mixin.py:104} INFO - [2023-02-14 14:13:04,728] {dag.py:2306} INFO - Setting next_dagrun for example_bash_operator to 2023-02-12 00:00:00+00:00
[2023-02-14 14:13:04,735] {scheduler_job.py:190} INFO - Processing /home/airflow/.local/lib/python3.6/site-packages/airflow/example_dags/example_bash_operator.py took 0.049 seconds
[2023-02-14 14:13:34,858] {scheduler_job.py:182} INFO - Started process (PID=1047) to work on /home/airflow/.local/lib/python3.6/site-packages/airflow/example_dags/example_bash_operator.py
[2023-02-14 14:13:34,858] {scheduler_job.py:633} INFO - Processing file /home/airflow/.local/lib/python3.6/site-packages/airflow/example_dags/example_bash_operator.py for tasks to queue
[2023-02-14 14:13:34,859] {logging_mixin.py:104} INFO - [2023-02-14 14:13:34,859] {dagbag.py:496} INFO - Filling up the DagBag from /home/airflow/.local/lib/python3.6/site-packages/airflow/example_dags/example_bash_operator.py
[2023-02-14 14:13:34,870] {scheduler_job.py:643} INFO - DAG(s) dict_keys(['example_bash_operator']) retrieved from /home/airflow/.local/lib/python3.6/site-packages/airflow/example_dags/example_bash_operator.py
[2023-02-14 14:13:34,885] {logging_mixin.py:104} INFO - [2023-02-14 14:13:34,885] {dag.py:1833} INFO - Sync 1 DAGs
[2023-02-14 14:13:34,899] {logging_mixin.py:104} INFO - [2023-02-14 14:13:34,899] {dag.py:2306} INFO - Setting next_dagrun for example_bash_operator to 2023-02-12 00:00:00+00:00
[2023-02-14 14:13:34,906] {scheduler_job.py:190} INFO - Processing /home/airflow/.local/lib/python3.6/site-packages/airflow/example_dags/example_bash_operator.py took 0.050 seconds
[2023-02-14 14:14:05,074] {scheduler_job.py:182} INFO - Started process (PID=1108) to work on /home/airflow/.local/lib/python3.6/site-packages/airflow/example_dags/example_bash_operator.py
[2023-02-14 14:14:05,074] {scheduler_job.py:633} INFO - Processing file /home/airflow/.local/lib/python3.6/site-packages/airflow/example_dags/example_bash_operator.py for tasks to queue
[2023-02-14 14:14:05,075] {logging_mixin.py:104} INFO - [2023-02-14 14:14:05,075] {dagbag.py:496} INFO - Filling up the DagBag from /home/airflow/.local/lib/python3.6/site-packages/airflow/example_dags/example_bash_operator.py
[2023-02-14 14:14:05,088] {scheduler_job.py:643} INFO - DAG(s) dict_keys(['example_bash_operator']) retrieved from /home/airflow/.local/lib/python3.6/site-packages/airflow/example_dags/example_bash_operator.py
[2023-02-14 14:14:05,105] {logging_mixin.py:104} INFO - [2023-02-14 14:14:05,105] {dag.py:1833} INFO - Sync 1 DAGs
[2023-02-14 14:14:05,118] {logging_mixin.py:104} INFO - [2023-02-14 14:14:05,118] {dag.py:2306} INFO - Setting next_dagrun for example_bash_operator to 2023-02-12 00:00:00+00:00
[2023-02-14 14:14:05,125] {scheduler_job.py:190} INFO - Processing /home/airflow/.local/lib/python3.6/site-packages/airflow/example_dags/example_bash_operator.py took 0.054 seconds
[2023-02-14 14:14:35,321] {scheduler_job.py:182} INFO - Started process (PID=1159) to work on /home/airflow/.local/lib/python3.6/site-packages/airflow/example_dags/example_bash_operator.py
[2023-02-14 14:14:35,322] {scheduler_job.py:633} INFO - Processing file /home/airflow/.local/lib/python3.6/site-packages/airflow/example_dags/example_bash_operator.py for tasks to queue
[2023-02-14 14:14:35,322] {logging_mixin.py:104} INFO - [2023-02-14 14:14:35,322] {dagbag.py:496} INFO - Filling up the DagBag from /home/airflow/.local/lib/python3.6/site-packages/airflow/example_dags/example_bash_operator.py
[2023-02-14 14:14:35,333] {scheduler_job.py:643} INFO - DAG(s) dict_keys(['example_bash_operator']) retrieved from /home/airflow/.local/lib/python3.6/site-packages/airflow/example_dags/example_bash_operator.py
[2023-02-14 14:14:35,349] {logging_mixin.py:104} INFO - [2023-02-14 14:14:35,349] {dag.py:1833} INFO - Sync 1 DAGs
[2023-02-14 14:14:35,366] {logging_mixin.py:104} INFO - [2023-02-14 14:14:35,366] {dag.py:2306} INFO - Setting next_dagrun for example_bash_operator to 2023-02-12 00:00:00+00:00
[2023-02-14 14:14:35,374] {scheduler_job.py:190} INFO - Processing /home/airflow/.local/lib/python3.6/site-packages/airflow/example_dags/example_bash_operator.py took 0.055 seconds
[2023-02-14 14:15:05,463] {scheduler_job.py:182} INFO - Started process (PID=1220) to work on /home/airflow/.local/lib/python3.6/site-packages/airflow/example_dags/example_bash_operator.py
[2023-02-14 14:15:05,463] {scheduler_job.py:633} INFO - Processing file /home/airflow/.local/lib/python3.6/site-packages/airflow/example_dags/example_bash_operator.py for tasks to queue
[2023-02-14 14:15:05,464] {logging_mixin.py:104} INFO - [2023-02-14 14:15:05,464] {dagbag.py:496} INFO - Filling up the DagBag from /home/airflow/.local/lib/python3.6/site-packages/airflow/example_dags/example_bash_operator.py
[2023-02-14 14:15:05,476] {scheduler_job.py:643} INFO - DAG(s) dict_keys(['example_bash_operator']) retrieved from /home/airflow/.local/lib/python3.6/site-packages/airflow/example_dags/example_bash_operator.py
[2023-02-14 14:15:05,495] {logging_mixin.py:104} INFO - [2023-02-14 14:15:05,495] {dag.py:1833} INFO - Sync 1 DAGs
[2023-02-14 14:15:05,511] {logging_mixin.py:104} INFO - [2023-02-14 14:15:05,511] {dag.py:2306} INFO - Setting next_dagrun for example_bash_operator to 2023-02-12 00:00:00+00:00
[2023-02-14 14:15:05,519] {scheduler_job.py:190} INFO - Processing /home/airflow/.local/lib/python3.6/site-packages/airflow/example_dags/example_bash_operator.py took 0.058 seconds
