[2023-02-14 14:09:22,037] {scheduler_job.py:182} INFO - Started process (PID=421) to work on /home/airflow/.local/lib/python3.6/site-packages/airflow/example_dags/example_task_group_decorator.py
[2023-02-14 14:09:22,038] {scheduler_job.py:633} INFO - Processing file /home/airflow/.local/lib/python3.6/site-packages/airflow/example_dags/example_task_group_decorator.py for tasks to queue
[2023-02-14 14:09:22,038] {logging_mixin.py:104} INFO - [2023-02-14 14:09:22,038] {dagbag.py:496} INFO - Filling up the DagBag from /home/airflow/.local/lib/python3.6/site-packages/airflow/example_dags/example_task_group_decorator.py
[2023-02-14 14:09:22,057] {scheduler_job.py:643} INFO - DAG(s) dict_keys(['example_task_group_decorator']) retrieved from /home/airflow/.local/lib/python3.6/site-packages/airflow/example_dags/example_task_group_decorator.py
[2023-02-14 14:09:24,156] {logging_mixin.py:104} INFO - [2023-02-14 14:09:24,156] {dag.py:1833} INFO - Sync 1 DAGs
[2023-02-14 14:09:24,165] {logging_mixin.py:104} INFO - [2023-02-14 14:09:24,164] {dag.py:1852} INFO - Creating ORM DAG for example_task_group_decorator
[2023-02-14 14:09:24,169] {logging_mixin.py:104} INFO - [2023-02-14 14:09:24,169] {dag.py:2306} INFO - Setting next_dagrun for example_task_group_decorator to 2023-02-12 00:00:00+00:00
[2023-02-14 14:09:24,179] {scheduler_job.py:190} INFO - Processing /home/airflow/.local/lib/python3.6/site-packages/airflow/example_dags/example_task_group_decorator.py took 2.144 seconds
[2023-02-14 14:09:54,825] {scheduler_job.py:182} INFO - Started process (PID=642) to work on /home/airflow/.local/lib/python3.6/site-packages/airflow/example_dags/example_task_group_decorator.py
[2023-02-14 14:09:54,826] {scheduler_job.py:633} INFO - Processing file /home/airflow/.local/lib/python3.6/site-packages/airflow/example_dags/example_task_group_decorator.py for tasks to queue
[2023-02-14 14:09:54,826] {logging_mixin.py:104} INFO - [2023-02-14 14:09:54,826] {dagbag.py:496} INFO - Filling up the DagBag from /home/airflow/.local/lib/python3.6/site-packages/airflow/example_dags/example_task_group_decorator.py
[2023-02-14 14:09:54,847] {scheduler_job.py:643} INFO - DAG(s) dict_keys(['example_task_group_decorator']) retrieved from /home/airflow/.local/lib/python3.6/site-packages/airflow/example_dags/example_task_group_decorator.py
[2023-02-14 14:09:55,010] {logging_mixin.py:104} INFO - [2023-02-14 14:09:55,010] {dag.py:1833} INFO - Sync 1 DAGs
[2023-02-14 14:09:55,021] {logging_mixin.py:104} INFO - [2023-02-14 14:09:55,021] {dag.py:2306} INFO - Setting next_dagrun for example_task_group_decorator to 2023-02-12 00:00:00+00:00
[2023-02-14 14:09:55,029] {scheduler_job.py:190} INFO - Processing /home/airflow/.local/lib/python3.6/site-packages/airflow/example_dags/example_task_group_decorator.py took 0.206 seconds
[2023-02-14 14:10:25,115] {scheduler_job.py:182} INFO - Started process (PID=693) to work on /home/airflow/.local/lib/python3.6/site-packages/airflow/example_dags/example_task_group_decorator.py
[2023-02-14 14:10:25,116] {scheduler_job.py:633} INFO - Processing file /home/airflow/.local/lib/python3.6/site-packages/airflow/example_dags/example_task_group_decorator.py for tasks to queue
[2023-02-14 14:10:25,116] {logging_mixin.py:104} INFO - [2023-02-14 14:10:25,116] {dagbag.py:496} INFO - Filling up the DagBag from /home/airflow/.local/lib/python3.6/site-packages/airflow/example_dags/example_task_group_decorator.py
[2023-02-14 14:10:25,137] {scheduler_job.py:643} INFO - DAG(s) dict_keys(['example_task_group_decorator']) retrieved from /home/airflow/.local/lib/python3.6/site-packages/airflow/example_dags/example_task_group_decorator.py
[2023-02-14 14:10:25,308] {logging_mixin.py:104} INFO - [2023-02-14 14:10:25,307] {dag.py:1833} INFO - Sync 1 DAGs
[2023-02-14 14:10:25,319] {logging_mixin.py:104} INFO - [2023-02-14 14:10:25,319] {dag.py:2306} INFO - Setting next_dagrun for example_task_group_decorator to 2023-02-12 00:00:00+00:00
[2023-02-14 14:10:25,328] {scheduler_job.py:190} INFO - Processing /home/airflow/.local/lib/python3.6/site-packages/airflow/example_dags/example_task_group_decorator.py took 0.215 seconds
[2023-02-14 14:10:55,402] {scheduler_job.py:182} INFO - Started process (PID=754) to work on /home/airflow/.local/lib/python3.6/site-packages/airflow/example_dags/example_task_group_decorator.py
[2023-02-14 14:10:55,403] {scheduler_job.py:633} INFO - Processing file /home/airflow/.local/lib/python3.6/site-packages/airflow/example_dags/example_task_group_decorator.py for tasks to queue
[2023-02-14 14:10:55,404] {logging_mixin.py:104} INFO - [2023-02-14 14:10:55,403] {dagbag.py:496} INFO - Filling up the DagBag from /home/airflow/.local/lib/python3.6/site-packages/airflow/example_dags/example_task_group_decorator.py
[2023-02-14 14:10:55,424] {scheduler_job.py:643} INFO - DAG(s) dict_keys(['example_task_group_decorator']) retrieved from /home/airflow/.local/lib/python3.6/site-packages/airflow/example_dags/example_task_group_decorator.py
[2023-02-14 14:10:55,602] {logging_mixin.py:104} INFO - [2023-02-14 14:10:55,602] {dag.py:1833} INFO - Sync 1 DAGs
[2023-02-14 14:10:55,615] {logging_mixin.py:104} INFO - [2023-02-14 14:10:55,614] {dag.py:2306} INFO - Setting next_dagrun for example_task_group_decorator to 2023-02-12 00:00:00+00:00
[2023-02-14 14:10:55,623] {scheduler_job.py:190} INFO - Processing /home/airflow/.local/lib/python3.6/site-packages/airflow/example_dags/example_task_group_decorator.py took 0.224 seconds
[2023-02-14 14:11:25,744] {scheduler_job.py:182} INFO - Started process (PID=805) to work on /home/airflow/.local/lib/python3.6/site-packages/airflow/example_dags/example_task_group_decorator.py
[2023-02-14 14:11:25,745] {scheduler_job.py:633} INFO - Processing file /home/airflow/.local/lib/python3.6/site-packages/airflow/example_dags/example_task_group_decorator.py for tasks to queue
[2023-02-14 14:11:25,745] {logging_mixin.py:104} INFO - [2023-02-14 14:11:25,745] {dagbag.py:496} INFO - Filling up the DagBag from /home/airflow/.local/lib/python3.6/site-packages/airflow/example_dags/example_task_group_decorator.py
[2023-02-14 14:11:25,766] {scheduler_job.py:643} INFO - DAG(s) dict_keys(['example_task_group_decorator']) retrieved from /home/airflow/.local/lib/python3.6/site-packages/airflow/example_dags/example_task_group_decorator.py
[2023-02-14 14:11:25,937] {logging_mixin.py:104} INFO - [2023-02-14 14:11:25,937] {dag.py:1833} INFO - Sync 1 DAGs
[2023-02-14 14:11:25,948] {logging_mixin.py:104} INFO - [2023-02-14 14:11:25,948] {dag.py:2306} INFO - Setting next_dagrun for example_task_group_decorator to 2023-02-12 00:00:00+00:00
[2023-02-14 14:11:25,956] {scheduler_job.py:190} INFO - Processing /home/airflow/.local/lib/python3.6/site-packages/airflow/example_dags/example_task_group_decorator.py took 0.214 seconds
[2023-02-14 14:11:56,864] {scheduler_job.py:182} INFO - Started process (PID=867) to work on /home/airflow/.local/lib/python3.6/site-packages/airflow/example_dags/example_task_group_decorator.py
[2023-02-14 14:11:56,865] {scheduler_job.py:633} INFO - Processing file /home/airflow/.local/lib/python3.6/site-packages/airflow/example_dags/example_task_group_decorator.py for tasks to queue
[2023-02-14 14:11:56,865] {logging_mixin.py:104} INFO - [2023-02-14 14:11:56,865] {dagbag.py:496} INFO - Filling up the DagBag from /home/airflow/.local/lib/python3.6/site-packages/airflow/example_dags/example_task_group_decorator.py
[2023-02-14 14:11:56,886] {scheduler_job.py:643} INFO - DAG(s) dict_keys(['example_task_group_decorator']) retrieved from /home/airflow/.local/lib/python3.6/site-packages/airflow/example_dags/example_task_group_decorator.py
[2023-02-14 14:11:57,055] {logging_mixin.py:104} INFO - [2023-02-14 14:11:57,055] {dag.py:1833} INFO - Sync 1 DAGs
[2023-02-14 14:11:57,066] {logging_mixin.py:104} INFO - [2023-02-14 14:11:57,066] {dag.py:2306} INFO - Setting next_dagrun for example_task_group_decorator to 2023-02-12 00:00:00+00:00
[2023-02-14 14:11:57,075] {scheduler_job.py:190} INFO - Processing /home/airflow/.local/lib/python3.6/site-packages/airflow/example_dags/example_task_group_decorator.py took 0.213 seconds
[2023-02-14 14:12:27,289] {scheduler_job.py:182} INFO - Started process (PID=928) to work on /home/airflow/.local/lib/python3.6/site-packages/airflow/example_dags/example_task_group_decorator.py
[2023-02-14 14:12:27,290] {scheduler_job.py:633} INFO - Processing file /home/airflow/.local/lib/python3.6/site-packages/airflow/example_dags/example_task_group_decorator.py for tasks to queue
[2023-02-14 14:12:27,290] {logging_mixin.py:104} INFO - [2023-02-14 14:12:27,290] {dagbag.py:496} INFO - Filling up the DagBag from /home/airflow/.local/lib/python3.6/site-packages/airflow/example_dags/example_task_group_decorator.py
[2023-02-14 14:12:27,310] {scheduler_job.py:643} INFO - DAG(s) dict_keys(['example_task_group_decorator']) retrieved from /home/airflow/.local/lib/python3.6/site-packages/airflow/example_dags/example_task_group_decorator.py
[2023-02-14 14:12:27,487] {logging_mixin.py:104} INFO - [2023-02-14 14:12:27,487] {dag.py:1833} INFO - Sync 1 DAGs
[2023-02-14 14:12:27,497] {logging_mixin.py:104} INFO - [2023-02-14 14:12:27,497] {dag.py:2306} INFO - Setting next_dagrun for example_task_group_decorator to 2023-02-12 00:00:00+00:00
[2023-02-14 14:12:27,505] {scheduler_job.py:190} INFO - Processing /home/airflow/.local/lib/python3.6/site-packages/airflow/example_dags/example_task_group_decorator.py took 0.218 seconds
[2023-02-14 14:12:57,551] {scheduler_job.py:182} INFO - Started process (PID=979) to work on /home/airflow/.local/lib/python3.6/site-packages/airflow/example_dags/example_task_group_decorator.py
[2023-02-14 14:12:57,551] {scheduler_job.py:633} INFO - Processing file /home/airflow/.local/lib/python3.6/site-packages/airflow/example_dags/example_task_group_decorator.py for tasks to queue
[2023-02-14 14:12:57,552] {logging_mixin.py:104} INFO - [2023-02-14 14:12:57,552] {dagbag.py:496} INFO - Filling up the DagBag from /home/airflow/.local/lib/python3.6/site-packages/airflow/example_dags/example_task_group_decorator.py
[2023-02-14 14:12:57,571] {scheduler_job.py:643} INFO - DAG(s) dict_keys(['example_task_group_decorator']) retrieved from /home/airflow/.local/lib/python3.6/site-packages/airflow/example_dags/example_task_group_decorator.py
[2023-02-14 14:12:57,727] {logging_mixin.py:104} INFO - [2023-02-14 14:12:57,727] {dag.py:1833} INFO - Sync 1 DAGs
[2023-02-14 14:12:57,737] {logging_mixin.py:104} INFO - [2023-02-14 14:12:57,737] {dag.py:2306} INFO - Setting next_dagrun for example_task_group_decorator to 2023-02-12 00:00:00+00:00
[2023-02-14 14:12:57,745] {scheduler_job.py:190} INFO - Processing /home/airflow/.local/lib/python3.6/site-packages/airflow/example_dags/example_task_group_decorator.py took 0.197 seconds
[2023-02-14 14:13:28,613] {scheduler_job.py:182} INFO - Started process (PID=1040) to work on /home/airflow/.local/lib/python3.6/site-packages/airflow/example_dags/example_task_group_decorator.py
[2023-02-14 14:13:28,614] {scheduler_job.py:633} INFO - Processing file /home/airflow/.local/lib/python3.6/site-packages/airflow/example_dags/example_task_group_decorator.py for tasks to queue
[2023-02-14 14:13:28,614] {logging_mixin.py:104} INFO - [2023-02-14 14:13:28,614] {dagbag.py:496} INFO - Filling up the DagBag from /home/airflow/.local/lib/python3.6/site-packages/airflow/example_dags/example_task_group_decorator.py
[2023-02-14 14:13:28,634] {scheduler_job.py:643} INFO - DAG(s) dict_keys(['example_task_group_decorator']) retrieved from /home/airflow/.local/lib/python3.6/site-packages/airflow/example_dags/example_task_group_decorator.py
[2023-02-14 14:13:28,652] {logging_mixin.py:104} INFO - [2023-02-14 14:13:28,652] {dag.py:1833} INFO - Sync 1 DAGs
[2023-02-14 14:13:28,666] {logging_mixin.py:104} INFO - [2023-02-14 14:13:28,666] {dag.py:2306} INFO - Setting next_dagrun for example_task_group_decorator to 2023-02-12 00:00:00+00:00
[2023-02-14 14:13:28,677] {scheduler_job.py:190} INFO - Processing /home/airflow/.local/lib/python3.6/site-packages/airflow/example_dags/example_task_group_decorator.py took 0.066 seconds
[2023-02-14 14:13:58,861] {scheduler_job.py:182} INFO - Started process (PID=1091) to work on /home/airflow/.local/lib/python3.6/site-packages/airflow/example_dags/example_task_group_decorator.py
[2023-02-14 14:13:58,862] {scheduler_job.py:633} INFO - Processing file /home/airflow/.local/lib/python3.6/site-packages/airflow/example_dags/example_task_group_decorator.py for tasks to queue
[2023-02-14 14:13:58,863] {logging_mixin.py:104} INFO - [2023-02-14 14:13:58,863] {dagbag.py:496} INFO - Filling up the DagBag from /home/airflow/.local/lib/python3.6/site-packages/airflow/example_dags/example_task_group_decorator.py
[2023-02-14 14:13:58,885] {scheduler_job.py:643} INFO - DAG(s) dict_keys(['example_task_group_decorator']) retrieved from /home/airflow/.local/lib/python3.6/site-packages/airflow/example_dags/example_task_group_decorator.py
[2023-02-14 14:13:59,056] {logging_mixin.py:104} INFO - [2023-02-14 14:13:59,055] {dag.py:1833} INFO - Sync 1 DAGs
[2023-02-14 14:13:59,066] {logging_mixin.py:104} INFO - [2023-02-14 14:13:59,066] {dag.py:2306} INFO - Setting next_dagrun for example_task_group_decorator to 2023-02-12 00:00:00+00:00
[2023-02-14 14:13:59,075] {scheduler_job.py:190} INFO - Processing /home/airflow/.local/lib/python3.6/site-packages/airflow/example_dags/example_task_group_decorator.py took 0.217 seconds
[2023-02-14 14:14:29,110] {scheduler_job.py:182} INFO - Started process (PID=1152) to work on /home/airflow/.local/lib/python3.6/site-packages/airflow/example_dags/example_task_group_decorator.py
[2023-02-14 14:14:29,110] {scheduler_job.py:633} INFO - Processing file /home/airflow/.local/lib/python3.6/site-packages/airflow/example_dags/example_task_group_decorator.py for tasks to queue
[2023-02-14 14:14:29,111] {logging_mixin.py:104} INFO - [2023-02-14 14:14:29,111] {dagbag.py:496} INFO - Filling up the DagBag from /home/airflow/.local/lib/python3.6/site-packages/airflow/example_dags/example_task_group_decorator.py
[2023-02-14 14:14:29,130] {scheduler_job.py:643} INFO - DAG(s) dict_keys(['example_task_group_decorator']) retrieved from /home/airflow/.local/lib/python3.6/site-packages/airflow/example_dags/example_task_group_decorator.py
[2023-02-14 14:14:29,296] {logging_mixin.py:104} INFO - [2023-02-14 14:14:29,296] {dag.py:1833} INFO - Sync 1 DAGs
[2023-02-14 14:14:29,306] {logging_mixin.py:104} INFO - [2023-02-14 14:14:29,306] {dag.py:2306} INFO - Setting next_dagrun for example_task_group_decorator to 2023-02-12 00:00:00+00:00
[2023-02-14 14:14:29,313] {scheduler_job.py:190} INFO - Processing /home/airflow/.local/lib/python3.6/site-packages/airflow/example_dags/example_task_group_decorator.py took 0.206 seconds
[2023-02-14 14:15:00,276] {scheduler_job.py:182} INFO - Started process (PID=1214) to work on /home/airflow/.local/lib/python3.6/site-packages/airflow/example_dags/example_task_group_decorator.py
[2023-02-14 14:15:00,277] {scheduler_job.py:633} INFO - Processing file /home/airflow/.local/lib/python3.6/site-packages/airflow/example_dags/example_task_group_decorator.py for tasks to queue
[2023-02-14 14:15:00,277] {logging_mixin.py:104} INFO - [2023-02-14 14:15:00,277] {dagbag.py:496} INFO - Filling up the DagBag from /home/airflow/.local/lib/python3.6/site-packages/airflow/example_dags/example_task_group_decorator.py
[2023-02-14 14:15:00,298] {scheduler_job.py:643} INFO - DAG(s) dict_keys(['example_task_group_decorator']) retrieved from /home/airflow/.local/lib/python3.6/site-packages/airflow/example_dags/example_task_group_decorator.py
[2023-02-14 14:15:00,468] {logging_mixin.py:104} INFO - [2023-02-14 14:15:00,468] {dag.py:1833} INFO - Sync 1 DAGs
[2023-02-14 14:15:00,479] {logging_mixin.py:104} INFO - [2023-02-14 14:15:00,479] {dag.py:2306} INFO - Setting next_dagrun for example_task_group_decorator to 2023-02-12 00:00:00+00:00
[2023-02-14 14:15:00,490] {scheduler_job.py:190} INFO - Processing /home/airflow/.local/lib/python3.6/site-packages/airflow/example_dags/example_task_group_decorator.py took 0.216 seconds
