[2023-02-14 14:09:13,010] {scheduler_job.py:182} INFO - Started process (PID=275) to work on /home/airflow/.local/lib/python3.6/site-packages/airflow/example_dags/example_latest_only_with_trigger.py
[2023-02-14 14:09:13,011] {scheduler_job.py:633} INFO - Processing file /home/airflow/.local/lib/python3.6/site-packages/airflow/example_dags/example_latest_only_with_trigger.py for tasks to queue
[2023-02-14 14:09:13,012] {logging_mixin.py:104} INFO - [2023-02-14 14:09:13,011] {dagbag.py:496} INFO - Filling up the DagBag from /home/airflow/.local/lib/python3.6/site-packages/airflow/example_dags/example_latest_only_with_trigger.py
[2023-02-14 14:09:13,021] {scheduler_job.py:643} INFO - DAG(s) dict_keys(['latest_only_with_trigger']) retrieved from /home/airflow/.local/lib/python3.6/site-packages/airflow/example_dags/example_latest_only_with_trigger.py
[2023-02-14 14:09:15,189] {logging_mixin.py:104} INFO - [2023-02-14 14:09:15,188] {dag.py:1833} INFO - Sync 1 DAGs
[2023-02-14 14:09:15,197] {logging_mixin.py:104} INFO - [2023-02-14 14:09:15,197] {dag.py:1852} INFO - Creating ORM DAG for latest_only_with_trigger
[2023-02-14 14:09:15,201] {logging_mixin.py:104} INFO - [2023-02-14 14:09:15,201] {dag.py:2306} INFO - Setting next_dagrun for latest_only_with_trigger to 2023-02-12 00:00:00+00:00
[2023-02-14 14:09:15,209] {scheduler_job.py:190} INFO - Processing /home/airflow/.local/lib/python3.6/site-packages/airflow/example_dags/example_latest_only_with_trigger.py took 2.201 seconds
[2023-02-14 14:09:45,542] {scheduler_job.py:182} INFO - Started process (PID=624) to work on /home/airflow/.local/lib/python3.6/site-packages/airflow/example_dags/example_latest_only_with_trigger.py
[2023-02-14 14:09:45,543] {scheduler_job.py:633} INFO - Processing file /home/airflow/.local/lib/python3.6/site-packages/airflow/example_dags/example_latest_only_with_trigger.py for tasks to queue
[2023-02-14 14:09:45,543] {logging_mixin.py:104} INFO - [2023-02-14 14:09:45,543] {dagbag.py:496} INFO - Filling up the DagBag from /home/airflow/.local/lib/python3.6/site-packages/airflow/example_dags/example_latest_only_with_trigger.py
[2023-02-14 14:09:45,552] {scheduler_job.py:643} INFO - DAG(s) dict_keys(['latest_only_with_trigger']) retrieved from /home/airflow/.local/lib/python3.6/site-packages/airflow/example_dags/example_latest_only_with_trigger.py
[2023-02-14 14:09:45,568] {logging_mixin.py:104} INFO - [2023-02-14 14:09:45,568] {dag.py:1833} INFO - Sync 1 DAGs
[2023-02-14 14:09:45,580] {logging_mixin.py:104} INFO - [2023-02-14 14:09:45,580] {dag.py:2306} INFO - Setting next_dagrun for latest_only_with_trigger to 2023-02-12 00:00:00+00:00
[2023-02-14 14:09:45,587] {scheduler_job.py:190} INFO - Processing /home/airflow/.local/lib/python3.6/site-packages/airflow/example_dags/example_latest_only_with_trigger.py took 0.047 seconds
[2023-02-14 14:10:15,874] {scheduler_job.py:182} INFO - Started process (PID=685) to work on /home/airflow/.local/lib/python3.6/site-packages/airflow/example_dags/example_latest_only_with_trigger.py
[2023-02-14 14:10:15,874] {scheduler_job.py:633} INFO - Processing file /home/airflow/.local/lib/python3.6/site-packages/airflow/example_dags/example_latest_only_with_trigger.py for tasks to queue
[2023-02-14 14:10:15,875] {logging_mixin.py:104} INFO - [2023-02-14 14:10:15,875] {dagbag.py:496} INFO - Filling up the DagBag from /home/airflow/.local/lib/python3.6/site-packages/airflow/example_dags/example_latest_only_with_trigger.py
[2023-02-14 14:10:15,883] {scheduler_job.py:643} INFO - DAG(s) dict_keys(['latest_only_with_trigger']) retrieved from /home/airflow/.local/lib/python3.6/site-packages/airflow/example_dags/example_latest_only_with_trigger.py
[2023-02-14 14:10:15,903] {logging_mixin.py:104} INFO - [2023-02-14 14:10:15,903] {dag.py:1833} INFO - Sync 1 DAGs
[2023-02-14 14:10:15,917] {logging_mixin.py:104} INFO - [2023-02-14 14:10:15,917] {dag.py:2306} INFO - Setting next_dagrun for latest_only_with_trigger to 2023-02-12 00:00:00+00:00
[2023-02-14 14:10:15,925] {scheduler_job.py:190} INFO - Processing /home/airflow/.local/lib/python3.6/site-packages/airflow/example_dags/example_latest_only_with_trigger.py took 0.053 seconds
[2023-02-14 14:10:46,096] {scheduler_job.py:182} INFO - Started process (PID=736) to work on /home/airflow/.local/lib/python3.6/site-packages/airflow/example_dags/example_latest_only_with_trigger.py
[2023-02-14 14:10:46,096] {scheduler_job.py:633} INFO - Processing file /home/airflow/.local/lib/python3.6/site-packages/airflow/example_dags/example_latest_only_with_trigger.py for tasks to queue
[2023-02-14 14:10:46,097] {logging_mixin.py:104} INFO - [2023-02-14 14:10:46,097] {dagbag.py:496} INFO - Filling up the DagBag from /home/airflow/.local/lib/python3.6/site-packages/airflow/example_dags/example_latest_only_with_trigger.py
[2023-02-14 14:10:46,105] {scheduler_job.py:643} INFO - DAG(s) dict_keys(['latest_only_with_trigger']) retrieved from /home/airflow/.local/lib/python3.6/site-packages/airflow/example_dags/example_latest_only_with_trigger.py
[2023-02-14 14:10:46,121] {logging_mixin.py:104} INFO - [2023-02-14 14:10:46,121] {dag.py:1833} INFO - Sync 1 DAGs
[2023-02-14 14:10:46,132] {logging_mixin.py:104} INFO - [2023-02-14 14:10:46,132] {dag.py:2306} INFO - Setting next_dagrun for latest_only_with_trigger to 2023-02-12 00:00:00+00:00
[2023-02-14 14:10:46,139] {scheduler_job.py:190} INFO - Processing /home/airflow/.local/lib/python3.6/site-packages/airflow/example_dags/example_latest_only_with_trigger.py took 0.045 seconds
[2023-02-14 14:11:16,531] {scheduler_job.py:182} INFO - Started process (PID=797) to work on /home/airflow/.local/lib/python3.6/site-packages/airflow/example_dags/example_latest_only_with_trigger.py
[2023-02-14 14:11:16,532] {scheduler_job.py:633} INFO - Processing file /home/airflow/.local/lib/python3.6/site-packages/airflow/example_dags/example_latest_only_with_trigger.py for tasks to queue
[2023-02-14 14:11:16,532] {logging_mixin.py:104} INFO - [2023-02-14 14:11:16,532] {dagbag.py:496} INFO - Filling up the DagBag from /home/airflow/.local/lib/python3.6/site-packages/airflow/example_dags/example_latest_only_with_trigger.py
[2023-02-14 14:11:16,541] {scheduler_job.py:643} INFO - DAG(s) dict_keys(['latest_only_with_trigger']) retrieved from /home/airflow/.local/lib/python3.6/site-packages/airflow/example_dags/example_latest_only_with_trigger.py
[2023-02-14 14:11:16,557] {logging_mixin.py:104} INFO - [2023-02-14 14:11:16,557] {dag.py:1833} INFO - Sync 1 DAGs
[2023-02-14 14:11:16,569] {logging_mixin.py:104} INFO - [2023-02-14 14:11:16,569] {dag.py:2306} INFO - Setting next_dagrun for latest_only_with_trigger to 2023-02-12 00:00:00+00:00
[2023-02-14 14:11:16,575] {scheduler_job.py:190} INFO - Processing /home/airflow/.local/lib/python3.6/site-packages/airflow/example_dags/example_latest_only_with_trigger.py took 0.046 seconds
[2023-02-14 14:11:46,638] {scheduler_job.py:182} INFO - Started process (PID=848) to work on /home/airflow/.local/lib/python3.6/site-packages/airflow/example_dags/example_latest_only_with_trigger.py
[2023-02-14 14:11:46,638] {scheduler_job.py:633} INFO - Processing file /home/airflow/.local/lib/python3.6/site-packages/airflow/example_dags/example_latest_only_with_trigger.py for tasks to queue
[2023-02-14 14:11:46,639] {logging_mixin.py:104} INFO - [2023-02-14 14:11:46,639] {dagbag.py:496} INFO - Filling up the DagBag from /home/airflow/.local/lib/python3.6/site-packages/airflow/example_dags/example_latest_only_with_trigger.py
[2023-02-14 14:11:46,647] {scheduler_job.py:643} INFO - DAG(s) dict_keys(['latest_only_with_trigger']) retrieved from /home/airflow/.local/lib/python3.6/site-packages/airflow/example_dags/example_latest_only_with_trigger.py
[2023-02-14 14:11:46,662] {logging_mixin.py:104} INFO - [2023-02-14 14:11:46,662] {dag.py:1833} INFO - Sync 1 DAGs
[2023-02-14 14:11:46,674] {logging_mixin.py:104} INFO - [2023-02-14 14:11:46,674] {dag.py:2306} INFO - Setting next_dagrun for latest_only_with_trigger to 2023-02-12 00:00:00+00:00
[2023-02-14 14:11:46,681] {scheduler_job.py:190} INFO - Processing /home/airflow/.local/lib/python3.6/site-packages/airflow/example_dags/example_latest_only_with_trigger.py took 0.046 seconds
[2023-02-14 14:12:16,987] {scheduler_job.py:182} INFO - Started process (PID=909) to work on /home/airflow/.local/lib/python3.6/site-packages/airflow/example_dags/example_latest_only_with_trigger.py
[2023-02-14 14:12:16,987] {scheduler_job.py:633} INFO - Processing file /home/airflow/.local/lib/python3.6/site-packages/airflow/example_dags/example_latest_only_with_trigger.py for tasks to queue
[2023-02-14 14:12:16,988] {logging_mixin.py:104} INFO - [2023-02-14 14:12:16,988] {dagbag.py:496} INFO - Filling up the DagBag from /home/airflow/.local/lib/python3.6/site-packages/airflow/example_dags/example_latest_only_with_trigger.py
[2023-02-14 14:12:16,996] {scheduler_job.py:643} INFO - DAG(s) dict_keys(['latest_only_with_trigger']) retrieved from /home/airflow/.local/lib/python3.6/site-packages/airflow/example_dags/example_latest_only_with_trigger.py
[2023-02-14 14:12:17,013] {logging_mixin.py:104} INFO - [2023-02-14 14:12:17,013] {dag.py:1833} INFO - Sync 1 DAGs
[2023-02-14 14:12:17,025] {logging_mixin.py:104} INFO - [2023-02-14 14:12:17,024] {dag.py:2306} INFO - Setting next_dagrun for latest_only_with_trigger to 2023-02-12 00:00:00+00:00
[2023-02-14 14:12:17,031] {scheduler_job.py:190} INFO - Processing /home/airflow/.local/lib/python3.6/site-packages/airflow/example_dags/example_latest_only_with_trigger.py took 0.047 seconds
[2023-02-14 14:12:47,102] {scheduler_job.py:182} INFO - Started process (PID=960) to work on /home/airflow/.local/lib/python3.6/site-packages/airflow/example_dags/example_latest_only_with_trigger.py
[2023-02-14 14:12:47,103] {scheduler_job.py:633} INFO - Processing file /home/airflow/.local/lib/python3.6/site-packages/airflow/example_dags/example_latest_only_with_trigger.py for tasks to queue
[2023-02-14 14:12:47,103] {logging_mixin.py:104} INFO - [2023-02-14 14:12:47,103] {dagbag.py:496} INFO - Filling up the DagBag from /home/airflow/.local/lib/python3.6/site-packages/airflow/example_dags/example_latest_only_with_trigger.py
[2023-02-14 14:12:47,112] {scheduler_job.py:643} INFO - DAG(s) dict_keys(['latest_only_with_trigger']) retrieved from /home/airflow/.local/lib/python3.6/site-packages/airflow/example_dags/example_latest_only_with_trigger.py
[2023-02-14 14:12:47,128] {logging_mixin.py:104} INFO - [2023-02-14 14:12:47,128] {dag.py:1833} INFO - Sync 1 DAGs
[2023-02-14 14:12:47,139] {logging_mixin.py:104} INFO - [2023-02-14 14:12:47,139] {dag.py:2306} INFO - Setting next_dagrun for latest_only_with_trigger to 2023-02-12 00:00:00+00:00
[2023-02-14 14:12:47,146] {scheduler_job.py:190} INFO - Processing /home/airflow/.local/lib/python3.6/site-packages/airflow/example_dags/example_latest_only_with_trigger.py took 0.046 seconds
[2023-02-14 14:13:17,327] {scheduler_job.py:182} INFO - Started process (PID=1021) to work on /home/airflow/.local/lib/python3.6/site-packages/airflow/example_dags/example_latest_only_with_trigger.py
[2023-02-14 14:13:17,327] {scheduler_job.py:633} INFO - Processing file /home/airflow/.local/lib/python3.6/site-packages/airflow/example_dags/example_latest_only_with_trigger.py for tasks to queue
[2023-02-14 14:13:17,328] {logging_mixin.py:104} INFO - [2023-02-14 14:13:17,328] {dagbag.py:496} INFO - Filling up the DagBag from /home/airflow/.local/lib/python3.6/site-packages/airflow/example_dags/example_latest_only_with_trigger.py
[2023-02-14 14:13:17,336] {scheduler_job.py:643} INFO - DAG(s) dict_keys(['latest_only_with_trigger']) retrieved from /home/airflow/.local/lib/python3.6/site-packages/airflow/example_dags/example_latest_only_with_trigger.py
[2023-02-14 14:13:17,351] {logging_mixin.py:104} INFO - [2023-02-14 14:13:17,351] {dag.py:1833} INFO - Sync 1 DAGs
[2023-02-14 14:13:17,362] {logging_mixin.py:104} INFO - [2023-02-14 14:13:17,362] {dag.py:2306} INFO - Setting next_dagrun for latest_only_with_trigger to 2023-02-12 00:00:00+00:00
[2023-02-14 14:13:17,370] {scheduler_job.py:190} INFO - Processing /home/airflow/.local/lib/python3.6/site-packages/airflow/example_dags/example_latest_only_with_trigger.py took 0.045 seconds
[2023-02-14 14:13:47,536] {scheduler_job.py:182} INFO - Started process (PID=1072) to work on /home/airflow/.local/lib/python3.6/site-packages/airflow/example_dags/example_latest_only_with_trigger.py
[2023-02-14 14:13:47,537] {scheduler_job.py:633} INFO - Processing file /home/airflow/.local/lib/python3.6/site-packages/airflow/example_dags/example_latest_only_with_trigger.py for tasks to queue
[2023-02-14 14:13:47,538] {logging_mixin.py:104} INFO - [2023-02-14 14:13:47,537] {dagbag.py:496} INFO - Filling up the DagBag from /home/airflow/.local/lib/python3.6/site-packages/airflow/example_dags/example_latest_only_with_trigger.py
[2023-02-14 14:13:47,546] {scheduler_job.py:643} INFO - DAG(s) dict_keys(['latest_only_with_trigger']) retrieved from /home/airflow/.local/lib/python3.6/site-packages/airflow/example_dags/example_latest_only_with_trigger.py
[2023-02-14 14:13:47,562] {logging_mixin.py:104} INFO - [2023-02-14 14:13:47,561] {dag.py:1833} INFO - Sync 1 DAGs
[2023-02-14 14:13:47,574] {logging_mixin.py:104} INFO - [2023-02-14 14:13:47,574] {dag.py:2306} INFO - Setting next_dagrun for latest_only_with_trigger to 2023-02-12 00:00:00+00:00
[2023-02-14 14:13:47,580] {scheduler_job.py:190} INFO - Processing /home/airflow/.local/lib/python3.6/site-packages/airflow/example_dags/example_latest_only_with_trigger.py took 0.046 seconds
[2023-02-14 14:14:17,792] {scheduler_job.py:182} INFO - Started process (PID=1133) to work on /home/airflow/.local/lib/python3.6/site-packages/airflow/example_dags/example_latest_only_with_trigger.py
[2023-02-14 14:14:17,793] {scheduler_job.py:633} INFO - Processing file /home/airflow/.local/lib/python3.6/site-packages/airflow/example_dags/example_latest_only_with_trigger.py for tasks to queue
[2023-02-14 14:14:17,794] {logging_mixin.py:104} INFO - [2023-02-14 14:14:17,794] {dagbag.py:496} INFO - Filling up the DagBag from /home/airflow/.local/lib/python3.6/site-packages/airflow/example_dags/example_latest_only_with_trigger.py
[2023-02-14 14:14:17,806] {scheduler_job.py:643} INFO - DAG(s) dict_keys(['latest_only_with_trigger']) retrieved from /home/airflow/.local/lib/python3.6/site-packages/airflow/example_dags/example_latest_only_with_trigger.py
[2023-02-14 14:14:17,825] {logging_mixin.py:104} INFO - [2023-02-14 14:14:17,824] {dag.py:1833} INFO - Sync 1 DAGs
[2023-02-14 14:14:17,838] {logging_mixin.py:104} INFO - [2023-02-14 14:14:17,837] {dag.py:2306} INFO - Setting next_dagrun for latest_only_with_trigger to 2023-02-12 00:00:00+00:00
[2023-02-14 14:14:17,845] {scheduler_job.py:190} INFO - Processing /home/airflow/.local/lib/python3.6/site-packages/airflow/example_dags/example_latest_only_with_trigger.py took 0.055 seconds
[2023-02-14 14:14:47,967] {scheduler_job.py:182} INFO - Started process (PID=1191) to work on /home/airflow/.local/lib/python3.6/site-packages/airflow/example_dags/example_latest_only_with_trigger.py
[2023-02-14 14:14:47,968] {scheduler_job.py:633} INFO - Processing file /home/airflow/.local/lib/python3.6/site-packages/airflow/example_dags/example_latest_only_with_trigger.py for tasks to queue
[2023-02-14 14:14:47,968] {logging_mixin.py:104} INFO - [2023-02-14 14:14:47,968] {dagbag.py:496} INFO - Filling up the DagBag from /home/airflow/.local/lib/python3.6/site-packages/airflow/example_dags/example_latest_only_with_trigger.py
[2023-02-14 14:14:47,977] {scheduler_job.py:643} INFO - DAG(s) dict_keys(['latest_only_with_trigger']) retrieved from /home/airflow/.local/lib/python3.6/site-packages/airflow/example_dags/example_latest_only_with_trigger.py
[2023-02-14 14:14:47,994] {logging_mixin.py:104} INFO - [2023-02-14 14:14:47,994] {dag.py:1833} INFO - Sync 1 DAGs
[2023-02-14 14:14:48,006] {logging_mixin.py:104} INFO - [2023-02-14 14:14:48,006] {dag.py:2306} INFO - Setting next_dagrun for latest_only_with_trigger to 2023-02-12 00:00:00+00:00
[2023-02-14 14:14:48,073] {scheduler_job.py:190} INFO - Processing /home/airflow/.local/lib/python3.6/site-packages/airflow/example_dags/example_latest_only_with_trigger.py took 0.108 seconds
