[2023-02-14 14:09:10,875] {scheduler_job.py:182} INFO - Started process (PID=241) to work on /home/airflow/.local/lib/python3.6/site-packages/airflow/example_dags/example_kubernetes_executor_config.py
[2023-02-14 14:09:10,876] {scheduler_job.py:633} INFO - Processing file /home/airflow/.local/lib/python3.6/site-packages/airflow/example_dags/example_kubernetes_executor_config.py for tasks to queue
[2023-02-14 14:09:10,876] {logging_mixin.py:104} INFO - [2023-02-14 14:09:10,876] {dagbag.py:496} INFO - Filling up the DagBag from /home/airflow/.local/lib/python3.6/site-packages/airflow/example_dags/example_kubernetes_executor_config.py
[2023-02-14 14:09:10,888] {scheduler_job.py:643} INFO - DAG(s) dict_keys(['example_kubernetes_executor_config']) retrieved from /home/airflow/.local/lib/python3.6/site-packages/airflow/example_dags/example_kubernetes_executor_config.py
[2023-02-14 14:09:12,965] {logging_mixin.py:104} INFO - [2023-02-14 14:09:12,965] {dag.py:1833} INFO - Sync 1 DAGs
[2023-02-14 14:09:12,974] {logging_mixin.py:104} INFO - [2023-02-14 14:09:12,973] {dag.py:1852} INFO - Creating ORM DAG for example_kubernetes_executor_config
[2023-02-14 14:09:12,977] {logging_mixin.py:104} INFO - [2023-02-14 14:09:12,977] {dag.py:2306} INFO - Setting next_dagrun for example_kubernetes_executor_config to None
[2023-02-14 14:09:12,985] {scheduler_job.py:190} INFO - Processing /home/airflow/.local/lib/python3.6/site-packages/airflow/example_dags/example_kubernetes_executor_config.py took 2.112 seconds
[2023-02-14 14:09:43,480] {scheduler_job.py:182} INFO - Started process (PID=622) to work on /home/airflow/.local/lib/python3.6/site-packages/airflow/example_dags/example_kubernetes_executor_config.py
[2023-02-14 14:09:43,480] {scheduler_job.py:633} INFO - Processing file /home/airflow/.local/lib/python3.6/site-packages/airflow/example_dags/example_kubernetes_executor_config.py for tasks to queue
[2023-02-14 14:09:43,481] {logging_mixin.py:104} INFO - [2023-02-14 14:09:43,481] {dagbag.py:496} INFO - Filling up the DagBag from /home/airflow/.local/lib/python3.6/site-packages/airflow/example_dags/example_kubernetes_executor_config.py
[2023-02-14 14:09:43,492] {scheduler_job.py:643} INFO - DAG(s) dict_keys(['example_kubernetes_executor_config']) retrieved from /home/airflow/.local/lib/python3.6/site-packages/airflow/example_dags/example_kubernetes_executor_config.py
[2023-02-14 14:09:43,509] {logging_mixin.py:104} INFO - [2023-02-14 14:09:43,509] {dag.py:1833} INFO - Sync 1 DAGs
[2023-02-14 14:09:43,519] {logging_mixin.py:104} INFO - [2023-02-14 14:09:43,519] {dag.py:2306} INFO - Setting next_dagrun for example_kubernetes_executor_config to None
[2023-02-14 14:09:43,526] {scheduler_job.py:190} INFO - Processing /home/airflow/.local/lib/python3.6/site-packages/airflow/example_dags/example_kubernetes_executor_config.py took 0.048 seconds
[2023-02-14 14:10:13,802] {scheduler_job.py:182} INFO - Started process (PID=673) to work on /home/airflow/.local/lib/python3.6/site-packages/airflow/example_dags/example_kubernetes_executor_config.py
[2023-02-14 14:10:13,803] {scheduler_job.py:633} INFO - Processing file /home/airflow/.local/lib/python3.6/site-packages/airflow/example_dags/example_kubernetes_executor_config.py for tasks to queue
[2023-02-14 14:10:13,803] {logging_mixin.py:104} INFO - [2023-02-14 14:10:13,803] {dagbag.py:496} INFO - Filling up the DagBag from /home/airflow/.local/lib/python3.6/site-packages/airflow/example_dags/example_kubernetes_executor_config.py
[2023-02-14 14:10:13,815] {scheduler_job.py:643} INFO - DAG(s) dict_keys(['example_kubernetes_executor_config']) retrieved from /home/airflow/.local/lib/python3.6/site-packages/airflow/example_dags/example_kubernetes_executor_config.py
[2023-02-14 14:10:13,835] {logging_mixin.py:104} INFO - [2023-02-14 14:10:13,835] {dag.py:1833} INFO - Sync 1 DAGs
[2023-02-14 14:10:13,848] {logging_mixin.py:104} INFO - [2023-02-14 14:10:13,848] {dag.py:2306} INFO - Setting next_dagrun for example_kubernetes_executor_config to None
[2023-02-14 14:10:13,855] {scheduler_job.py:190} INFO - Processing /home/airflow/.local/lib/python3.6/site-packages/airflow/example_dags/example_kubernetes_executor_config.py took 0.056 seconds
[2023-02-14 14:10:44,082] {scheduler_job.py:182} INFO - Started process (PID=734) to work on /home/airflow/.local/lib/python3.6/site-packages/airflow/example_dags/example_kubernetes_executor_config.py
[2023-02-14 14:10:44,082] {scheduler_job.py:633} INFO - Processing file /home/airflow/.local/lib/python3.6/site-packages/airflow/example_dags/example_kubernetes_executor_config.py for tasks to queue
[2023-02-14 14:10:44,083] {logging_mixin.py:104} INFO - [2023-02-14 14:10:44,083] {dagbag.py:496} INFO - Filling up the DagBag from /home/airflow/.local/lib/python3.6/site-packages/airflow/example_dags/example_kubernetes_executor_config.py
[2023-02-14 14:10:44,094] {scheduler_job.py:643} INFO - DAG(s) dict_keys(['example_kubernetes_executor_config']) retrieved from /home/airflow/.local/lib/python3.6/site-packages/airflow/example_dags/example_kubernetes_executor_config.py
[2023-02-14 14:10:44,112] {logging_mixin.py:104} INFO - [2023-02-14 14:10:44,111] {dag.py:1833} INFO - Sync 1 DAGs
[2023-02-14 14:10:44,123] {logging_mixin.py:104} INFO - [2023-02-14 14:10:44,123] {dag.py:2306} INFO - Setting next_dagrun for example_kubernetes_executor_config to None
[2023-02-14 14:10:44,130] {scheduler_job.py:190} INFO - Processing /home/airflow/.local/lib/python3.6/site-packages/airflow/example_dags/example_kubernetes_executor_config.py took 0.050 seconds
[2023-02-14 14:11:14,439] {scheduler_job.py:182} INFO - Started process (PID=792) to work on /home/airflow/.local/lib/python3.6/site-packages/airflow/example_dags/example_kubernetes_executor_config.py
[2023-02-14 14:11:14,440] {scheduler_job.py:633} INFO - Processing file /home/airflow/.local/lib/python3.6/site-packages/airflow/example_dags/example_kubernetes_executor_config.py for tasks to queue
[2023-02-14 14:11:14,441] {logging_mixin.py:104} INFO - [2023-02-14 14:11:14,441] {dagbag.py:496} INFO - Filling up the DagBag from /home/airflow/.local/lib/python3.6/site-packages/airflow/example_dags/example_kubernetes_executor_config.py
[2023-02-14 14:11:14,455] {scheduler_job.py:643} INFO - DAG(s) dict_keys(['example_kubernetes_executor_config']) retrieved from /home/airflow/.local/lib/python3.6/site-packages/airflow/example_dags/example_kubernetes_executor_config.py
[2023-02-14 14:11:14,479] {logging_mixin.py:104} INFO - [2023-02-14 14:11:14,479] {dag.py:1833} INFO - Sync 1 DAGs
[2023-02-14 14:11:14,496] {logging_mixin.py:104} INFO - [2023-02-14 14:11:14,496] {dag.py:2306} INFO - Setting next_dagrun for example_kubernetes_executor_config to None
[2023-02-14 14:11:14,508] {scheduler_job.py:190} INFO - Processing /home/airflow/.local/lib/python3.6/site-packages/airflow/example_dags/example_kubernetes_executor_config.py took 0.072 seconds
[2023-02-14 14:11:44,576] {scheduler_job.py:182} INFO - Started process (PID=846) to work on /home/airflow/.local/lib/python3.6/site-packages/airflow/example_dags/example_kubernetes_executor_config.py
[2023-02-14 14:11:44,577] {scheduler_job.py:633} INFO - Processing file /home/airflow/.local/lib/python3.6/site-packages/airflow/example_dags/example_kubernetes_executor_config.py for tasks to queue
[2023-02-14 14:11:44,577] {logging_mixin.py:104} INFO - [2023-02-14 14:11:44,577] {dagbag.py:496} INFO - Filling up the DagBag from /home/airflow/.local/lib/python3.6/site-packages/airflow/example_dags/example_kubernetes_executor_config.py
[2023-02-14 14:11:44,588] {scheduler_job.py:643} INFO - DAG(s) dict_keys(['example_kubernetes_executor_config']) retrieved from /home/airflow/.local/lib/python3.6/site-packages/airflow/example_dags/example_kubernetes_executor_config.py
[2023-02-14 14:11:44,605] {logging_mixin.py:104} INFO - [2023-02-14 14:11:44,605] {dag.py:1833} INFO - Sync 1 DAGs
[2023-02-14 14:11:44,616] {logging_mixin.py:104} INFO - [2023-02-14 14:11:44,616] {dag.py:2306} INFO - Setting next_dagrun for example_kubernetes_executor_config to None
[2023-02-14 14:11:44,623] {scheduler_job.py:190} INFO - Processing /home/airflow/.local/lib/python3.6/site-packages/airflow/example_dags/example_kubernetes_executor_config.py took 0.049 seconds
[2023-02-14 14:12:14,899] {scheduler_job.py:182} INFO - Started process (PID=907) to work on /home/airflow/.local/lib/python3.6/site-packages/airflow/example_dags/example_kubernetes_executor_config.py
[2023-02-14 14:12:14,899] {scheduler_job.py:633} INFO - Processing file /home/airflow/.local/lib/python3.6/site-packages/airflow/example_dags/example_kubernetes_executor_config.py for tasks to queue
[2023-02-14 14:12:14,900] {logging_mixin.py:104} INFO - [2023-02-14 14:12:14,900] {dagbag.py:496} INFO - Filling up the DagBag from /home/airflow/.local/lib/python3.6/site-packages/airflow/example_dags/example_kubernetes_executor_config.py
[2023-02-14 14:12:14,912] {scheduler_job.py:643} INFO - DAG(s) dict_keys(['example_kubernetes_executor_config']) retrieved from /home/airflow/.local/lib/python3.6/site-packages/airflow/example_dags/example_kubernetes_executor_config.py
[2023-02-14 14:12:14,946] {logging_mixin.py:104} INFO - [2023-02-14 14:12:14,946] {dag.py:1833} INFO - Sync 1 DAGs
[2023-02-14 14:12:14,959] {logging_mixin.py:104} INFO - [2023-02-14 14:12:14,959] {dag.py:2306} INFO - Setting next_dagrun for example_kubernetes_executor_config to None
[2023-02-14 14:12:14,967] {scheduler_job.py:190} INFO - Processing /home/airflow/.local/lib/python3.6/site-packages/airflow/example_dags/example_kubernetes_executor_config.py took 0.071 seconds
[2023-02-14 14:12:45,083] {scheduler_job.py:182} INFO - Started process (PID=958) to work on /home/airflow/.local/lib/python3.6/site-packages/airflow/example_dags/example_kubernetes_executor_config.py
[2023-02-14 14:12:45,083] {scheduler_job.py:633} INFO - Processing file /home/airflow/.local/lib/python3.6/site-packages/airflow/example_dags/example_kubernetes_executor_config.py for tasks to queue
[2023-02-14 14:12:45,084] {logging_mixin.py:104} INFO - [2023-02-14 14:12:45,084] {dagbag.py:496} INFO - Filling up the DagBag from /home/airflow/.local/lib/python3.6/site-packages/airflow/example_dags/example_kubernetes_executor_config.py
[2023-02-14 14:12:45,095] {scheduler_job.py:643} INFO - DAG(s) dict_keys(['example_kubernetes_executor_config']) retrieved from /home/airflow/.local/lib/python3.6/site-packages/airflow/example_dags/example_kubernetes_executor_config.py
[2023-02-14 14:12:45,113] {logging_mixin.py:104} INFO - [2023-02-14 14:12:45,113] {dag.py:1833} INFO - Sync 1 DAGs
[2023-02-14 14:12:45,125] {logging_mixin.py:104} INFO - [2023-02-14 14:12:45,125] {dag.py:2306} INFO - Setting next_dagrun for example_kubernetes_executor_config to None
[2023-02-14 14:12:45,133] {scheduler_job.py:190} INFO - Processing /home/airflow/.local/lib/python3.6/site-packages/airflow/example_dags/example_kubernetes_executor_config.py took 0.053 seconds
[2023-02-14 14:13:15,309] {scheduler_job.py:182} INFO - Started process (PID=1019) to work on /home/airflow/.local/lib/python3.6/site-packages/airflow/example_dags/example_kubernetes_executor_config.py
[2023-02-14 14:13:15,309] {scheduler_job.py:633} INFO - Processing file /home/airflow/.local/lib/python3.6/site-packages/airflow/example_dags/example_kubernetes_executor_config.py for tasks to queue
[2023-02-14 14:13:15,310] {logging_mixin.py:104} INFO - [2023-02-14 14:13:15,310] {dagbag.py:496} INFO - Filling up the DagBag from /home/airflow/.local/lib/python3.6/site-packages/airflow/example_dags/example_kubernetes_executor_config.py
[2023-02-14 14:13:15,320] {scheduler_job.py:643} INFO - DAG(s) dict_keys(['example_kubernetes_executor_config']) retrieved from /home/airflow/.local/lib/python3.6/site-packages/airflow/example_dags/example_kubernetes_executor_config.py
[2023-02-14 14:13:15,338] {logging_mixin.py:104} INFO - [2023-02-14 14:13:15,338] {dag.py:1833} INFO - Sync 1 DAGs
[2023-02-14 14:13:15,349] {logging_mixin.py:104} INFO - [2023-02-14 14:13:15,349] {dag.py:2306} INFO - Setting next_dagrun for example_kubernetes_executor_config to None
[2023-02-14 14:13:15,355] {scheduler_job.py:190} INFO - Processing /home/airflow/.local/lib/python3.6/site-packages/airflow/example_dags/example_kubernetes_executor_config.py took 0.049 seconds
[2023-02-14 14:13:45,525] {scheduler_job.py:182} INFO - Started process (PID=1070) to work on /home/airflow/.local/lib/python3.6/site-packages/airflow/example_dags/example_kubernetes_executor_config.py
[2023-02-14 14:13:45,526] {scheduler_job.py:633} INFO - Processing file /home/airflow/.local/lib/python3.6/site-packages/airflow/example_dags/example_kubernetes_executor_config.py for tasks to queue
[2023-02-14 14:13:45,526] {logging_mixin.py:104} INFO - [2023-02-14 14:13:45,526] {dagbag.py:496} INFO - Filling up the DagBag from /home/airflow/.local/lib/python3.6/site-packages/airflow/example_dags/example_kubernetes_executor_config.py
[2023-02-14 14:13:45,536] {scheduler_job.py:643} INFO - DAG(s) dict_keys(['example_kubernetes_executor_config']) retrieved from /home/airflow/.local/lib/python3.6/site-packages/airflow/example_dags/example_kubernetes_executor_config.py
[2023-02-14 14:13:45,552] {logging_mixin.py:104} INFO - [2023-02-14 14:13:45,552] {dag.py:1833} INFO - Sync 1 DAGs
[2023-02-14 14:13:45,563] {logging_mixin.py:104} INFO - [2023-02-14 14:13:45,563] {dag.py:2306} INFO - Setting next_dagrun for example_kubernetes_executor_config to None
[2023-02-14 14:13:45,570] {scheduler_job.py:190} INFO - Processing /home/airflow/.local/lib/python3.6/site-packages/airflow/example_dags/example_kubernetes_executor_config.py took 0.046 seconds
[2023-02-14 14:14:15,779] {scheduler_job.py:182} INFO - Started process (PID=1131) to work on /home/airflow/.local/lib/python3.6/site-packages/airflow/example_dags/example_kubernetes_executor_config.py
[2023-02-14 14:14:15,780] {scheduler_job.py:633} INFO - Processing file /home/airflow/.local/lib/python3.6/site-packages/airflow/example_dags/example_kubernetes_executor_config.py for tasks to queue
[2023-02-14 14:14:15,781] {logging_mixin.py:104} INFO - [2023-02-14 14:14:15,781] {dagbag.py:496} INFO - Filling up the DagBag from /home/airflow/.local/lib/python3.6/site-packages/airflow/example_dags/example_kubernetes_executor_config.py
[2023-02-14 14:14:15,791] {scheduler_job.py:643} INFO - DAG(s) dict_keys(['example_kubernetes_executor_config']) retrieved from /home/airflow/.local/lib/python3.6/site-packages/airflow/example_dags/example_kubernetes_executor_config.py
[2023-02-14 14:14:15,808] {logging_mixin.py:104} INFO - [2023-02-14 14:14:15,808] {dag.py:1833} INFO - Sync 1 DAGs
[2023-02-14 14:14:15,818] {logging_mixin.py:104} INFO - [2023-02-14 14:14:15,818] {dag.py:2306} INFO - Setting next_dagrun for example_kubernetes_executor_config to None
[2023-02-14 14:14:15,824] {scheduler_job.py:190} INFO - Processing /home/airflow/.local/lib/python3.6/site-packages/airflow/example_dags/example_kubernetes_executor_config.py took 0.047 seconds
[2023-02-14 14:14:45,901] {scheduler_job.py:182} INFO - Started process (PID=1182) to work on /home/airflow/.local/lib/python3.6/site-packages/airflow/example_dags/example_kubernetes_executor_config.py
[2023-02-14 14:14:45,902] {scheduler_job.py:633} INFO - Processing file /home/airflow/.local/lib/python3.6/site-packages/airflow/example_dags/example_kubernetes_executor_config.py for tasks to queue
[2023-02-14 14:14:45,902] {logging_mixin.py:104} INFO - [2023-02-14 14:14:45,902] {dagbag.py:496} INFO - Filling up the DagBag from /home/airflow/.local/lib/python3.6/site-packages/airflow/example_dags/example_kubernetes_executor_config.py
[2023-02-14 14:14:45,913] {scheduler_job.py:643} INFO - DAG(s) dict_keys(['example_kubernetes_executor_config']) retrieved from /home/airflow/.local/lib/python3.6/site-packages/airflow/example_dags/example_kubernetes_executor_config.py
[2023-02-14 14:14:45,930] {logging_mixin.py:104} INFO - [2023-02-14 14:14:45,930] {dag.py:1833} INFO - Sync 1 DAGs
[2023-02-14 14:14:45,941] {logging_mixin.py:104} INFO - [2023-02-14 14:14:45,941] {dag.py:2306} INFO - Setting next_dagrun for example_kubernetes_executor_config to None
[2023-02-14 14:14:45,948] {scheduler_job.py:190} INFO - Processing /home/airflow/.local/lib/python3.6/site-packages/airflow/example_dags/example_kubernetes_executor_config.py took 0.048 seconds
