[2023-02-14 14:09:02,965] {scheduler_job.py:182} INFO - Started process (PID=174) to work on /home/airflow/.local/lib/python3.6/site-packages/airflow/example_dags/example_dag_decorator.py
[2023-02-14 14:09:02,966] {scheduler_job.py:633} INFO - Processing file /home/airflow/.local/lib/python3.6/site-packages/airflow/example_dags/example_dag_decorator.py for tasks to queue
[2023-02-14 14:09:02,966] {logging_mixin.py:104} INFO - [2023-02-14 14:09:02,966] {dagbag.py:496} INFO - Filling up the DagBag from /home/airflow/.local/lib/python3.6/site-packages/airflow/example_dags/example_dag_decorator.py
[2023-02-14 14:09:03,073] {scheduler_job.py:643} INFO - DAG(s) dict_keys(['example_dag_decorator']) retrieved from /home/airflow/.local/lib/python3.6/site-packages/airflow/example_dags/example_dag_decorator.py
[2023-02-14 14:09:08,661] {logging_mixin.py:104} INFO - [2023-02-14 14:09:08,661] {dag.py:1833} INFO - Sync 1 DAGs
[2023-02-14 14:09:08,671] {logging_mixin.py:104} INFO - [2023-02-14 14:09:08,670] {dag.py:1852} INFO - Creating ORM DAG for example_dag_decorator
[2023-02-14 14:09:08,676] {logging_mixin.py:104} INFO - [2023-02-14 14:09:08,676] {dag.py:2306} INFO - Setting next_dagrun for example_dag_decorator to None
[2023-02-14 14:09:08,760] {scheduler_job.py:190} INFO - Processing /home/airflow/.local/lib/python3.6/site-packages/airflow/example_dags/example_dag_decorator.py took 5.797 seconds
[2023-02-14 14:09:39,406] {scheduler_job.py:182} INFO - Started process (PID=616) to work on /home/airflow/.local/lib/python3.6/site-packages/airflow/example_dags/example_dag_decorator.py
[2023-02-14 14:09:39,406] {scheduler_job.py:633} INFO - Processing file /home/airflow/.local/lib/python3.6/site-packages/airflow/example_dags/example_dag_decorator.py for tasks to queue
[2023-02-14 14:09:39,407] {logging_mixin.py:104} INFO - [2023-02-14 14:09:39,407] {dagbag.py:496} INFO - Filling up the DagBag from /home/airflow/.local/lib/python3.6/site-packages/airflow/example_dags/example_dag_decorator.py
[2023-02-14 14:09:39,421] {scheduler_job.py:643} INFO - DAG(s) dict_keys(['example_dag_decorator']) retrieved from /home/airflow/.local/lib/python3.6/site-packages/airflow/example_dags/example_dag_decorator.py
[2023-02-14 14:09:39,583] {logging_mixin.py:104} INFO - [2023-02-14 14:09:39,583] {dag.py:1833} INFO - Sync 1 DAGs
[2023-02-14 14:09:39,593] {logging_mixin.py:104} INFO - [2023-02-14 14:09:39,593] {dag.py:2306} INFO - Setting next_dagrun for example_dag_decorator to None
[2023-02-14 14:09:39,601] {scheduler_job.py:190} INFO - Processing /home/airflow/.local/lib/python3.6/site-packages/airflow/example_dags/example_dag_decorator.py took 0.197 seconds
[2023-02-14 14:10:09,764] {scheduler_job.py:182} INFO - Started process (PID=670) to work on /home/airflow/.local/lib/python3.6/site-packages/airflow/example_dags/example_dag_decorator.py
[2023-02-14 14:10:09,764] {scheduler_job.py:633} INFO - Processing file /home/airflow/.local/lib/python3.6/site-packages/airflow/example_dags/example_dag_decorator.py for tasks to queue
[2023-02-14 14:10:09,765] {logging_mixin.py:104} INFO - [2023-02-14 14:10:09,765] {dagbag.py:496} INFO - Filling up the DagBag from /home/airflow/.local/lib/python3.6/site-packages/airflow/example_dags/example_dag_decorator.py
[2023-02-14 14:10:09,778] {scheduler_job.py:643} INFO - DAG(s) dict_keys(['example_dag_decorator']) retrieved from /home/airflow/.local/lib/python3.6/site-packages/airflow/example_dags/example_dag_decorator.py
[2023-02-14 14:10:09,947] {logging_mixin.py:104} INFO - [2023-02-14 14:10:09,947] {dag.py:1833} INFO - Sync 1 DAGs
[2023-02-14 14:10:09,957] {logging_mixin.py:104} INFO - [2023-02-14 14:10:09,956] {dag.py:2306} INFO - Setting next_dagrun for example_dag_decorator to None
[2023-02-14 14:10:09,964] {scheduler_job.py:190} INFO - Processing /home/airflow/.local/lib/python3.6/site-packages/airflow/example_dags/example_dag_decorator.py took 0.202 seconds
[2023-02-14 14:10:40,002] {scheduler_job.py:182} INFO - Started process (PID=731) to work on /home/airflow/.local/lib/python3.6/site-packages/airflow/example_dags/example_dag_decorator.py
[2023-02-14 14:10:40,002] {scheduler_job.py:633} INFO - Processing file /home/airflow/.local/lib/python3.6/site-packages/airflow/example_dags/example_dag_decorator.py for tasks to queue
[2023-02-14 14:10:40,003] {logging_mixin.py:104} INFO - [2023-02-14 14:10:40,003] {dagbag.py:496} INFO - Filling up the DagBag from /home/airflow/.local/lib/python3.6/site-packages/airflow/example_dags/example_dag_decorator.py
[2023-02-14 14:10:40,019] {scheduler_job.py:643} INFO - DAG(s) dict_keys(['example_dag_decorator']) retrieved from /home/airflow/.local/lib/python3.6/site-packages/airflow/example_dags/example_dag_decorator.py
[2023-02-14 14:10:40,202] {logging_mixin.py:104} INFO - [2023-02-14 14:10:40,202] {dag.py:1833} INFO - Sync 1 DAGs
[2023-02-14 14:10:40,213] {logging_mixin.py:104} INFO - [2023-02-14 14:10:40,213] {dag.py:2306} INFO - Setting next_dagrun for example_dag_decorator to None
[2023-02-14 14:10:40,223] {scheduler_job.py:190} INFO - Processing /home/airflow/.local/lib/python3.6/site-packages/airflow/example_dags/example_dag_decorator.py took 0.224 seconds
[2023-02-14 14:11:11,008] {scheduler_job.py:182} INFO - Started process (PID=782) to work on /home/airflow/.local/lib/python3.6/site-packages/airflow/example_dags/example_dag_decorator.py
[2023-02-14 14:11:11,010] {scheduler_job.py:633} INFO - Processing file /home/airflow/.local/lib/python3.6/site-packages/airflow/example_dags/example_dag_decorator.py for tasks to queue
[2023-02-14 14:11:11,010] {logging_mixin.py:104} INFO - [2023-02-14 14:11:11,010] {dagbag.py:496} INFO - Filling up the DagBag from /home/airflow/.local/lib/python3.6/site-packages/airflow/example_dags/example_dag_decorator.py
[2023-02-14 14:11:11,031] {scheduler_job.py:643} INFO - DAG(s) dict_keys(['example_dag_decorator']) retrieved from /home/airflow/.local/lib/python3.6/site-packages/airflow/example_dags/example_dag_decorator.py
[2023-02-14 14:11:11,272] {logging_mixin.py:104} INFO - [2023-02-14 14:11:11,272] {dag.py:1833} INFO - Sync 1 DAGs
[2023-02-14 14:11:11,288] {logging_mixin.py:104} INFO - [2023-02-14 14:11:11,288] {dag.py:2306} INFO - Setting next_dagrun for example_dag_decorator to None
[2023-02-14 14:11:11,300] {scheduler_job.py:190} INFO - Processing /home/airflow/.local/lib/python3.6/site-packages/airflow/example_dags/example_dag_decorator.py took 0.295 seconds
[2023-02-14 14:11:41,447] {scheduler_job.py:182} INFO - Started process (PID=843) to work on /home/airflow/.local/lib/python3.6/site-packages/airflow/example_dags/example_dag_decorator.py
[2023-02-14 14:11:41,448] {scheduler_job.py:633} INFO - Processing file /home/airflow/.local/lib/python3.6/site-packages/airflow/example_dags/example_dag_decorator.py for tasks to queue
[2023-02-14 14:11:41,448] {logging_mixin.py:104} INFO - [2023-02-14 14:11:41,448] {dagbag.py:496} INFO - Filling up the DagBag from /home/airflow/.local/lib/python3.6/site-packages/airflow/example_dags/example_dag_decorator.py
[2023-02-14 14:11:41,462] {scheduler_job.py:643} INFO - DAG(s) dict_keys(['example_dag_decorator']) retrieved from /home/airflow/.local/lib/python3.6/site-packages/airflow/example_dags/example_dag_decorator.py
[2023-02-14 14:11:41,628] {logging_mixin.py:104} INFO - [2023-02-14 14:11:41,628] {dag.py:1833} INFO - Sync 1 DAGs
[2023-02-14 14:11:41,638] {logging_mixin.py:104} INFO - [2023-02-14 14:11:41,638] {dag.py:2306} INFO - Setting next_dagrun for example_dag_decorator to None
[2023-02-14 14:11:41,645] {scheduler_job.py:190} INFO - Processing /home/airflow/.local/lib/python3.6/site-packages/airflow/example_dags/example_dag_decorator.py took 0.201 seconds
[2023-02-14 14:12:11,819] {scheduler_job.py:182} INFO - Started process (PID=894) to work on /home/airflow/.local/lib/python3.6/site-packages/airflow/example_dags/example_dag_decorator.py
[2023-02-14 14:12:11,819] {scheduler_job.py:633} INFO - Processing file /home/airflow/.local/lib/python3.6/site-packages/airflow/example_dags/example_dag_decorator.py for tasks to queue
[2023-02-14 14:12:11,820] {logging_mixin.py:104} INFO - [2023-02-14 14:12:11,820] {dagbag.py:496} INFO - Filling up the DagBag from /home/airflow/.local/lib/python3.6/site-packages/airflow/example_dags/example_dag_decorator.py
[2023-02-14 14:12:11,833] {scheduler_job.py:643} INFO - DAG(s) dict_keys(['example_dag_decorator']) retrieved from /home/airflow/.local/lib/python3.6/site-packages/airflow/example_dags/example_dag_decorator.py
[2023-02-14 14:12:11,849] {logging_mixin.py:104} INFO - [2023-02-14 14:12:11,848] {dag.py:1833} INFO - Sync 1 DAGs
[2023-02-14 14:12:11,860] {logging_mixin.py:104} INFO - [2023-02-14 14:12:11,860] {dag.py:2306} INFO - Setting next_dagrun for example_dag_decorator to None
[2023-02-14 14:12:11,866] {scheduler_job.py:190} INFO - Processing /home/airflow/.local/lib/python3.6/site-packages/airflow/example_dags/example_dag_decorator.py took 0.049 seconds
[2023-02-14 14:12:41,965] {scheduler_job.py:182} INFO - Started process (PID=955) to work on /home/airflow/.local/lib/python3.6/site-packages/airflow/example_dags/example_dag_decorator.py
[2023-02-14 14:12:41,965] {scheduler_job.py:633} INFO - Processing file /home/airflow/.local/lib/python3.6/site-packages/airflow/example_dags/example_dag_decorator.py for tasks to queue
[2023-02-14 14:12:41,966] {logging_mixin.py:104} INFO - [2023-02-14 14:12:41,966] {dagbag.py:496} INFO - Filling up the DagBag from /home/airflow/.local/lib/python3.6/site-packages/airflow/example_dags/example_dag_decorator.py
[2023-02-14 14:12:41,980] {scheduler_job.py:643} INFO - DAG(s) dict_keys(['example_dag_decorator']) retrieved from /home/airflow/.local/lib/python3.6/site-packages/airflow/example_dags/example_dag_decorator.py
[2023-02-14 14:12:42,137] {logging_mixin.py:104} INFO - [2023-02-14 14:12:42,136] {dag.py:1833} INFO - Sync 1 DAGs
[2023-02-14 14:12:42,146] {logging_mixin.py:104} INFO - [2023-02-14 14:12:42,146] {dag.py:2306} INFO - Setting next_dagrun for example_dag_decorator to None
[2023-02-14 14:12:42,153] {scheduler_job.py:190} INFO - Processing /home/airflow/.local/lib/python3.6/site-packages/airflow/example_dags/example_dag_decorator.py took 0.191 seconds
[2023-02-14 14:13:12,170] {scheduler_job.py:182} INFO - Started process (PID=1006) to work on /home/airflow/.local/lib/python3.6/site-packages/airflow/example_dags/example_dag_decorator.py
[2023-02-14 14:13:12,171] {scheduler_job.py:633} INFO - Processing file /home/airflow/.local/lib/python3.6/site-packages/airflow/example_dags/example_dag_decorator.py for tasks to queue
[2023-02-14 14:13:12,171] {logging_mixin.py:104} INFO - [2023-02-14 14:13:12,171] {dagbag.py:496} INFO - Filling up the DagBag from /home/airflow/.local/lib/python3.6/site-packages/airflow/example_dags/example_dag_decorator.py
[2023-02-14 14:13:12,185] {scheduler_job.py:643} INFO - DAG(s) dict_keys(['example_dag_decorator']) retrieved from /home/airflow/.local/lib/python3.6/site-packages/airflow/example_dags/example_dag_decorator.py
[2023-02-14 14:13:12,349] {logging_mixin.py:104} INFO - [2023-02-14 14:13:12,349] {dag.py:1833} INFO - Sync 1 DAGs
[2023-02-14 14:13:12,359] {logging_mixin.py:104} INFO - [2023-02-14 14:13:12,359] {dag.py:2306} INFO - Setting next_dagrun for example_dag_decorator to None
[2023-02-14 14:13:12,367] {scheduler_job.py:190} INFO - Processing /home/airflow/.local/lib/python3.6/site-packages/airflow/example_dags/example_dag_decorator.py took 0.199 seconds
[2023-02-14 14:13:43,298] {scheduler_job.py:182} INFO - Started process (PID=1067) to work on /home/airflow/.local/lib/python3.6/site-packages/airflow/example_dags/example_dag_decorator.py
[2023-02-14 14:13:43,299] {scheduler_job.py:633} INFO - Processing file /home/airflow/.local/lib/python3.6/site-packages/airflow/example_dags/example_dag_decorator.py for tasks to queue
[2023-02-14 14:13:43,299] {logging_mixin.py:104} INFO - [2023-02-14 14:13:43,299] {dagbag.py:496} INFO - Filling up the DagBag from /home/airflow/.local/lib/python3.6/site-packages/airflow/example_dags/example_dag_decorator.py
[2023-02-14 14:13:43,314] {scheduler_job.py:643} INFO - DAG(s) dict_keys(['example_dag_decorator']) retrieved from /home/airflow/.local/lib/python3.6/site-packages/airflow/example_dags/example_dag_decorator.py
[2023-02-14 14:13:43,488] {logging_mixin.py:104} INFO - [2023-02-14 14:13:43,487] {dag.py:1833} INFO - Sync 1 DAGs
[2023-02-14 14:13:43,498] {logging_mixin.py:104} INFO - [2023-02-14 14:13:43,498] {dag.py:2306} INFO - Setting next_dagrun for example_dag_decorator to None
[2023-02-14 14:13:43,506] {scheduler_job.py:190} INFO - Processing /home/airflow/.local/lib/python3.6/site-packages/airflow/example_dags/example_dag_decorator.py took 0.210 seconds
[2023-02-14 14:14:13,554] {scheduler_job.py:182} INFO - Started process (PID=1128) to work on /home/airflow/.local/lib/python3.6/site-packages/airflow/example_dags/example_dag_decorator.py
[2023-02-14 14:14:13,555] {scheduler_job.py:633} INFO - Processing file /home/airflow/.local/lib/python3.6/site-packages/airflow/example_dags/example_dag_decorator.py for tasks to queue
[2023-02-14 14:14:13,555] {logging_mixin.py:104} INFO - [2023-02-14 14:14:13,555] {dagbag.py:496} INFO - Filling up the DagBag from /home/airflow/.local/lib/python3.6/site-packages/airflow/example_dags/example_dag_decorator.py
[2023-02-14 14:14:13,569] {scheduler_job.py:643} INFO - DAG(s) dict_keys(['example_dag_decorator']) retrieved from /home/airflow/.local/lib/python3.6/site-packages/airflow/example_dags/example_dag_decorator.py
[2023-02-14 14:14:13,738] {logging_mixin.py:104} INFO - [2023-02-14 14:14:13,738] {dag.py:1833} INFO - Sync 1 DAGs
[2023-02-14 14:14:13,751] {logging_mixin.py:104} INFO - [2023-02-14 14:14:13,751] {dag.py:2306} INFO - Setting next_dagrun for example_dag_decorator to None
[2023-02-14 14:14:13,759] {scheduler_job.py:190} INFO - Processing /home/airflow/.local/lib/python3.6/site-packages/airflow/example_dags/example_dag_decorator.py took 0.207 seconds
[2023-02-14 14:14:43,820] {scheduler_job.py:182} INFO - Started process (PID=1179) to work on /home/airflow/.local/lib/python3.6/site-packages/airflow/example_dags/example_dag_decorator.py
[2023-02-14 14:14:43,821] {scheduler_job.py:633} INFO - Processing file /home/airflow/.local/lib/python3.6/site-packages/airflow/example_dags/example_dag_decorator.py for tasks to queue
[2023-02-14 14:14:43,822] {logging_mixin.py:104} INFO - [2023-02-14 14:14:43,822] {dagbag.py:496} INFO - Filling up the DagBag from /home/airflow/.local/lib/python3.6/site-packages/airflow/example_dags/example_dag_decorator.py
[2023-02-14 14:14:43,839] {scheduler_job.py:643} INFO - DAG(s) dict_keys(['example_dag_decorator']) retrieved from /home/airflow/.local/lib/python3.6/site-packages/airflow/example_dags/example_dag_decorator.py
[2023-02-14 14:14:43,855] {logging_mixin.py:104} INFO - [2023-02-14 14:14:43,855] {dag.py:1833} INFO - Sync 1 DAGs
[2023-02-14 14:14:43,869] {logging_mixin.py:104} INFO - [2023-02-14 14:14:43,868] {dag.py:2306} INFO - Setting next_dagrun for example_dag_decorator to None
[2023-02-14 14:14:43,877] {scheduler_job.py:190} INFO - Processing /home/airflow/.local/lib/python3.6/site-packages/airflow/example_dags/example_dag_decorator.py took 0.059 seconds
[2023-02-14 14:15:14,788] {scheduler_job.py:182} INFO - Started process (PID=1240) to work on /home/airflow/.local/lib/python3.6/site-packages/airflow/example_dags/example_dag_decorator.py
[2023-02-14 14:15:14,789] {scheduler_job.py:633} INFO - Processing file /home/airflow/.local/lib/python3.6/site-packages/airflow/example_dags/example_dag_decorator.py for tasks to queue
[2023-02-14 14:15:14,790] {logging_mixin.py:104} INFO - [2023-02-14 14:15:14,790] {dagbag.py:496} INFO - Filling up the DagBag from /home/airflow/.local/lib/python3.6/site-packages/airflow/example_dags/example_dag_decorator.py
[2023-02-14 14:15:14,805] {scheduler_job.py:643} INFO - DAG(s) dict_keys(['example_dag_decorator']) retrieved from /home/airflow/.local/lib/python3.6/site-packages/airflow/example_dags/example_dag_decorator.py
[2023-02-14 14:15:14,980] {logging_mixin.py:104} INFO - [2023-02-14 14:15:14,980] {dag.py:1833} INFO - Sync 1 DAGs
[2023-02-14 14:15:14,989] {logging_mixin.py:104} INFO - [2023-02-14 14:15:14,989] {dag.py:2306} INFO - Setting next_dagrun for example_dag_decorator to None
[2023-02-14 14:15:14,997] {scheduler_job.py:190} INFO - Processing /home/airflow/.local/lib/python3.6/site-packages/airflow/example_dags/example_dag_decorator.py took 0.211 seconds
[2023-02-14 14:15:45,936] {scheduler_job.py:182} INFO - Started process (PID=1292) to work on /home/airflow/.local/lib/python3.6/site-packages/airflow/example_dags/example_dag_decorator.py
[2023-02-14 14:15:45,938] {scheduler_job.py:633} INFO - Processing file /home/airflow/.local/lib/python3.6/site-packages/airflow/example_dags/example_dag_decorator.py for tasks to queue
[2023-02-14 14:15:45,938] {logging_mixin.py:104} INFO - [2023-02-14 14:15:45,938] {dagbag.py:496} INFO - Filling up the DagBag from /home/airflow/.local/lib/python3.6/site-packages/airflow/example_dags/example_dag_decorator.py
[2023-02-14 14:15:45,951] {scheduler_job.py:643} INFO - DAG(s) dict_keys(['example_dag_decorator']) retrieved from /home/airflow/.local/lib/python3.6/site-packages/airflow/example_dags/example_dag_decorator.py
[2023-02-14 14:15:46,111] {logging_mixin.py:104} INFO - [2023-02-14 14:15:46,111] {dag.py:1833} INFO - Sync 1 DAGs
[2023-02-14 14:15:46,121] {logging_mixin.py:104} INFO - [2023-02-14 14:15:46,121] {dag.py:2306} INFO - Setting next_dagrun for example_dag_decorator to None
[2023-02-14 14:15:46,129] {scheduler_job.py:190} INFO - Processing /home/airflow/.local/lib/python3.6/site-packages/airflow/example_dags/example_dag_decorator.py took 0.194 seconds
[2023-02-14 14:16:16,305] {scheduler_job.py:182} INFO - Started process (PID=1353) to work on /home/airflow/.local/lib/python3.6/site-packages/airflow/example_dags/example_dag_decorator.py
[2023-02-14 14:16:16,306] {scheduler_job.py:633} INFO - Processing file /home/airflow/.local/lib/python3.6/site-packages/airflow/example_dags/example_dag_decorator.py for tasks to queue
[2023-02-14 14:16:16,306] {logging_mixin.py:104} INFO - [2023-02-14 14:16:16,306] {dagbag.py:496} INFO - Filling up the DagBag from /home/airflow/.local/lib/python3.6/site-packages/airflow/example_dags/example_dag_decorator.py
[2023-02-14 14:16:16,321] {scheduler_job.py:643} INFO - DAG(s) dict_keys(['example_dag_decorator']) retrieved from /home/airflow/.local/lib/python3.6/site-packages/airflow/example_dags/example_dag_decorator.py
[2023-02-14 14:16:16,489] {logging_mixin.py:104} INFO - [2023-02-14 14:16:16,489] {dag.py:1833} INFO - Sync 1 DAGs
[2023-02-14 14:16:16,500] {logging_mixin.py:104} INFO - [2023-02-14 14:16:16,500] {dag.py:2306} INFO - Setting next_dagrun for example_dag_decorator to None
[2023-02-14 14:16:16,507] {scheduler_job.py:190} INFO - Processing /home/airflow/.local/lib/python3.6/site-packages/airflow/example_dags/example_dag_decorator.py took 0.205 seconds
[2023-02-14 14:16:47,272] {scheduler_job.py:182} INFO - Started process (PID=1404) to work on /home/airflow/.local/lib/python3.6/site-packages/airflow/example_dags/example_dag_decorator.py
[2023-02-14 14:16:47,273] {scheduler_job.py:633} INFO - Processing file /home/airflow/.local/lib/python3.6/site-packages/airflow/example_dags/example_dag_decorator.py for tasks to queue
[2023-02-14 14:16:47,273] {logging_mixin.py:104} INFO - [2023-02-14 14:16:47,273] {dagbag.py:496} INFO - Filling up the DagBag from /home/airflow/.local/lib/python3.6/site-packages/airflow/example_dags/example_dag_decorator.py
[2023-02-14 14:16:47,288] {scheduler_job.py:643} INFO - DAG(s) dict_keys(['example_dag_decorator']) retrieved from /home/airflow/.local/lib/python3.6/site-packages/airflow/example_dags/example_dag_decorator.py
[2023-02-14 14:16:47,305] {logging_mixin.py:104} INFO - [2023-02-14 14:16:47,305] {dag.py:1833} INFO - Sync 1 DAGs
[2023-02-14 14:16:47,319] {logging_mixin.py:104} INFO - [2023-02-14 14:16:47,319] {dag.py:2306} INFO - Setting next_dagrun for example_dag_decorator to None
[2023-02-14 14:16:47,326] {scheduler_job.py:190} INFO - Processing /home/airflow/.local/lib/python3.6/site-packages/airflow/example_dags/example_dag_decorator.py took 0.057 seconds
[2023-02-14 14:17:18,265] {scheduler_job.py:182} INFO - Started process (PID=1465) to work on /home/airflow/.local/lib/python3.6/site-packages/airflow/example_dags/example_dag_decorator.py
[2023-02-14 14:17:18,265] {scheduler_job.py:633} INFO - Processing file /home/airflow/.local/lib/python3.6/site-packages/airflow/example_dags/example_dag_decorator.py for tasks to queue
[2023-02-14 14:17:18,266] {logging_mixin.py:104} INFO - [2023-02-14 14:17:18,266] {dagbag.py:496} INFO - Filling up the DagBag from /home/airflow/.local/lib/python3.6/site-packages/airflow/example_dags/example_dag_decorator.py
[2023-02-14 14:17:18,281] {scheduler_job.py:643} INFO - DAG(s) dict_keys(['example_dag_decorator']) retrieved from /home/airflow/.local/lib/python3.6/site-packages/airflow/example_dags/example_dag_decorator.py
[2023-02-14 14:17:18,448] {logging_mixin.py:104} INFO - [2023-02-14 14:17:18,448] {dag.py:1833} INFO - Sync 1 DAGs
[2023-02-14 14:17:18,458] {logging_mixin.py:104} INFO - [2023-02-14 14:17:18,458] {dag.py:2306} INFO - Setting next_dagrun for example_dag_decorator to None
[2023-02-14 14:17:18,466] {scheduler_job.py:190} INFO - Processing /home/airflow/.local/lib/python3.6/site-packages/airflow/example_dags/example_dag_decorator.py took 0.203 seconds
[2023-02-14 14:17:48,717] {scheduler_job.py:182} INFO - Started process (PID=1525) to work on /home/airflow/.local/lib/python3.6/site-packages/airflow/example_dags/example_dag_decorator.py
[2023-02-14 14:17:48,717] {scheduler_job.py:633} INFO - Processing file /home/airflow/.local/lib/python3.6/site-packages/airflow/example_dags/example_dag_decorator.py for tasks to queue
[2023-02-14 14:17:48,756] {logging_mixin.py:104} INFO - [2023-02-14 14:17:48,756] {dagbag.py:496} INFO - Filling up the DagBag from /home/airflow/.local/lib/python3.6/site-packages/airflow/example_dags/example_dag_decorator.py
[2023-02-14 14:17:48,776] {scheduler_job.py:643} INFO - DAG(s) dict_keys(['example_dag_decorator']) retrieved from /home/airflow/.local/lib/python3.6/site-packages/airflow/example_dags/example_dag_decorator.py
[2023-02-14 14:17:48,799] {logging_mixin.py:104} INFO - [2023-02-14 14:17:48,799] {dag.py:1833} INFO - Sync 1 DAGs
[2023-02-14 14:17:48,859] {logging_mixin.py:104} INFO - [2023-02-14 14:17:48,859] {dag.py:2306} INFO - Setting next_dagrun for example_dag_decorator to None
[2023-02-14 14:17:48,875] {scheduler_job.py:190} INFO - Processing /home/airflow/.local/lib/python3.6/site-packages/airflow/example_dags/example_dag_decorator.py took 0.160 seconds
[2023-02-14 14:18:19,130] {scheduler_job.py:182} INFO - Started process (PID=1576) to work on /home/airflow/.local/lib/python3.6/site-packages/airflow/example_dags/example_dag_decorator.py
[2023-02-14 14:18:19,131] {scheduler_job.py:633} INFO - Processing file /home/airflow/.local/lib/python3.6/site-packages/airflow/example_dags/example_dag_decorator.py for tasks to queue
[2023-02-14 14:18:19,131] {logging_mixin.py:104} INFO - [2023-02-14 14:18:19,131] {dagbag.py:496} INFO - Filling up the DagBag from /home/airflow/.local/lib/python3.6/site-packages/airflow/example_dags/example_dag_decorator.py
[2023-02-14 14:18:19,146] {scheduler_job.py:643} INFO - DAG(s) dict_keys(['example_dag_decorator']) retrieved from /home/airflow/.local/lib/python3.6/site-packages/airflow/example_dags/example_dag_decorator.py
[2023-02-14 14:18:19,313] {logging_mixin.py:104} INFO - [2023-02-14 14:18:19,313] {dag.py:1833} INFO - Sync 1 DAGs
[2023-02-14 14:18:19,323] {logging_mixin.py:104} INFO - [2023-02-14 14:18:19,323] {dag.py:2306} INFO - Setting next_dagrun for example_dag_decorator to None
[2023-02-14 14:18:19,332] {scheduler_job.py:190} INFO - Processing /home/airflow/.local/lib/python3.6/site-packages/airflow/example_dags/example_dag_decorator.py took 0.204 seconds
[2023-02-14 14:18:49,958] {scheduler_job.py:182} INFO - Started process (PID=1627) to work on /home/airflow/.local/lib/python3.6/site-packages/airflow/example_dags/example_dag_decorator.py
[2023-02-14 14:18:49,959] {scheduler_job.py:633} INFO - Processing file /home/airflow/.local/lib/python3.6/site-packages/airflow/example_dags/example_dag_decorator.py for tasks to queue
[2023-02-14 14:18:49,960] {logging_mixin.py:104} INFO - [2023-02-14 14:18:49,960] {dagbag.py:496} INFO - Filling up the DagBag from /home/airflow/.local/lib/python3.6/site-packages/airflow/example_dags/example_dag_decorator.py
[2023-02-14 14:18:49,983] {scheduler_job.py:643} INFO - DAG(s) dict_keys(['example_dag_decorator']) retrieved from /home/airflow/.local/lib/python3.6/site-packages/airflow/example_dags/example_dag_decorator.py
[2023-02-14 14:18:51,175] {logging_mixin.py:104} INFO - [2023-02-14 14:18:51,175] {dag.py:1833} INFO - Sync 1 DAGs
[2023-02-14 14:18:51,256] {logging_mixin.py:104} INFO - [2023-02-14 14:18:51,256] {dag.py:2306} INFO - Setting next_dagrun for example_dag_decorator to None
[2023-02-14 14:18:51,370] {scheduler_job.py:190} INFO - Processing /home/airflow/.local/lib/python3.6/site-packages/airflow/example_dags/example_dag_decorator.py took 1.462 seconds
[2023-02-14 14:19:21,762] {scheduler_job.py:182} INFO - Started process (PID=1678) to work on /home/airflow/.local/lib/python3.6/site-packages/airflow/example_dags/example_dag_decorator.py
[2023-02-14 14:19:21,763] {scheduler_job.py:633} INFO - Processing file /home/airflow/.local/lib/python3.6/site-packages/airflow/example_dags/example_dag_decorator.py for tasks to queue
[2023-02-14 14:19:21,764] {logging_mixin.py:104} INFO - [2023-02-14 14:19:21,763] {dagbag.py:496} INFO - Filling up the DagBag from /home/airflow/.local/lib/python3.6/site-packages/airflow/example_dags/example_dag_decorator.py
[2023-02-14 14:19:21,868] {scheduler_job.py:643} INFO - DAG(s) dict_keys(['example_dag_decorator']) retrieved from /home/airflow/.local/lib/python3.6/site-packages/airflow/example_dags/example_dag_decorator.py
[2023-02-14 14:19:22,067] {logging_mixin.py:104} INFO - [2023-02-14 14:19:22,067] {dag.py:1833} INFO - Sync 1 DAGs
[2023-02-14 14:19:22,164] {logging_mixin.py:104} INFO - [2023-02-14 14:19:22,164] {dag.py:2306} INFO - Setting next_dagrun for example_dag_decorator to None
[2023-02-14 14:19:22,174] {scheduler_job.py:190} INFO - Processing /home/airflow/.local/lib/python3.6/site-packages/airflow/example_dags/example_dag_decorator.py took 0.414 seconds
[2023-02-14 14:19:52,876] {scheduler_job.py:182} INFO - Started process (PID=1729) to work on /home/airflow/.local/lib/python3.6/site-packages/airflow/example_dags/example_dag_decorator.py
[2023-02-14 14:19:52,877] {scheduler_job.py:633} INFO - Processing file /home/airflow/.local/lib/python3.6/site-packages/airflow/example_dags/example_dag_decorator.py for tasks to queue
[2023-02-14 14:19:52,877] {logging_mixin.py:104} INFO - [2023-02-14 14:19:52,877] {dagbag.py:496} INFO - Filling up the DagBag from /home/airflow/.local/lib/python3.6/site-packages/airflow/example_dags/example_dag_decorator.py
[2023-02-14 14:19:52,900] {scheduler_job.py:643} INFO - DAG(s) dict_keys(['example_dag_decorator']) retrieved from /home/airflow/.local/lib/python3.6/site-packages/airflow/example_dags/example_dag_decorator.py
[2023-02-14 14:19:53,693] {logging_mixin.py:104} INFO - [2023-02-14 14:19:53,693] {dag.py:1833} INFO - Sync 1 DAGs
[2023-02-14 14:19:53,776] {logging_mixin.py:104} INFO - [2023-02-14 14:19:53,776] {dag.py:2306} INFO - Setting next_dagrun for example_dag_decorator to None
[2023-02-14 14:19:53,791] {scheduler_job.py:190} INFO - Processing /home/airflow/.local/lib/python3.6/site-packages/airflow/example_dags/example_dag_decorator.py took 0.918 seconds
[2023-02-14 14:20:23,954] {scheduler_job.py:182} INFO - Started process (PID=1792) to work on /home/airflow/.local/lib/python3.6/site-packages/airflow/example_dags/example_dag_decorator.py
[2023-02-14 14:20:23,955] {scheduler_job.py:633} INFO - Processing file /home/airflow/.local/lib/python3.6/site-packages/airflow/example_dags/example_dag_decorator.py for tasks to queue
[2023-02-14 14:20:23,956] {logging_mixin.py:104} INFO - [2023-02-14 14:20:23,955] {dagbag.py:496} INFO - Filling up the DagBag from /home/airflow/.local/lib/python3.6/site-packages/airflow/example_dags/example_dag_decorator.py
[2023-02-14 14:20:23,973] {scheduler_job.py:643} INFO - DAG(s) dict_keys(['example_dag_decorator']) retrieved from /home/airflow/.local/lib/python3.6/site-packages/airflow/example_dags/example_dag_decorator.py
[2023-02-14 14:20:24,154] {logging_mixin.py:104} INFO - [2023-02-14 14:20:24,153] {dag.py:1833} INFO - Sync 1 DAGs
[2023-02-14 14:20:24,166] {logging_mixin.py:104} INFO - [2023-02-14 14:20:24,166] {dag.py:2306} INFO - Setting next_dagrun for example_dag_decorator to None
[2023-02-14 14:20:24,175] {scheduler_job.py:190} INFO - Processing /home/airflow/.local/lib/python3.6/site-packages/airflow/example_dags/example_dag_decorator.py took 0.223 seconds
[2023-02-14 14:20:54,285] {scheduler_job.py:182} INFO - Started process (PID=1844) to work on /home/airflow/.local/lib/python3.6/site-packages/airflow/example_dags/example_dag_decorator.py
[2023-02-14 14:20:54,286] {scheduler_job.py:633} INFO - Processing file /home/airflow/.local/lib/python3.6/site-packages/airflow/example_dags/example_dag_decorator.py for tasks to queue
[2023-02-14 14:20:54,287] {logging_mixin.py:104} INFO - [2023-02-14 14:20:54,287] {dagbag.py:496} INFO - Filling up the DagBag from /home/airflow/.local/lib/python3.6/site-packages/airflow/example_dags/example_dag_decorator.py
[2023-02-14 14:20:54,303] {scheduler_job.py:643} INFO - DAG(s) dict_keys(['example_dag_decorator']) retrieved from /home/airflow/.local/lib/python3.6/site-packages/airflow/example_dags/example_dag_decorator.py
[2023-02-14 14:20:54,553] {logging_mixin.py:104} INFO - [2023-02-14 14:20:54,553] {dag.py:1833} INFO - Sync 1 DAGs
[2023-02-14 14:20:54,565] {logging_mixin.py:104} INFO - [2023-02-14 14:20:54,565] {dag.py:2306} INFO - Setting next_dagrun for example_dag_decorator to None
[2023-02-14 14:20:54,574] {scheduler_job.py:190} INFO - Processing /home/airflow/.local/lib/python3.6/site-packages/airflow/example_dags/example_dag_decorator.py took 0.292 seconds
[2023-02-14 14:21:25,503] {scheduler_job.py:182} INFO - Started process (PID=1905) to work on /home/airflow/.local/lib/python3.6/site-packages/airflow/example_dags/example_dag_decorator.py
[2023-02-14 14:21:25,504] {scheduler_job.py:633} INFO - Processing file /home/airflow/.local/lib/python3.6/site-packages/airflow/example_dags/example_dag_decorator.py for tasks to queue
[2023-02-14 14:21:25,504] {logging_mixin.py:104} INFO - [2023-02-14 14:21:25,504] {dagbag.py:496} INFO - Filling up the DagBag from /home/airflow/.local/lib/python3.6/site-packages/airflow/example_dags/example_dag_decorator.py
[2023-02-14 14:21:25,522] {scheduler_job.py:643} INFO - DAG(s) dict_keys(['example_dag_decorator']) retrieved from /home/airflow/.local/lib/python3.6/site-packages/airflow/example_dags/example_dag_decorator.py
[2023-02-14 14:21:25,687] {logging_mixin.py:104} INFO - [2023-02-14 14:21:25,687] {dag.py:1833} INFO - Sync 1 DAGs
[2023-02-14 14:21:25,698] {logging_mixin.py:104} INFO - [2023-02-14 14:21:25,698] {dag.py:2306} INFO - Setting next_dagrun for example_dag_decorator to None
[2023-02-14 14:21:25,707] {scheduler_job.py:190} INFO - Processing /home/airflow/.local/lib/python3.6/site-packages/airflow/example_dags/example_dag_decorator.py took 0.206 seconds
[2023-02-14 14:21:55,745] {scheduler_job.py:182} INFO - Started process (PID=1957) to work on /home/airflow/.local/lib/python3.6/site-packages/airflow/example_dags/example_dag_decorator.py
[2023-02-14 14:21:55,746] {scheduler_job.py:633} INFO - Processing file /home/airflow/.local/lib/python3.6/site-packages/airflow/example_dags/example_dag_decorator.py for tasks to queue
[2023-02-14 14:21:55,747] {logging_mixin.py:104} INFO - [2023-02-14 14:21:55,746] {dagbag.py:496} INFO - Filling up the DagBag from /home/airflow/.local/lib/python3.6/site-packages/airflow/example_dags/example_dag_decorator.py
[2023-02-14 14:21:55,761] {scheduler_job.py:643} INFO - DAG(s) dict_keys(['example_dag_decorator']) retrieved from /home/airflow/.local/lib/python3.6/site-packages/airflow/example_dags/example_dag_decorator.py
[2023-02-14 14:21:55,912] {logging_mixin.py:104} INFO - [2023-02-14 14:21:55,912] {dag.py:1833} INFO - Sync 1 DAGs
[2023-02-14 14:21:55,922] {logging_mixin.py:104} INFO - [2023-02-14 14:21:55,922] {dag.py:2306} INFO - Setting next_dagrun for example_dag_decorator to None
[2023-02-14 14:21:55,930] {scheduler_job.py:190} INFO - Processing /home/airflow/.local/lib/python3.6/site-packages/airflow/example_dags/example_dag_decorator.py took 0.186 seconds
[2023-02-14 14:22:26,685] {scheduler_job.py:182} INFO - Started process (PID=2017) to work on /home/airflow/.local/lib/python3.6/site-packages/airflow/example_dags/example_dag_decorator.py
[2023-02-14 14:22:26,685] {scheduler_job.py:633} INFO - Processing file /home/airflow/.local/lib/python3.6/site-packages/airflow/example_dags/example_dag_decorator.py for tasks to queue
[2023-02-14 14:22:26,686] {logging_mixin.py:104} INFO - [2023-02-14 14:22:26,686] {dagbag.py:496} INFO - Filling up the DagBag from /home/airflow/.local/lib/python3.6/site-packages/airflow/example_dags/example_dag_decorator.py
[2023-02-14 14:22:26,702] {scheduler_job.py:643} INFO - DAG(s) dict_keys(['example_dag_decorator']) retrieved from /home/airflow/.local/lib/python3.6/site-packages/airflow/example_dags/example_dag_decorator.py
[2023-02-14 14:22:26,717] {logging_mixin.py:104} INFO - [2023-02-14 14:22:26,717] {dag.py:1833} INFO - Sync 1 DAGs
[2023-02-14 14:22:26,728] {logging_mixin.py:104} INFO - [2023-02-14 14:22:26,728] {dag.py:2306} INFO - Setting next_dagrun for example_dag_decorator to None
[2023-02-14 14:22:26,735] {scheduler_job.py:190} INFO - Processing /home/airflow/.local/lib/python3.6/site-packages/airflow/example_dags/example_dag_decorator.py took 0.052 seconds
[2023-02-14 14:22:57,017] {scheduler_job.py:182} INFO - Started process (PID=2068) to work on /home/airflow/.local/lib/python3.6/site-packages/airflow/example_dags/example_dag_decorator.py
[2023-02-14 14:22:57,018] {scheduler_job.py:633} INFO - Processing file /home/airflow/.local/lib/python3.6/site-packages/airflow/example_dags/example_dag_decorator.py for tasks to queue
[2023-02-14 14:22:57,018] {logging_mixin.py:104} INFO - [2023-02-14 14:22:57,018] {dagbag.py:496} INFO - Filling up the DagBag from /home/airflow/.local/lib/python3.6/site-packages/airflow/example_dags/example_dag_decorator.py
[2023-02-14 14:22:57,033] {scheduler_job.py:643} INFO - DAG(s) dict_keys(['example_dag_decorator']) retrieved from /home/airflow/.local/lib/python3.6/site-packages/airflow/example_dags/example_dag_decorator.py
[2023-02-14 14:22:57,192] {logging_mixin.py:104} INFO - [2023-02-14 14:22:57,192] {dag.py:1833} INFO - Sync 1 DAGs
[2023-02-14 14:22:57,202] {logging_mixin.py:104} INFO - [2023-02-14 14:22:57,202] {dag.py:2306} INFO - Setting next_dagrun for example_dag_decorator to None
[2023-02-14 14:22:57,209] {scheduler_job.py:190} INFO - Processing /home/airflow/.local/lib/python3.6/site-packages/airflow/example_dags/example_dag_decorator.py took 0.195 seconds
[2023-02-14 14:23:27,378] {scheduler_job.py:182} INFO - Started process (PID=2129) to work on /home/airflow/.local/lib/python3.6/site-packages/airflow/example_dags/example_dag_decorator.py
[2023-02-14 14:23:27,379] {scheduler_job.py:633} INFO - Processing file /home/airflow/.local/lib/python3.6/site-packages/airflow/example_dags/example_dag_decorator.py for tasks to queue
[2023-02-14 14:23:27,379] {logging_mixin.py:104} INFO - [2023-02-14 14:23:27,379] {dagbag.py:496} INFO - Filling up the DagBag from /home/airflow/.local/lib/python3.6/site-packages/airflow/example_dags/example_dag_decorator.py
[2023-02-14 14:23:27,457] {scheduler_job.py:643} INFO - DAG(s) dict_keys(['example_dag_decorator']) retrieved from /home/airflow/.local/lib/python3.6/site-packages/airflow/example_dags/example_dag_decorator.py
[2023-02-14 14:23:27,781] {logging_mixin.py:104} INFO - [2023-02-14 14:23:27,781] {dag.py:1833} INFO - Sync 1 DAGs
[2023-02-14 14:23:27,793] {logging_mixin.py:104} INFO - [2023-02-14 14:23:27,793] {dag.py:2306} INFO - Setting next_dagrun for example_dag_decorator to None
[2023-02-14 14:23:27,803] {scheduler_job.py:190} INFO - Processing /home/airflow/.local/lib/python3.6/site-packages/airflow/example_dags/example_dag_decorator.py took 0.428 seconds
[2023-02-14 14:23:57,832] {scheduler_job.py:182} INFO - Started process (PID=2181) to work on /home/airflow/.local/lib/python3.6/site-packages/airflow/example_dags/example_dag_decorator.py
[2023-02-14 14:23:57,832] {scheduler_job.py:633} INFO - Processing file /home/airflow/.local/lib/python3.6/site-packages/airflow/example_dags/example_dag_decorator.py for tasks to queue
[2023-02-14 14:23:57,833] {logging_mixin.py:104} INFO - [2023-02-14 14:23:57,832] {dagbag.py:496} INFO - Filling up the DagBag from /home/airflow/.local/lib/python3.6/site-packages/airflow/example_dags/example_dag_decorator.py
[2023-02-14 14:23:57,848] {scheduler_job.py:643} INFO - DAG(s) dict_keys(['example_dag_decorator']) retrieved from /home/airflow/.local/lib/python3.6/site-packages/airflow/example_dags/example_dag_decorator.py
[2023-02-14 14:23:58,012] {logging_mixin.py:104} INFO - [2023-02-14 14:23:58,012] {dag.py:1833} INFO - Sync 1 DAGs
[2023-02-14 14:23:58,021] {logging_mixin.py:104} INFO - [2023-02-14 14:23:58,021] {dag.py:2306} INFO - Setting next_dagrun for example_dag_decorator to None
[2023-02-14 14:23:58,029] {scheduler_job.py:190} INFO - Processing /home/airflow/.local/lib/python3.6/site-packages/airflow/example_dags/example_dag_decorator.py took 0.199 seconds
[2023-02-14 14:24:28,943] {scheduler_job.py:182} INFO - Started process (PID=2242) to work on /home/airflow/.local/lib/python3.6/site-packages/airflow/example_dags/example_dag_decorator.py
[2023-02-14 14:24:28,943] {scheduler_job.py:633} INFO - Processing file /home/airflow/.local/lib/python3.6/site-packages/airflow/example_dags/example_dag_decorator.py for tasks to queue
[2023-02-14 14:24:28,944] {logging_mixin.py:104} INFO - [2023-02-14 14:24:28,943] {dagbag.py:496} INFO - Filling up the DagBag from /home/airflow/.local/lib/python3.6/site-packages/airflow/example_dags/example_dag_decorator.py
[2023-02-14 14:24:28,959] {scheduler_job.py:643} INFO - DAG(s) dict_keys(['example_dag_decorator']) retrieved from /home/airflow/.local/lib/python3.6/site-packages/airflow/example_dags/example_dag_decorator.py
[2023-02-14 14:24:29,130] {logging_mixin.py:104} INFO - [2023-02-14 14:24:29,130] {dag.py:1833} INFO - Sync 1 DAGs
[2023-02-14 14:24:29,141] {logging_mixin.py:104} INFO - [2023-02-14 14:24:29,141] {dag.py:2306} INFO - Setting next_dagrun for example_dag_decorator to None
[2023-02-14 14:24:29,149] {scheduler_job.py:190} INFO - Processing /home/airflow/.local/lib/python3.6/site-packages/airflow/example_dags/example_dag_decorator.py took 0.209 seconds
[2023-02-14 14:24:59,191] {scheduler_job.py:182} INFO - Started process (PID=2295) to work on /home/airflow/.local/lib/python3.6/site-packages/airflow/example_dags/example_dag_decorator.py
[2023-02-14 14:24:59,192] {scheduler_job.py:633} INFO - Processing file /home/airflow/.local/lib/python3.6/site-packages/airflow/example_dags/example_dag_decorator.py for tasks to queue
[2023-02-14 14:24:59,192] {logging_mixin.py:104} INFO - [2023-02-14 14:24:59,192] {dagbag.py:496} INFO - Filling up the DagBag from /home/airflow/.local/lib/python3.6/site-packages/airflow/example_dags/example_dag_decorator.py
[2023-02-14 14:24:59,208] {scheduler_job.py:643} INFO - DAG(s) dict_keys(['example_dag_decorator']) retrieved from /home/airflow/.local/lib/python3.6/site-packages/airflow/example_dags/example_dag_decorator.py
[2023-02-14 14:24:59,377] {logging_mixin.py:104} INFO - [2023-02-14 14:24:59,377] {dag.py:1833} INFO - Sync 1 DAGs
[2023-02-14 14:24:59,388] {logging_mixin.py:104} INFO - [2023-02-14 14:24:59,387] {dag.py:2306} INFO - Setting next_dagrun for example_dag_decorator to None
[2023-02-14 14:24:59,395] {scheduler_job.py:190} INFO - Processing /home/airflow/.local/lib/python3.6/site-packages/airflow/example_dags/example_dag_decorator.py took 0.206 seconds
[2023-02-14 14:25:29,437] {scheduler_job.py:182} INFO - Started process (PID=2358) to work on /home/airflow/.local/lib/python3.6/site-packages/airflow/example_dags/example_dag_decorator.py
[2023-02-14 14:25:29,438] {scheduler_job.py:633} INFO - Processing file /home/airflow/.local/lib/python3.6/site-packages/airflow/example_dags/example_dag_decorator.py for tasks to queue
[2023-02-14 14:25:29,438] {logging_mixin.py:104} INFO - [2023-02-14 14:25:29,438] {dagbag.py:496} INFO - Filling up the DagBag from /home/airflow/.local/lib/python3.6/site-packages/airflow/example_dags/example_dag_decorator.py
[2023-02-14 14:25:29,454] {scheduler_job.py:643} INFO - DAG(s) dict_keys(['example_dag_decorator']) retrieved from /home/airflow/.local/lib/python3.6/site-packages/airflow/example_dags/example_dag_decorator.py
[2023-02-14 14:25:29,615] {logging_mixin.py:104} INFO - [2023-02-14 14:25:29,615] {dag.py:1833} INFO - Sync 1 DAGs
[2023-02-14 14:25:29,626] {logging_mixin.py:104} INFO - [2023-02-14 14:25:29,626] {dag.py:2306} INFO - Setting next_dagrun for example_dag_decorator to None
[2023-02-14 14:25:29,633] {scheduler_job.py:190} INFO - Processing /home/airflow/.local/lib/python3.6/site-packages/airflow/example_dags/example_dag_decorator.py took 0.199 seconds
[2023-02-14 14:25:59,652] {scheduler_job.py:182} INFO - Started process (PID=2409) to work on /home/airflow/.local/lib/python3.6/site-packages/airflow/example_dags/example_dag_decorator.py
[2023-02-14 14:25:59,655] {scheduler_job.py:633} INFO - Processing file /home/airflow/.local/lib/python3.6/site-packages/airflow/example_dags/example_dag_decorator.py for tasks to queue
[2023-02-14 14:25:59,655] {logging_mixin.py:104} INFO - [2023-02-14 14:25:59,655] {dagbag.py:496} INFO - Filling up the DagBag from /home/airflow/.local/lib/python3.6/site-packages/airflow/example_dags/example_dag_decorator.py
[2023-02-14 14:25:59,676] {scheduler_job.py:643} INFO - DAG(s) dict_keys(['example_dag_decorator']) retrieved from /home/airflow/.local/lib/python3.6/site-packages/airflow/example_dags/example_dag_decorator.py
[2023-02-14 14:25:59,884] {logging_mixin.py:104} INFO - [2023-02-14 14:25:59,884] {dag.py:1833} INFO - Sync 1 DAGs
[2023-02-14 14:25:59,899] {logging_mixin.py:104} INFO - [2023-02-14 14:25:59,899] {dag.py:2306} INFO - Setting next_dagrun for example_dag_decorator to None
[2023-02-14 14:25:59,909] {scheduler_job.py:190} INFO - Processing /home/airflow/.local/lib/python3.6/site-packages/airflow/example_dags/example_dag_decorator.py took 0.259 seconds
[2023-02-14 14:26:29,987] {scheduler_job.py:182} INFO - Started process (PID=2465) to work on /home/airflow/.local/lib/python3.6/site-packages/airflow/example_dags/example_dag_decorator.py
[2023-02-14 14:26:29,987] {scheduler_job.py:633} INFO - Processing file /home/airflow/.local/lib/python3.6/site-packages/airflow/example_dags/example_dag_decorator.py for tasks to queue
[2023-02-14 14:26:29,988] {logging_mixin.py:104} INFO - [2023-02-14 14:26:29,988] {dagbag.py:496} INFO - Filling up the DagBag from /home/airflow/.local/lib/python3.6/site-packages/airflow/example_dags/example_dag_decorator.py
[2023-02-14 14:26:30,005] {scheduler_job.py:643} INFO - DAG(s) dict_keys(['example_dag_decorator']) retrieved from /home/airflow/.local/lib/python3.6/site-packages/airflow/example_dags/example_dag_decorator.py
[2023-02-14 14:26:30,209] {logging_mixin.py:104} INFO - [2023-02-14 14:26:30,209] {dag.py:1833} INFO - Sync 1 DAGs
[2023-02-14 14:26:30,221] {logging_mixin.py:104} INFO - [2023-02-14 14:26:30,221] {dag.py:2306} INFO - Setting next_dagrun for example_dag_decorator to None
[2023-02-14 14:26:30,230] {scheduler_job.py:190} INFO - Processing /home/airflow/.local/lib/python3.6/site-packages/airflow/example_dags/example_dag_decorator.py took 0.246 seconds
[2023-02-14 14:27:00,275] {scheduler_job.py:182} INFO - Started process (PID=2516) to work on /home/airflow/.local/lib/python3.6/site-packages/airflow/example_dags/example_dag_decorator.py
[2023-02-14 14:27:00,275] {scheduler_job.py:633} INFO - Processing file /home/airflow/.local/lib/python3.6/site-packages/airflow/example_dags/example_dag_decorator.py for tasks to queue
[2023-02-14 14:27:00,276] {logging_mixin.py:104} INFO - [2023-02-14 14:27:00,275] {dagbag.py:496} INFO - Filling up the DagBag from /home/airflow/.local/lib/python3.6/site-packages/airflow/example_dags/example_dag_decorator.py
[2023-02-14 14:27:00,293] {scheduler_job.py:643} INFO - DAG(s) dict_keys(['example_dag_decorator']) retrieved from /home/airflow/.local/lib/python3.6/site-packages/airflow/example_dags/example_dag_decorator.py
[2023-02-14 14:27:00,480] {logging_mixin.py:104} INFO - [2023-02-14 14:27:00,480] {dag.py:1833} INFO - Sync 1 DAGs
[2023-02-14 14:27:00,495] {logging_mixin.py:104} INFO - [2023-02-14 14:27:00,495] {dag.py:2306} INFO - Setting next_dagrun for example_dag_decorator to None
[2023-02-14 14:27:00,504] {scheduler_job.py:190} INFO - Processing /home/airflow/.local/lib/python3.6/site-packages/airflow/example_dags/example_dag_decorator.py took 0.232 seconds
[2023-02-14 14:27:30,574] {scheduler_job.py:182} INFO - Started process (PID=2579) to work on /home/airflow/.local/lib/python3.6/site-packages/airflow/example_dags/example_dag_decorator.py
[2023-02-14 14:27:30,574] {scheduler_job.py:633} INFO - Processing file /home/airflow/.local/lib/python3.6/site-packages/airflow/example_dags/example_dag_decorator.py for tasks to queue
[2023-02-14 14:27:30,575] {logging_mixin.py:104} INFO - [2023-02-14 14:27:30,575] {dagbag.py:496} INFO - Filling up the DagBag from /home/airflow/.local/lib/python3.6/site-packages/airflow/example_dags/example_dag_decorator.py
[2023-02-14 14:27:30,589] {scheduler_job.py:643} INFO - DAG(s) dict_keys(['example_dag_decorator']) retrieved from /home/airflow/.local/lib/python3.6/site-packages/airflow/example_dags/example_dag_decorator.py
[2023-02-14 14:27:30,886] {logging_mixin.py:104} INFO - [2023-02-14 14:27:30,886] {dag.py:1833} INFO - Sync 1 DAGs
[2023-02-14 14:27:30,901] {logging_mixin.py:104} INFO - [2023-02-14 14:27:30,901] {dag.py:2306} INFO - Setting next_dagrun for example_dag_decorator to None
[2023-02-14 14:27:30,911] {scheduler_job.py:190} INFO - Processing /home/airflow/.local/lib/python3.6/site-packages/airflow/example_dags/example_dag_decorator.py took 0.339 seconds
[2023-02-14 14:28:01,002] {scheduler_job.py:182} INFO - Started process (PID=2628) to work on /home/airflow/.local/lib/python3.6/site-packages/airflow/example_dags/example_dag_decorator.py
[2023-02-14 14:28:01,003] {scheduler_job.py:633} INFO - Processing file /home/airflow/.local/lib/python3.6/site-packages/airflow/example_dags/example_dag_decorator.py for tasks to queue
[2023-02-14 14:28:01,003] {logging_mixin.py:104} INFO - [2023-02-14 14:28:01,003] {dagbag.py:496} INFO - Filling up the DagBag from /home/airflow/.local/lib/python3.6/site-packages/airflow/example_dags/example_dag_decorator.py
[2023-02-14 14:28:01,017] {scheduler_job.py:643} INFO - DAG(s) dict_keys(['example_dag_decorator']) retrieved from /home/airflow/.local/lib/python3.6/site-packages/airflow/example_dags/example_dag_decorator.py
[2023-02-14 14:28:01,180] {logging_mixin.py:104} INFO - [2023-02-14 14:28:01,180] {dag.py:1833} INFO - Sync 1 DAGs
[2023-02-14 14:28:01,194] {logging_mixin.py:104} INFO - [2023-02-14 14:28:01,194] {dag.py:2306} INFO - Setting next_dagrun for example_dag_decorator to None
[2023-02-14 14:28:01,206] {scheduler_job.py:190} INFO - Processing /home/airflow/.local/lib/python3.6/site-packages/airflow/example_dags/example_dag_decorator.py took 0.206 seconds
[2023-02-14 14:28:31,238] {scheduler_job.py:182} INFO - Started process (PID=2692) to work on /home/airflow/.local/lib/python3.6/site-packages/airflow/example_dags/example_dag_decorator.py
[2023-02-14 14:28:31,239] {scheduler_job.py:633} INFO - Processing file /home/airflow/.local/lib/python3.6/site-packages/airflow/example_dags/example_dag_decorator.py for tasks to queue
[2023-02-14 14:28:31,239] {logging_mixin.py:104} INFO - [2023-02-14 14:28:31,239] {dagbag.py:496} INFO - Filling up the DagBag from /home/airflow/.local/lib/python3.6/site-packages/airflow/example_dags/example_dag_decorator.py
[2023-02-14 14:28:31,254] {scheduler_job.py:643} INFO - DAG(s) dict_keys(['example_dag_decorator']) retrieved from /home/airflow/.local/lib/python3.6/site-packages/airflow/example_dags/example_dag_decorator.py
[2023-02-14 14:28:31,448] {logging_mixin.py:104} INFO - [2023-02-14 14:28:31,448] {dag.py:1833} INFO - Sync 1 DAGs
[2023-02-14 14:28:31,459] {logging_mixin.py:104} INFO - [2023-02-14 14:28:31,459] {dag.py:2306} INFO - Setting next_dagrun for example_dag_decorator to None
[2023-02-14 14:28:31,469] {scheduler_job.py:190} INFO - Processing /home/airflow/.local/lib/python3.6/site-packages/airflow/example_dags/example_dag_decorator.py took 0.233 seconds
[2023-02-14 14:29:01,514] {scheduler_job.py:182} INFO - Started process (PID=2745) to work on /home/airflow/.local/lib/python3.6/site-packages/airflow/example_dags/example_dag_decorator.py
[2023-02-14 14:29:01,515] {scheduler_job.py:633} INFO - Processing file /home/airflow/.local/lib/python3.6/site-packages/airflow/example_dags/example_dag_decorator.py for tasks to queue
[2023-02-14 14:29:01,515] {logging_mixin.py:104} INFO - [2023-02-14 14:29:01,515] {dagbag.py:496} INFO - Filling up the DagBag from /home/airflow/.local/lib/python3.6/site-packages/airflow/example_dags/example_dag_decorator.py
[2023-02-14 14:29:01,529] {scheduler_job.py:643} INFO - DAG(s) dict_keys(['example_dag_decorator']) retrieved from /home/airflow/.local/lib/python3.6/site-packages/airflow/example_dags/example_dag_decorator.py
[2023-02-14 14:29:01,719] {logging_mixin.py:104} INFO - [2023-02-14 14:29:01,719] {dag.py:1833} INFO - Sync 1 DAGs
[2023-02-14 14:29:01,732] {logging_mixin.py:104} INFO - [2023-02-14 14:29:01,732] {dag.py:2306} INFO - Setting next_dagrun for example_dag_decorator to None
[2023-02-14 14:29:01,741] {scheduler_job.py:190} INFO - Processing /home/airflow/.local/lib/python3.6/site-packages/airflow/example_dags/example_dag_decorator.py took 0.230 seconds
[2023-02-14 14:29:31,798] {scheduler_job.py:182} INFO - Started process (PID=2806) to work on /home/airflow/.local/lib/python3.6/site-packages/airflow/example_dags/example_dag_decorator.py
[2023-02-14 14:29:31,798] {scheduler_job.py:633} INFO - Processing file /home/airflow/.local/lib/python3.6/site-packages/airflow/example_dags/example_dag_decorator.py for tasks to queue
[2023-02-14 14:29:31,799] {logging_mixin.py:104} INFO - [2023-02-14 14:29:31,799] {dagbag.py:496} INFO - Filling up the DagBag from /home/airflow/.local/lib/python3.6/site-packages/airflow/example_dags/example_dag_decorator.py
[2023-02-14 14:29:31,813] {scheduler_job.py:643} INFO - DAG(s) dict_keys(['example_dag_decorator']) retrieved from /home/airflow/.local/lib/python3.6/site-packages/airflow/example_dags/example_dag_decorator.py
[2023-02-14 14:29:31,980] {logging_mixin.py:104} INFO - [2023-02-14 14:29:31,980] {dag.py:1833} INFO - Sync 1 DAGs
[2023-02-14 14:29:31,991] {logging_mixin.py:104} INFO - [2023-02-14 14:29:31,991] {dag.py:2306} INFO - Setting next_dagrun for example_dag_decorator to None
[2023-02-14 14:29:31,998] {scheduler_job.py:190} INFO - Processing /home/airflow/.local/lib/python3.6/site-packages/airflow/example_dags/example_dag_decorator.py took 0.203 seconds
[2023-02-14 14:30:02,142] {scheduler_job.py:182} INFO - Started process (PID=2867) to work on /home/airflow/.local/lib/python3.6/site-packages/airflow/example_dags/example_dag_decorator.py
[2023-02-14 14:30:02,143] {scheduler_job.py:633} INFO - Processing file /home/airflow/.local/lib/python3.6/site-packages/airflow/example_dags/example_dag_decorator.py for tasks to queue
[2023-02-14 14:30:02,143] {logging_mixin.py:104} INFO - [2023-02-14 14:30:02,143] {dagbag.py:496} INFO - Filling up the DagBag from /home/airflow/.local/lib/python3.6/site-packages/airflow/example_dags/example_dag_decorator.py
[2023-02-14 14:30:02,164] {scheduler_job.py:643} INFO - DAG(s) dict_keys(['example_dag_decorator']) retrieved from /home/airflow/.local/lib/python3.6/site-packages/airflow/example_dags/example_dag_decorator.py
[2023-02-14 14:30:02,343] {logging_mixin.py:104} INFO - [2023-02-14 14:30:02,343] {dag.py:1833} INFO - Sync 1 DAGs
[2023-02-14 14:30:02,355] {logging_mixin.py:104} INFO - [2023-02-14 14:30:02,354] {dag.py:2306} INFO - Setting next_dagrun for example_dag_decorator to None
[2023-02-14 14:30:02,363] {scheduler_job.py:190} INFO - Processing /home/airflow/.local/lib/python3.6/site-packages/airflow/example_dags/example_dag_decorator.py took 0.223 seconds
[2023-02-14 14:30:32,402] {scheduler_job.py:182} INFO - Started process (PID=2918) to work on /home/airflow/.local/lib/python3.6/site-packages/airflow/example_dags/example_dag_decorator.py
[2023-02-14 14:30:32,402] {scheduler_job.py:633} INFO - Processing file /home/airflow/.local/lib/python3.6/site-packages/airflow/example_dags/example_dag_decorator.py for tasks to queue
[2023-02-14 14:30:32,403] {logging_mixin.py:104} INFO - [2023-02-14 14:30:32,403] {dagbag.py:496} INFO - Filling up the DagBag from /home/airflow/.local/lib/python3.6/site-packages/airflow/example_dags/example_dag_decorator.py
[2023-02-14 14:30:32,417] {scheduler_job.py:643} INFO - DAG(s) dict_keys(['example_dag_decorator']) retrieved from /home/airflow/.local/lib/python3.6/site-packages/airflow/example_dags/example_dag_decorator.py
[2023-02-14 14:30:32,584] {logging_mixin.py:104} INFO - [2023-02-14 14:30:32,584] {dag.py:1833} INFO - Sync 1 DAGs
[2023-02-14 14:30:32,595] {logging_mixin.py:104} INFO - [2023-02-14 14:30:32,595] {dag.py:2306} INFO - Setting next_dagrun for example_dag_decorator to None
[2023-02-14 14:30:32,603] {scheduler_job.py:190} INFO - Processing /home/airflow/.local/lib/python3.6/site-packages/airflow/example_dags/example_dag_decorator.py took 0.203 seconds
[2023-02-14 14:31:03,501] {scheduler_job.py:182} INFO - Started process (PID=2979) to work on /home/airflow/.local/lib/python3.6/site-packages/airflow/example_dags/example_dag_decorator.py
[2023-02-14 14:31:03,503] {scheduler_job.py:633} INFO - Processing file /home/airflow/.local/lib/python3.6/site-packages/airflow/example_dags/example_dag_decorator.py for tasks to queue
[2023-02-14 14:31:03,503] {logging_mixin.py:104} INFO - [2023-02-14 14:31:03,503] {dagbag.py:496} INFO - Filling up the DagBag from /home/airflow/.local/lib/python3.6/site-packages/airflow/example_dags/example_dag_decorator.py
[2023-02-14 14:31:03,519] {scheduler_job.py:643} INFO - DAG(s) dict_keys(['example_dag_decorator']) retrieved from /home/airflow/.local/lib/python3.6/site-packages/airflow/example_dags/example_dag_decorator.py
[2023-02-14 14:31:03,686] {logging_mixin.py:104} INFO - [2023-02-14 14:31:03,686] {dag.py:1833} INFO - Sync 1 DAGs
[2023-02-14 14:31:03,698] {logging_mixin.py:104} INFO - [2023-02-14 14:31:03,698] {dag.py:2306} INFO - Setting next_dagrun for example_dag_decorator to None
[2023-02-14 14:31:03,706] {scheduler_job.py:190} INFO - Processing /home/airflow/.local/lib/python3.6/site-packages/airflow/example_dags/example_dag_decorator.py took 0.206 seconds
[2023-02-14 14:31:33,917] {scheduler_job.py:182} INFO - Started process (PID=3030) to work on /home/airflow/.local/lib/python3.6/site-packages/airflow/example_dags/example_dag_decorator.py
[2023-02-14 14:31:33,918] {scheduler_job.py:633} INFO - Processing file /home/airflow/.local/lib/python3.6/site-packages/airflow/example_dags/example_dag_decorator.py for tasks to queue
[2023-02-14 14:31:33,919] {logging_mixin.py:104} INFO - [2023-02-14 14:31:33,919] {dagbag.py:496} INFO - Filling up the DagBag from /home/airflow/.local/lib/python3.6/site-packages/airflow/example_dags/example_dag_decorator.py
[2023-02-14 14:31:33,933] {scheduler_job.py:643} INFO - DAG(s) dict_keys(['example_dag_decorator']) retrieved from /home/airflow/.local/lib/python3.6/site-packages/airflow/example_dags/example_dag_decorator.py
[2023-02-14 14:31:34,099] {logging_mixin.py:104} INFO - [2023-02-14 14:31:34,099] {dag.py:1833} INFO - Sync 1 DAGs
[2023-02-14 14:31:34,110] {logging_mixin.py:104} INFO - [2023-02-14 14:31:34,110] {dag.py:2306} INFO - Setting next_dagrun for example_dag_decorator to None
[2023-02-14 14:31:34,118] {scheduler_job.py:190} INFO - Processing /home/airflow/.local/lib/python3.6/site-packages/airflow/example_dags/example_dag_decorator.py took 0.203 seconds
[2023-02-14 14:32:04,203] {scheduler_job.py:182} INFO - Started process (PID=3091) to work on /home/airflow/.local/lib/python3.6/site-packages/airflow/example_dags/example_dag_decorator.py
[2023-02-14 14:32:04,203] {scheduler_job.py:633} INFO - Processing file /home/airflow/.local/lib/python3.6/site-packages/airflow/example_dags/example_dag_decorator.py for tasks to queue
[2023-02-14 14:32:04,204] {logging_mixin.py:104} INFO - [2023-02-14 14:32:04,204] {dagbag.py:496} INFO - Filling up the DagBag from /home/airflow/.local/lib/python3.6/site-packages/airflow/example_dags/example_dag_decorator.py
[2023-02-14 14:32:04,225] {scheduler_job.py:643} INFO - DAG(s) dict_keys(['example_dag_decorator']) retrieved from /home/airflow/.local/lib/python3.6/site-packages/airflow/example_dags/example_dag_decorator.py
[2023-02-14 14:32:09,395] {logging_mixin.py:104} INFO - [2023-02-14 14:32:09,395] {dag.py:1833} INFO - Sync 1 DAGs
[2023-02-14 14:32:09,406] {logging_mixin.py:104} INFO - [2023-02-14 14:32:09,406] {dag.py:2306} INFO - Setting next_dagrun for example_dag_decorator to None
[2023-02-14 14:32:09,415] {scheduler_job.py:190} INFO - Processing /home/airflow/.local/lib/python3.6/site-packages/airflow/example_dags/example_dag_decorator.py took 5.216 seconds
[2023-02-14 14:32:39,660] {scheduler_job.py:182} INFO - Started process (PID=3155) to work on /home/airflow/.local/lib/python3.6/site-packages/airflow/example_dags/example_dag_decorator.py
[2023-02-14 14:32:39,661] {scheduler_job.py:633} INFO - Processing file /home/airflow/.local/lib/python3.6/site-packages/airflow/example_dags/example_dag_decorator.py for tasks to queue
[2023-02-14 14:32:39,661] {logging_mixin.py:104} INFO - [2023-02-14 14:32:39,661] {dagbag.py:496} INFO - Filling up the DagBag from /home/airflow/.local/lib/python3.6/site-packages/airflow/example_dags/example_dag_decorator.py
[2023-02-14 14:32:39,682] {scheduler_job.py:643} INFO - DAG(s) dict_keys(['example_dag_decorator']) retrieved from /home/airflow/.local/lib/python3.6/site-packages/airflow/example_dags/example_dag_decorator.py
[2023-02-14 14:32:39,899] {logging_mixin.py:104} INFO - [2023-02-14 14:32:39,899] {dag.py:1833} INFO - Sync 1 DAGs
[2023-02-14 14:32:39,914] {logging_mixin.py:104} INFO - [2023-02-14 14:32:39,914] {dag.py:2306} INFO - Setting next_dagrun for example_dag_decorator to None
[2023-02-14 14:32:39,925] {scheduler_job.py:190} INFO - Processing /home/airflow/.local/lib/python3.6/site-packages/airflow/example_dags/example_dag_decorator.py took 0.268 seconds
[2023-02-14 14:33:09,966] {scheduler_job.py:182} INFO - Started process (PID=3206) to work on /home/airflow/.local/lib/python3.6/site-packages/airflow/example_dags/example_dag_decorator.py
[2023-02-14 14:33:09,966] {scheduler_job.py:633} INFO - Processing file /home/airflow/.local/lib/python3.6/site-packages/airflow/example_dags/example_dag_decorator.py for tasks to queue
[2023-02-14 14:33:09,967] {logging_mixin.py:104} INFO - [2023-02-14 14:33:09,967] {dagbag.py:496} INFO - Filling up the DagBag from /home/airflow/.local/lib/python3.6/site-packages/airflow/example_dags/example_dag_decorator.py
[2023-02-14 14:33:09,980] {scheduler_job.py:643} INFO - DAG(s) dict_keys(['example_dag_decorator']) retrieved from /home/airflow/.local/lib/python3.6/site-packages/airflow/example_dags/example_dag_decorator.py
[2023-02-14 14:33:10,140] {logging_mixin.py:104} INFO - [2023-02-14 14:33:10,140] {dag.py:1833} INFO - Sync 1 DAGs
[2023-02-14 14:33:10,151] {logging_mixin.py:104} INFO - [2023-02-14 14:33:10,151] {dag.py:2306} INFO - Setting next_dagrun for example_dag_decorator to None
[2023-02-14 14:33:10,158] {scheduler_job.py:190} INFO - Processing /home/airflow/.local/lib/python3.6/site-packages/airflow/example_dags/example_dag_decorator.py took 0.195 seconds
[2023-02-14 14:33:40,336] {scheduler_job.py:182} INFO - Started process (PID=3267) to work on /home/airflow/.local/lib/python3.6/site-packages/airflow/example_dags/example_dag_decorator.py
[2023-02-14 14:33:40,336] {scheduler_job.py:633} INFO - Processing file /home/airflow/.local/lib/python3.6/site-packages/airflow/example_dags/example_dag_decorator.py for tasks to queue
[2023-02-14 14:33:40,337] {logging_mixin.py:104} INFO - [2023-02-14 14:33:40,337] {dagbag.py:496} INFO - Filling up the DagBag from /home/airflow/.local/lib/python3.6/site-packages/airflow/example_dags/example_dag_decorator.py
[2023-02-14 14:33:40,350] {scheduler_job.py:643} INFO - DAG(s) dict_keys(['example_dag_decorator']) retrieved from /home/airflow/.local/lib/python3.6/site-packages/airflow/example_dags/example_dag_decorator.py
[2023-02-14 14:33:40,504] {logging_mixin.py:104} INFO - [2023-02-14 14:33:40,504] {dag.py:1833} INFO - Sync 1 DAGs
[2023-02-14 14:33:40,514] {logging_mixin.py:104} INFO - [2023-02-14 14:33:40,514] {dag.py:2306} INFO - Setting next_dagrun for example_dag_decorator to None
[2023-02-14 14:33:40,522] {scheduler_job.py:190} INFO - Processing /home/airflow/.local/lib/python3.6/site-packages/airflow/example_dags/example_dag_decorator.py took 0.188 seconds
[2023-02-14 14:34:11,140] {scheduler_job.py:182} INFO - Started process (PID=3328) to work on /home/airflow/.local/lib/python3.6/site-packages/airflow/example_dags/example_dag_decorator.py
[2023-02-14 14:34:11,140] {scheduler_job.py:633} INFO - Processing file /home/airflow/.local/lib/python3.6/site-packages/airflow/example_dags/example_dag_decorator.py for tasks to queue
[2023-02-14 14:34:11,141] {logging_mixin.py:104} INFO - [2023-02-14 14:34:11,141] {dagbag.py:496} INFO - Filling up the DagBag from /home/airflow/.local/lib/python3.6/site-packages/airflow/example_dags/example_dag_decorator.py
[2023-02-14 14:34:11,156] {scheduler_job.py:643} INFO - DAG(s) dict_keys(['example_dag_decorator']) retrieved from /home/airflow/.local/lib/python3.6/site-packages/airflow/example_dags/example_dag_decorator.py
[2023-02-14 14:34:11,365] {logging_mixin.py:104} INFO - [2023-02-14 14:34:11,365] {dag.py:1833} INFO - Sync 1 DAGs
[2023-02-14 14:34:11,379] {logging_mixin.py:104} INFO - [2023-02-14 14:34:11,379] {dag.py:2306} INFO - Setting next_dagrun for example_dag_decorator to None
[2023-02-14 14:34:11,389] {scheduler_job.py:190} INFO - Processing /home/airflow/.local/lib/python3.6/site-packages/airflow/example_dags/example_dag_decorator.py took 0.252 seconds
[2023-02-14 14:34:41,456] {scheduler_job.py:182} INFO - Started process (PID=3379) to work on /home/airflow/.local/lib/python3.6/site-packages/airflow/example_dags/example_dag_decorator.py
[2023-02-14 14:34:41,457] {scheduler_job.py:633} INFO - Processing file /home/airflow/.local/lib/python3.6/site-packages/airflow/example_dags/example_dag_decorator.py for tasks to queue
[2023-02-14 14:34:41,458] {logging_mixin.py:104} INFO - [2023-02-14 14:34:41,457] {dagbag.py:496} INFO - Filling up the DagBag from /home/airflow/.local/lib/python3.6/site-packages/airflow/example_dags/example_dag_decorator.py
[2023-02-14 14:34:41,478] {scheduler_job.py:643} INFO - DAG(s) dict_keys(['example_dag_decorator']) retrieved from /home/airflow/.local/lib/python3.6/site-packages/airflow/example_dags/example_dag_decorator.py
[2023-02-14 14:34:41,729] {logging_mixin.py:104} INFO - [2023-02-14 14:34:41,729] {dag.py:1833} INFO - Sync 1 DAGs
[2023-02-14 14:34:41,743] {logging_mixin.py:104} INFO - [2023-02-14 14:34:41,743] {dag.py:2306} INFO - Setting next_dagrun for example_dag_decorator to None
[2023-02-14 14:34:41,761] {scheduler_job.py:190} INFO - Processing /home/airflow/.local/lib/python3.6/site-packages/airflow/example_dags/example_dag_decorator.py took 0.307 seconds
[2023-02-14 14:35:12,071] {scheduler_job.py:182} INFO - Started process (PID=3430) to work on /home/airflow/.local/lib/python3.6/site-packages/airflow/example_dags/example_dag_decorator.py
[2023-02-14 14:35:12,073] {scheduler_job.py:633} INFO - Processing file /home/airflow/.local/lib/python3.6/site-packages/airflow/example_dags/example_dag_decorator.py for tasks to queue
[2023-02-14 14:35:12,074] {logging_mixin.py:104} INFO - [2023-02-14 14:35:12,074] {dagbag.py:496} INFO - Filling up the DagBag from /home/airflow/.local/lib/python3.6/site-packages/airflow/example_dags/example_dag_decorator.py
[2023-02-14 14:35:12,094] {scheduler_job.py:643} INFO - DAG(s) dict_keys(['example_dag_decorator']) retrieved from /home/airflow/.local/lib/python3.6/site-packages/airflow/example_dags/example_dag_decorator.py
[2023-02-14 14:35:12,382] {logging_mixin.py:104} INFO - [2023-02-14 14:35:12,382] {dag.py:1833} INFO - Sync 1 DAGs
[2023-02-14 14:35:12,398] {logging_mixin.py:104} INFO - [2023-02-14 14:35:12,398] {dag.py:2306} INFO - Setting next_dagrun for example_dag_decorator to None
[2023-02-14 14:35:12,411] {scheduler_job.py:190} INFO - Processing /home/airflow/.local/lib/python3.6/site-packages/airflow/example_dags/example_dag_decorator.py took 0.344 seconds
[2023-02-14 14:35:42,506] {scheduler_job.py:182} INFO - Started process (PID=3491) to work on /home/airflow/.local/lib/python3.6/site-packages/airflow/example_dags/example_dag_decorator.py
[2023-02-14 14:35:42,507] {scheduler_job.py:633} INFO - Processing file /home/airflow/.local/lib/python3.6/site-packages/airflow/example_dags/example_dag_decorator.py for tasks to queue
[2023-02-14 14:35:42,507] {logging_mixin.py:104} INFO - [2023-02-14 14:35:42,507] {dagbag.py:496} INFO - Filling up the DagBag from /home/airflow/.local/lib/python3.6/site-packages/airflow/example_dags/example_dag_decorator.py
[2023-02-14 14:35:42,524] {scheduler_job.py:643} INFO - DAG(s) dict_keys(['example_dag_decorator']) retrieved from /home/airflow/.local/lib/python3.6/site-packages/airflow/example_dags/example_dag_decorator.py
[2023-02-14 14:35:42,751] {logging_mixin.py:104} INFO - [2023-02-14 14:35:42,751] {dag.py:1833} INFO - Sync 1 DAGs
[2023-02-14 14:35:42,763] {logging_mixin.py:104} INFO - [2023-02-14 14:35:42,763] {dag.py:2306} INFO - Setting next_dagrun for example_dag_decorator to None
[2023-02-14 14:35:42,773] {scheduler_job.py:190} INFO - Processing /home/airflow/.local/lib/python3.6/site-packages/airflow/example_dags/example_dag_decorator.py took 0.270 seconds
[2023-02-14 14:36:13,088] {scheduler_job.py:182} INFO - Started process (PID=3542) to work on /home/airflow/.local/lib/python3.6/site-packages/airflow/example_dags/example_dag_decorator.py
[2023-02-14 14:36:13,089] {scheduler_job.py:633} INFO - Processing file /home/airflow/.local/lib/python3.6/site-packages/airflow/example_dags/example_dag_decorator.py for tasks to queue
[2023-02-14 14:36:13,089] {logging_mixin.py:104} INFO - [2023-02-14 14:36:13,089] {dagbag.py:496} INFO - Filling up the DagBag from /home/airflow/.local/lib/python3.6/site-packages/airflow/example_dags/example_dag_decorator.py
[2023-02-14 14:36:13,104] {scheduler_job.py:643} INFO - DAG(s) dict_keys(['example_dag_decorator']) retrieved from /home/airflow/.local/lib/python3.6/site-packages/airflow/example_dags/example_dag_decorator.py
[2023-02-14 14:36:13,467] {logging_mixin.py:104} INFO - [2023-02-14 14:36:13,467] {dag.py:1833} INFO - Sync 1 DAGs
[2023-02-14 14:36:13,484] {logging_mixin.py:104} INFO - [2023-02-14 14:36:13,484] {dag.py:2306} INFO - Setting next_dagrun for example_dag_decorator to None
[2023-02-14 14:36:13,497] {scheduler_job.py:190} INFO - Processing /home/airflow/.local/lib/python3.6/site-packages/airflow/example_dags/example_dag_decorator.py took 0.411 seconds
[2023-02-14 14:36:43,771] {scheduler_job.py:182} INFO - Started process (PID=3603) to work on /home/airflow/.local/lib/python3.6/site-packages/airflow/example_dags/example_dag_decorator.py
[2023-02-14 14:36:43,772] {scheduler_job.py:633} INFO - Processing file /home/airflow/.local/lib/python3.6/site-packages/airflow/example_dags/example_dag_decorator.py for tasks to queue
[2023-02-14 14:36:43,772] {logging_mixin.py:104} INFO - [2023-02-14 14:36:43,772] {dagbag.py:496} INFO - Filling up the DagBag from /home/airflow/.local/lib/python3.6/site-packages/airflow/example_dags/example_dag_decorator.py
[2023-02-14 14:36:43,791] {scheduler_job.py:643} INFO - DAG(s) dict_keys(['example_dag_decorator']) retrieved from /home/airflow/.local/lib/python3.6/site-packages/airflow/example_dags/example_dag_decorator.py
[2023-02-14 14:36:44,189] {logging_mixin.py:104} INFO - [2023-02-14 14:36:44,189] {dag.py:1833} INFO - Sync 1 DAGs
[2023-02-14 14:36:44,259] {logging_mixin.py:104} INFO - [2023-02-14 14:36:44,259] {dag.py:2306} INFO - Setting next_dagrun for example_dag_decorator to None
[2023-02-14 14:36:44,269] {scheduler_job.py:190} INFO - Processing /home/airflow/.local/lib/python3.6/site-packages/airflow/example_dags/example_dag_decorator.py took 0.500 seconds
[2023-02-14 14:37:15,083] {scheduler_job.py:182} INFO - Started process (PID=3654) to work on /home/airflow/.local/lib/python3.6/site-packages/airflow/example_dags/example_dag_decorator.py
[2023-02-14 14:37:15,084] {scheduler_job.py:633} INFO - Processing file /home/airflow/.local/lib/python3.6/site-packages/airflow/example_dags/example_dag_decorator.py for tasks to queue
[2023-02-14 14:37:15,085] {logging_mixin.py:104} INFO - [2023-02-14 14:37:15,085] {dagbag.py:496} INFO - Filling up the DagBag from /home/airflow/.local/lib/python3.6/site-packages/airflow/example_dags/example_dag_decorator.py
[2023-02-14 14:37:15,101] {scheduler_job.py:643} INFO - DAG(s) dict_keys(['example_dag_decorator']) retrieved from /home/airflow/.local/lib/python3.6/site-packages/airflow/example_dags/example_dag_decorator.py
[2023-02-14 14:37:15,289] {logging_mixin.py:104} INFO - [2023-02-14 14:37:15,288] {dag.py:1833} INFO - Sync 1 DAGs
[2023-02-14 14:37:15,300] {logging_mixin.py:104} INFO - [2023-02-14 14:37:15,300] {dag.py:2306} INFO - Setting next_dagrun for example_dag_decorator to None
[2023-02-14 14:37:15,309] {scheduler_job.py:190} INFO - Processing /home/airflow/.local/lib/python3.6/site-packages/airflow/example_dags/example_dag_decorator.py took 0.228 seconds
[2023-02-14 14:37:45,893] {scheduler_job.py:182} INFO - Started process (PID=3715) to work on /home/airflow/.local/lib/python3.6/site-packages/airflow/example_dags/example_dag_decorator.py
[2023-02-14 14:37:45,894] {scheduler_job.py:633} INFO - Processing file /home/airflow/.local/lib/python3.6/site-packages/airflow/example_dags/example_dag_decorator.py for tasks to queue
[2023-02-14 14:37:45,894] {logging_mixin.py:104} INFO - [2023-02-14 14:37:45,894] {dagbag.py:496} INFO - Filling up the DagBag from /home/airflow/.local/lib/python3.6/site-packages/airflow/example_dags/example_dag_decorator.py
[2023-02-14 14:37:45,909] {scheduler_job.py:643} INFO - DAG(s) dict_keys(['example_dag_decorator']) retrieved from /home/airflow/.local/lib/python3.6/site-packages/airflow/example_dags/example_dag_decorator.py
[2023-02-14 14:37:46,099] {logging_mixin.py:104} INFO - [2023-02-14 14:37:46,099] {dag.py:1833} INFO - Sync 1 DAGs
[2023-02-14 14:37:46,110] {logging_mixin.py:104} INFO - [2023-02-14 14:37:46,110] {dag.py:2306} INFO - Setting next_dagrun for example_dag_decorator to None
[2023-02-14 14:37:46,120] {scheduler_job.py:190} INFO - Processing /home/airflow/.local/lib/python3.6/site-packages/airflow/example_dags/example_dag_decorator.py took 0.229 seconds
[2023-02-14 14:38:16,700] {scheduler_job.py:182} INFO - Started process (PID=3766) to work on /home/airflow/.local/lib/python3.6/site-packages/airflow/example_dags/example_dag_decorator.py
[2023-02-14 14:38:16,701] {scheduler_job.py:633} INFO - Processing file /home/airflow/.local/lib/python3.6/site-packages/airflow/example_dags/example_dag_decorator.py for tasks to queue
[2023-02-14 14:38:16,702] {logging_mixin.py:104} INFO - [2023-02-14 14:38:16,701] {dagbag.py:496} INFO - Filling up the DagBag from /home/airflow/.local/lib/python3.6/site-packages/airflow/example_dags/example_dag_decorator.py
[2023-02-14 14:38:16,725] {scheduler_job.py:643} INFO - DAG(s) dict_keys(['example_dag_decorator']) retrieved from /home/airflow/.local/lib/python3.6/site-packages/airflow/example_dags/example_dag_decorator.py
[2023-02-14 14:38:16,967] {logging_mixin.py:104} INFO - [2023-02-14 14:38:16,967] {dag.py:1833} INFO - Sync 1 DAGs
[2023-02-14 14:38:16,985] {logging_mixin.py:104} INFO - [2023-02-14 14:38:16,985] {dag.py:2306} INFO - Setting next_dagrun for example_dag_decorator to None
[2023-02-14 14:38:16,999] {scheduler_job.py:190} INFO - Processing /home/airflow/.local/lib/python3.6/site-packages/airflow/example_dags/example_dag_decorator.py took 0.302 seconds
[2023-02-14 14:38:47,178] {scheduler_job.py:182} INFO - Started process (PID=3827) to work on /home/airflow/.local/lib/python3.6/site-packages/airflow/example_dags/example_dag_decorator.py
[2023-02-14 14:38:47,179] {scheduler_job.py:633} INFO - Processing file /home/airflow/.local/lib/python3.6/site-packages/airflow/example_dags/example_dag_decorator.py for tasks to queue
[2023-02-14 14:38:47,180] {logging_mixin.py:104} INFO - [2023-02-14 14:38:47,180] {dagbag.py:496} INFO - Filling up the DagBag from /home/airflow/.local/lib/python3.6/site-packages/airflow/example_dags/example_dag_decorator.py
[2023-02-14 14:38:47,205] {scheduler_job.py:643} INFO - DAG(s) dict_keys(['example_dag_decorator']) retrieved from /home/airflow/.local/lib/python3.6/site-packages/airflow/example_dags/example_dag_decorator.py
[2023-02-14 14:38:47,498] {logging_mixin.py:104} INFO - [2023-02-14 14:38:47,498] {dag.py:1833} INFO - Sync 1 DAGs
[2023-02-14 14:38:47,517] {logging_mixin.py:104} INFO - [2023-02-14 14:38:47,517] {dag.py:2306} INFO - Setting next_dagrun for example_dag_decorator to None
[2023-02-14 14:38:47,532] {scheduler_job.py:190} INFO - Processing /home/airflow/.local/lib/python3.6/site-packages/airflow/example_dags/example_dag_decorator.py took 0.357 seconds
[2023-02-14 14:39:17,793] {scheduler_job.py:182} INFO - Started process (PID=3878) to work on /home/airflow/.local/lib/python3.6/site-packages/airflow/example_dags/example_dag_decorator.py
[2023-02-14 14:39:17,794] {scheduler_job.py:633} INFO - Processing file /home/airflow/.local/lib/python3.6/site-packages/airflow/example_dags/example_dag_decorator.py for tasks to queue
[2023-02-14 14:39:17,795] {logging_mixin.py:104} INFO - [2023-02-14 14:39:17,794] {dagbag.py:496} INFO - Filling up the DagBag from /home/airflow/.local/lib/python3.6/site-packages/airflow/example_dags/example_dag_decorator.py
[2023-02-14 14:39:17,810] {scheduler_job.py:643} INFO - DAG(s) dict_keys(['example_dag_decorator']) retrieved from /home/airflow/.local/lib/python3.6/site-packages/airflow/example_dags/example_dag_decorator.py
[2023-02-14 14:39:18,001] {logging_mixin.py:104} INFO - [2023-02-14 14:39:18,001] {dag.py:1833} INFO - Sync 1 DAGs
[2023-02-14 14:39:18,013] {logging_mixin.py:104} INFO - [2023-02-14 14:39:18,013] {dag.py:2306} INFO - Setting next_dagrun for example_dag_decorator to None
[2023-02-14 14:39:18,022] {scheduler_job.py:190} INFO - Processing /home/airflow/.local/lib/python3.6/site-packages/airflow/example_dags/example_dag_decorator.py took 0.231 seconds
[2023-02-14 14:39:48,279] {scheduler_job.py:182} INFO - Started process (PID=3929) to work on /home/airflow/.local/lib/python3.6/site-packages/airflow/example_dags/example_dag_decorator.py
[2023-02-14 14:39:48,280] {scheduler_job.py:633} INFO - Processing file /home/airflow/.local/lib/python3.6/site-packages/airflow/example_dags/example_dag_decorator.py for tasks to queue
[2023-02-14 14:39:48,280] {logging_mixin.py:104} INFO - [2023-02-14 14:39:48,280] {dagbag.py:496} INFO - Filling up the DagBag from /home/airflow/.local/lib/python3.6/site-packages/airflow/example_dags/example_dag_decorator.py
[2023-02-14 14:39:48,296] {scheduler_job.py:643} INFO - DAG(s) dict_keys(['example_dag_decorator']) retrieved from /home/airflow/.local/lib/python3.6/site-packages/airflow/example_dags/example_dag_decorator.py
[2023-02-14 14:39:48,468] {logging_mixin.py:104} INFO - [2023-02-14 14:39:48,468] {dag.py:1833} INFO - Sync 1 DAGs
[2023-02-14 14:39:48,478] {logging_mixin.py:104} INFO - [2023-02-14 14:39:48,478] {dag.py:2306} INFO - Setting next_dagrun for example_dag_decorator to None
[2023-02-14 14:39:48,485] {scheduler_job.py:190} INFO - Processing /home/airflow/.local/lib/python3.6/site-packages/airflow/example_dags/example_dag_decorator.py took 0.209 seconds
[2023-02-14 14:40:18,543] {scheduler_job.py:182} INFO - Started process (PID=3990) to work on /home/airflow/.local/lib/python3.6/site-packages/airflow/example_dags/example_dag_decorator.py
[2023-02-14 14:40:18,544] {scheduler_job.py:633} INFO - Processing file /home/airflow/.local/lib/python3.6/site-packages/airflow/example_dags/example_dag_decorator.py for tasks to queue
[2023-02-14 14:40:18,544] {logging_mixin.py:104} INFO - [2023-02-14 14:40:18,544] {dagbag.py:496} INFO - Filling up the DagBag from /home/airflow/.local/lib/python3.6/site-packages/airflow/example_dags/example_dag_decorator.py
[2023-02-14 14:40:18,559] {scheduler_job.py:643} INFO - DAG(s) dict_keys(['example_dag_decorator']) retrieved from /home/airflow/.local/lib/python3.6/site-packages/airflow/example_dags/example_dag_decorator.py
[2023-02-14 14:40:18,717] {logging_mixin.py:104} INFO - [2023-02-14 14:40:18,717] {dag.py:1833} INFO - Sync 1 DAGs
[2023-02-14 14:40:18,727] {logging_mixin.py:104} INFO - [2023-02-14 14:40:18,727] {dag.py:2306} INFO - Setting next_dagrun for example_dag_decorator to None
[2023-02-14 14:40:18,735] {scheduler_job.py:190} INFO - Processing /home/airflow/.local/lib/python3.6/site-packages/airflow/example_dags/example_dag_decorator.py took 0.194 seconds
[2023-02-14 14:40:48,838] {scheduler_job.py:182} INFO - Started process (PID=4050) to work on /home/airflow/.local/lib/python3.6/site-packages/airflow/example_dags/example_dag_decorator.py
[2023-02-14 14:40:48,839] {scheduler_job.py:633} INFO - Processing file /home/airflow/.local/lib/python3.6/site-packages/airflow/example_dags/example_dag_decorator.py for tasks to queue
[2023-02-14 14:40:48,839] {logging_mixin.py:104} INFO - [2023-02-14 14:40:48,839] {dagbag.py:496} INFO - Filling up the DagBag from /home/airflow/.local/lib/python3.6/site-packages/airflow/example_dags/example_dag_decorator.py
[2023-02-14 14:40:48,861] {scheduler_job.py:643} INFO - DAG(s) dict_keys(['example_dag_decorator']) retrieved from /home/airflow/.local/lib/python3.6/site-packages/airflow/example_dags/example_dag_decorator.py
[2023-02-14 14:40:49,037] {logging_mixin.py:104} INFO - [2023-02-14 14:40:49,037] {dag.py:1833} INFO - Sync 1 DAGs
[2023-02-14 14:40:49,048] {logging_mixin.py:104} INFO - [2023-02-14 14:40:49,048] {dag.py:2306} INFO - Setting next_dagrun for example_dag_decorator to None
[2023-02-14 14:40:49,057] {scheduler_job.py:190} INFO - Processing /home/airflow/.local/lib/python3.6/site-packages/airflow/example_dags/example_dag_decorator.py took 0.222 seconds
[2023-02-14 14:41:19,359] {scheduler_job.py:182} INFO - Started process (PID=4102) to work on /home/airflow/.local/lib/python3.6/site-packages/airflow/example_dags/example_dag_decorator.py
[2023-02-14 14:41:19,360] {scheduler_job.py:633} INFO - Processing file /home/airflow/.local/lib/python3.6/site-packages/airflow/example_dags/example_dag_decorator.py for tasks to queue
[2023-02-14 14:41:19,361] {logging_mixin.py:104} INFO - [2023-02-14 14:41:19,361] {dagbag.py:496} INFO - Filling up the DagBag from /home/airflow/.local/lib/python3.6/site-packages/airflow/example_dags/example_dag_decorator.py
[2023-02-14 14:41:19,379] {scheduler_job.py:643} INFO - DAG(s) dict_keys(['example_dag_decorator']) retrieved from /home/airflow/.local/lib/python3.6/site-packages/airflow/example_dags/example_dag_decorator.py
[2023-02-14 14:41:19,567] {logging_mixin.py:104} INFO - [2023-02-14 14:41:19,567] {dag.py:1833} INFO - Sync 1 DAGs
[2023-02-14 14:41:19,580] {logging_mixin.py:104} INFO - [2023-02-14 14:41:19,580] {dag.py:2306} INFO - Setting next_dagrun for example_dag_decorator to None
[2023-02-14 14:41:20,284] {scheduler_job.py:190} INFO - Processing /home/airflow/.local/lib/python3.6/site-packages/airflow/example_dags/example_dag_decorator.py took 0.927 seconds
[2023-02-14 14:41:50,629] {scheduler_job.py:182} INFO - Started process (PID=4163) to work on /home/airflow/.local/lib/python3.6/site-packages/airflow/example_dags/example_dag_decorator.py
[2023-02-14 14:41:50,630] {scheduler_job.py:633} INFO - Processing file /home/airflow/.local/lib/python3.6/site-packages/airflow/example_dags/example_dag_decorator.py for tasks to queue
[2023-02-14 14:41:50,630] {logging_mixin.py:104} INFO - [2023-02-14 14:41:50,630] {dagbag.py:496} INFO - Filling up the DagBag from /home/airflow/.local/lib/python3.6/site-packages/airflow/example_dags/example_dag_decorator.py
[2023-02-14 14:41:50,645] {scheduler_job.py:643} INFO - DAG(s) dict_keys(['example_dag_decorator']) retrieved from /home/airflow/.local/lib/python3.6/site-packages/airflow/example_dags/example_dag_decorator.py
[2023-02-14 14:41:50,835] {logging_mixin.py:104} INFO - [2023-02-14 14:41:50,835] {dag.py:1833} INFO - Sync 1 DAGs
[2023-02-14 14:41:50,847] {logging_mixin.py:104} INFO - [2023-02-14 14:41:50,847] {dag.py:2306} INFO - Setting next_dagrun for example_dag_decorator to None
[2023-02-14 14:41:50,856] {scheduler_job.py:190} INFO - Processing /home/airflow/.local/lib/python3.6/site-packages/airflow/example_dags/example_dag_decorator.py took 0.229 seconds
[2023-02-14 14:42:21,270] {scheduler_job.py:182} INFO - Started process (PID=4214) to work on /home/airflow/.local/lib/python3.6/site-packages/airflow/example_dags/example_dag_decorator.py
[2023-02-14 14:42:21,271] {scheduler_job.py:633} INFO - Processing file /home/airflow/.local/lib/python3.6/site-packages/airflow/example_dags/example_dag_decorator.py for tasks to queue
[2023-02-14 14:42:21,271] {logging_mixin.py:104} INFO - [2023-02-14 14:42:21,271] {dagbag.py:496} INFO - Filling up the DagBag from /home/airflow/.local/lib/python3.6/site-packages/airflow/example_dags/example_dag_decorator.py
[2023-02-14 14:42:21,287] {scheduler_job.py:643} INFO - DAG(s) dict_keys(['example_dag_decorator']) retrieved from /home/airflow/.local/lib/python3.6/site-packages/airflow/example_dags/example_dag_decorator.py
[2023-02-14 14:42:21,461] {logging_mixin.py:104} INFO - [2023-02-14 14:42:21,461] {dag.py:1833} INFO - Sync 1 DAGs
[2023-02-14 14:42:21,472] {logging_mixin.py:104} INFO - [2023-02-14 14:42:21,472] {dag.py:2306} INFO - Setting next_dagrun for example_dag_decorator to None
[2023-02-14 14:42:21,480] {scheduler_job.py:190} INFO - Processing /home/airflow/.local/lib/python3.6/site-packages/airflow/example_dags/example_dag_decorator.py took 0.211 seconds
[2023-02-14 14:42:51,637] {scheduler_job.py:182} INFO - Started process (PID=4275) to work on /home/airflow/.local/lib/python3.6/site-packages/airflow/example_dags/example_dag_decorator.py
[2023-02-14 14:42:51,638] {scheduler_job.py:633} INFO - Processing file /home/airflow/.local/lib/python3.6/site-packages/airflow/example_dags/example_dag_decorator.py for tasks to queue
[2023-02-14 14:42:51,638] {logging_mixin.py:104} INFO - [2023-02-14 14:42:51,638] {dagbag.py:496} INFO - Filling up the DagBag from /home/airflow/.local/lib/python3.6/site-packages/airflow/example_dags/example_dag_decorator.py
[2023-02-14 14:42:51,656] {scheduler_job.py:643} INFO - DAG(s) dict_keys(['example_dag_decorator']) retrieved from /home/airflow/.local/lib/python3.6/site-packages/airflow/example_dags/example_dag_decorator.py
[2023-02-14 14:42:51,884] {logging_mixin.py:104} INFO - [2023-02-14 14:42:51,884] {dag.py:1833} INFO - Sync 1 DAGs
[2023-02-14 14:42:51,900] {logging_mixin.py:104} INFO - [2023-02-14 14:42:51,900] {dag.py:2306} INFO - Setting next_dagrun for example_dag_decorator to None
[2023-02-14 14:42:51,910] {scheduler_job.py:190} INFO - Processing /home/airflow/.local/lib/python3.6/site-packages/airflow/example_dags/example_dag_decorator.py took 0.276 seconds
[2023-02-14 14:43:21,988] {scheduler_job.py:182} INFO - Started process (PID=4328) to work on /home/airflow/.local/lib/python3.6/site-packages/airflow/example_dags/example_dag_decorator.py
[2023-02-14 14:43:21,988] {scheduler_job.py:633} INFO - Processing file /home/airflow/.local/lib/python3.6/site-packages/airflow/example_dags/example_dag_decorator.py for tasks to queue
[2023-02-14 14:43:21,989] {logging_mixin.py:104} INFO - [2023-02-14 14:43:21,989] {dagbag.py:496} INFO - Filling up the DagBag from /home/airflow/.local/lib/python3.6/site-packages/airflow/example_dags/example_dag_decorator.py
[2023-02-14 14:43:22,004] {scheduler_job.py:643} INFO - DAG(s) dict_keys(['example_dag_decorator']) retrieved from /home/airflow/.local/lib/python3.6/site-packages/airflow/example_dags/example_dag_decorator.py
[2023-02-14 14:43:22,188] {logging_mixin.py:104} INFO - [2023-02-14 14:43:22,188] {dag.py:1833} INFO - Sync 1 DAGs
[2023-02-14 14:43:22,200] {logging_mixin.py:104} INFO - [2023-02-14 14:43:22,200] {dag.py:2306} INFO - Setting next_dagrun for example_dag_decorator to None
[2023-02-14 14:43:22,211] {scheduler_job.py:190} INFO - Processing /home/airflow/.local/lib/python3.6/site-packages/airflow/example_dags/example_dag_decorator.py took 0.225 seconds
[2023-02-14 14:43:52,388] {scheduler_job.py:182} INFO - Started process (PID=4386) to work on /home/airflow/.local/lib/python3.6/site-packages/airflow/example_dags/example_dag_decorator.py
[2023-02-14 14:43:52,391] {scheduler_job.py:633} INFO - Processing file /home/airflow/.local/lib/python3.6/site-packages/airflow/example_dags/example_dag_decorator.py for tasks to queue
[2023-02-14 14:43:52,392] {logging_mixin.py:104} INFO - [2023-02-14 14:43:52,392] {dagbag.py:496} INFO - Filling up the DagBag from /home/airflow/.local/lib/python3.6/site-packages/airflow/example_dags/example_dag_decorator.py
[2023-02-14 14:43:52,412] {scheduler_job.py:643} INFO - DAG(s) dict_keys(['example_dag_decorator']) retrieved from /home/airflow/.local/lib/python3.6/site-packages/airflow/example_dags/example_dag_decorator.py
[2023-02-14 14:43:52,617] {logging_mixin.py:104} INFO - [2023-02-14 14:43:52,617] {dag.py:1833} INFO - Sync 1 DAGs
[2023-02-14 14:43:52,630] {logging_mixin.py:104} INFO - [2023-02-14 14:43:52,630] {dag.py:2306} INFO - Setting next_dagrun for example_dag_decorator to None
[2023-02-14 14:43:52,639] {scheduler_job.py:190} INFO - Processing /home/airflow/.local/lib/python3.6/site-packages/airflow/example_dags/example_dag_decorator.py took 0.254 seconds
[2023-02-14 14:44:22,700] {scheduler_job.py:182} INFO - Started process (PID=4438) to work on /home/airflow/.local/lib/python3.6/site-packages/airflow/example_dags/example_dag_decorator.py
[2023-02-14 14:44:22,700] {scheduler_job.py:633} INFO - Processing file /home/airflow/.local/lib/python3.6/site-packages/airflow/example_dags/example_dag_decorator.py for tasks to queue
[2023-02-14 14:44:22,701] {logging_mixin.py:104} INFO - [2023-02-14 14:44:22,701] {dagbag.py:496} INFO - Filling up the DagBag from /home/airflow/.local/lib/python3.6/site-packages/airflow/example_dags/example_dag_decorator.py
[2023-02-14 14:44:22,718] {scheduler_job.py:643} INFO - DAG(s) dict_keys(['example_dag_decorator']) retrieved from /home/airflow/.local/lib/python3.6/site-packages/airflow/example_dags/example_dag_decorator.py
[2023-02-14 14:44:23,041] {logging_mixin.py:104} INFO - [2023-02-14 14:44:23,040] {dag.py:1833} INFO - Sync 1 DAGs
[2023-02-14 14:44:23,053] {logging_mixin.py:104} INFO - [2023-02-14 14:44:23,053] {dag.py:2306} INFO - Setting next_dagrun for example_dag_decorator to None
[2023-02-14 14:44:23,062] {scheduler_job.py:190} INFO - Processing /home/airflow/.local/lib/python3.6/site-packages/airflow/example_dags/example_dag_decorator.py took 0.365 seconds
[2023-02-14 14:44:53,639] {scheduler_job.py:182} INFO - Started process (PID=4489) to work on /home/airflow/.local/lib/python3.6/site-packages/airflow/example_dags/example_dag_decorator.py
[2023-02-14 14:44:53,639] {scheduler_job.py:633} INFO - Processing file /home/airflow/.local/lib/python3.6/site-packages/airflow/example_dags/example_dag_decorator.py for tasks to queue
[2023-02-14 14:44:53,640] {logging_mixin.py:104} INFO - [2023-02-14 14:44:53,640] {dagbag.py:496} INFO - Filling up the DagBag from /home/airflow/.local/lib/python3.6/site-packages/airflow/example_dags/example_dag_decorator.py
[2023-02-14 14:44:53,655] {scheduler_job.py:643} INFO - DAG(s) dict_keys(['example_dag_decorator']) retrieved from /home/airflow/.local/lib/python3.6/site-packages/airflow/example_dags/example_dag_decorator.py
[2023-02-14 14:44:53,839] {logging_mixin.py:104} INFO - [2023-02-14 14:44:53,839] {dag.py:1833} INFO - Sync 1 DAGs
[2023-02-14 14:44:53,850] {logging_mixin.py:104} INFO - [2023-02-14 14:44:53,850] {dag.py:2306} INFO - Setting next_dagrun for example_dag_decorator to None
[2023-02-14 14:44:53,861] {scheduler_job.py:190} INFO - Processing /home/airflow/.local/lib/python3.6/site-packages/airflow/example_dags/example_dag_decorator.py took 0.224 seconds
[2023-02-14 14:45:23,980] {scheduler_job.py:182} INFO - Started process (PID=4550) to work on /home/airflow/.local/lib/python3.6/site-packages/airflow/example_dags/example_dag_decorator.py
[2023-02-14 14:45:23,981] {scheduler_job.py:633} INFO - Processing file /home/airflow/.local/lib/python3.6/site-packages/airflow/example_dags/example_dag_decorator.py for tasks to queue
[2023-02-14 14:45:23,981] {logging_mixin.py:104} INFO - [2023-02-14 14:45:23,981] {dagbag.py:496} INFO - Filling up the DagBag from /home/airflow/.local/lib/python3.6/site-packages/airflow/example_dags/example_dag_decorator.py
[2023-02-14 14:45:23,999] {scheduler_job.py:643} INFO - DAG(s) dict_keys(['example_dag_decorator']) retrieved from /home/airflow/.local/lib/python3.6/site-packages/airflow/example_dags/example_dag_decorator.py
[2023-02-14 14:45:24,395] {logging_mixin.py:104} INFO - [2023-02-14 14:45:24,395] {dag.py:1833} INFO - Sync 1 DAGs
[2023-02-14 14:45:24,409] {logging_mixin.py:104} INFO - [2023-02-14 14:45:24,409] {dag.py:2306} INFO - Setting next_dagrun for example_dag_decorator to None
[2023-02-14 14:45:24,420] {scheduler_job.py:190} INFO - Processing /home/airflow/.local/lib/python3.6/site-packages/airflow/example_dags/example_dag_decorator.py took 0.442 seconds
[2023-02-14 14:45:54,578] {scheduler_job.py:182} INFO - Started process (PID=4602) to work on /home/airflow/.local/lib/python3.6/site-packages/airflow/example_dags/example_dag_decorator.py
[2023-02-14 14:45:54,579] {scheduler_job.py:633} INFO - Processing file /home/airflow/.local/lib/python3.6/site-packages/airflow/example_dags/example_dag_decorator.py for tasks to queue
[2023-02-14 14:45:54,580] {logging_mixin.py:104} INFO - [2023-02-14 14:45:54,580] {dagbag.py:496} INFO - Filling up the DagBag from /home/airflow/.local/lib/python3.6/site-packages/airflow/example_dags/example_dag_decorator.py
[2023-02-14 14:45:54,602] {scheduler_job.py:643} INFO - DAG(s) dict_keys(['example_dag_decorator']) retrieved from /home/airflow/.local/lib/python3.6/site-packages/airflow/example_dags/example_dag_decorator.py
[2023-02-14 14:45:55,057] {logging_mixin.py:104} INFO - [2023-02-14 14:45:55,057] {dag.py:1833} INFO - Sync 1 DAGs
[2023-02-14 14:45:55,073] {logging_mixin.py:104} INFO - [2023-02-14 14:45:55,073] {dag.py:2306} INFO - Setting next_dagrun for example_dag_decorator to None
[2023-02-14 14:45:55,085] {scheduler_job.py:190} INFO - Processing /home/airflow/.local/lib/python3.6/site-packages/airflow/example_dags/example_dag_decorator.py took 0.511 seconds
[2023-02-14 14:46:25,163] {scheduler_job.py:182} INFO - Started process (PID=4653) to work on /home/airflow/.local/lib/python3.6/site-packages/airflow/example_dags/example_dag_decorator.py
[2023-02-14 14:46:25,164] {scheduler_job.py:633} INFO - Processing file /home/airflow/.local/lib/python3.6/site-packages/airflow/example_dags/example_dag_decorator.py for tasks to queue
[2023-02-14 14:46:25,165] {logging_mixin.py:104} INFO - [2023-02-14 14:46:25,165] {dagbag.py:496} INFO - Filling up the DagBag from /home/airflow/.local/lib/python3.6/site-packages/airflow/example_dags/example_dag_decorator.py
[2023-02-14 14:46:25,187] {scheduler_job.py:643} INFO - DAG(s) dict_keys(['example_dag_decorator']) retrieved from /home/airflow/.local/lib/python3.6/site-packages/airflow/example_dags/example_dag_decorator.py
[2023-02-14 14:46:25,447] {logging_mixin.py:104} INFO - [2023-02-14 14:46:25,447] {dag.py:1833} INFO - Sync 1 DAGs
[2023-02-14 14:46:25,465] {logging_mixin.py:104} INFO - [2023-02-14 14:46:25,465] {dag.py:2306} INFO - Setting next_dagrun for example_dag_decorator to None
[2023-02-14 14:46:25,479] {scheduler_job.py:190} INFO - Processing /home/airflow/.local/lib/python3.6/site-packages/airflow/example_dags/example_dag_decorator.py took 0.319 seconds
[2023-02-14 14:46:55,566] {scheduler_job.py:182} INFO - Started process (PID=4711) to work on /home/airflow/.local/lib/python3.6/site-packages/airflow/example_dags/example_dag_decorator.py
[2023-02-14 14:46:55,567] {scheduler_job.py:633} INFO - Processing file /home/airflow/.local/lib/python3.6/site-packages/airflow/example_dags/example_dag_decorator.py for tasks to queue
[2023-02-14 14:46:55,568] {logging_mixin.py:104} INFO - [2023-02-14 14:46:55,568] {dagbag.py:496} INFO - Filling up the DagBag from /home/airflow/.local/lib/python3.6/site-packages/airflow/example_dags/example_dag_decorator.py
[2023-02-14 14:46:55,584] {scheduler_job.py:643} INFO - DAG(s) dict_keys(['example_dag_decorator']) retrieved from /home/airflow/.local/lib/python3.6/site-packages/airflow/example_dags/example_dag_decorator.py
[2023-02-14 14:46:55,886] {logging_mixin.py:104} INFO - [2023-02-14 14:46:55,886] {dag.py:1833} INFO - Sync 1 DAGs
[2023-02-14 14:46:55,904] {logging_mixin.py:104} INFO - [2023-02-14 14:46:55,904] {dag.py:2306} INFO - Setting next_dagrun for example_dag_decorator to None
[2023-02-14 14:46:55,914] {scheduler_job.py:190} INFO - Processing /home/airflow/.local/lib/python3.6/site-packages/airflow/example_dags/example_dag_decorator.py took 0.350 seconds
[2023-02-14 14:47:25,984] {scheduler_job.py:182} INFO - Started process (PID=4766) to work on /home/airflow/.local/lib/python3.6/site-packages/airflow/example_dags/example_dag_decorator.py
[2023-02-14 14:47:25,985] {scheduler_job.py:633} INFO - Processing file /home/airflow/.local/lib/python3.6/site-packages/airflow/example_dags/example_dag_decorator.py for tasks to queue
[2023-02-14 14:47:25,985] {logging_mixin.py:104} INFO - [2023-02-14 14:47:25,985] {dagbag.py:496} INFO - Filling up the DagBag from /home/airflow/.local/lib/python3.6/site-packages/airflow/example_dags/example_dag_decorator.py
[2023-02-14 14:47:26,075] {scheduler_job.py:643} INFO - DAG(s) dict_keys(['example_dag_decorator']) retrieved from /home/airflow/.local/lib/python3.6/site-packages/airflow/example_dags/example_dag_decorator.py
[2023-02-14 14:47:26,099] {logging_mixin.py:104} INFO - [2023-02-14 14:47:26,098] {dag.py:1833} INFO - Sync 1 DAGs
[2023-02-14 14:47:26,163] {logging_mixin.py:104} INFO - [2023-02-14 14:47:26,163] {dag.py:2306} INFO - Setting next_dagrun for example_dag_decorator to None
[2023-02-14 14:47:26,171] {scheduler_job.py:190} INFO - Processing /home/airflow/.local/lib/python3.6/site-packages/airflow/example_dags/example_dag_decorator.py took 0.191 seconds
