[2023-02-14 14:09:15,730] {scheduler_job.py:182} INFO - Started process (PID=334) to work on /home/airflow/.local/lib/python3.6/site-packages/airflow/example_dags/example_python_operator.py
[2023-02-14 14:09:15,731] {scheduler_job.py:633} INFO - Processing file /home/airflow/.local/lib/python3.6/site-packages/airflow/example_dags/example_python_operator.py for tasks to queue
[2023-02-14 14:09:15,731] {logging_mixin.py:104} INFO - [2023-02-14 14:09:15,731] {dagbag.py:496} INFO - Filling up the DagBag from /home/airflow/.local/lib/python3.6/site-packages/airflow/example_dags/example_python_operator.py
[2023-02-14 14:09:15,742] {scheduler_job.py:643} INFO - DAG(s) dict_keys(['example_python_operator']) retrieved from /home/airflow/.local/lib/python3.6/site-packages/airflow/example_dags/example_python_operator.py
[2023-02-14 14:09:17,890] {logging_mixin.py:104} INFO - [2023-02-14 14:09:17,890] {dag.py:1833} INFO - Sync 1 DAGs
[2023-02-14 14:09:17,898] {logging_mixin.py:104} INFO - [2023-02-14 14:09:17,898] {dag.py:1852} INFO - Creating ORM DAG for example_python_operator
[2023-02-14 14:09:17,902] {logging_mixin.py:104} INFO - [2023-02-14 14:09:17,902] {dag.py:2306} INFO - Setting next_dagrun for example_python_operator to None
[2023-02-14 14:09:17,910] {scheduler_job.py:190} INFO - Processing /home/airflow/.local/lib/python3.6/site-packages/airflow/example_dags/example_python_operator.py took 2.183 seconds
[2023-02-14 14:09:48,615] {scheduler_job.py:182} INFO - Started process (PID=627) to work on /home/airflow/.local/lib/python3.6/site-packages/airflow/example_dags/example_python_operator.py
[2023-02-14 14:09:48,616] {scheduler_job.py:633} INFO - Processing file /home/airflow/.local/lib/python3.6/site-packages/airflow/example_dags/example_python_operator.py for tasks to queue
[2023-02-14 14:09:48,616] {logging_mixin.py:104} INFO - [2023-02-14 14:09:48,616] {dagbag.py:496} INFO - Filling up the DagBag from /home/airflow/.local/lib/python3.6/site-packages/airflow/example_dags/example_python_operator.py
[2023-02-14 14:09:48,627] {scheduler_job.py:643} INFO - DAG(s) dict_keys(['example_python_operator']) retrieved from /home/airflow/.local/lib/python3.6/site-packages/airflow/example_dags/example_python_operator.py
[2023-02-14 14:09:48,648] {logging_mixin.py:104} INFO - [2023-02-14 14:09:48,648] {dag.py:1833} INFO - Sync 1 DAGs
[2023-02-14 14:09:48,664] {logging_mixin.py:104} INFO - [2023-02-14 14:09:48,664] {dag.py:2306} INFO - Setting next_dagrun for example_python_operator to None
[2023-02-14 14:09:48,673] {scheduler_job.py:190} INFO - Processing /home/airflow/.local/lib/python3.6/site-packages/airflow/example_dags/example_python_operator.py took 0.061 seconds
[2023-02-14 14:10:18,949] {scheduler_job.py:182} INFO - Started process (PID=688) to work on /home/airflow/.local/lib/python3.6/site-packages/airflow/example_dags/example_python_operator.py
[2023-02-14 14:10:18,950] {scheduler_job.py:633} INFO - Processing file /home/airflow/.local/lib/python3.6/site-packages/airflow/example_dags/example_python_operator.py for tasks to queue
[2023-02-14 14:10:18,951] {logging_mixin.py:104} INFO - [2023-02-14 14:10:18,950] {dagbag.py:496} INFO - Filling up the DagBag from /home/airflow/.local/lib/python3.6/site-packages/airflow/example_dags/example_python_operator.py
[2023-02-14 14:10:18,961] {scheduler_job.py:643} INFO - DAG(s) dict_keys(['example_python_operator']) retrieved from /home/airflow/.local/lib/python3.6/site-packages/airflow/example_dags/example_python_operator.py
[2023-02-14 14:10:18,977] {logging_mixin.py:104} INFO - [2023-02-14 14:10:18,977] {dag.py:1833} INFO - Sync 1 DAGs
[2023-02-14 14:10:18,988] {logging_mixin.py:104} INFO - [2023-02-14 14:10:18,988] {dag.py:2306} INFO - Setting next_dagrun for example_python_operator to None
[2023-02-14 14:10:18,995] {scheduler_job.py:190} INFO - Processing /home/airflow/.local/lib/python3.6/site-packages/airflow/example_dags/example_python_operator.py took 0.048 seconds
[2023-02-14 14:10:49,215] {scheduler_job.py:182} INFO - Started process (PID=739) to work on /home/airflow/.local/lib/python3.6/site-packages/airflow/example_dags/example_python_operator.py
[2023-02-14 14:10:49,216] {scheduler_job.py:633} INFO - Processing file /home/airflow/.local/lib/python3.6/site-packages/airflow/example_dags/example_python_operator.py for tasks to queue
[2023-02-14 14:10:49,216] {logging_mixin.py:104} INFO - [2023-02-14 14:10:49,216] {dagbag.py:496} INFO - Filling up the DagBag from /home/airflow/.local/lib/python3.6/site-packages/airflow/example_dags/example_python_operator.py
[2023-02-14 14:10:49,226] {scheduler_job.py:643} INFO - DAG(s) dict_keys(['example_python_operator']) retrieved from /home/airflow/.local/lib/python3.6/site-packages/airflow/example_dags/example_python_operator.py
[2023-02-14 14:10:49,242] {logging_mixin.py:104} INFO - [2023-02-14 14:10:49,242] {dag.py:1833} INFO - Sync 1 DAGs
[2023-02-14 14:10:49,253] {logging_mixin.py:104} INFO - [2023-02-14 14:10:49,253] {dag.py:2306} INFO - Setting next_dagrun for example_python_operator to None
[2023-02-14 14:10:49,260] {scheduler_job.py:190} INFO - Processing /home/airflow/.local/lib/python3.6/site-packages/airflow/example_dags/example_python_operator.py took 0.046 seconds
[2023-02-14 14:11:19,605] {scheduler_job.py:182} INFO - Started process (PID=800) to work on /home/airflow/.local/lib/python3.6/site-packages/airflow/example_dags/example_python_operator.py
[2023-02-14 14:11:19,605] {scheduler_job.py:633} INFO - Processing file /home/airflow/.local/lib/python3.6/site-packages/airflow/example_dags/example_python_operator.py for tasks to queue
[2023-02-14 14:11:19,606] {logging_mixin.py:104} INFO - [2023-02-14 14:11:19,606] {dagbag.py:496} INFO - Filling up the DagBag from /home/airflow/.local/lib/python3.6/site-packages/airflow/example_dags/example_python_operator.py
[2023-02-14 14:11:19,615] {scheduler_job.py:643} INFO - DAG(s) dict_keys(['example_python_operator']) retrieved from /home/airflow/.local/lib/python3.6/site-packages/airflow/example_dags/example_python_operator.py
[2023-02-14 14:11:19,630] {logging_mixin.py:104} INFO - [2023-02-14 14:11:19,630] {dag.py:1833} INFO - Sync 1 DAGs
[2023-02-14 14:11:19,641] {logging_mixin.py:104} INFO - [2023-02-14 14:11:19,641] {dag.py:2306} INFO - Setting next_dagrun for example_python_operator to None
[2023-02-14 14:11:19,647] {scheduler_job.py:190} INFO - Processing /home/airflow/.local/lib/python3.6/site-packages/airflow/example_dags/example_python_operator.py took 0.044 seconds
[2023-02-14 14:11:49,710] {scheduler_job.py:182} INFO - Started process (PID=851) to work on /home/airflow/.local/lib/python3.6/site-packages/airflow/example_dags/example_python_operator.py
[2023-02-14 14:11:49,711] {scheduler_job.py:633} INFO - Processing file /home/airflow/.local/lib/python3.6/site-packages/airflow/example_dags/example_python_operator.py for tasks to queue
[2023-02-14 14:11:49,711] {logging_mixin.py:104} INFO - [2023-02-14 14:11:49,711] {dagbag.py:496} INFO - Filling up the DagBag from /home/airflow/.local/lib/python3.6/site-packages/airflow/example_dags/example_python_operator.py
[2023-02-14 14:11:49,722] {scheduler_job.py:643} INFO - DAG(s) dict_keys(['example_python_operator']) retrieved from /home/airflow/.local/lib/python3.6/site-packages/airflow/example_dags/example_python_operator.py
[2023-02-14 14:11:49,738] {logging_mixin.py:104} INFO - [2023-02-14 14:11:49,738] {dag.py:1833} INFO - Sync 1 DAGs
[2023-02-14 14:11:49,750] {logging_mixin.py:104} INFO - [2023-02-14 14:11:49,750] {dag.py:2306} INFO - Setting next_dagrun for example_python_operator to None
[2023-02-14 14:11:49,757] {scheduler_job.py:190} INFO - Processing /home/airflow/.local/lib/python3.6/site-packages/airflow/example_dags/example_python_operator.py took 0.049 seconds
[2023-02-14 14:12:20,070] {scheduler_job.py:182} INFO - Started process (PID=912) to work on /home/airflow/.local/lib/python3.6/site-packages/airflow/example_dags/example_python_operator.py
[2023-02-14 14:12:20,071] {scheduler_job.py:633} INFO - Processing file /home/airflow/.local/lib/python3.6/site-packages/airflow/example_dags/example_python_operator.py for tasks to queue
[2023-02-14 14:12:20,071] {logging_mixin.py:104} INFO - [2023-02-14 14:12:20,071] {dagbag.py:496} INFO - Filling up the DagBag from /home/airflow/.local/lib/python3.6/site-packages/airflow/example_dags/example_python_operator.py
[2023-02-14 14:12:20,082] {scheduler_job.py:643} INFO - DAG(s) dict_keys(['example_python_operator']) retrieved from /home/airflow/.local/lib/python3.6/site-packages/airflow/example_dags/example_python_operator.py
[2023-02-14 14:12:20,098] {logging_mixin.py:104} INFO - [2023-02-14 14:12:20,098] {dag.py:1833} INFO - Sync 1 DAGs
[2023-02-14 14:12:20,110] {logging_mixin.py:104} INFO - [2023-02-14 14:12:20,110] {dag.py:2306} INFO - Setting next_dagrun for example_python_operator to None
[2023-02-14 14:12:20,117] {scheduler_job.py:190} INFO - Processing /home/airflow/.local/lib/python3.6/site-packages/airflow/example_dags/example_python_operator.py took 0.049 seconds
[2023-02-14 14:12:50,223] {scheduler_job.py:182} INFO - Started process (PID=972) to work on /home/airflow/.local/lib/python3.6/site-packages/airflow/example_dags/example_python_operator.py
[2023-02-14 14:12:50,224] {scheduler_job.py:633} INFO - Processing file /home/airflow/.local/lib/python3.6/site-packages/airflow/example_dags/example_python_operator.py for tasks to queue
[2023-02-14 14:12:50,225] {logging_mixin.py:104} INFO - [2023-02-14 14:12:50,224] {dagbag.py:496} INFO - Filling up the DagBag from /home/airflow/.local/lib/python3.6/site-packages/airflow/example_dags/example_python_operator.py
[2023-02-14 14:12:50,234] {scheduler_job.py:643} INFO - DAG(s) dict_keys(['example_python_operator']) retrieved from /home/airflow/.local/lib/python3.6/site-packages/airflow/example_dags/example_python_operator.py
[2023-02-14 14:12:50,250] {logging_mixin.py:104} INFO - [2023-02-14 14:12:50,250] {dag.py:1833} INFO - Sync 1 DAGs
[2023-02-14 14:12:50,261] {logging_mixin.py:104} INFO - [2023-02-14 14:12:50,261] {dag.py:2306} INFO - Setting next_dagrun for example_python_operator to None
[2023-02-14 14:12:50,268] {scheduler_job.py:190} INFO - Processing /home/airflow/.local/lib/python3.6/site-packages/airflow/example_dags/example_python_operator.py took 0.047 seconds
[2023-02-14 14:13:20,443] {scheduler_job.py:182} INFO - Started process (PID=1024) to work on /home/airflow/.local/lib/python3.6/site-packages/airflow/example_dags/example_python_operator.py
[2023-02-14 14:13:20,443] {scheduler_job.py:633} INFO - Processing file /home/airflow/.local/lib/python3.6/site-packages/airflow/example_dags/example_python_operator.py for tasks to queue
[2023-02-14 14:13:20,444] {logging_mixin.py:104} INFO - [2023-02-14 14:13:20,444] {dagbag.py:496} INFO - Filling up the DagBag from /home/airflow/.local/lib/python3.6/site-packages/airflow/example_dags/example_python_operator.py
[2023-02-14 14:13:20,454] {scheduler_job.py:643} INFO - DAG(s) dict_keys(['example_python_operator']) retrieved from /home/airflow/.local/lib/python3.6/site-packages/airflow/example_dags/example_python_operator.py
[2023-02-14 14:13:20,470] {logging_mixin.py:104} INFO - [2023-02-14 14:13:20,470] {dag.py:1833} INFO - Sync 1 DAGs
[2023-02-14 14:13:20,481] {logging_mixin.py:104} INFO - [2023-02-14 14:13:20,481] {dag.py:2306} INFO - Setting next_dagrun for example_python_operator to None
[2023-02-14 14:13:20,488] {scheduler_job.py:190} INFO - Processing /home/airflow/.local/lib/python3.6/site-packages/airflow/example_dags/example_python_operator.py took 0.047 seconds
[2023-02-14 14:13:50,694] {scheduler_job.py:182} INFO - Started process (PID=1085) to work on /home/airflow/.local/lib/python3.6/site-packages/airflow/example_dags/example_python_operator.py
[2023-02-14 14:13:50,695] {scheduler_job.py:633} INFO - Processing file /home/airflow/.local/lib/python3.6/site-packages/airflow/example_dags/example_python_operator.py for tasks to queue
[2023-02-14 14:13:50,695] {logging_mixin.py:104} INFO - [2023-02-14 14:13:50,695] {dagbag.py:496} INFO - Filling up the DagBag from /home/airflow/.local/lib/python3.6/site-packages/airflow/example_dags/example_python_operator.py
[2023-02-14 14:13:50,705] {scheduler_job.py:643} INFO - DAG(s) dict_keys(['example_python_operator']) retrieved from /home/airflow/.local/lib/python3.6/site-packages/airflow/example_dags/example_python_operator.py
[2023-02-14 14:13:50,723] {logging_mixin.py:104} INFO - [2023-02-14 14:13:50,723] {dag.py:1833} INFO - Sync 1 DAGs
[2023-02-14 14:13:50,734] {logging_mixin.py:104} INFO - [2023-02-14 14:13:50,734] {dag.py:2306} INFO - Setting next_dagrun for example_python_operator to None
[2023-02-14 14:13:50,742] {scheduler_job.py:190} INFO - Processing /home/airflow/.local/lib/python3.6/site-packages/airflow/example_dags/example_python_operator.py took 0.050 seconds
[2023-02-14 14:14:20,910] {scheduler_job.py:182} INFO - Started process (PID=1136) to work on /home/airflow/.local/lib/python3.6/site-packages/airflow/example_dags/example_python_operator.py
[2023-02-14 14:14:20,911] {scheduler_job.py:633} INFO - Processing file /home/airflow/.local/lib/python3.6/site-packages/airflow/example_dags/example_python_operator.py for tasks to queue
[2023-02-14 14:14:20,911] {logging_mixin.py:104} INFO - [2023-02-14 14:14:20,911] {dagbag.py:496} INFO - Filling up the DagBag from /home/airflow/.local/lib/python3.6/site-packages/airflow/example_dags/example_python_operator.py
[2023-02-14 14:14:20,920] {scheduler_job.py:643} INFO - DAG(s) dict_keys(['example_python_operator']) retrieved from /home/airflow/.local/lib/python3.6/site-packages/airflow/example_dags/example_python_operator.py
[2023-02-14 14:14:20,936] {logging_mixin.py:104} INFO - [2023-02-14 14:14:20,936] {dag.py:1833} INFO - Sync 1 DAGs
[2023-02-14 14:14:20,946] {logging_mixin.py:104} INFO - [2023-02-14 14:14:20,946] {dag.py:2306} INFO - Setting next_dagrun for example_python_operator to None
[2023-02-14 14:14:20,953] {scheduler_job.py:190} INFO - Processing /home/airflow/.local/lib/python3.6/site-packages/airflow/example_dags/example_python_operator.py took 0.045 seconds
[2023-02-14 14:14:51,054] {scheduler_job.py:182} INFO - Started process (PID=1197) to work on /home/airflow/.local/lib/python3.6/site-packages/airflow/example_dags/example_python_operator.py
[2023-02-14 14:14:51,055] {scheduler_job.py:633} INFO - Processing file /home/airflow/.local/lib/python3.6/site-packages/airflow/example_dags/example_python_operator.py for tasks to queue
[2023-02-14 14:14:51,055] {logging_mixin.py:104} INFO - [2023-02-14 14:14:51,055] {dagbag.py:496} INFO - Filling up the DagBag from /home/airflow/.local/lib/python3.6/site-packages/airflow/example_dags/example_python_operator.py
[2023-02-14 14:14:51,066] {scheduler_job.py:643} INFO - DAG(s) dict_keys(['example_python_operator']) retrieved from /home/airflow/.local/lib/python3.6/site-packages/airflow/example_dags/example_python_operator.py
[2023-02-14 14:14:51,083] {logging_mixin.py:104} INFO - [2023-02-14 14:14:51,083] {dag.py:1833} INFO - Sync 1 DAGs
[2023-02-14 14:14:51,095] {logging_mixin.py:104} INFO - [2023-02-14 14:14:51,095] {dag.py:2306} INFO - Setting next_dagrun for example_python_operator to None
[2023-02-14 14:14:51,103] {scheduler_job.py:190} INFO - Processing /home/airflow/.local/lib/python3.6/site-packages/airflow/example_dags/example_python_operator.py took 0.051 seconds
