[2023-02-14 14:09:17,938] {scheduler_job.py:182} INFO - Started process (PID=369) to work on /home/airflow/.local/lib/python3.6/site-packages/airflow/example_dags/example_skip_dag.py
[2023-02-14 14:09:17,939] {scheduler_job.py:633} INFO - Processing file /home/airflow/.local/lib/python3.6/site-packages/airflow/example_dags/example_skip_dag.py for tasks to queue
[2023-02-14 14:09:17,940] {logging_mixin.py:104} INFO - [2023-02-14 14:09:17,939] {dagbag.py:496} INFO - Filling up the DagBag from /home/airflow/.local/lib/python3.6/site-packages/airflow/example_dags/example_skip_dag.py
[2023-02-14 14:09:17,948] {scheduler_job.py:643} INFO - DAG(s) dict_keys(['example_skip_dag']) retrieved from /home/airflow/.local/lib/python3.6/site-packages/airflow/example_dags/example_skip_dag.py
[2023-02-14 14:09:20,160] {logging_mixin.py:104} INFO - [2023-02-14 14:09:20,160] {dag.py:1833} INFO - Sync 1 DAGs
[2023-02-14 14:09:20,170] {logging_mixin.py:104} INFO - [2023-02-14 14:09:20,169] {dag.py:1852} INFO - Creating ORM DAG for example_skip_dag
[2023-02-14 14:09:20,175] {logging_mixin.py:104} INFO - [2023-02-14 14:09:20,175] {dag.py:2306} INFO - Setting next_dagrun for example_skip_dag to 2023-02-12 00:00:00+00:00
[2023-02-14 14:09:20,184] {scheduler_job.py:190} INFO - Processing /home/airflow/.local/lib/python3.6/site-packages/airflow/example_dags/example_skip_dag.py took 2.248 seconds
[2023-02-14 14:09:50,694] {scheduler_job.py:182} INFO - Started process (PID=629) to work on /home/airflow/.local/lib/python3.6/site-packages/airflow/example_dags/example_skip_dag.py
[2023-02-14 14:09:50,694] {scheduler_job.py:633} INFO - Processing file /home/airflow/.local/lib/python3.6/site-packages/airflow/example_dags/example_skip_dag.py for tasks to queue
[2023-02-14 14:09:50,695] {logging_mixin.py:104} INFO - [2023-02-14 14:09:50,695] {dagbag.py:496} INFO - Filling up the DagBag from /home/airflow/.local/lib/python3.6/site-packages/airflow/example_dags/example_skip_dag.py
[2023-02-14 14:09:50,703] {scheduler_job.py:643} INFO - DAG(s) dict_keys(['example_skip_dag']) retrieved from /home/airflow/.local/lib/python3.6/site-packages/airflow/example_dags/example_skip_dag.py
[2023-02-14 14:09:50,722] {logging_mixin.py:104} INFO - [2023-02-14 14:09:50,722] {dag.py:1833} INFO - Sync 1 DAGs
[2023-02-14 14:09:50,734] {logging_mixin.py:104} INFO - [2023-02-14 14:09:50,734] {dag.py:2306} INFO - Setting next_dagrun for example_skip_dag to 2023-02-12 00:00:00+00:00
[2023-02-14 14:09:50,742] {scheduler_job.py:190} INFO - Processing /home/airflow/.local/lib/python3.6/site-packages/airflow/example_dags/example_skip_dag.py took 0.050 seconds
[2023-02-14 14:10:21,034] {scheduler_job.py:182} INFO - Started process (PID=690) to work on /home/airflow/.local/lib/python3.6/site-packages/airflow/example_dags/example_skip_dag.py
[2023-02-14 14:10:21,034] {scheduler_job.py:633} INFO - Processing file /home/airflow/.local/lib/python3.6/site-packages/airflow/example_dags/example_skip_dag.py for tasks to queue
[2023-02-14 14:10:21,035] {logging_mixin.py:104} INFO - [2023-02-14 14:10:21,035] {dagbag.py:496} INFO - Filling up the DagBag from /home/airflow/.local/lib/python3.6/site-packages/airflow/example_dags/example_skip_dag.py
[2023-02-14 14:10:21,043] {scheduler_job.py:643} INFO - DAG(s) dict_keys(['example_skip_dag']) retrieved from /home/airflow/.local/lib/python3.6/site-packages/airflow/example_dags/example_skip_dag.py
[2023-02-14 14:10:21,060] {logging_mixin.py:104} INFO - [2023-02-14 14:10:21,059] {dag.py:1833} INFO - Sync 1 DAGs
[2023-02-14 14:10:21,070] {logging_mixin.py:104} INFO - [2023-02-14 14:10:21,070] {dag.py:2306} INFO - Setting next_dagrun for example_skip_dag to 2023-02-12 00:00:00+00:00
[2023-02-14 14:10:21,077] {scheduler_job.py:190} INFO - Processing /home/airflow/.local/lib/python3.6/site-packages/airflow/example_dags/example_skip_dag.py took 0.045 seconds
[2023-02-14 14:10:51,276] {scheduler_job.py:182} INFO - Started process (PID=751) to work on /home/airflow/.local/lib/python3.6/site-packages/airflow/example_dags/example_skip_dag.py
[2023-02-14 14:10:51,277] {scheduler_job.py:633} INFO - Processing file /home/airflow/.local/lib/python3.6/site-packages/airflow/example_dags/example_skip_dag.py for tasks to queue
[2023-02-14 14:10:51,277] {logging_mixin.py:104} INFO - [2023-02-14 14:10:51,277] {dagbag.py:496} INFO - Filling up the DagBag from /home/airflow/.local/lib/python3.6/site-packages/airflow/example_dags/example_skip_dag.py
[2023-02-14 14:10:51,287] {scheduler_job.py:643} INFO - DAG(s) dict_keys(['example_skip_dag']) retrieved from /home/airflow/.local/lib/python3.6/site-packages/airflow/example_dags/example_skip_dag.py
[2023-02-14 14:10:51,303] {logging_mixin.py:104} INFO - [2023-02-14 14:10:51,303] {dag.py:1833} INFO - Sync 1 DAGs
[2023-02-14 14:10:51,314] {logging_mixin.py:104} INFO - [2023-02-14 14:10:51,314] {dag.py:2306} INFO - Setting next_dagrun for example_skip_dag to 2023-02-12 00:00:00+00:00
[2023-02-14 14:10:51,321] {scheduler_job.py:190} INFO - Processing /home/airflow/.local/lib/python3.6/site-packages/airflow/example_dags/example_skip_dag.py took 0.047 seconds
[2023-02-14 14:11:21,664] {scheduler_job.py:182} INFO - Started process (PID=802) to work on /home/airflow/.local/lib/python3.6/site-packages/airflow/example_dags/example_skip_dag.py
[2023-02-14 14:11:21,665] {scheduler_job.py:633} INFO - Processing file /home/airflow/.local/lib/python3.6/site-packages/airflow/example_dags/example_skip_dag.py for tasks to queue
[2023-02-14 14:11:21,666] {logging_mixin.py:104} INFO - [2023-02-14 14:11:21,665] {dagbag.py:496} INFO - Filling up the DagBag from /home/airflow/.local/lib/python3.6/site-packages/airflow/example_dags/example_skip_dag.py
[2023-02-14 14:11:21,674] {scheduler_job.py:643} INFO - DAG(s) dict_keys(['example_skip_dag']) retrieved from /home/airflow/.local/lib/python3.6/site-packages/airflow/example_dags/example_skip_dag.py
[2023-02-14 14:11:21,691] {logging_mixin.py:104} INFO - [2023-02-14 14:11:21,691] {dag.py:1833} INFO - Sync 1 DAGs
[2023-02-14 14:11:21,704] {logging_mixin.py:104} INFO - [2023-02-14 14:11:21,703] {dag.py:2306} INFO - Setting next_dagrun for example_skip_dag to 2023-02-12 00:00:00+00:00
[2023-02-14 14:11:21,711] {scheduler_job.py:190} INFO - Processing /home/airflow/.local/lib/python3.6/site-packages/airflow/example_dags/example_skip_dag.py took 0.049 seconds
[2023-02-14 14:11:51,776] {scheduler_job.py:182} INFO - Started process (PID=863) to work on /home/airflow/.local/lib/python3.6/site-packages/airflow/example_dags/example_skip_dag.py
[2023-02-14 14:11:51,777] {scheduler_job.py:633} INFO - Processing file /home/airflow/.local/lib/python3.6/site-packages/airflow/example_dags/example_skip_dag.py for tasks to queue
[2023-02-14 14:11:51,778] {logging_mixin.py:104} INFO - [2023-02-14 14:11:51,777] {dagbag.py:496} INFO - Filling up the DagBag from /home/airflow/.local/lib/python3.6/site-packages/airflow/example_dags/example_skip_dag.py
[2023-02-14 14:11:51,787] {scheduler_job.py:643} INFO - DAG(s) dict_keys(['example_skip_dag']) retrieved from /home/airflow/.local/lib/python3.6/site-packages/airflow/example_dags/example_skip_dag.py
[2023-02-14 14:11:51,856] {logging_mixin.py:104} INFO - [2023-02-14 14:11:51,856] {dag.py:1833} INFO - Sync 1 DAGs
[2023-02-14 14:11:51,871] {logging_mixin.py:104} INFO - [2023-02-14 14:11:51,871] {dag.py:2306} INFO - Setting next_dagrun for example_skip_dag to 2023-02-12 00:00:00+00:00
[2023-02-14 14:11:51,960] {scheduler_job.py:190} INFO - Processing /home/airflow/.local/lib/python3.6/site-packages/airflow/example_dags/example_skip_dag.py took 0.186 seconds
[2023-02-14 14:12:22,134] {scheduler_job.py:182} INFO - Started process (PID=914) to work on /home/airflow/.local/lib/python3.6/site-packages/airflow/example_dags/example_skip_dag.py
[2023-02-14 14:12:22,135] {scheduler_job.py:633} INFO - Processing file /home/airflow/.local/lib/python3.6/site-packages/airflow/example_dags/example_skip_dag.py for tasks to queue
[2023-02-14 14:12:22,135] {logging_mixin.py:104} INFO - [2023-02-14 14:12:22,135] {dagbag.py:496} INFO - Filling up the DagBag from /home/airflow/.local/lib/python3.6/site-packages/airflow/example_dags/example_skip_dag.py
[2023-02-14 14:12:22,144] {scheduler_job.py:643} INFO - DAG(s) dict_keys(['example_skip_dag']) retrieved from /home/airflow/.local/lib/python3.6/site-packages/airflow/example_dags/example_skip_dag.py
[2023-02-14 14:12:22,160] {logging_mixin.py:104} INFO - [2023-02-14 14:12:22,160] {dag.py:1833} INFO - Sync 1 DAGs
[2023-02-14 14:12:22,171] {logging_mixin.py:104} INFO - [2023-02-14 14:12:22,171] {dag.py:2306} INFO - Setting next_dagrun for example_skip_dag to 2023-02-12 00:00:00+00:00
[2023-02-14 14:12:22,178] {scheduler_job.py:190} INFO - Processing /home/airflow/.local/lib/python3.6/site-packages/airflow/example_dags/example_skip_dag.py took 0.046 seconds
[2023-02-14 14:12:52,287] {scheduler_job.py:182} INFO - Started process (PID=975) to work on /home/airflow/.local/lib/python3.6/site-packages/airflow/example_dags/example_skip_dag.py
[2023-02-14 14:12:52,287] {scheduler_job.py:633} INFO - Processing file /home/airflow/.local/lib/python3.6/site-packages/airflow/example_dags/example_skip_dag.py for tasks to queue
[2023-02-14 14:12:52,288] {logging_mixin.py:104} INFO - [2023-02-14 14:12:52,288] {dagbag.py:496} INFO - Filling up the DagBag from /home/airflow/.local/lib/python3.6/site-packages/airflow/example_dags/example_skip_dag.py
[2023-02-14 14:12:52,297] {scheduler_job.py:643} INFO - DAG(s) dict_keys(['example_skip_dag']) retrieved from /home/airflow/.local/lib/python3.6/site-packages/airflow/example_dags/example_skip_dag.py
[2023-02-14 14:12:52,313] {logging_mixin.py:104} INFO - [2023-02-14 14:12:52,313] {dag.py:1833} INFO - Sync 1 DAGs
[2023-02-14 14:12:52,325] {logging_mixin.py:104} INFO - [2023-02-14 14:12:52,325] {dag.py:2306} INFO - Setting next_dagrun for example_skip_dag to 2023-02-12 00:00:00+00:00
[2023-02-14 14:12:52,331] {scheduler_job.py:190} INFO - Processing /home/airflow/.local/lib/python3.6/site-packages/airflow/example_dags/example_skip_dag.py took 0.047 seconds
[2023-02-14 14:13:22,506] {scheduler_job.py:182} INFO - Started process (PID=1026) to work on /home/airflow/.local/lib/python3.6/site-packages/airflow/example_dags/example_skip_dag.py
[2023-02-14 14:13:22,506] {scheduler_job.py:633} INFO - Processing file /home/airflow/.local/lib/python3.6/site-packages/airflow/example_dags/example_skip_dag.py for tasks to queue
[2023-02-14 14:13:22,507] {logging_mixin.py:104} INFO - [2023-02-14 14:13:22,507] {dagbag.py:496} INFO - Filling up the DagBag from /home/airflow/.local/lib/python3.6/site-packages/airflow/example_dags/example_skip_dag.py
[2023-02-14 14:13:22,516] {scheduler_job.py:643} INFO - DAG(s) dict_keys(['example_skip_dag']) retrieved from /home/airflow/.local/lib/python3.6/site-packages/airflow/example_dags/example_skip_dag.py
[2023-02-14 14:13:22,535] {logging_mixin.py:104} INFO - [2023-02-14 14:13:22,535] {dag.py:1833} INFO - Sync 1 DAGs
[2023-02-14 14:13:22,548] {logging_mixin.py:104} INFO - [2023-02-14 14:13:22,548] {dag.py:2306} INFO - Setting next_dagrun for example_skip_dag to 2023-02-12 00:00:00+00:00
[2023-02-14 14:13:22,556] {scheduler_job.py:190} INFO - Processing /home/airflow/.local/lib/python3.6/site-packages/airflow/example_dags/example_skip_dag.py took 0.053 seconds
[2023-02-14 14:13:52,760] {scheduler_job.py:182} INFO - Started process (PID=1087) to work on /home/airflow/.local/lib/python3.6/site-packages/airflow/example_dags/example_skip_dag.py
[2023-02-14 14:13:52,761] {scheduler_job.py:633} INFO - Processing file /home/airflow/.local/lib/python3.6/site-packages/airflow/example_dags/example_skip_dag.py for tasks to queue
[2023-02-14 14:13:52,761] {logging_mixin.py:104} INFO - [2023-02-14 14:13:52,761] {dagbag.py:496} INFO - Filling up the DagBag from /home/airflow/.local/lib/python3.6/site-packages/airflow/example_dags/example_skip_dag.py
[2023-02-14 14:13:52,770] {scheduler_job.py:643} INFO - DAG(s) dict_keys(['example_skip_dag']) retrieved from /home/airflow/.local/lib/python3.6/site-packages/airflow/example_dags/example_skip_dag.py
[2023-02-14 14:13:52,786] {logging_mixin.py:104} INFO - [2023-02-14 14:13:52,786] {dag.py:1833} INFO - Sync 1 DAGs
[2023-02-14 14:13:52,797] {logging_mixin.py:104} INFO - [2023-02-14 14:13:52,797] {dag.py:2306} INFO - Setting next_dagrun for example_skip_dag to 2023-02-12 00:00:00+00:00
[2023-02-14 14:13:52,804] {scheduler_job.py:190} INFO - Processing /home/airflow/.local/lib/python3.6/site-packages/airflow/example_dags/example_skip_dag.py took 0.046 seconds
[2023-02-14 14:14:22,972] {scheduler_job.py:182} INFO - Started process (PID=1138) to work on /home/airflow/.local/lib/python3.6/site-packages/airflow/example_dags/example_skip_dag.py
[2023-02-14 14:14:22,972] {scheduler_job.py:633} INFO - Processing file /home/airflow/.local/lib/python3.6/site-packages/airflow/example_dags/example_skip_dag.py for tasks to queue
[2023-02-14 14:14:22,973] {logging_mixin.py:104} INFO - [2023-02-14 14:14:22,973] {dagbag.py:496} INFO - Filling up the DagBag from /home/airflow/.local/lib/python3.6/site-packages/airflow/example_dags/example_skip_dag.py
[2023-02-14 14:14:22,981] {scheduler_job.py:643} INFO - DAG(s) dict_keys(['example_skip_dag']) retrieved from /home/airflow/.local/lib/python3.6/site-packages/airflow/example_dags/example_skip_dag.py
[2023-02-14 14:14:22,998] {logging_mixin.py:104} INFO - [2023-02-14 14:14:22,998] {dag.py:1833} INFO - Sync 1 DAGs
[2023-02-14 14:14:23,009] {logging_mixin.py:104} INFO - [2023-02-14 14:14:23,009] {dag.py:2306} INFO - Setting next_dagrun for example_skip_dag to 2023-02-12 00:00:00+00:00
[2023-02-14 14:14:23,016] {scheduler_job.py:190} INFO - Processing /home/airflow/.local/lib/python3.6/site-packages/airflow/example_dags/example_skip_dag.py took 0.046 seconds
[2023-02-14 14:14:53,122] {scheduler_job.py:182} INFO - Started process (PID=1199) to work on /home/airflow/.local/lib/python3.6/site-packages/airflow/example_dags/example_skip_dag.py
[2023-02-14 14:14:53,122] {scheduler_job.py:633} INFO - Processing file /home/airflow/.local/lib/python3.6/site-packages/airflow/example_dags/example_skip_dag.py for tasks to queue
[2023-02-14 14:14:53,123] {logging_mixin.py:104} INFO - [2023-02-14 14:14:53,123] {dagbag.py:496} INFO - Filling up the DagBag from /home/airflow/.local/lib/python3.6/site-packages/airflow/example_dags/example_skip_dag.py
[2023-02-14 14:14:53,132] {scheduler_job.py:643} INFO - DAG(s) dict_keys(['example_skip_dag']) retrieved from /home/airflow/.local/lib/python3.6/site-packages/airflow/example_dags/example_skip_dag.py
[2023-02-14 14:14:53,150] {logging_mixin.py:104} INFO - [2023-02-14 14:14:53,150] {dag.py:1833} INFO - Sync 1 DAGs
[2023-02-14 14:14:53,163] {logging_mixin.py:104} INFO - [2023-02-14 14:14:53,163] {dag.py:2306} INFO - Setting next_dagrun for example_skip_dag to 2023-02-12 00:00:00+00:00
[2023-02-14 14:14:53,172] {scheduler_job.py:190} INFO - Processing /home/airflow/.local/lib/python3.6/site-packages/airflow/example_dags/example_skip_dag.py took 0.052 seconds
