[2023-02-14 14:09:30,845] {scheduler_job.py:182} INFO - Started process (PID=567) to work on /home/airflow/.local/lib/python3.6/site-packages/airflow/example_dags/tutorial_taskflow_api_etl.py
[2023-02-14 14:09:30,845] {scheduler_job.py:633} INFO - Processing file /home/airflow/.local/lib/python3.6/site-packages/airflow/example_dags/tutorial_taskflow_api_etl.py for tasks to queue
[2023-02-14 14:09:30,846] {logging_mixin.py:104} INFO - [2023-02-14 14:09:30,846] {dagbag.py:496} INFO - Filling up the DagBag from /home/airflow/.local/lib/python3.6/site-packages/airflow/example_dags/tutorial_taskflow_api_etl.py
[2023-02-14 14:09:30,858] {scheduler_job.py:643} INFO - DAG(s) dict_keys(['tutorial_taskflow_api_etl']) retrieved from /home/airflow/.local/lib/python3.6/site-packages/airflow/example_dags/tutorial_taskflow_api_etl.py
[2023-02-14 14:09:32,970] {logging_mixin.py:104} INFO - [2023-02-14 14:09:32,970] {dag.py:1833} INFO - Sync 1 DAGs
[2023-02-14 14:09:32,979] {logging_mixin.py:104} INFO - [2023-02-14 14:09:32,978] {dag.py:1852} INFO - Creating ORM DAG for tutorial_taskflow_api_etl
[2023-02-14 14:09:32,984] {logging_mixin.py:104} INFO - [2023-02-14 14:09:32,983] {dag.py:2306} INFO - Setting next_dagrun for tutorial_taskflow_api_etl to None
[2023-02-14 14:09:32,993] {scheduler_job.py:190} INFO - Processing /home/airflow/.local/lib/python3.6/site-packages/airflow/example_dags/tutorial_taskflow_api_etl.py took 2.150 seconds
[2023-02-14 14:10:03,373] {scheduler_job.py:182} INFO - Started process (PID=662) to work on /home/airflow/.local/lib/python3.6/site-packages/airflow/example_dags/tutorial_taskflow_api_etl.py
[2023-02-14 14:10:03,373] {scheduler_job.py:633} INFO - Processing file /home/airflow/.local/lib/python3.6/site-packages/airflow/example_dags/tutorial_taskflow_api_etl.py for tasks to queue
[2023-02-14 14:10:03,374] {logging_mixin.py:104} INFO - [2023-02-14 14:10:03,374] {dagbag.py:496} INFO - Filling up the DagBag from /home/airflow/.local/lib/python3.6/site-packages/airflow/example_dags/tutorial_taskflow_api_etl.py
[2023-02-14 14:10:03,388] {scheduler_job.py:643} INFO - DAG(s) dict_keys(['tutorial_taskflow_api_etl']) retrieved from /home/airflow/.local/lib/python3.6/site-packages/airflow/example_dags/tutorial_taskflow_api_etl.py
[2023-02-14 14:10:03,561] {logging_mixin.py:104} INFO - [2023-02-14 14:10:03,561] {dag.py:1833} INFO - Sync 1 DAGs
[2023-02-14 14:10:03,572] {logging_mixin.py:104} INFO - [2023-02-14 14:10:03,572] {dag.py:2306} INFO - Setting next_dagrun for tutorial_taskflow_api_etl to None
[2023-02-14 14:10:03,581] {scheduler_job.py:190} INFO - Processing /home/airflow/.local/lib/python3.6/site-packages/airflow/example_dags/tutorial_taskflow_api_etl.py took 0.210 seconds
[2023-02-14 14:10:33,627] {scheduler_job.py:182} INFO - Started process (PID=717) to work on /home/airflow/.local/lib/python3.6/site-packages/airflow/example_dags/tutorial_taskflow_api_etl.py
[2023-02-14 14:10:33,627] {scheduler_job.py:633} INFO - Processing file /home/airflow/.local/lib/python3.6/site-packages/airflow/example_dags/tutorial_taskflow_api_etl.py for tasks to queue
[2023-02-14 14:10:33,628] {logging_mixin.py:104} INFO - [2023-02-14 14:10:33,628] {dagbag.py:496} INFO - Filling up the DagBag from /home/airflow/.local/lib/python3.6/site-packages/airflow/example_dags/tutorial_taskflow_api_etl.py
[2023-02-14 14:10:33,641] {scheduler_job.py:643} INFO - DAG(s) dict_keys(['tutorial_taskflow_api_etl']) retrieved from /home/airflow/.local/lib/python3.6/site-packages/airflow/example_dags/tutorial_taskflow_api_etl.py
[2023-02-14 14:10:33,813] {logging_mixin.py:104} INFO - [2023-02-14 14:10:33,812] {dag.py:1833} INFO - Sync 1 DAGs
[2023-02-14 14:10:33,824] {logging_mixin.py:104} INFO - [2023-02-14 14:10:33,823] {dag.py:2306} INFO - Setting next_dagrun for tutorial_taskflow_api_etl to None
[2023-02-14 14:10:33,832] {scheduler_job.py:190} INFO - Processing /home/airflow/.local/lib/python3.6/site-packages/airflow/example_dags/tutorial_taskflow_api_etl.py took 0.207 seconds
[2023-02-14 14:11:03,850] {scheduler_job.py:182} INFO - Started process (PID=778) to work on /home/airflow/.local/lib/python3.6/site-packages/airflow/example_dags/tutorial_taskflow_api_etl.py
[2023-02-14 14:11:03,851] {scheduler_job.py:633} INFO - Processing file /home/airflow/.local/lib/python3.6/site-packages/airflow/example_dags/tutorial_taskflow_api_etl.py for tasks to queue
[2023-02-14 14:11:03,851] {logging_mixin.py:104} INFO - [2023-02-14 14:11:03,851] {dagbag.py:496} INFO - Filling up the DagBag from /home/airflow/.local/lib/python3.6/site-packages/airflow/example_dags/tutorial_taskflow_api_etl.py
[2023-02-14 14:11:03,864] {scheduler_job.py:643} INFO - DAG(s) dict_keys(['tutorial_taskflow_api_etl']) retrieved from /home/airflow/.local/lib/python3.6/site-packages/airflow/example_dags/tutorial_taskflow_api_etl.py
[2023-02-14 14:11:03,882] {logging_mixin.py:104} INFO - [2023-02-14 14:11:03,882] {dag.py:1833} INFO - Sync 1 DAGs
[2023-02-14 14:11:03,895] {logging_mixin.py:104} INFO - [2023-02-14 14:11:03,895] {dag.py:2306} INFO - Setting next_dagrun for tutorial_taskflow_api_etl to None
[2023-02-14 14:11:03,905] {scheduler_job.py:190} INFO - Processing /home/airflow/.local/lib/python3.6/site-packages/airflow/example_dags/tutorial_taskflow_api_etl.py took 0.057 seconds
[2023-02-14 14:11:34,213] {scheduler_job.py:182} INFO - Started process (PID=829) to work on /home/airflow/.local/lib/python3.6/site-packages/airflow/example_dags/tutorial_taskflow_api_etl.py
[2023-02-14 14:11:34,213] {scheduler_job.py:633} INFO - Processing file /home/airflow/.local/lib/python3.6/site-packages/airflow/example_dags/tutorial_taskflow_api_etl.py for tasks to queue
[2023-02-14 14:11:34,214] {logging_mixin.py:104} INFO - [2023-02-14 14:11:34,214] {dagbag.py:496} INFO - Filling up the DagBag from /home/airflow/.local/lib/python3.6/site-packages/airflow/example_dags/tutorial_taskflow_api_etl.py
[2023-02-14 14:11:34,226] {scheduler_job.py:643} INFO - DAG(s) dict_keys(['tutorial_taskflow_api_etl']) retrieved from /home/airflow/.local/lib/python3.6/site-packages/airflow/example_dags/tutorial_taskflow_api_etl.py
[2023-02-14 14:11:34,395] {logging_mixin.py:104} INFO - [2023-02-14 14:11:34,395] {dag.py:1833} INFO - Sync 1 DAGs
[2023-02-14 14:11:34,406] {logging_mixin.py:104} INFO - [2023-02-14 14:11:34,406] {dag.py:2306} INFO - Setting next_dagrun for tutorial_taskflow_api_etl to None
[2023-02-14 14:11:34,414] {scheduler_job.py:190} INFO - Processing /home/airflow/.local/lib/python3.6/site-packages/airflow/example_dags/tutorial_taskflow_api_etl.py took 0.203 seconds
[2023-02-14 14:12:04,557] {scheduler_job.py:182} INFO - Started process (PID=890) to work on /home/airflow/.local/lib/python3.6/site-packages/airflow/example_dags/tutorial_taskflow_api_etl.py
[2023-02-14 14:12:04,558] {scheduler_job.py:633} INFO - Processing file /home/airflow/.local/lib/python3.6/site-packages/airflow/example_dags/tutorial_taskflow_api_etl.py for tasks to queue
[2023-02-14 14:12:04,559] {logging_mixin.py:104} INFO - [2023-02-14 14:12:04,558] {dagbag.py:496} INFO - Filling up the DagBag from /home/airflow/.local/lib/python3.6/site-packages/airflow/example_dags/tutorial_taskflow_api_etl.py
[2023-02-14 14:12:04,572] {scheduler_job.py:643} INFO - DAG(s) dict_keys(['tutorial_taskflow_api_etl']) retrieved from /home/airflow/.local/lib/python3.6/site-packages/airflow/example_dags/tutorial_taskflow_api_etl.py
[2023-02-14 14:12:04,741] {logging_mixin.py:104} INFO - [2023-02-14 14:12:04,741] {dag.py:1833} INFO - Sync 1 DAGs
[2023-02-14 14:12:04,752] {logging_mixin.py:104} INFO - [2023-02-14 14:12:04,752] {dag.py:2306} INFO - Setting next_dagrun for tutorial_taskflow_api_etl to None
[2023-02-14 14:12:04,760] {scheduler_job.py:190} INFO - Processing /home/airflow/.local/lib/python3.6/site-packages/airflow/example_dags/tutorial_taskflow_api_etl.py took 0.205 seconds
[2023-02-14 14:12:35,713] {scheduler_job.py:182} INFO - Started process (PID=942) to work on /home/airflow/.local/lib/python3.6/site-packages/airflow/example_dags/tutorial_taskflow_api_etl.py
[2023-02-14 14:12:35,713] {scheduler_job.py:633} INFO - Processing file /home/airflow/.local/lib/python3.6/site-packages/airflow/example_dags/tutorial_taskflow_api_etl.py for tasks to queue
[2023-02-14 14:12:35,714] {logging_mixin.py:104} INFO - [2023-02-14 14:12:35,714] {dagbag.py:496} INFO - Filling up the DagBag from /home/airflow/.local/lib/python3.6/site-packages/airflow/example_dags/tutorial_taskflow_api_etl.py
[2023-02-14 14:12:35,726] {scheduler_job.py:643} INFO - DAG(s) dict_keys(['tutorial_taskflow_api_etl']) retrieved from /home/airflow/.local/lib/python3.6/site-packages/airflow/example_dags/tutorial_taskflow_api_etl.py
[2023-02-14 14:12:35,894] {logging_mixin.py:104} INFO - [2023-02-14 14:12:35,894] {dag.py:1833} INFO - Sync 1 DAGs
[2023-02-14 14:12:35,904] {logging_mixin.py:104} INFO - [2023-02-14 14:12:35,904] {dag.py:2306} INFO - Setting next_dagrun for tutorial_taskflow_api_etl to None
[2023-02-14 14:12:35,913] {scheduler_job.py:190} INFO - Processing /home/airflow/.local/lib/python3.6/site-packages/airflow/example_dags/tutorial_taskflow_api_etl.py took 0.202 seconds
[2023-02-14 14:13:05,938] {scheduler_job.py:182} INFO - Started process (PID=1003) to work on /home/airflow/.local/lib/python3.6/site-packages/airflow/example_dags/tutorial_taskflow_api_etl.py
[2023-02-14 14:13:05,938] {scheduler_job.py:633} INFO - Processing file /home/airflow/.local/lib/python3.6/site-packages/airflow/example_dags/tutorial_taskflow_api_etl.py for tasks to queue
[2023-02-14 14:13:05,939] {logging_mixin.py:104} INFO - [2023-02-14 14:13:05,939] {dagbag.py:496} INFO - Filling up the DagBag from /home/airflow/.local/lib/python3.6/site-packages/airflow/example_dags/tutorial_taskflow_api_etl.py
[2023-02-14 14:13:05,950] {scheduler_job.py:643} INFO - DAG(s) dict_keys(['tutorial_taskflow_api_etl']) retrieved from /home/airflow/.local/lib/python3.6/site-packages/airflow/example_dags/tutorial_taskflow_api_etl.py
[2023-02-14 14:13:06,112] {logging_mixin.py:104} INFO - [2023-02-14 14:13:06,112] {dag.py:1833} INFO - Sync 1 DAGs
[2023-02-14 14:13:06,123] {logging_mixin.py:104} INFO - [2023-02-14 14:13:06,123] {dag.py:2306} INFO - Setting next_dagrun for tutorial_taskflow_api_etl to None
[2023-02-14 14:13:06,131] {scheduler_job.py:190} INFO - Processing /home/airflow/.local/lib/python3.6/site-packages/airflow/example_dags/tutorial_taskflow_api_etl.py took 0.196 seconds
[2023-02-14 14:13:37,069] {scheduler_job.py:182} INFO - Started process (PID=1061) to work on /home/airflow/.local/lib/python3.6/site-packages/airflow/example_dags/tutorial_taskflow_api_etl.py
[2023-02-14 14:13:37,070] {scheduler_job.py:633} INFO - Processing file /home/airflow/.local/lib/python3.6/site-packages/airflow/example_dags/tutorial_taskflow_api_etl.py for tasks to queue
[2023-02-14 14:13:37,071] {logging_mixin.py:104} INFO - [2023-02-14 14:13:37,071] {dagbag.py:496} INFO - Filling up the DagBag from /home/airflow/.local/lib/python3.6/site-packages/airflow/example_dags/tutorial_taskflow_api_etl.py
[2023-02-14 14:13:37,084] {scheduler_job.py:643} INFO - DAG(s) dict_keys(['tutorial_taskflow_api_etl']) retrieved from /home/airflow/.local/lib/python3.6/site-packages/airflow/example_dags/tutorial_taskflow_api_etl.py
[2023-02-14 14:13:37,248] {logging_mixin.py:104} INFO - [2023-02-14 14:13:37,248] {dag.py:1833} INFO - Sync 1 DAGs
[2023-02-14 14:13:37,258] {logging_mixin.py:104} INFO - [2023-02-14 14:13:37,258] {dag.py:2306} INFO - Setting next_dagrun for tutorial_taskflow_api_etl to None
[2023-02-14 14:13:37,266] {scheduler_job.py:190} INFO - Processing /home/airflow/.local/lib/python3.6/site-packages/airflow/example_dags/tutorial_taskflow_api_etl.py took 0.199 seconds
[2023-02-14 14:14:07,287] {scheduler_job.py:182} INFO - Started process (PID=1115) to work on /home/airflow/.local/lib/python3.6/site-packages/airflow/example_dags/tutorial_taskflow_api_etl.py
[2023-02-14 14:14:07,288] {scheduler_job.py:633} INFO - Processing file /home/airflow/.local/lib/python3.6/site-packages/airflow/example_dags/tutorial_taskflow_api_etl.py for tasks to queue
[2023-02-14 14:14:07,288] {logging_mixin.py:104} INFO - [2023-02-14 14:14:07,288] {dagbag.py:496} INFO - Filling up the DagBag from /home/airflow/.local/lib/python3.6/site-packages/airflow/example_dags/tutorial_taskflow_api_etl.py
[2023-02-14 14:14:07,303] {scheduler_job.py:643} INFO - DAG(s) dict_keys(['tutorial_taskflow_api_etl']) retrieved from /home/airflow/.local/lib/python3.6/site-packages/airflow/example_dags/tutorial_taskflow_api_etl.py
[2023-02-14 14:14:07,496] {logging_mixin.py:104} INFO - [2023-02-14 14:14:07,496] {dag.py:1833} INFO - Sync 1 DAGs
[2023-02-14 14:14:07,506] {logging_mixin.py:104} INFO - [2023-02-14 14:14:07,506] {dag.py:2306} INFO - Setting next_dagrun for tutorial_taskflow_api_etl to None
[2023-02-14 14:14:07,514] {scheduler_job.py:190} INFO - Processing /home/airflow/.local/lib/python3.6/site-packages/airflow/example_dags/tutorial_taskflow_api_etl.py took 0.229 seconds
[2023-02-14 14:14:37,530] {scheduler_job.py:182} INFO - Started process (PID=1176) to work on /home/airflow/.local/lib/python3.6/site-packages/airflow/example_dags/tutorial_taskflow_api_etl.py
[2023-02-14 14:14:37,531] {scheduler_job.py:633} INFO - Processing file /home/airflow/.local/lib/python3.6/site-packages/airflow/example_dags/tutorial_taskflow_api_etl.py for tasks to queue
[2023-02-14 14:14:37,531] {logging_mixin.py:104} INFO - [2023-02-14 14:14:37,531] {dagbag.py:496} INFO - Filling up the DagBag from /home/airflow/.local/lib/python3.6/site-packages/airflow/example_dags/tutorial_taskflow_api_etl.py
[2023-02-14 14:14:37,543] {scheduler_job.py:643} INFO - DAG(s) dict_keys(['tutorial_taskflow_api_etl']) retrieved from /home/airflow/.local/lib/python3.6/site-packages/airflow/example_dags/tutorial_taskflow_api_etl.py
[2023-02-14 14:14:37,716] {logging_mixin.py:104} INFO - [2023-02-14 14:14:37,716] {dag.py:1833} INFO - Sync 1 DAGs
[2023-02-14 14:14:37,730] {logging_mixin.py:104} INFO - [2023-02-14 14:14:37,730] {dag.py:2306} INFO - Setting next_dagrun for tutorial_taskflow_api_etl to None
[2023-02-14 14:14:37,739] {scheduler_job.py:190} INFO - Processing /home/airflow/.local/lib/python3.6/site-packages/airflow/example_dags/tutorial_taskflow_api_etl.py took 0.211 seconds
[2023-02-14 14:15:08,695] {scheduler_job.py:182} INFO - Started process (PID=1227) to work on /home/airflow/.local/lib/python3.6/site-packages/airflow/example_dags/tutorial_taskflow_api_etl.py
[2023-02-14 14:15:08,695] {scheduler_job.py:633} INFO - Processing file /home/airflow/.local/lib/python3.6/site-packages/airflow/example_dags/tutorial_taskflow_api_etl.py for tasks to queue
[2023-02-14 14:15:08,696] {logging_mixin.py:104} INFO - [2023-02-14 14:15:08,696] {dagbag.py:496} INFO - Filling up the DagBag from /home/airflow/.local/lib/python3.6/site-packages/airflow/example_dags/tutorial_taskflow_api_etl.py
[2023-02-14 14:15:08,709] {scheduler_job.py:643} INFO - DAG(s) dict_keys(['tutorial_taskflow_api_etl']) retrieved from /home/airflow/.local/lib/python3.6/site-packages/airflow/example_dags/tutorial_taskflow_api_etl.py
[2023-02-14 14:15:08,727] {logging_mixin.py:104} INFO - [2023-02-14 14:15:08,727] {dag.py:1833} INFO - Sync 1 DAGs
[2023-02-14 14:15:08,738] {logging_mixin.py:104} INFO - [2023-02-14 14:15:08,738] {dag.py:2306} INFO - Setting next_dagrun for tutorial_taskflow_api_etl to None
[2023-02-14 14:15:08,748] {scheduler_job.py:190} INFO - Processing /home/airflow/.local/lib/python3.6/site-packages/airflow/example_dags/tutorial_taskflow_api_etl.py took 0.056 seconds
