[2023-02-14 14:09:29,099] {scheduler_job.py:182} INFO - Started process (PID=549) to work on /home/airflow/.local/lib/python3.6/site-packages/airflow/example_dags/tutorial_etl_dag.py
[2023-02-14 14:09:29,099] {scheduler_job.py:633} INFO - Processing file /home/airflow/.local/lib/python3.6/site-packages/airflow/example_dags/tutorial_etl_dag.py for tasks to queue
[2023-02-14 14:09:29,100] {logging_mixin.py:104} INFO - [2023-02-14 14:09:29,100] {dagbag.py:496} INFO - Filling up the DagBag from /home/airflow/.local/lib/python3.6/site-packages/airflow/example_dags/tutorial_etl_dag.py
[2023-02-14 14:09:29,110] {scheduler_job.py:643} INFO - DAG(s) dict_keys(['tutorial_etl_dag']) retrieved from /home/airflow/.local/lib/python3.6/site-packages/airflow/example_dags/tutorial_etl_dag.py
[2023-02-14 14:09:31,118] {logging_mixin.py:104} INFO - [2023-02-14 14:09:31,118] {dag.py:1833} INFO - Sync 1 DAGs
[2023-02-14 14:09:31,164] {logging_mixin.py:104} INFO - [2023-02-14 14:09:31,160] {dag.py:1852} INFO - Creating ORM DAG for tutorial_etl_dag
[2023-02-14 14:09:31,174] {logging_mixin.py:104} INFO - [2023-02-14 14:09:31,174] {dag.py:2306} INFO - Setting next_dagrun for tutorial_etl_dag to None
[2023-02-14 14:09:31,262] {scheduler_job.py:190} INFO - Processing /home/airflow/.local/lib/python3.6/site-packages/airflow/example_dags/tutorial_etl_dag.py took 2.165 seconds
[2023-02-14 14:10:02,242] {scheduler_job.py:182} INFO - Started process (PID=649) to work on /home/airflow/.local/lib/python3.6/site-packages/airflow/example_dags/tutorial_etl_dag.py
[2023-02-14 14:10:02,243] {scheduler_job.py:633} INFO - Processing file /home/airflow/.local/lib/python3.6/site-packages/airflow/example_dags/tutorial_etl_dag.py for tasks to queue
[2023-02-14 14:10:02,243] {logging_mixin.py:104} INFO - [2023-02-14 14:10:02,243] {dagbag.py:496} INFO - Filling up the DagBag from /home/airflow/.local/lib/python3.6/site-packages/airflow/example_dags/tutorial_etl_dag.py
[2023-02-14 14:10:02,252] {scheduler_job.py:643} INFO - DAG(s) dict_keys(['tutorial_etl_dag']) retrieved from /home/airflow/.local/lib/python3.6/site-packages/airflow/example_dags/tutorial_etl_dag.py
[2023-02-14 14:10:02,267] {logging_mixin.py:104} INFO - [2023-02-14 14:10:02,267] {dag.py:1833} INFO - Sync 1 DAGs
[2023-02-14 14:10:02,278] {logging_mixin.py:104} INFO - [2023-02-14 14:10:02,278] {dag.py:2306} INFO - Setting next_dagrun for tutorial_etl_dag to None
[2023-02-14 14:10:02,285] {scheduler_job.py:190} INFO - Processing /home/airflow/.local/lib/python3.6/site-packages/airflow/example_dags/tutorial_etl_dag.py took 0.045 seconds
[2023-02-14 14:10:32,317] {scheduler_job.py:182} INFO - Started process (PID=710) to work on /home/airflow/.local/lib/python3.6/site-packages/airflow/example_dags/tutorial_etl_dag.py
[2023-02-14 14:10:32,318] {scheduler_job.py:633} INFO - Processing file /home/airflow/.local/lib/python3.6/site-packages/airflow/example_dags/tutorial_etl_dag.py for tasks to queue
[2023-02-14 14:10:32,318] {logging_mixin.py:104} INFO - [2023-02-14 14:10:32,318] {dagbag.py:496} INFO - Filling up the DagBag from /home/airflow/.local/lib/python3.6/site-packages/airflow/example_dags/tutorial_etl_dag.py
[2023-02-14 14:10:32,327] {scheduler_job.py:643} INFO - DAG(s) dict_keys(['tutorial_etl_dag']) retrieved from /home/airflow/.local/lib/python3.6/site-packages/airflow/example_dags/tutorial_etl_dag.py
[2023-02-14 14:10:32,342] {logging_mixin.py:104} INFO - [2023-02-14 14:10:32,342] {dag.py:1833} INFO - Sync 1 DAGs
[2023-02-14 14:10:32,352] {logging_mixin.py:104} INFO - [2023-02-14 14:10:32,352] {dag.py:2306} INFO - Setting next_dagrun for tutorial_etl_dag to None
[2023-02-14 14:10:32,358] {scheduler_job.py:190} INFO - Processing /home/airflow/.local/lib/python3.6/site-packages/airflow/example_dags/tutorial_etl_dag.py took 0.043 seconds
[2023-02-14 14:11:02,564] {scheduler_job.py:182} INFO - Started process (PID=770) to work on /home/airflow/.local/lib/python3.6/site-packages/airflow/example_dags/tutorial_etl_dag.py
[2023-02-14 14:11:02,565] {scheduler_job.py:633} INFO - Processing file /home/airflow/.local/lib/python3.6/site-packages/airflow/example_dags/tutorial_etl_dag.py for tasks to queue
[2023-02-14 14:11:02,566] {logging_mixin.py:104} INFO - [2023-02-14 14:11:02,566] {dagbag.py:496} INFO - Filling up the DagBag from /home/airflow/.local/lib/python3.6/site-packages/airflow/example_dags/tutorial_etl_dag.py
[2023-02-14 14:11:02,575] {scheduler_job.py:643} INFO - DAG(s) dict_keys(['tutorial_etl_dag']) retrieved from /home/airflow/.local/lib/python3.6/site-packages/airflow/example_dags/tutorial_etl_dag.py
[2023-02-14 14:11:02,594] {logging_mixin.py:104} INFO - [2023-02-14 14:11:02,594] {dag.py:1833} INFO - Sync 1 DAGs
[2023-02-14 14:11:02,606] {logging_mixin.py:104} INFO - [2023-02-14 14:11:02,606] {dag.py:2306} INFO - Setting next_dagrun for tutorial_etl_dag to None
[2023-02-14 14:11:02,613] {scheduler_job.py:190} INFO - Processing /home/airflow/.local/lib/python3.6/site-packages/airflow/example_dags/tutorial_etl_dag.py took 0.051 seconds
[2023-02-14 14:11:32,973] {scheduler_job.py:182} INFO - Started process (PID=822) to work on /home/airflow/.local/lib/python3.6/site-packages/airflow/example_dags/tutorial_etl_dag.py
[2023-02-14 14:11:32,973] {scheduler_job.py:633} INFO - Processing file /home/airflow/.local/lib/python3.6/site-packages/airflow/example_dags/tutorial_etl_dag.py for tasks to queue
[2023-02-14 14:11:32,974] {logging_mixin.py:104} INFO - [2023-02-14 14:11:32,974] {dagbag.py:496} INFO - Filling up the DagBag from /home/airflow/.local/lib/python3.6/site-packages/airflow/example_dags/tutorial_etl_dag.py
[2023-02-14 14:11:32,983] {scheduler_job.py:643} INFO - DAG(s) dict_keys(['tutorial_etl_dag']) retrieved from /home/airflow/.local/lib/python3.6/site-packages/airflow/example_dags/tutorial_etl_dag.py
[2023-02-14 14:11:32,999] {logging_mixin.py:104} INFO - [2023-02-14 14:11:32,999] {dag.py:1833} INFO - Sync 1 DAGs
[2023-02-14 14:11:33,010] {logging_mixin.py:104} INFO - [2023-02-14 14:11:33,010] {dag.py:2306} INFO - Setting next_dagrun for tutorial_etl_dag to None
[2023-02-14 14:11:33,017] {scheduler_job.py:190} INFO - Processing /home/airflow/.local/lib/python3.6/site-packages/airflow/example_dags/tutorial_etl_dag.py took 0.046 seconds
[2023-02-14 14:12:03,171] {scheduler_job.py:182} INFO - Started process (PID=883) to work on /home/airflow/.local/lib/python3.6/site-packages/airflow/example_dags/tutorial_etl_dag.py
[2023-02-14 14:12:03,172] {scheduler_job.py:633} INFO - Processing file /home/airflow/.local/lib/python3.6/site-packages/airflow/example_dags/tutorial_etl_dag.py for tasks to queue
[2023-02-14 14:12:03,172] {logging_mixin.py:104} INFO - [2023-02-14 14:12:03,172] {dagbag.py:496} INFO - Filling up the DagBag from /home/airflow/.local/lib/python3.6/site-packages/airflow/example_dags/tutorial_etl_dag.py
[2023-02-14 14:12:03,182] {scheduler_job.py:643} INFO - DAG(s) dict_keys(['tutorial_etl_dag']) retrieved from /home/airflow/.local/lib/python3.6/site-packages/airflow/example_dags/tutorial_etl_dag.py
[2023-02-14 14:12:03,203] {logging_mixin.py:104} INFO - [2023-02-14 14:12:03,203] {dag.py:1833} INFO - Sync 1 DAGs
[2023-02-14 14:12:03,219] {logging_mixin.py:104} INFO - [2023-02-14 14:12:03,219] {dag.py:2306} INFO - Setting next_dagrun for tutorial_etl_dag to None
[2023-02-14 14:12:03,228] {scheduler_job.py:190} INFO - Processing /home/airflow/.local/lib/python3.6/site-packages/airflow/example_dags/tutorial_etl_dag.py took 0.059 seconds
[2023-02-14 14:12:33,435] {scheduler_job.py:182} INFO - Started process (PID=934) to work on /home/airflow/.local/lib/python3.6/site-packages/airflow/example_dags/tutorial_etl_dag.py
[2023-02-14 14:12:33,436] {scheduler_job.py:633} INFO - Processing file /home/airflow/.local/lib/python3.6/site-packages/airflow/example_dags/tutorial_etl_dag.py for tasks to queue
[2023-02-14 14:12:33,436] {logging_mixin.py:104} INFO - [2023-02-14 14:12:33,436] {dagbag.py:496} INFO - Filling up the DagBag from /home/airflow/.local/lib/python3.6/site-packages/airflow/example_dags/tutorial_etl_dag.py
[2023-02-14 14:12:33,445] {scheduler_job.py:643} INFO - DAG(s) dict_keys(['tutorial_etl_dag']) retrieved from /home/airflow/.local/lib/python3.6/site-packages/airflow/example_dags/tutorial_etl_dag.py
[2023-02-14 14:12:33,461] {logging_mixin.py:104} INFO - [2023-02-14 14:12:33,461] {dag.py:1833} INFO - Sync 1 DAGs
[2023-02-14 14:12:33,472] {logging_mixin.py:104} INFO - [2023-02-14 14:12:33,472] {dag.py:2306} INFO - Setting next_dagrun for tutorial_etl_dag to None
[2023-02-14 14:12:33,480] {scheduler_job.py:190} INFO - Processing /home/airflow/.local/lib/python3.6/site-packages/airflow/example_dags/tutorial_etl_dag.py took 0.047 seconds
[2023-02-14 14:13:03,636] {scheduler_job.py:182} INFO - Started process (PID=995) to work on /home/airflow/.local/lib/python3.6/site-packages/airflow/example_dags/tutorial_etl_dag.py
[2023-02-14 14:13:03,637] {scheduler_job.py:633} INFO - Processing file /home/airflow/.local/lib/python3.6/site-packages/airflow/example_dags/tutorial_etl_dag.py for tasks to queue
[2023-02-14 14:13:03,637] {logging_mixin.py:104} INFO - [2023-02-14 14:13:03,637] {dagbag.py:496} INFO - Filling up the DagBag from /home/airflow/.local/lib/python3.6/site-packages/airflow/example_dags/tutorial_etl_dag.py
[2023-02-14 14:13:03,647] {scheduler_job.py:643} INFO - DAG(s) dict_keys(['tutorial_etl_dag']) retrieved from /home/airflow/.local/lib/python3.6/site-packages/airflow/example_dags/tutorial_etl_dag.py
[2023-02-14 14:13:03,662] {logging_mixin.py:104} INFO - [2023-02-14 14:13:03,662] {dag.py:1833} INFO - Sync 1 DAGs
[2023-02-14 14:13:03,674] {logging_mixin.py:104} INFO - [2023-02-14 14:13:03,674] {dag.py:2306} INFO - Setting next_dagrun for tutorial_etl_dag to None
[2023-02-14 14:13:03,682] {scheduler_job.py:190} INFO - Processing /home/airflow/.local/lib/python3.6/site-packages/airflow/example_dags/tutorial_etl_dag.py took 0.048 seconds
[2023-02-14 14:13:33,804] {scheduler_job.py:182} INFO - Started process (PID=1046) to work on /home/airflow/.local/lib/python3.6/site-packages/airflow/example_dags/tutorial_etl_dag.py
[2023-02-14 14:13:33,805] {scheduler_job.py:633} INFO - Processing file /home/airflow/.local/lib/python3.6/site-packages/airflow/example_dags/tutorial_etl_dag.py for tasks to queue
[2023-02-14 14:13:33,805] {logging_mixin.py:104} INFO - [2023-02-14 14:13:33,805] {dagbag.py:496} INFO - Filling up the DagBag from /home/airflow/.local/lib/python3.6/site-packages/airflow/example_dags/tutorial_etl_dag.py
[2023-02-14 14:13:33,814] {scheduler_job.py:643} INFO - DAG(s) dict_keys(['tutorial_etl_dag']) retrieved from /home/airflow/.local/lib/python3.6/site-packages/airflow/example_dags/tutorial_etl_dag.py
[2023-02-14 14:13:33,829] {logging_mixin.py:104} INFO - [2023-02-14 14:13:33,829] {dag.py:1833} INFO - Sync 1 DAGs
[2023-02-14 14:13:33,840] {logging_mixin.py:104} INFO - [2023-02-14 14:13:33,840] {dag.py:2306} INFO - Setting next_dagrun for tutorial_etl_dag to None
[2023-02-14 14:13:33,846] {scheduler_job.py:190} INFO - Processing /home/airflow/.local/lib/python3.6/site-packages/airflow/example_dags/tutorial_etl_dag.py took 0.044 seconds
[2023-02-14 14:14:04,066] {scheduler_job.py:182} INFO - Started process (PID=1107) to work on /home/airflow/.local/lib/python3.6/site-packages/airflow/example_dags/tutorial_etl_dag.py
[2023-02-14 14:14:04,066] {scheduler_job.py:633} INFO - Processing file /home/airflow/.local/lib/python3.6/site-packages/airflow/example_dags/tutorial_etl_dag.py for tasks to queue
[2023-02-14 14:14:04,067] {logging_mixin.py:104} INFO - [2023-02-14 14:14:04,067] {dagbag.py:496} INFO - Filling up the DagBag from /home/airflow/.local/lib/python3.6/site-packages/airflow/example_dags/tutorial_etl_dag.py
[2023-02-14 14:14:04,076] {scheduler_job.py:643} INFO - DAG(s) dict_keys(['tutorial_etl_dag']) retrieved from /home/airflow/.local/lib/python3.6/site-packages/airflow/example_dags/tutorial_etl_dag.py
[2023-02-14 14:14:04,091] {logging_mixin.py:104} INFO - [2023-02-14 14:14:04,091] {dag.py:1833} INFO - Sync 1 DAGs
[2023-02-14 14:14:04,102] {logging_mixin.py:104} INFO - [2023-02-14 14:14:04,102] {dag.py:2306} INFO - Setting next_dagrun for tutorial_etl_dag to None
[2023-02-14 14:14:04,108] {scheduler_job.py:190} INFO - Processing /home/airflow/.local/lib/python3.6/site-packages/airflow/example_dags/tutorial_etl_dag.py took 0.044 seconds
[2023-02-14 14:14:34,314] {scheduler_job.py:182} INFO - Started process (PID=1158) to work on /home/airflow/.local/lib/python3.6/site-packages/airflow/example_dags/tutorial_etl_dag.py
[2023-02-14 14:14:34,315] {scheduler_job.py:633} INFO - Processing file /home/airflow/.local/lib/python3.6/site-packages/airflow/example_dags/tutorial_etl_dag.py for tasks to queue
[2023-02-14 14:14:34,316] {logging_mixin.py:104} INFO - [2023-02-14 14:14:34,316] {dagbag.py:496} INFO - Filling up the DagBag from /home/airflow/.local/lib/python3.6/site-packages/airflow/example_dags/tutorial_etl_dag.py
[2023-02-14 14:14:34,326] {scheduler_job.py:643} INFO - DAG(s) dict_keys(['tutorial_etl_dag']) retrieved from /home/airflow/.local/lib/python3.6/site-packages/airflow/example_dags/tutorial_etl_dag.py
[2023-02-14 14:14:34,340] {logging_mixin.py:104} INFO - [2023-02-14 14:14:34,340] {dag.py:1833} INFO - Sync 1 DAGs
[2023-02-14 14:14:34,351] {logging_mixin.py:104} INFO - [2023-02-14 14:14:34,351] {dag.py:2306} INFO - Setting next_dagrun for tutorial_etl_dag to None
[2023-02-14 14:14:34,357] {scheduler_job.py:190} INFO - Processing /home/airflow/.local/lib/python3.6/site-packages/airflow/example_dags/tutorial_etl_dag.py took 0.045 seconds
[2023-02-14 14:15:04,400] {scheduler_job.py:182} INFO - Started process (PID=1219) to work on /home/airflow/.local/lib/python3.6/site-packages/airflow/example_dags/tutorial_etl_dag.py
[2023-02-14 14:15:04,400] {scheduler_job.py:633} INFO - Processing file /home/airflow/.local/lib/python3.6/site-packages/airflow/example_dags/tutorial_etl_dag.py for tasks to queue
[2023-02-14 14:15:04,401] {logging_mixin.py:104} INFO - [2023-02-14 14:15:04,401] {dagbag.py:496} INFO - Filling up the DagBag from /home/airflow/.local/lib/python3.6/site-packages/airflow/example_dags/tutorial_etl_dag.py
[2023-02-14 14:15:04,410] {scheduler_job.py:643} INFO - DAG(s) dict_keys(['tutorial_etl_dag']) retrieved from /home/airflow/.local/lib/python3.6/site-packages/airflow/example_dags/tutorial_etl_dag.py
[2023-02-14 14:15:04,426] {logging_mixin.py:104} INFO - [2023-02-14 14:15:04,426] {dag.py:1833} INFO - Sync 1 DAGs
[2023-02-14 14:15:04,438] {logging_mixin.py:104} INFO - [2023-02-14 14:15:04,438] {dag.py:2306} INFO - Setting next_dagrun for tutorial_etl_dag to None
[2023-02-14 14:15:04,446] {scheduler_job.py:190} INFO - Processing /home/airflow/.local/lib/python3.6/site-packages/airflow/example_dags/tutorial_etl_dag.py took 0.048 seconds
