[2023-02-14 14:09:31,290] {scheduler_job.py:182} INFO - Started process (PID=583) to work on /home/airflow/.local/lib/python3.6/site-packages/airflow/example_dags/tutorial_taskflow_api_etl_virtualenv.py
[2023-02-14 14:09:31,291] {scheduler_job.py:633} INFO - Processing file /home/airflow/.local/lib/python3.6/site-packages/airflow/example_dags/tutorial_taskflow_api_etl_virtualenv.py for tasks to queue
[2023-02-14 14:09:31,291] {logging_mixin.py:104} INFO - [2023-02-14 14:09:31,291] {dagbag.py:496} INFO - Filling up the DagBag from /home/airflow/.local/lib/python3.6/site-packages/airflow/example_dags/tutorial_taskflow_api_etl_virtualenv.py
[2023-02-14 14:09:31,306] {scheduler_job.py:643} INFO - DAG(s) dict_keys(['tutorial_taskflow_api_etl_virtualenv']) retrieved from /home/airflow/.local/lib/python3.6/site-packages/airflow/example_dags/tutorial_taskflow_api_etl_virtualenv.py
[2023-02-14 14:09:33,329] {logging_mixin.py:104} INFO - [2023-02-14 14:09:33,329] {dag.py:1833} INFO - Sync 1 DAGs
[2023-02-14 14:09:33,339] {logging_mixin.py:104} INFO - [2023-02-14 14:09:33,338] {dag.py:1852} INFO - Creating ORM DAG for tutorial_taskflow_api_etl_virtualenv
[2023-02-14 14:09:33,343] {logging_mixin.py:104} INFO - [2023-02-14 14:09:33,343] {dag.py:2306} INFO - Setting next_dagrun for tutorial_taskflow_api_etl_virtualenv to None
[2023-02-14 14:09:33,351] {scheduler_job.py:190} INFO - Processing /home/airflow/.local/lib/python3.6/site-packages/airflow/example_dags/tutorial_taskflow_api_etl_virtualenv.py took 2.064 seconds
[2023-02-14 14:10:03,534] {scheduler_job.py:182} INFO - Started process (PID=666) to work on /home/airflow/.local/lib/python3.6/site-packages/airflow/example_dags/tutorial_taskflow_api_etl_virtualenv.py
[2023-02-14 14:10:03,534] {scheduler_job.py:633} INFO - Processing file /home/airflow/.local/lib/python3.6/site-packages/airflow/example_dags/tutorial_taskflow_api_etl_virtualenv.py for tasks to queue
[2023-02-14 14:10:03,535] {logging_mixin.py:104} INFO - [2023-02-14 14:10:03,535] {dagbag.py:496} INFO - Filling up the DagBag from /home/airflow/.local/lib/python3.6/site-packages/airflow/example_dags/tutorial_taskflow_api_etl_virtualenv.py
[2023-02-14 14:10:03,548] {scheduler_job.py:643} INFO - DAG(s) dict_keys(['tutorial_taskflow_api_etl_virtualenv']) retrieved from /home/airflow/.local/lib/python3.6/site-packages/airflow/example_dags/tutorial_taskflow_api_etl_virtualenv.py
[2023-02-14 14:10:03,722] {logging_mixin.py:104} INFO - [2023-02-14 14:10:03,722] {dag.py:1833} INFO - Sync 1 DAGs
[2023-02-14 14:10:03,732] {logging_mixin.py:104} INFO - [2023-02-14 14:10:03,732] {dag.py:2306} INFO - Setting next_dagrun for tutorial_taskflow_api_etl_virtualenv to None
[2023-02-14 14:10:03,740] {scheduler_job.py:190} INFO - Processing /home/airflow/.local/lib/python3.6/site-packages/airflow/example_dags/tutorial_taskflow_api_etl_virtualenv.py took 0.208 seconds
[2023-02-14 14:10:33,852] {scheduler_job.py:182} INFO - Started process (PID=719) to work on /home/airflow/.local/lib/python3.6/site-packages/airflow/example_dags/tutorial_taskflow_api_etl_virtualenv.py
[2023-02-14 14:10:33,852] {scheduler_job.py:633} INFO - Processing file /home/airflow/.local/lib/python3.6/site-packages/airflow/example_dags/tutorial_taskflow_api_etl_virtualenv.py for tasks to queue
[2023-02-14 14:10:33,853] {logging_mixin.py:104} INFO - [2023-02-14 14:10:33,853] {dagbag.py:496} INFO - Filling up the DagBag from /home/airflow/.local/lib/python3.6/site-packages/airflow/example_dags/tutorial_taskflow_api_etl_virtualenv.py
[2023-02-14 14:10:33,866] {scheduler_job.py:643} INFO - DAG(s) dict_keys(['tutorial_taskflow_api_etl_virtualenv']) retrieved from /home/airflow/.local/lib/python3.6/site-packages/airflow/example_dags/tutorial_taskflow_api_etl_virtualenv.py
[2023-02-14 14:10:34,050] {logging_mixin.py:104} INFO - [2023-02-14 14:10:34,050] {dag.py:1833} INFO - Sync 1 DAGs
[2023-02-14 14:10:34,062] {logging_mixin.py:104} INFO - [2023-02-14 14:10:34,062] {dag.py:2306} INFO - Setting next_dagrun for tutorial_taskflow_api_etl_virtualenv to None
[2023-02-14 14:10:34,071] {scheduler_job.py:190} INFO - Processing /home/airflow/.local/lib/python3.6/site-packages/airflow/example_dags/tutorial_taskflow_api_etl_virtualenv.py took 0.222 seconds
[2023-02-14 14:11:04,927] {scheduler_job.py:182} INFO - Started process (PID=780) to work on /home/airflow/.local/lib/python3.6/site-packages/airflow/example_dags/tutorial_taskflow_api_etl_virtualenv.py
[2023-02-14 14:11:04,928] {scheduler_job.py:633} INFO - Processing file /home/airflow/.local/lib/python3.6/site-packages/airflow/example_dags/tutorial_taskflow_api_etl_virtualenv.py for tasks to queue
[2023-02-14 14:11:04,928] {logging_mixin.py:104} INFO - [2023-02-14 14:11:04,928] {dagbag.py:496} INFO - Filling up the DagBag from /home/airflow/.local/lib/python3.6/site-packages/airflow/example_dags/tutorial_taskflow_api_etl_virtualenv.py
[2023-02-14 14:11:04,941] {scheduler_job.py:643} INFO - DAG(s) dict_keys(['tutorial_taskflow_api_etl_virtualenv']) retrieved from /home/airflow/.local/lib/python3.6/site-packages/airflow/example_dags/tutorial_taskflow_api_etl_virtualenv.py
[2023-02-14 14:11:05,106] {logging_mixin.py:104} INFO - [2023-02-14 14:11:05,106] {dag.py:1833} INFO - Sync 1 DAGs
[2023-02-14 14:11:05,116] {logging_mixin.py:104} INFO - [2023-02-14 14:11:05,116] {dag.py:2306} INFO - Setting next_dagrun for tutorial_taskflow_api_etl_virtualenv to None
[2023-02-14 14:11:05,124] {scheduler_job.py:190} INFO - Processing /home/airflow/.local/lib/python3.6/site-packages/airflow/example_dags/tutorial_taskflow_api_etl_virtualenv.py took 0.200 seconds
[2023-02-14 14:11:35,305] {scheduler_job.py:182} INFO - Started process (PID=831) to work on /home/airflow/.local/lib/python3.6/site-packages/airflow/example_dags/tutorial_taskflow_api_etl_virtualenv.py
[2023-02-14 14:11:35,306] {scheduler_job.py:633} INFO - Processing file /home/airflow/.local/lib/python3.6/site-packages/airflow/example_dags/tutorial_taskflow_api_etl_virtualenv.py for tasks to queue
[2023-02-14 14:11:35,307] {logging_mixin.py:104} INFO - [2023-02-14 14:11:35,306] {dagbag.py:496} INFO - Filling up the DagBag from /home/airflow/.local/lib/python3.6/site-packages/airflow/example_dags/tutorial_taskflow_api_etl_virtualenv.py
[2023-02-14 14:11:35,319] {scheduler_job.py:643} INFO - DAG(s) dict_keys(['tutorial_taskflow_api_etl_virtualenv']) retrieved from /home/airflow/.local/lib/python3.6/site-packages/airflow/example_dags/tutorial_taskflow_api_etl_virtualenv.py
[2023-02-14 14:11:35,486] {logging_mixin.py:104} INFO - [2023-02-14 14:11:35,486] {dag.py:1833} INFO - Sync 1 DAGs
[2023-02-14 14:11:35,496] {logging_mixin.py:104} INFO - [2023-02-14 14:11:35,496] {dag.py:2306} INFO - Setting next_dagrun for tutorial_taskflow_api_etl_virtualenv to None
[2023-02-14 14:11:35,505] {scheduler_job.py:190} INFO - Processing /home/airflow/.local/lib/python3.6/site-packages/airflow/example_dags/tutorial_taskflow_api_etl_virtualenv.py took 0.201 seconds
[2023-02-14 14:12:05,592] {scheduler_job.py:182} INFO - Started process (PID=892) to work on /home/airflow/.local/lib/python3.6/site-packages/airflow/example_dags/tutorial_taskflow_api_etl_virtualenv.py
[2023-02-14 14:12:05,593] {scheduler_job.py:633} INFO - Processing file /home/airflow/.local/lib/python3.6/site-packages/airflow/example_dags/tutorial_taskflow_api_etl_virtualenv.py for tasks to queue
[2023-02-14 14:12:05,593] {logging_mixin.py:104} INFO - [2023-02-14 14:12:05,593] {dagbag.py:496} INFO - Filling up the DagBag from /home/airflow/.local/lib/python3.6/site-packages/airflow/example_dags/tutorial_taskflow_api_etl_virtualenv.py
[2023-02-14 14:12:05,606] {scheduler_job.py:643} INFO - DAG(s) dict_keys(['tutorial_taskflow_api_etl_virtualenv']) retrieved from /home/airflow/.local/lib/python3.6/site-packages/airflow/example_dags/tutorial_taskflow_api_etl_virtualenv.py
[2023-02-14 14:12:05,775] {logging_mixin.py:104} INFO - [2023-02-14 14:12:05,775] {dag.py:1833} INFO - Sync 1 DAGs
[2023-02-14 14:12:05,785] {logging_mixin.py:104} INFO - [2023-02-14 14:12:05,785] {dag.py:2306} INFO - Setting next_dagrun for tutorial_taskflow_api_etl_virtualenv to None
[2023-02-14 14:12:05,793] {scheduler_job.py:190} INFO - Processing /home/airflow/.local/lib/python3.6/site-packages/airflow/example_dags/tutorial_taskflow_api_etl_virtualenv.py took 0.203 seconds
[2023-02-14 14:12:35,926] {scheduler_job.py:182} INFO - Started process (PID=943) to work on /home/airflow/.local/lib/python3.6/site-packages/airflow/example_dags/tutorial_taskflow_api_etl_virtualenv.py
[2023-02-14 14:12:35,927] {scheduler_job.py:633} INFO - Processing file /home/airflow/.local/lib/python3.6/site-packages/airflow/example_dags/tutorial_taskflow_api_etl_virtualenv.py for tasks to queue
[2023-02-14 14:12:35,927] {logging_mixin.py:104} INFO - [2023-02-14 14:12:35,927] {dagbag.py:496} INFO - Filling up the DagBag from /home/airflow/.local/lib/python3.6/site-packages/airflow/example_dags/tutorial_taskflow_api_etl_virtualenv.py
[2023-02-14 14:12:35,940] {scheduler_job.py:643} INFO - DAG(s) dict_keys(['tutorial_taskflow_api_etl_virtualenv']) retrieved from /home/airflow/.local/lib/python3.6/site-packages/airflow/example_dags/tutorial_taskflow_api_etl_virtualenv.py
[2023-02-14 14:12:36,101] {logging_mixin.py:104} INFO - [2023-02-14 14:12:36,101] {dag.py:1833} INFO - Sync 1 DAGs
[2023-02-14 14:12:36,112] {logging_mixin.py:104} INFO - [2023-02-14 14:12:36,111] {dag.py:2306} INFO - Setting next_dagrun for tutorial_taskflow_api_etl_virtualenv to None
[2023-02-14 14:12:36,119] {scheduler_job.py:190} INFO - Processing /home/airflow/.local/lib/python3.6/site-packages/airflow/example_dags/tutorial_taskflow_api_etl_virtualenv.py took 0.195 seconds
[2023-02-14 14:13:06,145] {scheduler_job.py:182} INFO - Started process (PID=1004) to work on /home/airflow/.local/lib/python3.6/site-packages/airflow/example_dags/tutorial_taskflow_api_etl_virtualenv.py
[2023-02-14 14:13:06,145] {scheduler_job.py:633} INFO - Processing file /home/airflow/.local/lib/python3.6/site-packages/airflow/example_dags/tutorial_taskflow_api_etl_virtualenv.py for tasks to queue
[2023-02-14 14:13:06,146] {logging_mixin.py:104} INFO - [2023-02-14 14:13:06,146] {dagbag.py:496} INFO - Filling up the DagBag from /home/airflow/.local/lib/python3.6/site-packages/airflow/example_dags/tutorial_taskflow_api_etl_virtualenv.py
[2023-02-14 14:13:06,158] {scheduler_job.py:643} INFO - DAG(s) dict_keys(['tutorial_taskflow_api_etl_virtualenv']) retrieved from /home/airflow/.local/lib/python3.6/site-packages/airflow/example_dags/tutorial_taskflow_api_etl_virtualenv.py
[2023-02-14 14:13:06,324] {logging_mixin.py:104} INFO - [2023-02-14 14:13:06,323] {dag.py:1833} INFO - Sync 1 DAGs
[2023-02-14 14:13:06,334] {logging_mixin.py:104} INFO - [2023-02-14 14:13:06,333] {dag.py:2306} INFO - Setting next_dagrun for tutorial_taskflow_api_etl_virtualenv to None
[2023-02-14 14:13:06,341] {scheduler_job.py:190} INFO - Processing /home/airflow/.local/lib/python3.6/site-packages/airflow/example_dags/tutorial_taskflow_api_etl_virtualenv.py took 0.198 seconds
[2023-02-14 14:13:37,074] {scheduler_job.py:182} INFO - Started process (PID=1062) to work on /home/airflow/.local/lib/python3.6/site-packages/airflow/example_dags/tutorial_taskflow_api_etl_virtualenv.py
[2023-02-14 14:13:37,075] {scheduler_job.py:633} INFO - Processing file /home/airflow/.local/lib/python3.6/site-packages/airflow/example_dags/tutorial_taskflow_api_etl_virtualenv.py for tasks to queue
[2023-02-14 14:13:37,075] {logging_mixin.py:104} INFO - [2023-02-14 14:13:37,075] {dagbag.py:496} INFO - Filling up the DagBag from /home/airflow/.local/lib/python3.6/site-packages/airflow/example_dags/tutorial_taskflow_api_etl_virtualenv.py
[2023-02-14 14:13:37,088] {scheduler_job.py:643} INFO - DAG(s) dict_keys(['tutorial_taskflow_api_etl_virtualenv']) retrieved from /home/airflow/.local/lib/python3.6/site-packages/airflow/example_dags/tutorial_taskflow_api_etl_virtualenv.py
[2023-02-14 14:13:37,251] {logging_mixin.py:104} INFO - [2023-02-14 14:13:37,250] {dag.py:1833} INFO - Sync 1 DAGs
[2023-02-14 14:13:37,260] {logging_mixin.py:104} INFO - [2023-02-14 14:13:37,260] {dag.py:2306} INFO - Setting next_dagrun for tutorial_taskflow_api_etl_virtualenv to None
[2023-02-14 14:13:37,267] {scheduler_job.py:190} INFO - Processing /home/airflow/.local/lib/python3.6/site-packages/airflow/example_dags/tutorial_taskflow_api_etl_virtualenv.py took 0.196 seconds
[2023-02-14 14:14:07,291] {scheduler_job.py:182} INFO - Started process (PID=1116) to work on /home/airflow/.local/lib/python3.6/site-packages/airflow/example_dags/tutorial_taskflow_api_etl_virtualenv.py
[2023-02-14 14:14:07,292] {scheduler_job.py:633} INFO - Processing file /home/airflow/.local/lib/python3.6/site-packages/airflow/example_dags/tutorial_taskflow_api_etl_virtualenv.py for tasks to queue
[2023-02-14 14:14:07,293] {logging_mixin.py:104} INFO - [2023-02-14 14:14:07,293] {dagbag.py:496} INFO - Filling up the DagBag from /home/airflow/.local/lib/python3.6/site-packages/airflow/example_dags/tutorial_taskflow_api_etl_virtualenv.py
[2023-02-14 14:14:07,307] {scheduler_job.py:643} INFO - DAG(s) dict_keys(['tutorial_taskflow_api_etl_virtualenv']) retrieved from /home/airflow/.local/lib/python3.6/site-packages/airflow/example_dags/tutorial_taskflow_api_etl_virtualenv.py
[2023-02-14 14:14:07,497] {logging_mixin.py:104} INFO - [2023-02-14 14:14:07,497] {dag.py:1833} INFO - Sync 1 DAGs
[2023-02-14 14:14:07,507] {logging_mixin.py:104} INFO - [2023-02-14 14:14:07,507] {dag.py:2306} INFO - Setting next_dagrun for tutorial_taskflow_api_etl_virtualenv to None
[2023-02-14 14:14:07,516] {scheduler_job.py:190} INFO - Processing /home/airflow/.local/lib/python3.6/site-packages/airflow/example_dags/tutorial_taskflow_api_etl_virtualenv.py took 0.228 seconds
[2023-02-14 14:14:37,586] {scheduler_job.py:182} INFO - Started process (PID=1177) to work on /home/airflow/.local/lib/python3.6/site-packages/airflow/example_dags/tutorial_taskflow_api_etl_virtualenv.py
[2023-02-14 14:14:37,586] {scheduler_job.py:633} INFO - Processing file /home/airflow/.local/lib/python3.6/site-packages/airflow/example_dags/tutorial_taskflow_api_etl_virtualenv.py for tasks to queue
[2023-02-14 14:14:37,587] {logging_mixin.py:104} INFO - [2023-02-14 14:14:37,587] {dagbag.py:496} INFO - Filling up the DagBag from /home/airflow/.local/lib/python3.6/site-packages/airflow/example_dags/tutorial_taskflow_api_etl_virtualenv.py
[2023-02-14 14:14:37,599] {scheduler_job.py:643} INFO - DAG(s) dict_keys(['tutorial_taskflow_api_etl_virtualenv']) retrieved from /home/airflow/.local/lib/python3.6/site-packages/airflow/example_dags/tutorial_taskflow_api_etl_virtualenv.py
[2023-02-14 14:14:37,771] {logging_mixin.py:104} INFO - [2023-02-14 14:14:37,771] {dag.py:1833} INFO - Sync 1 DAGs
[2023-02-14 14:14:37,785] {logging_mixin.py:104} INFO - [2023-02-14 14:14:37,784] {dag.py:2306} INFO - Setting next_dagrun for tutorial_taskflow_api_etl_virtualenv to None
[2023-02-14 14:14:37,793] {scheduler_job.py:190} INFO - Processing /home/airflow/.local/lib/python3.6/site-packages/airflow/example_dags/tutorial_taskflow_api_etl_virtualenv.py took 0.209 seconds
[2023-02-14 14:15:08,699] {scheduler_job.py:182} INFO - Started process (PID=1228) to work on /home/airflow/.local/lib/python3.6/site-packages/airflow/example_dags/tutorial_taskflow_api_etl_virtualenv.py
[2023-02-14 14:15:08,700] {scheduler_job.py:633} INFO - Processing file /home/airflow/.local/lib/python3.6/site-packages/airflow/example_dags/tutorial_taskflow_api_etl_virtualenv.py for tasks to queue
[2023-02-14 14:15:08,700] {logging_mixin.py:104} INFO - [2023-02-14 14:15:08,700] {dagbag.py:496} INFO - Filling up the DagBag from /home/airflow/.local/lib/python3.6/site-packages/airflow/example_dags/tutorial_taskflow_api_etl_virtualenv.py
[2023-02-14 14:15:08,713] {scheduler_job.py:643} INFO - DAG(s) dict_keys(['tutorial_taskflow_api_etl_virtualenv']) retrieved from /home/airflow/.local/lib/python3.6/site-packages/airflow/example_dags/tutorial_taskflow_api_etl_virtualenv.py
[2023-02-14 14:15:08,734] {logging_mixin.py:104} INFO - [2023-02-14 14:15:08,734] {dag.py:1833} INFO - Sync 1 DAGs
[2023-02-14 14:15:08,749] {logging_mixin.py:104} INFO - [2023-02-14 14:15:08,749] {dag.py:2306} INFO - Setting next_dagrun for tutorial_taskflow_api_etl_virtualenv to None
[2023-02-14 14:15:08,757] {scheduler_job.py:190} INFO - Processing /home/airflow/.local/lib/python3.6/site-packages/airflow/example_dags/tutorial_taskflow_api_etl_virtualenv.py took 0.060 seconds
