[2023-02-14 14:09:28,693] {scheduler_job.py:182} INFO - Started process (PID=533) to work on /home/airflow/.local/lib/python3.6/site-packages/airflow/example_dags/tutorial.py
[2023-02-14 14:09:28,694] {scheduler_job.py:633} INFO - Processing file /home/airflow/.local/lib/python3.6/site-packages/airflow/example_dags/tutorial.py for tasks to queue
[2023-02-14 14:09:28,694] {logging_mixin.py:104} INFO - [2023-02-14 14:09:28,694] {dagbag.py:496} INFO - Filling up the DagBag from /home/airflow/.local/lib/python3.6/site-packages/airflow/example_dags/tutorial.py
[2023-02-14 14:09:28,705] {scheduler_job.py:643} INFO - DAG(s) dict_keys(['tutorial']) retrieved from /home/airflow/.local/lib/python3.6/site-packages/airflow/example_dags/tutorial.py
[2023-02-14 14:09:30,799] {logging_mixin.py:104} INFO - [2023-02-14 14:09:30,799] {dag.py:1833} INFO - Sync 1 DAGs
[2023-02-14 14:09:30,808] {logging_mixin.py:104} INFO - [2023-02-14 14:09:30,807] {dag.py:1852} INFO - Creating ORM DAG for tutorial
[2023-02-14 14:09:30,812] {logging_mixin.py:104} INFO - [2023-02-14 14:09:30,811] {dag.py:2306} INFO - Setting next_dagrun for tutorial to 2023-02-12 00:00:00+00:00
[2023-02-14 14:09:30,819] {scheduler_job.py:190} INFO - Processing /home/airflow/.local/lib/python3.6/site-packages/airflow/example_dags/tutorial.py took 2.129 seconds
[2023-02-14 14:10:01,194] {scheduler_job.py:182} INFO - Started process (PID=648) to work on /home/airflow/.local/lib/python3.6/site-packages/airflow/example_dags/tutorial.py
[2023-02-14 14:10:01,194] {scheduler_job.py:633} INFO - Processing file /home/airflow/.local/lib/python3.6/site-packages/airflow/example_dags/tutorial.py for tasks to queue
[2023-02-14 14:10:01,195] {logging_mixin.py:104} INFO - [2023-02-14 14:10:01,195] {dagbag.py:496} INFO - Filling up the DagBag from /home/airflow/.local/lib/python3.6/site-packages/airflow/example_dags/tutorial.py
[2023-02-14 14:10:01,204] {scheduler_job.py:643} INFO - DAG(s) dict_keys(['tutorial']) retrieved from /home/airflow/.local/lib/python3.6/site-packages/airflow/example_dags/tutorial.py
[2023-02-14 14:10:01,219] {logging_mixin.py:104} INFO - [2023-02-14 14:10:01,219] {dag.py:1833} INFO - Sync 1 DAGs
[2023-02-14 14:10:01,231] {logging_mixin.py:104} INFO - [2023-02-14 14:10:01,230] {dag.py:2306} INFO - Setting next_dagrun for tutorial to 2023-02-12 00:00:00+00:00
[2023-02-14 14:10:01,237] {scheduler_job.py:190} INFO - Processing /home/airflow/.local/lib/python3.6/site-packages/airflow/example_dags/tutorial.py took 0.046 seconds
[2023-02-14 14:10:31,312] {scheduler_job.py:182} INFO - Started process (PID=709) to work on /home/airflow/.local/lib/python3.6/site-packages/airflow/example_dags/tutorial.py
[2023-02-14 14:10:31,312] {scheduler_job.py:633} INFO - Processing file /home/airflow/.local/lib/python3.6/site-packages/airflow/example_dags/tutorial.py for tasks to queue
[2023-02-14 14:10:31,313] {logging_mixin.py:104} INFO - [2023-02-14 14:10:31,313] {dagbag.py:496} INFO - Filling up the DagBag from /home/airflow/.local/lib/python3.6/site-packages/airflow/example_dags/tutorial.py
[2023-02-14 14:10:31,322] {scheduler_job.py:643} INFO - DAG(s) dict_keys(['tutorial']) retrieved from /home/airflow/.local/lib/python3.6/site-packages/airflow/example_dags/tutorial.py
[2023-02-14 14:10:31,338] {logging_mixin.py:104} INFO - [2023-02-14 14:10:31,338] {dag.py:1833} INFO - Sync 1 DAGs
[2023-02-14 14:10:31,350] {logging_mixin.py:104} INFO - [2023-02-14 14:10:31,350] {dag.py:2306} INFO - Setting next_dagrun for tutorial to 2023-02-12 00:00:00+00:00
[2023-02-14 14:10:31,357] {scheduler_job.py:190} INFO - Processing /home/airflow/.local/lib/python3.6/site-packages/airflow/example_dags/tutorial.py took 0.048 seconds
[2023-02-14 14:11:01,551] {scheduler_job.py:182} INFO - Started process (PID=760) to work on /home/airflow/.local/lib/python3.6/site-packages/airflow/example_dags/tutorial.py
[2023-02-14 14:11:01,552] {scheduler_job.py:633} INFO - Processing file /home/airflow/.local/lib/python3.6/site-packages/airflow/example_dags/tutorial.py for tasks to queue
[2023-02-14 14:11:01,553] {logging_mixin.py:104} INFO - [2023-02-14 14:11:01,553] {dagbag.py:496} INFO - Filling up the DagBag from /home/airflow/.local/lib/python3.6/site-packages/airflow/example_dags/tutorial.py
[2023-02-14 14:11:01,562] {scheduler_job.py:643} INFO - DAG(s) dict_keys(['tutorial']) retrieved from /home/airflow/.local/lib/python3.6/site-packages/airflow/example_dags/tutorial.py
[2023-02-14 14:11:01,577] {logging_mixin.py:104} INFO - [2023-02-14 14:11:01,577] {dag.py:1833} INFO - Sync 1 DAGs
[2023-02-14 14:11:01,589] {logging_mixin.py:104} INFO - [2023-02-14 14:11:01,588] {dag.py:2306} INFO - Setting next_dagrun for tutorial to 2023-02-12 00:00:00+00:00
[2023-02-14 14:11:01,595] {scheduler_job.py:190} INFO - Processing /home/airflow/.local/lib/python3.6/site-packages/airflow/example_dags/tutorial.py took 0.046 seconds
[2023-02-14 14:11:31,962] {scheduler_job.py:182} INFO - Started process (PID=821) to work on /home/airflow/.local/lib/python3.6/site-packages/airflow/example_dags/tutorial.py
[2023-02-14 14:11:31,963] {scheduler_job.py:633} INFO - Processing file /home/airflow/.local/lib/python3.6/site-packages/airflow/example_dags/tutorial.py for tasks to queue
[2023-02-14 14:11:31,963] {logging_mixin.py:104} INFO - [2023-02-14 14:11:31,963] {dagbag.py:496} INFO - Filling up the DagBag from /home/airflow/.local/lib/python3.6/site-packages/airflow/example_dags/tutorial.py
[2023-02-14 14:11:31,973] {scheduler_job.py:643} INFO - DAG(s) dict_keys(['tutorial']) retrieved from /home/airflow/.local/lib/python3.6/site-packages/airflow/example_dags/tutorial.py
[2023-02-14 14:11:31,990] {logging_mixin.py:104} INFO - [2023-02-14 14:11:31,990] {dag.py:1833} INFO - Sync 1 DAGs
[2023-02-14 14:11:32,001] {logging_mixin.py:104} INFO - [2023-02-14 14:11:32,001] {dag.py:2306} INFO - Setting next_dagrun for tutorial to 2023-02-12 00:00:00+00:00
[2023-02-14 14:11:32,007] {scheduler_job.py:190} INFO - Processing /home/airflow/.local/lib/python3.6/site-packages/airflow/example_dags/tutorial.py took 0.047 seconds
[2023-02-14 14:12:02,164] {scheduler_job.py:182} INFO - Started process (PID=872) to work on /home/airflow/.local/lib/python3.6/site-packages/airflow/example_dags/tutorial.py
[2023-02-14 14:12:02,165] {scheduler_job.py:633} INFO - Processing file /home/airflow/.local/lib/python3.6/site-packages/airflow/example_dags/tutorial.py for tasks to queue
[2023-02-14 14:12:02,165] {logging_mixin.py:104} INFO - [2023-02-14 14:12:02,165] {dagbag.py:496} INFO - Filling up the DagBag from /home/airflow/.local/lib/python3.6/site-packages/airflow/example_dags/tutorial.py
[2023-02-14 14:12:02,174] {scheduler_job.py:643} INFO - DAG(s) dict_keys(['tutorial']) retrieved from /home/airflow/.local/lib/python3.6/site-packages/airflow/example_dags/tutorial.py
[2023-02-14 14:12:02,190] {logging_mixin.py:104} INFO - [2023-02-14 14:12:02,190] {dag.py:1833} INFO - Sync 1 DAGs
[2023-02-14 14:12:02,202] {logging_mixin.py:104} INFO - [2023-02-14 14:12:02,202] {dag.py:2306} INFO - Setting next_dagrun for tutorial to 2023-02-12 00:00:00+00:00
[2023-02-14 14:12:02,209] {scheduler_job.py:190} INFO - Processing /home/airflow/.local/lib/python3.6/site-packages/airflow/example_dags/tutorial.py took 0.047 seconds
[2023-02-14 14:12:32,429] {scheduler_job.py:182} INFO - Started process (PID=933) to work on /home/airflow/.local/lib/python3.6/site-packages/airflow/example_dags/tutorial.py
[2023-02-14 14:12:32,429] {scheduler_job.py:633} INFO - Processing file /home/airflow/.local/lib/python3.6/site-packages/airflow/example_dags/tutorial.py for tasks to queue
[2023-02-14 14:12:32,430] {logging_mixin.py:104} INFO - [2023-02-14 14:12:32,430] {dagbag.py:496} INFO - Filling up the DagBag from /home/airflow/.local/lib/python3.6/site-packages/airflow/example_dags/tutorial.py
[2023-02-14 14:12:32,439] {scheduler_job.py:643} INFO - DAG(s) dict_keys(['tutorial']) retrieved from /home/airflow/.local/lib/python3.6/site-packages/airflow/example_dags/tutorial.py
[2023-02-14 14:12:32,455] {logging_mixin.py:104} INFO - [2023-02-14 14:12:32,455] {dag.py:1833} INFO - Sync 1 DAGs
[2023-02-14 14:12:32,466] {logging_mixin.py:104} INFO - [2023-02-14 14:12:32,466] {dag.py:2306} INFO - Setting next_dagrun for tutorial to 2023-02-12 00:00:00+00:00
[2023-02-14 14:12:32,473] {scheduler_job.py:190} INFO - Processing /home/airflow/.local/lib/python3.6/site-packages/airflow/example_dags/tutorial.py took 0.046 seconds
[2023-02-14 14:13:02,628] {scheduler_job.py:182} INFO - Started process (PID=994) to work on /home/airflow/.local/lib/python3.6/site-packages/airflow/example_dags/tutorial.py
[2023-02-14 14:13:02,629] {scheduler_job.py:633} INFO - Processing file /home/airflow/.local/lib/python3.6/site-packages/airflow/example_dags/tutorial.py for tasks to queue
[2023-02-14 14:13:02,629] {logging_mixin.py:104} INFO - [2023-02-14 14:13:02,629] {dagbag.py:496} INFO - Filling up the DagBag from /home/airflow/.local/lib/python3.6/site-packages/airflow/example_dags/tutorial.py
[2023-02-14 14:13:02,638] {scheduler_job.py:643} INFO - DAG(s) dict_keys(['tutorial']) retrieved from /home/airflow/.local/lib/python3.6/site-packages/airflow/example_dags/tutorial.py
[2023-02-14 14:13:02,652] {logging_mixin.py:104} INFO - [2023-02-14 14:13:02,652] {dag.py:1833} INFO - Sync 1 DAGs
[2023-02-14 14:13:02,663] {logging_mixin.py:104} INFO - [2023-02-14 14:13:02,663] {dag.py:2306} INFO - Setting next_dagrun for tutorial to 2023-02-12 00:00:00+00:00
[2023-02-14 14:13:02,670] {scheduler_job.py:190} INFO - Processing /home/airflow/.local/lib/python3.6/site-packages/airflow/example_dags/tutorial.py took 0.043 seconds
[2023-02-14 14:13:32,798] {scheduler_job.py:182} INFO - Started process (PID=1045) to work on /home/airflow/.local/lib/python3.6/site-packages/airflow/example_dags/tutorial.py
[2023-02-14 14:13:32,798] {scheduler_job.py:633} INFO - Processing file /home/airflow/.local/lib/python3.6/site-packages/airflow/example_dags/tutorial.py for tasks to queue
[2023-02-14 14:13:32,799] {logging_mixin.py:104} INFO - [2023-02-14 14:13:32,799] {dagbag.py:496} INFO - Filling up the DagBag from /home/airflow/.local/lib/python3.6/site-packages/airflow/example_dags/tutorial.py
[2023-02-14 14:13:32,807] {scheduler_job.py:643} INFO - DAG(s) dict_keys(['tutorial']) retrieved from /home/airflow/.local/lib/python3.6/site-packages/airflow/example_dags/tutorial.py
[2023-02-14 14:13:32,823] {logging_mixin.py:104} INFO - [2023-02-14 14:13:32,823] {dag.py:1833} INFO - Sync 1 DAGs
[2023-02-14 14:13:32,834] {logging_mixin.py:104} INFO - [2023-02-14 14:13:32,834] {dag.py:2306} INFO - Setting next_dagrun for tutorial to 2023-02-12 00:00:00+00:00
[2023-02-14 14:13:32,841] {scheduler_job.py:190} INFO - Processing /home/airflow/.local/lib/python3.6/site-packages/airflow/example_dags/tutorial.py took 0.045 seconds
[2023-02-14 14:14:03,004] {scheduler_job.py:182} INFO - Started process (PID=1106) to work on /home/airflow/.local/lib/python3.6/site-packages/airflow/example_dags/tutorial.py
[2023-02-14 14:14:03,004] {scheduler_job.py:633} INFO - Processing file /home/airflow/.local/lib/python3.6/site-packages/airflow/example_dags/tutorial.py for tasks to queue
[2023-02-14 14:14:03,005] {logging_mixin.py:104} INFO - [2023-02-14 14:14:03,005] {dagbag.py:496} INFO - Filling up the DagBag from /home/airflow/.local/lib/python3.6/site-packages/airflow/example_dags/tutorial.py
[2023-02-14 14:14:03,014] {scheduler_job.py:643} INFO - DAG(s) dict_keys(['tutorial']) retrieved from /home/airflow/.local/lib/python3.6/site-packages/airflow/example_dags/tutorial.py
[2023-02-14 14:14:03,030] {logging_mixin.py:104} INFO - [2023-02-14 14:14:03,030] {dag.py:1833} INFO - Sync 1 DAGs
[2023-02-14 14:14:03,042] {logging_mixin.py:104} INFO - [2023-02-14 14:14:03,042] {dag.py:2306} INFO - Setting next_dagrun for tutorial to 2023-02-12 00:00:00+00:00
[2023-02-14 14:14:03,049] {scheduler_job.py:190} INFO - Processing /home/airflow/.local/lib/python3.6/site-packages/airflow/example_dags/tutorial.py took 0.048 seconds
[2023-02-14 14:14:33,253] {scheduler_job.py:182} INFO - Started process (PID=1157) to work on /home/airflow/.local/lib/python3.6/site-packages/airflow/example_dags/tutorial.py
[2023-02-14 14:14:33,254] {scheduler_job.py:633} INFO - Processing file /home/airflow/.local/lib/python3.6/site-packages/airflow/example_dags/tutorial.py for tasks to queue
[2023-02-14 14:14:33,254] {logging_mixin.py:104} INFO - [2023-02-14 14:14:33,254] {dagbag.py:496} INFO - Filling up the DagBag from /home/airflow/.local/lib/python3.6/site-packages/airflow/example_dags/tutorial.py
[2023-02-14 14:14:33,263] {scheduler_job.py:643} INFO - DAG(s) dict_keys(['tutorial']) retrieved from /home/airflow/.local/lib/python3.6/site-packages/airflow/example_dags/tutorial.py
[2023-02-14 14:14:33,279] {logging_mixin.py:104} INFO - [2023-02-14 14:14:33,279] {dag.py:1833} INFO - Sync 1 DAGs
[2023-02-14 14:14:33,291] {logging_mixin.py:104} INFO - [2023-02-14 14:14:33,291] {dag.py:2306} INFO - Setting next_dagrun for tutorial to 2023-02-12 00:00:00+00:00
[2023-02-14 14:14:33,299] {scheduler_job.py:190} INFO - Processing /home/airflow/.local/lib/python3.6/site-packages/airflow/example_dags/tutorial.py took 0.047 seconds
[2023-02-14 14:15:03,338] {scheduler_job.py:182} INFO - Started process (PID=1217) to work on /home/airflow/.local/lib/python3.6/site-packages/airflow/example_dags/tutorial.py
[2023-02-14 14:15:03,338] {scheduler_job.py:633} INFO - Processing file /home/airflow/.local/lib/python3.6/site-packages/airflow/example_dags/tutorial.py for tasks to queue
[2023-02-14 14:15:03,339] {logging_mixin.py:104} INFO - [2023-02-14 14:15:03,339] {dagbag.py:496} INFO - Filling up the DagBag from /home/airflow/.local/lib/python3.6/site-packages/airflow/example_dags/tutorial.py
[2023-02-14 14:15:03,349] {scheduler_job.py:643} INFO - DAG(s) dict_keys(['tutorial']) retrieved from /home/airflow/.local/lib/python3.6/site-packages/airflow/example_dags/tutorial.py
[2023-02-14 14:15:03,365] {logging_mixin.py:104} INFO - [2023-02-14 14:15:03,365] {dag.py:1833} INFO - Sync 1 DAGs
[2023-02-14 14:15:03,377] {logging_mixin.py:104} INFO - [2023-02-14 14:15:03,377] {dag.py:2306} INFO - Setting next_dagrun for tutorial to 2023-02-12 00:00:00+00:00
[2023-02-14 14:15:03,384] {scheduler_job.py:190} INFO - Processing /home/airflow/.local/lib/python3.6/site-packages/airflow/example_dags/tutorial.py took 0.048 seconds
