[2023-02-15 16:05:13,883] {taskinstance.py:896} INFO - Dependencies all met for <TaskInstance: trigger_airbyte_dbt_job.airbyte_economy 2023-02-15T16:05:11.489879+00:00 [queued]>
[2023-02-15 16:05:13,903] {taskinstance.py:896} INFO - Dependencies all met for <TaskInstance: trigger_airbyte_dbt_job.airbyte_economy 2023-02-15T16:05:11.489879+00:00 [queued]>
[2023-02-15 16:05:13,903] {taskinstance.py:1087} INFO - 
--------------------------------------------------------------------------------
[2023-02-15 16:05:13,903] {taskinstance.py:1088} INFO - Starting attempt 1 of 1
[2023-02-15 16:05:13,903] {taskinstance.py:1089} INFO - 
--------------------------------------------------------------------------------
[2023-02-15 16:05:13,981] {taskinstance.py:1107} INFO - Executing <Task(AirbyteTriggerSyncOperator): airbyte_economy> on 2023-02-15T16:05:11.489879+00:00
[2023-02-15 16:05:13,986] {standard_task_runner.py:52} INFO - Started process 401 to run task
[2023-02-15 16:05:13,990] {standard_task_runner.py:76} INFO - Running: ['***', 'tasks', 'run', 'trigger_airbyte_dbt_job', 'airbyte_economy', '2023-02-15T16:05:11.489879+00:00', '--job-id', '23', '--pool', 'default_pool', '--raw', '--subdir', 'DAGS_FOLDER/dag_airbyte_dbt.py', '--cfg-path', '/tmp/tmp4ngzd7k7', '--error-file', '/tmp/tmphdl826cp']
[2023-02-15 16:05:13,990] {standard_task_runner.py:77} INFO - Job 23: Subtask airbyte_economy
[2023-02-15 16:05:14,102] {logging_mixin.py:104} INFO - Running <TaskInstance: trigger_airbyte_dbt_job.airbyte_economy 2023-02-15T16:05:11.489879+00:00 [running]> on host 94d7678361e3
[2023-02-15 16:05:14,293] {taskinstance.py:1302} INFO - Exporting the following env vars:
AIRFLOW_CTX_DAG_OWNER=***
AIRFLOW_CTX_DAG_ID=trigger_airbyte_dbt_job
AIRFLOW_CTX_TASK_ID=airbyte_economy
AIRFLOW_CTX_EXECUTION_DATE=2023-02-15T16:05:11.489879+00:00
AIRFLOW_CTX_DAG_RUN_ID=manual__2023-02-15T16:05:11.489879+00:00
[2023-02-15 16:05:14,304] {base.py:78} INFO - Using connection to: id: airbyte_example. Host: airbyte-proxy, Port: 8000, Schema: , Login: , Password: None, extra: {}
[2023-02-15 16:05:14,305] {http.py:140} INFO - Sending 'POST' to url: http://airbyte-proxy:8000/api/v1/connections/sync
[2023-02-15 16:05:21,977] {airbyte.py:74} INFO - Job 12 was submitted to Airbyte Server
[2023-02-15 16:05:21,979] {airbyte.py:76} INFO - Waiting for job 12 to complete
[2023-02-15 16:05:24,989] {base.py:78} INFO - Using connection to: id: airbyte_example. Host: airbyte-proxy, Port: 8000, Schema: , Login: , Password: None, extra: {}
[2023-02-15 16:05:24,990] {http.py:140} INFO - Sending 'POST' to url: http://airbyte-proxy:8000/api/v1/jobs/get
[2023-02-15 16:05:28,096] {base.py:78} INFO - Using connection to: id: airbyte_example. Host: airbyte-proxy, Port: 8000, Schema: , Login: , Password: None, extra: {}
[2023-02-15 16:05:28,096] {http.py:140} INFO - Sending 'POST' to url: http://airbyte-proxy:8000/api/v1/jobs/get
[2023-02-15 16:05:31,179] {base.py:78} INFO - Using connection to: id: airbyte_example. Host: airbyte-proxy, Port: 8000, Schema: , Login: , Password: None, extra: {}
[2023-02-15 16:05:31,180] {http.py:140} INFO - Sending 'POST' to url: http://airbyte-proxy:8000/api/v1/jobs/get
[2023-02-15 16:05:34,281] {base.py:78} INFO - Using connection to: id: airbyte_example. Host: airbyte-proxy, Port: 8000, Schema: , Login: , Password: None, extra: {}
[2023-02-15 16:05:34,282] {http.py:140} INFO - Sending 'POST' to url: http://airbyte-proxy:8000/api/v1/jobs/get
[2023-02-15 16:05:37,386] {base.py:78} INFO - Using connection to: id: airbyte_example. Host: airbyte-proxy, Port: 8000, Schema: , Login: , Password: None, extra: {}
[2023-02-15 16:05:37,386] {http.py:140} INFO - Sending 'POST' to url: http://airbyte-proxy:8000/api/v1/jobs/get
[2023-02-15 16:05:40,481] {base.py:78} INFO - Using connection to: id: airbyte_example. Host: airbyte-proxy, Port: 8000, Schema: , Login: , Password: None, extra: {}
[2023-02-15 16:05:40,482] {http.py:140} INFO - Sending 'POST' to url: http://airbyte-proxy:8000/api/v1/jobs/get
[2023-02-15 16:05:43,581] {base.py:78} INFO - Using connection to: id: airbyte_example. Host: airbyte-proxy, Port: 8000, Schema: , Login: , Password: None, extra: {}
[2023-02-15 16:05:43,582] {http.py:140} INFO - Sending 'POST' to url: http://airbyte-proxy:8000/api/v1/jobs/get
[2023-02-15 16:05:46,780] {base.py:78} INFO - Using connection to: id: airbyte_example. Host: airbyte-proxy, Port: 8000, Schema: , Login: , Password: None, extra: {}
[2023-02-15 16:05:46,781] {http.py:140} INFO - Sending 'POST' to url: http://airbyte-proxy:8000/api/v1/jobs/get
[2023-02-15 16:05:49,891] {base.py:78} INFO - Using connection to: id: airbyte_example. Host: airbyte-proxy, Port: 8000, Schema: , Login: , Password: None, extra: {}
[2023-02-15 16:05:49,892] {http.py:140} INFO - Sending 'POST' to url: http://airbyte-proxy:8000/api/v1/jobs/get
[2023-02-15 16:05:53,283] {base.py:78} INFO - Using connection to: id: airbyte_example. Host: airbyte-proxy, Port: 8000, Schema: , Login: , Password: None, extra: {}
[2023-02-15 16:05:53,284] {http.py:140} INFO - Sending 'POST' to url: http://airbyte-proxy:8000/api/v1/jobs/get
[2023-02-15 16:05:56,395] {base.py:78} INFO - Using connection to: id: airbyte_example. Host: airbyte-proxy, Port: 8000, Schema: , Login: , Password: None, extra: {}
[2023-02-15 16:05:56,396] {http.py:140} INFO - Sending 'POST' to url: http://airbyte-proxy:8000/api/v1/jobs/get
[2023-02-15 16:05:59,422] {base.py:78} INFO - Using connection to: id: airbyte_example. Host: airbyte-proxy, Port: 8000, Schema: , Login: , Password: None, extra: {}
[2023-02-15 16:05:59,422] {http.py:140} INFO - Sending 'POST' to url: http://airbyte-proxy:8000/api/v1/jobs/get
[2023-02-15 16:06:02,446] {base.py:78} INFO - Using connection to: id: airbyte_example. Host: airbyte-proxy, Port: 8000, Schema: , Login: , Password: None, extra: {}
[2023-02-15 16:06:02,447] {http.py:140} INFO - Sending 'POST' to url: http://airbyte-proxy:8000/api/v1/jobs/get
[2023-02-15 16:06:05,469] {base.py:78} INFO - Using connection to: id: airbyte_example. Host: airbyte-proxy, Port: 8000, Schema: , Login: , Password: None, extra: {}
[2023-02-15 16:06:05,470] {http.py:140} INFO - Sending 'POST' to url: http://airbyte-proxy:8000/api/v1/jobs/get
[2023-02-15 16:06:08,494] {base.py:78} INFO - Using connection to: id: airbyte_example. Host: airbyte-proxy, Port: 8000, Schema: , Login: , Password: None, extra: {}
[2023-02-15 16:06:08,495] {http.py:140} INFO - Sending 'POST' to url: http://airbyte-proxy:8000/api/v1/jobs/get
[2023-02-15 16:06:11,519] {base.py:78} INFO - Using connection to: id: airbyte_example. Host: airbyte-proxy, Port: 8000, Schema: , Login: , Password: None, extra: {}
[2023-02-15 16:06:11,519] {http.py:140} INFO - Sending 'POST' to url: http://airbyte-proxy:8000/api/v1/jobs/get
[2023-02-15 16:06:14,545] {base.py:78} INFO - Using connection to: id: airbyte_example. Host: airbyte-proxy, Port: 8000, Schema: , Login: , Password: None, extra: {}
[2023-02-15 16:06:14,546] {http.py:140} INFO - Sending 'POST' to url: http://airbyte-proxy:8000/api/v1/jobs/get
[2023-02-15 16:06:17,569] {base.py:78} INFO - Using connection to: id: airbyte_example. Host: airbyte-proxy, Port: 8000, Schema: , Login: , Password: None, extra: {}
[2023-02-15 16:06:17,570] {http.py:140} INFO - Sending 'POST' to url: http://airbyte-proxy:8000/api/v1/jobs/get
[2023-02-15 16:06:20,594] {base.py:78} INFO - Using connection to: id: airbyte_example. Host: airbyte-proxy, Port: 8000, Schema: , Login: , Password: None, extra: {}
[2023-02-15 16:06:20,595] {http.py:140} INFO - Sending 'POST' to url: http://airbyte-proxy:8000/api/v1/jobs/get
[2023-02-15 16:06:20,615] {airbyte.py:78} INFO - Job 12 completed successfully
[2023-02-15 16:06:20,694] {taskinstance.py:1211} INFO - Marking task as SUCCESS. dag_id=trigger_airbyte_dbt_job, task_id=airbyte_economy, execution_date=20230215T160511, start_date=20230215T160513, end_date=20230215T160620
[2023-02-15 16:06:20,723] {taskinstance.py:1265} INFO - 1 downstream tasks scheduled from follow-on schedule check
[2023-02-15 16:06:20,774] {local_task_job.py:151} INFO - Task exited with return code 0
